Apr 07, 2025 10:11:53 PM java.io.ObjectInputFilter$Config traceFilter
FINER: Builtin factory: null -> new: null
4月 08, 2025 12:18:13 上午 java.io.ObjectInputFilter$Config traceFilter
较详细: Builtin factory: null -> new: null
4月 08, 2025 12:21:04 上午 java.io.ObjectInputFilter$Config traceFilter
较详细: Builtin factory: null -> new: null
4月 08, 2025 1:21:34 上午 expenseincome.expense.ExpenseManager addExpense
信息: Added expense: Meal - USD 20.00 on 2025-04-08 [Category: Food]
4月 08, 2025 1:21:34 上午 expenseincome.expense.ExpenseManager addExpense
信息: Added expense: Snack - USD 10.00 on 2025-04-08 [Category: Food]
4月 08, 2025 1:21:34 上午 expenseincome.expense.ExpenseManager addExpense
信息: Added expense: Taxi - USD 15.00 on 2025-04-08 [Category: Transport]
4月 08, 2025 1:21:34 上午 org.junit.jupiter.engine.execution.ConditionEvaluator logResult
较详细: Evaluation of condition [org.junit.jupiter.engine.extension.DisabledCondition] on [void expensetest.ExpenseCommandTestSuite.testEditExpenseCommandExecute()] resulted in: ConditionEvaluationResult [enabled = true, reason = '@Disabled is not present']
4月 08, 2025 1:21:34 上午 expenseincome.expense.ExpenseManager addExpense
信息: Added expense: Old - USD 5.00 on 2025-04-08 [Category: OldCat]
4月 08, 2025 1:21:34 上午 expenseincome.expense.ExpenseManager editExpense
信息: Updated expense: New - USD 9.00 on 2024-01-01 [Category: NewCat]
4月 08, 2025 1:21:34 上午 org.junit.jupiter.engine.execution.ConditionEvaluator logResult
较详细: Evaluation of condition [org.junit.jupiter.engine.extension.DisabledCondition] on [void expensetest.ExpenseCommandTestSuite.testBottomCategoryExpenseCommandExecute()] resulted in: ConditionEvaluationResult [enabled = true, reason = '@Disabled is not present']
4月 08, 2025 1:21:34 上午 expenseincome.expense.ExpenseManager addExpense
信息: Added expense: Meal - USD 20.00 on 2025-04-08 [Category: Food]
4月 08, 2025 1:21:34 上午 expenseincome.expense.ExpenseManager addExpense
信息: Added expense: Snack - USD 10.00 on 2025-04-08 [Category: Food]
4月 08, 2025 1:21:34 上午 expenseincome.expense.ExpenseManager addExpense
信息: Added expense: Taxi - USD 5.00 on 2025-04-08 [Category: Transport]
4月 08, 2025 1:21:34 上午 org.junit.jupiter.engine.execution.ConditionEvaluator logResult
较详细: Evaluation of condition [org.junit.jupiter.engine.extension.DisabledCondition] on [void expensetest.ExpenseCommandTestSuite.testAddExpenseCommandExecute()] resulted in: ConditionEvaluationResult [enabled = true, reason = '@Disabled is not present']
4月 08, 2025 1:21:34 上午 expenseincome.expense.ExpenseManager addExpense
信息: Added expense: Lunch - USD 12.50 on 2025-03-26 [Category: Food]
4月 08, 2025 1:21:34 上午 org.junit.jupiter.engine.execution.ConditionEvaluator logResult
较详细: Evaluation of condition [org.junit.jupiter.engine.extension.DisabledCondition] on [void expensetest.ExpenseCommandTestSuite.testHelpExpenseCommandExecute()] resulted in: ConditionEvaluationResult [enabled = true, reason = '@Disabled is not present']
4月 08, 2025 1:21:34 上午 org.junit.jupiter.engine.execution.ConditionEvaluator logResult
较详细: Evaluation of condition [org.junit.jupiter.engine.extension.DisabledCondition] on [void expensetest.ExpenseCommandTestSuite.testSortExpenseCommandOldest()] resulted in: ConditionEvaluationResult [enabled = true, reason = '@Disabled is not present']
4月 08, 2025 1:21:34 上午 expenseincome.expense.ExpenseManager addExpense
信息: Added expense: X - USD 1.00 on 2025-03-10 [Category: Food]
4月 08, 2025 1:21:34 上午 expenseincome.expense.ExpenseManager addExpense
信息: Added expense: Y - USD 1.00 on 2022-03-10 [Category: Food]
4月 08, 2025 1:21:34 上午 org.junit.jupiter.engine.execution.ConditionEvaluator logResult
较详细: Evaluation of condition [org.junit.jupiter.engine.extension.DisabledCondition] on [void expensetest.ExpenseCommandTestSuite.testSortExpenseCommandRecent()] resulted in: ConditionEvaluationResult [enabled = true, reason = '@Disabled is not present']
4月 08, 2025 1:21:34 上午 expenseincome.expense.ExpenseManager addExpense
信息: Added expense: A - USD 1.00 on 2023-01-01 [Category: Food]
4月 08, 2025 1:21:34 上午 expenseincome.expense.ExpenseManager addExpense
信息: Added expense: B - USD 2.00 on 2025-01-01 [Category: Food]
4月 08, 2025 1:21:34 上午 org.junit.jupiter.engine.execution.ConditionEvaluator logResult
较详细: Evaluation of condition [org.junit.jupiter.engine.extension.DisabledCondition] on [void expensetest.ExpenseCommandTestSuite.testListExpenseCommandExecute()] resulted in: ConditionEvaluationResult [enabled = true, reason = '@Disabled is not present']
4月 08, 2025 1:21:34 上午 org.junit.jupiter.engine.execution.ConditionEvaluator logResult
较详细: Evaluation of condition [org.junit.jupiter.engine.extension.DisabledCondition] on [void expensetest.ExpenseCommandTestSuite.testDeleteExpenseCommandExecute()] resulted in: ConditionEvaluationResult [enabled = true, reason = '@Disabled is not present']
4月 08, 2025 1:21:34 上午 expenseincome.expense.ExpenseManager addExpense
信息: Added expense: Test - USD 10.00 on 2025-04-08 [Category: Food]
4月 08, 2025 1:21:34 上午 expenseincome.expense.ExpenseManager deleteExpense
信息: Deleted expense: Test - USD 10.00 on 2025-04-08 [Category: Food]
4月 08, 2025 1:21:34 上午 org.junit.jupiter.engine.execution.ConditionEvaluator logResult
较详细: Evaluation of condition [org.junit.jupiter.engine.extension.DisabledCondition] on [void expensetest.ExpenseCommandTestSuite.testListCategoryExpenseCommandExecute()] resulted in: ConditionEvaluationResult [enabled = true, reason = '@Disabled is not present']
4月 08, 2025 1:21:34 上午 expenseincome.expense.ExpenseManager addExpense
信息: Added expense: Coffee - USD 3.50 on 2025-04-08 [Category: Drink]
4月 08, 2025 1:21:34 上午 org.junit.jupiter.engine.extension.MutableExtensionRegistry registerExtension
较详细: Registering synthetic extension [org.junit.jupiter.engine.descriptor.ClassBasedTestDescriptor$$Lambda$323/0x000001c981152d48@44ec6637] from source [method expensetest.ExpenseHandleTest.setUp]
4月 08, 2025 1:21:34 上午 org.junit.jupiter.engine.execution.ConditionEvaluator logResult
较详细: Evaluation of condition [org.junit.jupiter.engine.extension.DisabledCondition] on [class expensetest.ExpenseHandleTest] resulted in: ConditionEvaluationResult [enabled = true, reason = '@Disabled is not present']
4月 08, 2025 1:21:34 上午 org.junit.jupiter.engine.execution.ConditionEvaluator logResult
较详细: Evaluation of condition [org.junit.jupiter.engine.extension.DisabledCondition] on [public void expensetest.ExpenseHandleTest.testHandleExpenseCommand_addAndExit()] resulted in: ConditionEvaluationResult [enabled = true, reason = '@Disabled is not present']
4月 08, 2025 1:21:34 上午 expenseincome.expense.ExpenseManager addExpense
信息: Added expense: Lunch - USD 5.00 on 2025-04-01 [Category: Food]
4月 08, 2025 1:21:34 上午 org.junit.jupiter.engine.extension.MutableExtensionRegistry registerExtension
较详细: Registering synthetic extension [org.junit.jupiter.engine.descriptor.ClassBasedTestDescriptor$$Lambda$323/0x000001c981152d48@52f71d2] from source [method expensetest.ExpenseManagerTest.setUp]
4月 08, 2025 1:21:34 上午 org.junit.jupiter.engine.execution.ConditionEvaluator logResult
较详细: Evaluation of condition [org.junit.jupiter.engine.extension.DisabledCondition] on [class expensetest.ExpenseManagerTest] resulted in: ConditionEvaluationResult [enabled = true, reason = '@Disabled is not present']
4月 08, 2025 1:21:34 上午 org.junit.jupiter.engine.execution.ConditionEvaluator logResult
较详细: Evaluation of condition [org.junit.jupiter.engine.extension.DisabledCondition] on [void expensetest.ExpenseManagerTest.testDeleteExpenseInvalidIndex()] resulted in: ConditionEvaluationResult [enabled = true, reason = '@Disabled is not present']
4月 08, 2025 1:21:34 上午 expenseincome.expense.ExpenseManager addExpense
信息: Added expense: Lunch - USD 10.50 on 2025-04-08 [Category: Food]
4月 08, 2025 1:21:34 上午 expenseincome.expense.ExpenseManager deleteExpense
警告: Failed to delete expense at index: 2
expenseincome.expense.exceptions.ExpenseException: Invalid index: must be between 1 and 1
	at expenseincome.expense.ExpenseManager.validateIndex(ExpenseManager.java:338)
	at expenseincome.expense.ExpenseManager.deleteExpense(ExpenseManager.java:162)
	at expensetest.ExpenseManagerTest.testDeleteExpenseInvalidIndex(ExpenseManagerTest.java:81)
	at java.base/jdk.internal.reflect.NativeMethodAccessorImpl.invoke0(Native Method)
	at java.base/jdk.internal.reflect.NativeMethodAccessorImpl.invoke(NativeMethodAccessorImpl.java:77)
	at java.base/jdk.internal.reflect.DelegatingMethodAccessorImpl.invoke(DelegatingMethodAccessorImpl.java:43)
	at java.base/java.lang.reflect.Method.invoke(Method.java:568)
	at org.junit.platform.commons.util.ReflectionUtils.invokeMethod(ReflectionUtils.java:728)
	at org.junit.jupiter.engine.execution.MethodInvocation.proceed(MethodInvocation.java:60)
	at org.junit.jupiter.engine.execution.InvocationInterceptorChain$ValidatingInvocation.proceed(InvocationInterceptorChain.java:131)
	at org.junit.jupiter.engine.extension.TimeoutExtension.intercept(TimeoutExtension.java:156)
	at org.junit.jupiter.engine.extension.TimeoutExtension.interceptTestableMethod(TimeoutExtension.java:147)
	at org.junit.jupiter.engine.extension.TimeoutExtension.interceptTestMethod(TimeoutExtension.java:86)
	at org.junit.jupiter.engine.execution.InterceptingExecutableInvoker$ReflectiveInterceptorCall.lambda$ofVoidMethod$0(InterceptingExecutableInvoker.java:103)
	at org.junit.jupiter.engine.execution.InterceptingExecutableInvoker.lambda$invoke$0(InterceptingExecutableInvoker.java:93)
	at org.junit.jupiter.engine.execution.InvocationInterceptorChain$InterceptedInvocation.proceed(InvocationInterceptorChain.java:106)
	at org.junit.jupiter.engine.execution.InvocationInterceptorChain.proceed(InvocationInterceptorChain.java:64)
	at org.junit.jupiter.engine.execution.InvocationInterceptorChain.chainAndInvoke(InvocationInterceptorChain.java:45)
	at org.junit.jupiter.engine.execution.InvocationInterceptorChain.invoke(InvocationInterceptorChain.java:37)
	at org.junit.jupiter.engine.execution.InterceptingExecutableInvoker.invoke(InterceptingExecutableInvoker.java:92)
	at org.junit.jupiter.engine.execution.InterceptingExecutableInvoker.invoke(InterceptingExecutableInvoker.java:86)
	at org.junit.jupiter.engine.descriptor.TestMethodTestDescriptor.lambda$invokeTestMethod$7(TestMethodTestDescriptor.java:218)
	at org.junit.platform.engine.support.hierarchical.ThrowableCollector.execute(ThrowableCollector.java:73)
	at org.junit.jupiter.engine.descriptor.TestMethodTestDescriptor.invokeTestMethod(TestMethodTestDescriptor.java:214)
	at org.junit.jupiter.engine.descriptor.TestMethodTestDescriptor.execute(TestMethodTestDescriptor.java:139)
	at org.junit.jupiter.engine.descriptor.TestMethodTestDescriptor.execute(TestMethodTestDescriptor.java:69)
	at org.junit.platform.engine.support.hierarchical.NodeTestTask.lambda$executeRecursively$6(NodeTestTask.java:151)
	at org.junit.platform.engine.support.hierarchical.ThrowableCollector.execute(ThrowableCollector.java:73)
	at org.junit.platform.engine.support.hierarchical.NodeTestTask.lambda$executeRecursively$8(NodeTestTask.java:141)
	at org.junit.platform.engine.support.hierarchical.Node.around(Node.java:137)
	at org.junit.platform.engine.support.hierarchical.NodeTestTask.lambda$executeRecursively$9(NodeTestTask.java:139)
	at org.junit.platform.engine.support.hierarchical.ThrowableCollector.execute(ThrowableCollector.java:73)
	at org.junit.platform.engine.support.hierarchical.NodeTestTask.executeRecursively(NodeTestTask.java:138)
	at org.junit.platform.engine.support.hierarchical.NodeTestTask.execute(NodeTestTask.java:95)
	at java.base/java.util.ArrayList.forEach(ArrayList.java:1511)
	at org.junit.platform.engine.support.hierarchical.SameThreadHierarchicalTestExecutorService.invokeAll(SameThreadHierarchicalTestExecutorService.java:41)
	at org.junit.platform.engine.support.hierarchical.NodeTestTask.lambda$executeRecursively$6(NodeTestTask.java:155)
	at org.junit.platform.engine.support.hierarchical.ThrowableCollector.execute(ThrowableCollector.java:73)
	at org.junit.platform.engine.support.hierarchical.NodeTestTask.lambda$executeRecursively$8(NodeTestTask.java:141)
	at org.junit.platform.engine.support.hierarchical.Node.around(Node.java:137)
	at org.junit.platform.engine.support.hierarchical.NodeTestTask.lambda$executeRecursively$9(NodeTestTask.java:139)
	at org.junit.platform.engine.support.hierarchical.ThrowableCollector.execute(ThrowableCollector.java:73)
	at org.junit.platform.engine.support.hierarchical.NodeTestTask.executeRecursively(NodeTestTask.java:138)
	at org.junit.platform.engine.support.hierarchical.NodeTestTask.execute(NodeTestTask.java:95)
	at java.base/java.util.ArrayList.forEach(ArrayList.java:1511)
	at org.junit.platform.engine.support.hierarchical.SameThreadHierarchicalTestExecutorService.invokeAll(SameThreadHierarchicalTestExecutorService.java:41)
	at org.junit.platform.engine.support.hierarchical.NodeTestTask.lambda$executeRecursively$6(NodeTestTask.java:155)
	at org.junit.platform.engine.support.hierarchical.ThrowableCollector.execute(ThrowableCollector.java:73)
	at org.junit.platform.engine.support.hierarchical.NodeTestTask.lambda$executeRecursively$8(NodeTestTask.java:141)
	at org.junit.platform.engine.support.hierarchical.Node.around(Node.java:137)
	at org.junit.platform.engine.support.hierarchical.NodeTestTask.lambda$executeRecursively$9(NodeTestTask.java:139)
	at org.junit.platform.engine.support.hierarchical.ThrowableCollector.execute(ThrowableCollector.java:73)
	at org.junit.platform.engine.support.hierarchical.NodeTestTask.executeRecursively(NodeTestTask.java:138)
	at org.junit.platform.engine.support.hierarchical.NodeTestTask.execute(NodeTestTask.java:95)
	at org.junit.platform.engine.support.hierarchical.SameThreadHierarchicalTestExecutorService.submit(SameThreadHierarchicalTestExecutorService.java:35)
	at org.junit.platform.engine.support.hierarchical.HierarchicalTestExecutor.execute(HierarchicalTestExecutor.java:57)
	at org.junit.platform.engine.support.hierarchical.HierarchicalTestEngine.execute(HierarchicalTestEngine.java:54)
	at org.junit.platform.launcher.core.EngineExecutionOrchestrator.execute(EngineExecutionOrchestrator.java:107)
	at org.junit.platform.launcher.core.EngineExecutionOrchestrator.execute(EngineExecutionOrchestrator.java:88)
	at org.junit.platform.launcher.core.EngineExecutionOrchestrator.lambda$execute$0(EngineExecutionOrchestrator.java:54)
	at org.junit.platform.launcher.core.EngineExecutionOrchestrator.withInterceptedStreams(EngineExecutionOrchestrator.java:67)
	at org.junit.platform.launcher.core.EngineExecutionOrchestrator.execute(EngineExecutionOrchestrator.java:52)
	at org.junit.platform.launcher.core.DefaultLauncher.execute(DefaultLauncher.java:114)
	at org.junit.platform.launcher.core.DefaultLauncher.execute(DefaultLauncher.java:86)
	at org.junit.platform.launcher.core.DefaultLauncherSession$DelegatingLauncher.execute(DefaultLauncherSession.java:86)
	at org.junit.platform.launcher.core.SessionPerRequestLauncher.execute(SessionPerRequestLauncher.java:53)
	at org.gradle.api.internal.tasks.testing.junitplatform.JUnitPlatformTestClassProcessor$CollectAllTestClassesExecutor.processAllTestClasses(JUnitPlatformTestClassProcessor.java:99)
	at org.gradle.api.internal.tasks.testing.junitplatform.JUnitPlatformTestClassProcessor$CollectAllTestClassesExecutor.access$000(JUnitPlatformTestClassProcessor.java:79)
	at org.gradle.api.internal.tasks.testing.junitplatform.JUnitPlatformTestClassProcessor.stop(JUnitPlatformTestClassProcessor.java:75)
	at org.gradle.api.internal.tasks.testing.SuiteTestClassProcessor.stop(SuiteTestClassProcessor.java:62)
	at java.base/jdk.internal.reflect.NativeMethodAccessorImpl.invoke0(Native Method)
	at java.base/jdk.internal.reflect.NativeMethodAccessorImpl.invoke(NativeMethodAccessorImpl.java:77)
	at java.base/jdk.internal.reflect.DelegatingMethodAccessorImpl.invoke(DelegatingMethodAccessorImpl.java:43)
	at java.base/java.lang.reflect.Method.invoke(Method.java:568)
	at org.gradle.internal.dispatch.ReflectionDispatch.dispatch(ReflectionDispatch.java:36)
	at org.gradle.internal.dispatch.ReflectionDispatch.dispatch(ReflectionDispatch.java:24)
	at org.gradle.internal.dispatch.ContextClassLoaderDispatch.dispatch(ContextClassLoaderDispatch.java:33)
	at org.gradle.internal.dispatch.ProxyDispatchAdapter$DispatchingInvocationHandler.invoke(ProxyDispatchAdapter.java:94)
	at jdk.proxy1/jdk.proxy1.$Proxy2.stop(Unknown Source)
	at org.gradle.api.internal.tasks.testing.worker.TestWorker$3.run(TestWorker.java:193)
	at org.gradle.api.internal.tasks.testing.worker.TestWorker.executeAndMaintainThreadName(TestWorker.java:129)
	at org.gradle.api.internal.tasks.testing.worker.TestWorker.execute(TestWorker.java:100)
	at org.gradle.api.internal.tasks.testing.worker.TestWorker.execute(TestWorker.java:60)
	at org.gradle.process.internal.worker.child.ActionExecutionWorker.execute(ActionExecutionWorker.java:56)
	at org.gradle.process.internal.worker.child.SystemApplicationClassLoaderWorker.call(SystemApplicationClassLoaderWorker.java:113)
	at org.gradle.process.internal.worker.child.SystemApplicationClassLoaderWorker.call(SystemApplicationClassLoaderWorker.java:65)
	at worker.org.gradle.process.internal.worker.GradleWorkerMain.run(GradleWorkerMain.java:69)
	at worker.org.gradle.process.internal.worker.GradleWorkerMain.main(GradleWorkerMain.java:74)

4月 08, 2025 1:21:34 上午 org.junit.jupiter.engine.execution.ConditionEvaluator logResult
较详细: Evaluation of condition [org.junit.jupiter.engine.extension.DisabledCondition] on [void expensetest.ExpenseManagerTest.testDeleteExpenseValidIndex()] resulted in: ConditionEvaluationResult [enabled = true, reason = '@Disabled is not present']
4月 08, 2025 1:21:34 上午 expenseincome.expense.ExpenseManager addExpense
信息: Added expense: Lunch - USD 10.50 on 2025-04-08 [Category: Food]
4月 08, 2025 1:21:34 上午 expenseincome.expense.ExpenseManager deleteExpense
信息: Deleted expense: Lunch - USD 10.50 on 2025-04-08 [Category: Food]
4月 08, 2025 1:21:34 上午 org.junit.jupiter.engine.execution.ConditionEvaluator logResult
较详细: Evaluation of condition [org.junit.jupiter.engine.extension.DisabledCondition] on [void expensetest.ExpenseManagerTest.testAddExpenseDefaultTodayDate()] resulted in: ConditionEvaluationResult [enabled = true, reason = '@Disabled is not present']
4月 08, 2025 1:21:34 上午 expenseincome.expense.ExpenseManager addExpense
信息: Added expense: Coffee - USD 4.00 on 2025-04-08 [Category: Drink]
4月 08, 2025 1:21:34 上午 org.junit.jupiter.engine.execution.ConditionEvaluator logResult
较详细: Evaluation of condition [org.junit.jupiter.engine.extension.DisabledCondition] on [void expensetest.ExpenseManagerTest.testAddExpenseNegativeAmount()] resulted in: ConditionEvaluationResult [enabled = true, reason = '@Disabled is not present']
4月 08, 2025 1:21:34 上午 expenseincome.expense.ExpenseManager addExpense
警告: Failed to add expense
expenseincome.expense.exceptions.ExpenseException: Amount must be greater than zero.
	at expenseincome.expense.ExpenseManager.validateExpenseDetails(ExpenseManager.java:356)
	at expenseincome.expense.ExpenseManager.addExpense(ExpenseManager.java:131)
	at expensetest.ExpenseManagerTest.testAddExpenseNegativeAmount(ExpenseManagerTest.java:60)
	at java.base/jdk.internal.reflect.NativeMethodAccessorImpl.invoke0(Native Method)
	at java.base/jdk.internal.reflect.NativeMethodAccessorImpl.invoke(NativeMethodAccessorImpl.java:77)
	at java.base/jdk.internal.reflect.DelegatingMethodAccessorImpl.invoke(DelegatingMethodAccessorImpl.java:43)
	at java.base/java.lang.reflect.Method.invoke(Method.java:568)
	at org.junit.platform.commons.util.ReflectionUtils.invokeMethod(ReflectionUtils.java:728)
	at org.junit.jupiter.engine.execution.MethodInvocation.proceed(MethodInvocation.java:60)
	at org.junit.jupiter.engine.execution.InvocationInterceptorChain$ValidatingInvocation.proceed(InvocationInterceptorChain.java:131)
	at org.junit.jupiter.engine.extension.TimeoutExtension.intercept(TimeoutExtension.java:156)
	at org.junit.jupiter.engine.extension.TimeoutExtension.interceptTestableMethod(TimeoutExtension.java:147)
	at org.junit.jupiter.engine.extension.TimeoutExtension.interceptTestMethod(TimeoutExtension.java:86)
	at org.junit.jupiter.engine.execution.InterceptingExecutableInvoker$ReflectiveInterceptorCall.lambda$ofVoidMethod$0(InterceptingExecutableInvoker.java:103)
	at org.junit.jupiter.engine.execution.InterceptingExecutableInvoker.lambda$invoke$0(InterceptingExecutableInvoker.java:93)
	at org.junit.jupiter.engine.execution.InvocationInterceptorChain$InterceptedInvocation.proceed(InvocationInterceptorChain.java:106)
	at org.junit.jupiter.engine.execution.InvocationInterceptorChain.proceed(InvocationInterceptorChain.java:64)
	at org.junit.jupiter.engine.execution.InvocationInterceptorChain.chainAndInvoke(InvocationInterceptorChain.java:45)
	at org.junit.jupiter.engine.execution.InvocationInterceptorChain.invoke(InvocationInterceptorChain.java:37)
	at org.junit.jupiter.engine.execution.InterceptingExecutableInvoker.invoke(InterceptingExecutableInvoker.java:92)
	at org.junit.jupiter.engine.execution.InterceptingExecutableInvoker.invoke(InterceptingExecutableInvoker.java:86)
	at org.junit.jupiter.engine.descriptor.TestMethodTestDescriptor.lambda$invokeTestMethod$7(TestMethodTestDescriptor.java:218)
	at org.junit.platform.engine.support.hierarchical.ThrowableCollector.execute(ThrowableCollector.java:73)
	at org.junit.jupiter.engine.descriptor.TestMethodTestDescriptor.invokeTestMethod(TestMethodTestDescriptor.java:214)
	at org.junit.jupiter.engine.descriptor.TestMethodTestDescriptor.execute(TestMethodTestDescriptor.java:139)
	at org.junit.jupiter.engine.descriptor.TestMethodTestDescriptor.execute(TestMethodTestDescriptor.java:69)
	at org.junit.platform.engine.support.hierarchical.NodeTestTask.lambda$executeRecursively$6(NodeTestTask.java:151)
	at org.junit.platform.engine.support.hierarchical.ThrowableCollector.execute(ThrowableCollector.java:73)
	at org.junit.platform.engine.support.hierarchical.NodeTestTask.lambda$executeRecursively$8(NodeTestTask.java:141)
	at org.junit.platform.engine.support.hierarchical.Node.around(Node.java:137)
	at org.junit.platform.engine.support.hierarchical.NodeTestTask.lambda$executeRecursively$9(NodeTestTask.java:139)
	at org.junit.platform.engine.support.hierarchical.ThrowableCollector.execute(ThrowableCollector.java:73)
	at org.junit.platform.engine.support.hierarchical.NodeTestTask.executeRecursively(NodeTestTask.java:138)
	at org.junit.platform.engine.support.hierarchical.NodeTestTask.execute(NodeTestTask.java:95)
	at java.base/java.util.ArrayList.forEach(ArrayList.java:1511)
	at org.junit.platform.engine.support.hierarchical.SameThreadHierarchicalTestExecutorService.invokeAll(SameThreadHierarchicalTestExecutorService.java:41)
	at org.junit.platform.engine.support.hierarchical.NodeTestTask.lambda$executeRecursively$6(NodeTestTask.java:155)
	at org.junit.platform.engine.support.hierarchical.ThrowableCollector.execute(ThrowableCollector.java:73)
	at org.junit.platform.engine.support.hierarchical.NodeTestTask.lambda$executeRecursively$8(NodeTestTask.java:141)
	at org.junit.platform.engine.support.hierarchical.Node.around(Node.java:137)
	at org.junit.platform.engine.support.hierarchical.NodeTestTask.lambda$executeRecursively$9(NodeTestTask.java:139)
	at org.junit.platform.engine.support.hierarchical.ThrowableCollector.execute(ThrowableCollector.java:73)
	at org.junit.platform.engine.support.hierarchical.NodeTestTask.executeRecursively(NodeTestTask.java:138)
	at org.junit.platform.engine.support.hierarchical.NodeTestTask.execute(NodeTestTask.java:95)
	at java.base/java.util.ArrayList.forEach(ArrayList.java:1511)
	at org.junit.platform.engine.support.hierarchical.SameThreadHierarchicalTestExecutorService.invokeAll(SameThreadHierarchicalTestExecutorService.java:41)
	at org.junit.platform.engine.support.hierarchical.NodeTestTask.lambda$executeRecursively$6(NodeTestTask.java:155)
	at org.junit.platform.engine.support.hierarchical.ThrowableCollector.execute(ThrowableCollector.java:73)
	at org.junit.platform.engine.support.hierarchical.NodeTestTask.lambda$executeRecursively$8(NodeTestTask.java:141)
	at org.junit.platform.engine.support.hierarchical.Node.around(Node.java:137)
	at org.junit.platform.engine.support.hierarchical.NodeTestTask.lambda$executeRecursively$9(NodeTestTask.java:139)
	at org.junit.platform.engine.support.hierarchical.ThrowableCollector.execute(ThrowableCollector.java:73)
	at org.junit.platform.engine.support.hierarchical.NodeTestTask.executeRecursively(NodeTestTask.java:138)
	at org.junit.platform.engine.support.hierarchical.NodeTestTask.execute(NodeTestTask.java:95)
	at org.junit.platform.engine.support.hierarchical.SameThreadHierarchicalTestExecutorService.submit(SameThreadHierarchicalTestExecutorService.java:35)
	at org.junit.platform.engine.support.hierarchical.HierarchicalTestExecutor.execute(HierarchicalTestExecutor.java:57)
	at org.junit.platform.engine.support.hierarchical.HierarchicalTestEngine.execute(HierarchicalTestEngine.java:54)
	at org.junit.platform.launcher.core.EngineExecutionOrchestrator.execute(EngineExecutionOrchestrator.java:107)
	at org.junit.platform.launcher.core.EngineExecutionOrchestrator.execute(EngineExecutionOrchestrator.java:88)
	at org.junit.platform.launcher.core.EngineExecutionOrchestrator.lambda$execute$0(EngineExecutionOrchestrator.java:54)
	at org.junit.platform.launcher.core.EngineExecutionOrchestrator.withInterceptedStreams(EngineExecutionOrchestrator.java:67)
	at org.junit.platform.launcher.core.EngineExecutionOrchestrator.execute(EngineExecutionOrchestrator.java:52)
	at org.junit.platform.launcher.core.DefaultLauncher.execute(DefaultLauncher.java:114)
	at org.junit.platform.launcher.core.DefaultLauncher.execute(DefaultLauncher.java:86)
	at org.junit.platform.launcher.core.DefaultLauncherSession$DelegatingLauncher.execute(DefaultLauncherSession.java:86)
	at org.junit.platform.launcher.core.SessionPerRequestLauncher.execute(SessionPerRequestLauncher.java:53)
	at org.gradle.api.internal.tasks.testing.junitplatform.JUnitPlatformTestClassProcessor$CollectAllTestClassesExecutor.processAllTestClasses(JUnitPlatformTestClassProcessor.java:99)
	at org.gradle.api.internal.tasks.testing.junitplatform.JUnitPlatformTestClassProcessor$CollectAllTestClassesExecutor.access$000(JUnitPlatformTestClassProcessor.java:79)
	at org.gradle.api.internal.tasks.testing.junitplatform.JUnitPlatformTestClassProcessor.stop(JUnitPlatformTestClassProcessor.java:75)
	at org.gradle.api.internal.tasks.testing.SuiteTestClassProcessor.stop(SuiteTestClassProcessor.java:62)
	at java.base/jdk.internal.reflect.NativeMethodAccessorImpl.invoke0(Native Method)
	at java.base/jdk.internal.reflect.NativeMethodAccessorImpl.invoke(NativeMethodAccessorImpl.java:77)
	at java.base/jdk.internal.reflect.DelegatingMethodAccessorImpl.invoke(DelegatingMethodAccessorImpl.java:43)
	at java.base/java.lang.reflect.Method.invoke(Method.java:568)
	at org.gradle.internal.dispatch.ReflectionDispatch.dispatch(ReflectionDispatch.java:36)
	at org.gradle.internal.dispatch.ReflectionDispatch.dispatch(ReflectionDispatch.java:24)
	at org.gradle.internal.dispatch.ContextClassLoaderDispatch.dispatch(ContextClassLoaderDispatch.java:33)
	at org.gradle.internal.dispatch.ProxyDispatchAdapter$DispatchingInvocationHandler.invoke(ProxyDispatchAdapter.java:94)
	at jdk.proxy1/jdk.proxy1.$Proxy2.stop(Unknown Source)
	at org.gradle.api.internal.tasks.testing.worker.TestWorker$3.run(TestWorker.java:193)
	at org.gradle.api.internal.tasks.testing.worker.TestWorker.executeAndMaintainThreadName(TestWorker.java:129)
	at org.gradle.api.internal.tasks.testing.worker.TestWorker.execute(TestWorker.java:100)
	at org.gradle.api.internal.tasks.testing.worker.TestWorker.execute(TestWorker.java:60)
	at org.gradle.process.internal.worker.child.ActionExecutionWorker.execute(ActionExecutionWorker.java:56)
	at org.gradle.process.internal.worker.child.SystemApplicationClassLoaderWorker.call(SystemApplicationClassLoaderWorker.java:113)
	at org.gradle.process.internal.worker.child.SystemApplicationClassLoaderWorker.call(SystemApplicationClassLoaderWorker.java:65)
	at worker.org.gradle.process.internal.worker.GradleWorkerMain.run(GradleWorkerMain.java:69)
	at worker.org.gradle.process.internal.worker.GradleWorkerMain.main(GradleWorkerMain.java:74)

4月 08, 2025 1:21:34 上午 org.junit.jupiter.engine.execution.ConditionEvaluator logResult
较详细: Evaluation of condition [org.junit.jupiter.engine.extension.DisabledCondition] on [void expensetest.ExpenseManagerTest.testAddExpenseNullDescription()] resulted in: ConditionEvaluationResult [enabled = true, reason = '@Disabled is not present']
4月 08, 2025 1:21:34 上午 expenseincome.expense.ExpenseManager addExpense
警告: Failed to add expense
expenseincome.expense.exceptions.ExpenseException: Description cannot be empty.
	at expenseincome.expense.ExpenseManager.validateExpenseDetails(ExpenseManager.java:353)
	at expenseincome.expense.ExpenseManager.addExpense(ExpenseManager.java:131)
	at expensetest.ExpenseManagerTest.testAddExpenseNullDescription(ExpenseManagerTest.java:54)
	at java.base/jdk.internal.reflect.NativeMethodAccessorImpl.invoke0(Native Method)
	at java.base/jdk.internal.reflect.NativeMethodAccessorImpl.invoke(NativeMethodAccessorImpl.java:77)
	at java.base/jdk.internal.reflect.DelegatingMethodAccessorImpl.invoke(DelegatingMethodAccessorImpl.java:43)
	at java.base/java.lang.reflect.Method.invoke(Method.java:568)
	at org.junit.platform.commons.util.ReflectionUtils.invokeMethod(ReflectionUtils.java:728)
	at org.junit.jupiter.engine.execution.MethodInvocation.proceed(MethodInvocation.java:60)
	at org.junit.jupiter.engine.execution.InvocationInterceptorChain$ValidatingInvocation.proceed(InvocationInterceptorChain.java:131)
	at org.junit.jupiter.engine.extension.TimeoutExtension.intercept(TimeoutExtension.java:156)
	at org.junit.jupiter.engine.extension.TimeoutExtension.interceptTestableMethod(TimeoutExtension.java:147)
	at org.junit.jupiter.engine.extension.TimeoutExtension.interceptTestMethod(TimeoutExtension.java:86)
	at org.junit.jupiter.engine.execution.InterceptingExecutableInvoker$ReflectiveInterceptorCall.lambda$ofVoidMethod$0(InterceptingExecutableInvoker.java:103)
	at org.junit.jupiter.engine.execution.InterceptingExecutableInvoker.lambda$invoke$0(InterceptingExecutableInvoker.java:93)
	at org.junit.jupiter.engine.execution.InvocationInterceptorChain$InterceptedInvocation.proceed(InvocationInterceptorChain.java:106)
	at org.junit.jupiter.engine.execution.InvocationInterceptorChain.proceed(InvocationInterceptorChain.java:64)
	at org.junit.jupiter.engine.execution.InvocationInterceptorChain.chainAndInvoke(InvocationInterceptorChain.java:45)
	at org.junit.jupiter.engine.execution.InvocationInterceptorChain.invoke(InvocationInterceptorChain.java:37)
	at org.junit.jupiter.engine.execution.InterceptingExecutableInvoker.invoke(InterceptingExecutableInvoker.java:92)
	at org.junit.jupiter.engine.execution.InterceptingExecutableInvoker.invoke(InterceptingExecutableInvoker.java:86)
	at org.junit.jupiter.engine.descriptor.TestMethodTestDescriptor.lambda$invokeTestMethod$7(TestMethodTestDescriptor.java:218)
	at org.junit.platform.engine.support.hierarchical.ThrowableCollector.execute(ThrowableCollector.java:73)
	at org.junit.jupiter.engine.descriptor.TestMethodTestDescriptor.invokeTestMethod(TestMethodTestDescriptor.java:214)
	at org.junit.jupiter.engine.descriptor.TestMethodTestDescriptor.execute(TestMethodTestDescriptor.java:139)
	at org.junit.jupiter.engine.descriptor.TestMethodTestDescriptor.execute(TestMethodTestDescriptor.java:69)
	at org.junit.platform.engine.support.hierarchical.NodeTestTask.lambda$executeRecursively$6(NodeTestTask.java:151)
	at org.junit.platform.engine.support.hierarchical.ThrowableCollector.execute(ThrowableCollector.java:73)
	at org.junit.platform.engine.support.hierarchical.NodeTestTask.lambda$executeRecursively$8(NodeTestTask.java:141)
	at org.junit.platform.engine.support.hierarchical.Node.around(Node.java:137)
	at org.junit.platform.engine.support.hierarchical.NodeTestTask.lambda$executeRecursively$9(NodeTestTask.java:139)
	at org.junit.platform.engine.support.hierarchical.ThrowableCollector.execute(ThrowableCollector.java:73)
	at org.junit.platform.engine.support.hierarchical.NodeTestTask.executeRecursively(NodeTestTask.java:138)
	at org.junit.platform.engine.support.hierarchical.NodeTestTask.execute(NodeTestTask.java:95)
	at java.base/java.util.ArrayList.forEach(ArrayList.java:1511)
	at org.junit.platform.engine.support.hierarchical.SameThreadHierarchicalTestExecutorService.invokeAll(SameThreadHierarchicalTestExecutorService.java:41)
	at org.junit.platform.engine.support.hierarchical.NodeTestTask.lambda$executeRecursively$6(NodeTestTask.java:155)
	at org.junit.platform.engine.support.hierarchical.ThrowableCollector.execute(ThrowableCollector.java:73)
	at org.junit.platform.engine.support.hierarchical.NodeTestTask.lambda$executeRecursively$8(NodeTestTask.java:141)
	at org.junit.platform.engine.support.hierarchical.Node.around(Node.java:137)
	at org.junit.platform.engine.support.hierarchical.NodeTestTask.lambda$executeRecursively$9(NodeTestTask.java:139)
	at org.junit.platform.engine.support.hierarchical.ThrowableCollector.execute(ThrowableCollector.java:73)
	at org.junit.platform.engine.support.hierarchical.NodeTestTask.executeRecursively(NodeTestTask.java:138)
	at org.junit.platform.engine.support.hierarchical.NodeTestTask.execute(NodeTestTask.java:95)
	at java.base/java.util.ArrayList.forEach(ArrayList.java:1511)
	at org.junit.platform.engine.support.hierarchical.SameThreadHierarchicalTestExecutorService.invokeAll(SameThreadHierarchicalTestExecutorService.java:41)
	at org.junit.platform.engine.support.hierarchical.NodeTestTask.lambda$executeRecursively$6(NodeTestTask.java:155)
	at org.junit.platform.engine.support.hierarchical.ThrowableCollector.execute(ThrowableCollector.java:73)
	at org.junit.platform.engine.support.hierarchical.NodeTestTask.lambda$executeRecursively$8(NodeTestTask.java:141)
	at org.junit.platform.engine.support.hierarchical.Node.around(Node.java:137)
	at org.junit.platform.engine.support.hierarchical.NodeTestTask.lambda$executeRecursively$9(NodeTestTask.java:139)
	at org.junit.platform.engine.support.hierarchical.ThrowableCollector.execute(ThrowableCollector.java:73)
	at org.junit.platform.engine.support.hierarchical.NodeTestTask.executeRecursively(NodeTestTask.java:138)
	at org.junit.platform.engine.support.hierarchical.NodeTestTask.execute(NodeTestTask.java:95)
	at org.junit.platform.engine.support.hierarchical.SameThreadHierarchicalTestExecutorService.submit(SameThreadHierarchicalTestExecutorService.java:35)
	at org.junit.platform.engine.support.hierarchical.HierarchicalTestExecutor.execute(HierarchicalTestExecutor.java:57)
	at org.junit.platform.engine.support.hierarchical.HierarchicalTestEngine.execute(HierarchicalTestEngine.java:54)
	at org.junit.platform.launcher.core.EngineExecutionOrchestrator.execute(EngineExecutionOrchestrator.java:107)
	at org.junit.platform.launcher.core.EngineExecutionOrchestrator.execute(EngineExecutionOrchestrator.java:88)
	at org.junit.platform.launcher.core.EngineExecutionOrchestrator.lambda$execute$0(EngineExecutionOrchestrator.java:54)
	at org.junit.platform.launcher.core.EngineExecutionOrchestrator.withInterceptedStreams(EngineExecutionOrchestrator.java:67)
	at org.junit.platform.launcher.core.EngineExecutionOrchestrator.execute(EngineExecutionOrchestrator.java:52)
	at org.junit.platform.launcher.core.DefaultLauncher.execute(DefaultLauncher.java:114)
	at org.junit.platform.launcher.core.DefaultLauncher.execute(DefaultLauncher.java:86)
	at org.junit.platform.launcher.core.DefaultLauncherSession$DelegatingLauncher.execute(DefaultLauncherSession.java:86)
	at org.junit.platform.launcher.core.SessionPerRequestLauncher.execute(SessionPerRequestLauncher.java:53)
	at org.gradle.api.internal.tasks.testing.junitplatform.JUnitPlatformTestClassProcessor$CollectAllTestClassesExecutor.processAllTestClasses(JUnitPlatformTestClassProcessor.java:99)
	at org.gradle.api.internal.tasks.testing.junitplatform.JUnitPlatformTestClassProcessor$CollectAllTestClassesExecutor.access$000(JUnitPlatformTestClassProcessor.java:79)
	at org.gradle.api.internal.tasks.testing.junitplatform.JUnitPlatformTestClassProcessor.stop(JUnitPlatformTestClassProcessor.java:75)
	at org.gradle.api.internal.tasks.testing.SuiteTestClassProcessor.stop(SuiteTestClassProcessor.java:62)
	at java.base/jdk.internal.reflect.NativeMethodAccessorImpl.invoke0(Native Method)
	at java.base/jdk.internal.reflect.NativeMethodAccessorImpl.invoke(NativeMethodAccessorImpl.java:77)
	at java.base/jdk.internal.reflect.DelegatingMethodAccessorImpl.invoke(DelegatingMethodAccessorImpl.java:43)
	at java.base/java.lang.reflect.Method.invoke(Method.java:568)
	at org.gradle.internal.dispatch.ReflectionDispatch.dispatch(ReflectionDispatch.java:36)
	at org.gradle.internal.dispatch.ReflectionDispatch.dispatch(ReflectionDispatch.java:24)
	at org.gradle.internal.dispatch.ContextClassLoaderDispatch.dispatch(ContextClassLoaderDispatch.java:33)
	at org.gradle.internal.dispatch.ProxyDispatchAdapter$DispatchingInvocationHandler.invoke(ProxyDispatchAdapter.java:94)
	at jdk.proxy1/jdk.proxy1.$Proxy2.stop(Unknown Source)
	at org.gradle.api.internal.tasks.testing.worker.TestWorker$3.run(TestWorker.java:193)
	at org.gradle.api.internal.tasks.testing.worker.TestWorker.executeAndMaintainThreadName(TestWorker.java:129)
	at org.gradle.api.internal.tasks.testing.worker.TestWorker.execute(TestWorker.java:100)
	at org.gradle.api.internal.tasks.testing.worker.TestWorker.execute(TestWorker.java:60)
	at org.gradle.process.internal.worker.child.ActionExecutionWorker.execute(ActionExecutionWorker.java:56)
	at org.gradle.process.internal.worker.child.SystemApplicationClassLoaderWorker.call(SystemApplicationClassLoaderWorker.java:113)
	at org.gradle.process.internal.worker.child.SystemApplicationClassLoaderWorker.call(SystemApplicationClassLoaderWorker.java:65)
	at worker.org.gradle.process.internal.worker.GradleWorkerMain.run(GradleWorkerMain.java:69)
	at worker.org.gradle.process.internal.worker.GradleWorkerMain.main(GradleWorkerMain.java:74)

4月 08, 2025 1:21:34 上午 org.junit.jupiter.engine.execution.ConditionEvaluator logResult
较详细: Evaluation of condition [org.junit.jupiter.engine.extension.DisabledCondition] on [void expensetest.ExpenseManagerTest.testEditExpenseInvalidIndex()] resulted in: ConditionEvaluationResult [enabled = true, reason = '@Disabled is not present']
4月 08, 2025 1:21:34 上午 expenseincome.expense.ExpenseManager editExpense
警告: Failed to edit expense
expenseincome.expense.exceptions.ExpenseException: No expenses to delete. Your list is empty.
	at expenseincome.expense.ExpenseManager.validateIndex(ExpenseManager.java:335)
	at expenseincome.expense.ExpenseManager.editExpense(ExpenseManager.java:185)
	at expensetest.ExpenseManagerTest.testEditExpenseInvalidIndex(ExpenseManagerTest.java:100)
	at java.base/jdk.internal.reflect.NativeMethodAccessorImpl.invoke0(Native Method)
	at java.base/jdk.internal.reflect.NativeMethodAccessorImpl.invoke(NativeMethodAccessorImpl.java:77)
	at java.base/jdk.internal.reflect.DelegatingMethodAccessorImpl.invoke(DelegatingMethodAccessorImpl.java:43)
	at java.base/java.lang.reflect.Method.invoke(Method.java:568)
	at org.junit.platform.commons.util.ReflectionUtils.invokeMethod(ReflectionUtils.java:728)
	at org.junit.jupiter.engine.execution.MethodInvocation.proceed(MethodInvocation.java:60)
	at org.junit.jupiter.engine.execution.InvocationInterceptorChain$ValidatingInvocation.proceed(InvocationInterceptorChain.java:131)
	at org.junit.jupiter.engine.extension.TimeoutExtension.intercept(TimeoutExtension.java:156)
	at org.junit.jupiter.engine.extension.TimeoutExtension.interceptTestableMethod(TimeoutExtension.java:147)
	at org.junit.jupiter.engine.extension.TimeoutExtension.interceptTestMethod(TimeoutExtension.java:86)
	at org.junit.jupiter.engine.execution.InterceptingExecutableInvoker$ReflectiveInterceptorCall.lambda$ofVoidMethod$0(InterceptingExecutableInvoker.java:103)
	at org.junit.jupiter.engine.execution.InterceptingExecutableInvoker.lambda$invoke$0(InterceptingExecutableInvoker.java:93)
	at org.junit.jupiter.engine.execution.InvocationInterceptorChain$InterceptedInvocation.proceed(InvocationInterceptorChain.java:106)
	at org.junit.jupiter.engine.execution.InvocationInterceptorChain.proceed(InvocationInterceptorChain.java:64)
	at org.junit.jupiter.engine.execution.InvocationInterceptorChain.chainAndInvoke(InvocationInterceptorChain.java:45)
	at org.junit.jupiter.engine.execution.InvocationInterceptorChain.invoke(InvocationInterceptorChain.java:37)
	at org.junit.jupiter.engine.execution.InterceptingExecutableInvoker.invoke(InterceptingExecutableInvoker.java:92)
	at org.junit.jupiter.engine.execution.InterceptingExecutableInvoker.invoke(InterceptingExecutableInvoker.java:86)
	at org.junit.jupiter.engine.descriptor.TestMethodTestDescriptor.lambda$invokeTestMethod$7(TestMethodTestDescriptor.java:218)
	at org.junit.platform.engine.support.hierarchical.ThrowableCollector.execute(ThrowableCollector.java:73)
	at org.junit.jupiter.engine.descriptor.TestMethodTestDescriptor.invokeTestMethod(TestMethodTestDescriptor.java:214)
	at org.junit.jupiter.engine.descriptor.TestMethodTestDescriptor.execute(TestMethodTestDescriptor.java:139)
	at org.junit.jupiter.engine.descriptor.TestMethodTestDescriptor.execute(TestMethodTestDescriptor.java:69)
	at org.junit.platform.engine.support.hierarchical.NodeTestTask.lambda$executeRecursively$6(NodeTestTask.java:151)
	at org.junit.platform.engine.support.hierarchical.ThrowableCollector.execute(ThrowableCollector.java:73)
	at org.junit.platform.engine.support.hierarchical.NodeTestTask.lambda$executeRecursively$8(NodeTestTask.java:141)
	at org.junit.platform.engine.support.hierarchical.Node.around(Node.java:137)
	at org.junit.platform.engine.support.hierarchical.NodeTestTask.lambda$executeRecursively$9(NodeTestTask.java:139)
	at org.junit.platform.engine.support.hierarchical.ThrowableCollector.execute(ThrowableCollector.java:73)
	at org.junit.platform.engine.support.hierarchical.NodeTestTask.executeRecursively(NodeTestTask.java:138)
	at org.junit.platform.engine.support.hierarchical.NodeTestTask.execute(NodeTestTask.java:95)
	at java.base/java.util.ArrayList.forEach(ArrayList.java:1511)
	at org.junit.platform.engine.support.hierarchical.SameThreadHierarchicalTestExecutorService.invokeAll(SameThreadHierarchicalTestExecutorService.java:41)
	at org.junit.platform.engine.support.hierarchical.NodeTestTask.lambda$executeRecursively$6(NodeTestTask.java:155)
	at org.junit.platform.engine.support.hierarchical.ThrowableCollector.execute(ThrowableCollector.java:73)
	at org.junit.platform.engine.support.hierarchical.NodeTestTask.lambda$executeRecursively$8(NodeTestTask.java:141)
	at org.junit.platform.engine.support.hierarchical.Node.around(Node.java:137)
	at org.junit.platform.engine.support.hierarchical.NodeTestTask.lambda$executeRecursively$9(NodeTestTask.java:139)
	at org.junit.platform.engine.support.hierarchical.ThrowableCollector.execute(ThrowableCollector.java:73)
	at org.junit.platform.engine.support.hierarchical.NodeTestTask.executeRecursively(NodeTestTask.java:138)
	at org.junit.platform.engine.support.hierarchical.NodeTestTask.execute(NodeTestTask.java:95)
	at java.base/java.util.ArrayList.forEach(ArrayList.java:1511)
	at org.junit.platform.engine.support.hierarchical.SameThreadHierarchicalTestExecutorService.invokeAll(SameThreadHierarchicalTestExecutorService.java:41)
	at org.junit.platform.engine.support.hierarchical.NodeTestTask.lambda$executeRecursively$6(NodeTestTask.java:155)
	at org.junit.platform.engine.support.hierarchical.ThrowableCollector.execute(ThrowableCollector.java:73)
	at org.junit.platform.engine.support.hierarchical.NodeTestTask.lambda$executeRecursively$8(NodeTestTask.java:141)
	at org.junit.platform.engine.support.hierarchical.Node.around(Node.java:137)
	at org.junit.platform.engine.support.hierarchical.NodeTestTask.lambda$executeRecursively$9(NodeTestTask.java:139)
	at org.junit.platform.engine.support.hierarchical.ThrowableCollector.execute(ThrowableCollector.java:73)
	at org.junit.platform.engine.support.hierarchical.NodeTestTask.executeRecursively(NodeTestTask.java:138)
	at org.junit.platform.engine.support.hierarchical.NodeTestTask.execute(NodeTestTask.java:95)
	at org.junit.platform.engine.support.hierarchical.SameThreadHierarchicalTestExecutorService.submit(SameThreadHierarchicalTestExecutorService.java:35)
	at org.junit.platform.engine.support.hierarchical.HierarchicalTestExecutor.execute(HierarchicalTestExecutor.java:57)
	at org.junit.platform.engine.support.hierarchical.HierarchicalTestEngine.execute(HierarchicalTestEngine.java:54)
	at org.junit.platform.launcher.core.EngineExecutionOrchestrator.execute(EngineExecutionOrchestrator.java:107)
	at org.junit.platform.launcher.core.EngineExecutionOrchestrator.execute(EngineExecutionOrchestrator.java:88)
	at org.junit.platform.launcher.core.EngineExecutionOrchestrator.lambda$execute$0(EngineExecutionOrchestrator.java:54)
	at org.junit.platform.launcher.core.EngineExecutionOrchestrator.withInterceptedStreams(EngineExecutionOrchestrator.java:67)
	at org.junit.platform.launcher.core.EngineExecutionOrchestrator.execute(EngineExecutionOrchestrator.java:52)
	at org.junit.platform.launcher.core.DefaultLauncher.execute(DefaultLauncher.java:114)
	at org.junit.platform.launcher.core.DefaultLauncher.execute(DefaultLauncher.java:86)
	at org.junit.platform.launcher.core.DefaultLauncherSession$DelegatingLauncher.execute(DefaultLauncherSession.java:86)
	at org.junit.platform.launcher.core.SessionPerRequestLauncher.execute(SessionPerRequestLauncher.java:53)
	at org.gradle.api.internal.tasks.testing.junitplatform.JUnitPlatformTestClassProcessor$CollectAllTestClassesExecutor.processAllTestClasses(JUnitPlatformTestClassProcessor.java:99)
	at org.gradle.api.internal.tasks.testing.junitplatform.JUnitPlatformTestClassProcessor$CollectAllTestClassesExecutor.access$000(JUnitPlatformTestClassProcessor.java:79)
	at org.gradle.api.internal.tasks.testing.junitplatform.JUnitPlatformTestClassProcessor.stop(JUnitPlatformTestClassProcessor.java:75)
	at org.gradle.api.internal.tasks.testing.SuiteTestClassProcessor.stop(SuiteTestClassProcessor.java:62)
	at java.base/jdk.internal.reflect.NativeMethodAccessorImpl.invoke0(Native Method)
	at java.base/jdk.internal.reflect.NativeMethodAccessorImpl.invoke(NativeMethodAccessorImpl.java:77)
	at java.base/jdk.internal.reflect.DelegatingMethodAccessorImpl.invoke(DelegatingMethodAccessorImpl.java:43)
	at java.base/java.lang.reflect.Method.invoke(Method.java:568)
	at org.gradle.internal.dispatch.ReflectionDispatch.dispatch(ReflectionDispatch.java:36)
	at org.gradle.internal.dispatch.ReflectionDispatch.dispatch(ReflectionDispatch.java:24)
	at org.gradle.internal.dispatch.ContextClassLoaderDispatch.dispatch(ContextClassLoaderDispatch.java:33)
	at org.gradle.internal.dispatch.ProxyDispatchAdapter$DispatchingInvocationHandler.invoke(ProxyDispatchAdapter.java:94)
	at jdk.proxy1/jdk.proxy1.$Proxy2.stop(Unknown Source)
	at org.gradle.api.internal.tasks.testing.worker.TestWorker$3.run(TestWorker.java:193)
	at org.gradle.api.internal.tasks.testing.worker.TestWorker.executeAndMaintainThreadName(TestWorker.java:129)
	at org.gradle.api.internal.tasks.testing.worker.TestWorker.execute(TestWorker.java:100)
	at org.gradle.api.internal.tasks.testing.worker.TestWorker.execute(TestWorker.java:60)
	at org.gradle.process.internal.worker.child.ActionExecutionWorker.execute(ActionExecutionWorker.java:56)
	at org.gradle.process.internal.worker.child.SystemApplicationClassLoaderWorker.call(SystemApplicationClassLoaderWorker.java:113)
	at org.gradle.process.internal.worker.child.SystemApplicationClassLoaderWorker.call(SystemApplicationClassLoaderWorker.java:65)
	at worker.org.gradle.process.internal.worker.GradleWorkerMain.run(GradleWorkerMain.java:69)
	at worker.org.gradle.process.internal.worker.GradleWorkerMain.main(GradleWorkerMain.java:74)

4月 08, 2025 1:21:34 上午 org.junit.jupiter.engine.execution.ConditionEvaluator logResult
较详细: Evaluation of condition [org.junit.jupiter.engine.extension.DisabledCondition] on [void expensetest.ExpenseManagerTest.testAddExpenseEmptyCategory()] resulted in: ConditionEvaluationResult [enabled = true, reason = '@Disabled is not present']
4月 08, 2025 1:21:34 上午 expenseincome.expense.ExpenseManager addExpense
警告: Failed to add expense
expenseincome.expense.exceptions.ExpenseException: Category cannot be empty.
	at expenseincome.expense.ExpenseManager.validateExpenseDetails(ExpenseManager.java:359)
	at expenseincome.expense.ExpenseManager.addExpense(ExpenseManager.java:131)
	at expensetest.ExpenseManagerTest.testAddExpenseEmptyCategory(ExpenseManagerTest.java:66)
	at java.base/jdk.internal.reflect.NativeMethodAccessorImpl.invoke0(Native Method)
	at java.base/jdk.internal.reflect.NativeMethodAccessorImpl.invoke(NativeMethodAccessorImpl.java:77)
	at java.base/jdk.internal.reflect.DelegatingMethodAccessorImpl.invoke(DelegatingMethodAccessorImpl.java:43)
	at java.base/java.lang.reflect.Method.invoke(Method.java:568)
	at org.junit.platform.commons.util.ReflectionUtils.invokeMethod(ReflectionUtils.java:728)
	at org.junit.jupiter.engine.execution.MethodInvocation.proceed(MethodInvocation.java:60)
	at org.junit.jupiter.engine.execution.InvocationInterceptorChain$ValidatingInvocation.proceed(InvocationInterceptorChain.java:131)
	at org.junit.jupiter.engine.extension.TimeoutExtension.intercept(TimeoutExtension.java:156)
	at org.junit.jupiter.engine.extension.TimeoutExtension.interceptTestableMethod(TimeoutExtension.java:147)
	at org.junit.jupiter.engine.extension.TimeoutExtension.interceptTestMethod(TimeoutExtension.java:86)
	at org.junit.jupiter.engine.execution.InterceptingExecutableInvoker$ReflectiveInterceptorCall.lambda$ofVoidMethod$0(InterceptingExecutableInvoker.java:103)
	at org.junit.jupiter.engine.execution.InterceptingExecutableInvoker.lambda$invoke$0(InterceptingExecutableInvoker.java:93)
	at org.junit.jupiter.engine.execution.InvocationInterceptorChain$InterceptedInvocation.proceed(InvocationInterceptorChain.java:106)
	at org.junit.jupiter.engine.execution.InvocationInterceptorChain.proceed(InvocationInterceptorChain.java:64)
	at org.junit.jupiter.engine.execution.InvocationInterceptorChain.chainAndInvoke(InvocationInterceptorChain.java:45)
	at org.junit.jupiter.engine.execution.InvocationInterceptorChain.invoke(InvocationInterceptorChain.java:37)
	at org.junit.jupiter.engine.execution.InterceptingExecutableInvoker.invoke(InterceptingExecutableInvoker.java:92)
	at org.junit.jupiter.engine.execution.InterceptingExecutableInvoker.invoke(InterceptingExecutableInvoker.java:86)
	at org.junit.jupiter.engine.descriptor.TestMethodTestDescriptor.lambda$invokeTestMethod$7(TestMethodTestDescriptor.java:218)
	at org.junit.platform.engine.support.hierarchical.ThrowableCollector.execute(ThrowableCollector.java:73)
	at org.junit.jupiter.engine.descriptor.TestMethodTestDescriptor.invokeTestMethod(TestMethodTestDescriptor.java:214)
	at org.junit.jupiter.engine.descriptor.TestMethodTestDescriptor.execute(TestMethodTestDescriptor.java:139)
	at org.junit.jupiter.engine.descriptor.TestMethodTestDescriptor.execute(TestMethodTestDescriptor.java:69)
	at org.junit.platform.engine.support.hierarchical.NodeTestTask.lambda$executeRecursively$6(NodeTestTask.java:151)
	at org.junit.platform.engine.support.hierarchical.ThrowableCollector.execute(ThrowableCollector.java:73)
	at org.junit.platform.engine.support.hierarchical.NodeTestTask.lambda$executeRecursively$8(NodeTestTask.java:141)
	at org.junit.platform.engine.support.hierarchical.Node.around(Node.java:137)
	at org.junit.platform.engine.support.hierarchical.NodeTestTask.lambda$executeRecursively$9(NodeTestTask.java:139)
	at org.junit.platform.engine.support.hierarchical.ThrowableCollector.execute(ThrowableCollector.java:73)
	at org.junit.platform.engine.support.hierarchical.NodeTestTask.executeRecursively(NodeTestTask.java:138)
	at org.junit.platform.engine.support.hierarchical.NodeTestTask.execute(NodeTestTask.java:95)
	at java.base/java.util.ArrayList.forEach(ArrayList.java:1511)
	at org.junit.platform.engine.support.hierarchical.SameThreadHierarchicalTestExecutorService.invokeAll(SameThreadHierarchicalTestExecutorService.java:41)
	at org.junit.platform.engine.support.hierarchical.NodeTestTask.lambda$executeRecursively$6(NodeTestTask.java:155)
	at org.junit.platform.engine.support.hierarchical.ThrowableCollector.execute(ThrowableCollector.java:73)
	at org.junit.platform.engine.support.hierarchical.NodeTestTask.lambda$executeRecursively$8(NodeTestTask.java:141)
	at org.junit.platform.engine.support.hierarchical.Node.around(Node.java:137)
	at org.junit.platform.engine.support.hierarchical.NodeTestTask.lambda$executeRecursively$9(NodeTestTask.java:139)
	at org.junit.platform.engine.support.hierarchical.ThrowableCollector.execute(ThrowableCollector.java:73)
	at org.junit.platform.engine.support.hierarchical.NodeTestTask.executeRecursively(NodeTestTask.java:138)
	at org.junit.platform.engine.support.hierarchical.NodeTestTask.execute(NodeTestTask.java:95)
	at java.base/java.util.ArrayList.forEach(ArrayList.java:1511)
	at org.junit.platform.engine.support.hierarchical.SameThreadHierarchicalTestExecutorService.invokeAll(SameThreadHierarchicalTestExecutorService.java:41)
	at org.junit.platform.engine.support.hierarchical.NodeTestTask.lambda$executeRecursively$6(NodeTestTask.java:155)
	at org.junit.platform.engine.support.hierarchical.ThrowableCollector.execute(ThrowableCollector.java:73)
	at org.junit.platform.engine.support.hierarchical.NodeTestTask.lambda$executeRecursively$8(NodeTestTask.java:141)
	at org.junit.platform.engine.support.hierarchical.Node.around(Node.java:137)
	at org.junit.platform.engine.support.hierarchical.NodeTestTask.lambda$executeRecursively$9(NodeTestTask.java:139)
	at org.junit.platform.engine.support.hierarchical.ThrowableCollector.execute(ThrowableCollector.java:73)
	at org.junit.platform.engine.support.hierarchical.NodeTestTask.executeRecursively(NodeTestTask.java:138)
	at org.junit.platform.engine.support.hierarchical.NodeTestTask.execute(NodeTestTask.java:95)
	at org.junit.platform.engine.support.hierarchical.SameThreadHierarchicalTestExecutorService.submit(SameThreadHierarchicalTestExecutorService.java:35)
	at org.junit.platform.engine.support.hierarchical.HierarchicalTestExecutor.execute(HierarchicalTestExecutor.java:57)
	at org.junit.platform.engine.support.hierarchical.HierarchicalTestEngine.execute(HierarchicalTestEngine.java:54)
	at org.junit.platform.launcher.core.EngineExecutionOrchestrator.execute(EngineExecutionOrchestrator.java:107)
	at org.junit.platform.launcher.core.EngineExecutionOrchestrator.execute(EngineExecutionOrchestrator.java:88)
	at org.junit.platform.launcher.core.EngineExecutionOrchestrator.lambda$execute$0(EngineExecutionOrchestrator.java:54)
	at org.junit.platform.launcher.core.EngineExecutionOrchestrator.withInterceptedStreams(EngineExecutionOrchestrator.java:67)
	at org.junit.platform.launcher.core.EngineExecutionOrchestrator.execute(EngineExecutionOrchestrator.java:52)
	at org.junit.platform.launcher.core.DefaultLauncher.execute(DefaultLauncher.java:114)
	at org.junit.platform.launcher.core.DefaultLauncher.execute(DefaultLauncher.java:86)
	at org.junit.platform.launcher.core.DefaultLauncherSession$DelegatingLauncher.execute(DefaultLauncherSession.java:86)
	at org.junit.platform.launcher.core.SessionPerRequestLauncher.execute(SessionPerRequestLauncher.java:53)
	at org.gradle.api.internal.tasks.testing.junitplatform.JUnitPlatformTestClassProcessor$CollectAllTestClassesExecutor.processAllTestClasses(JUnitPlatformTestClassProcessor.java:99)
	at org.gradle.api.internal.tasks.testing.junitplatform.JUnitPlatformTestClassProcessor$CollectAllTestClassesExecutor.access$000(JUnitPlatformTestClassProcessor.java:79)
	at org.gradle.api.internal.tasks.testing.junitplatform.JUnitPlatformTestClassProcessor.stop(JUnitPlatformTestClassProcessor.java:75)
	at org.gradle.api.internal.tasks.testing.SuiteTestClassProcessor.stop(SuiteTestClassProcessor.java:62)
	at java.base/jdk.internal.reflect.NativeMethodAccessorImpl.invoke0(Native Method)
	at java.base/jdk.internal.reflect.NativeMethodAccessorImpl.invoke(NativeMethodAccessorImpl.java:77)
	at java.base/jdk.internal.reflect.DelegatingMethodAccessorImpl.invoke(DelegatingMethodAccessorImpl.java:43)
	at java.base/java.lang.reflect.Method.invoke(Method.java:568)
	at org.gradle.internal.dispatch.ReflectionDispatch.dispatch(ReflectionDispatch.java:36)
	at org.gradle.internal.dispatch.ReflectionDispatch.dispatch(ReflectionDispatch.java:24)
	at org.gradle.internal.dispatch.ContextClassLoaderDispatch.dispatch(ContextClassLoaderDispatch.java:33)
	at org.gradle.internal.dispatch.ProxyDispatchAdapter$DispatchingInvocationHandler.invoke(ProxyDispatchAdapter.java:94)
	at jdk.proxy1/jdk.proxy1.$Proxy2.stop(Unknown Source)
	at org.gradle.api.internal.tasks.testing.worker.TestWorker$3.run(TestWorker.java:193)
	at org.gradle.api.internal.tasks.testing.worker.TestWorker.executeAndMaintainThreadName(TestWorker.java:129)
	at org.gradle.api.internal.tasks.testing.worker.TestWorker.execute(TestWorker.java:100)
	at org.gradle.api.internal.tasks.testing.worker.TestWorker.execute(TestWorker.java:60)
	at org.gradle.process.internal.worker.child.ActionExecutionWorker.execute(ActionExecutionWorker.java:56)
	at org.gradle.process.internal.worker.child.SystemApplicationClassLoaderWorker.call(SystemApplicationClassLoaderWorker.java:113)
	at org.gradle.process.internal.worker.child.SystemApplicationClassLoaderWorker.call(SystemApplicationClassLoaderWorker.java:65)
	at worker.org.gradle.process.internal.worker.GradleWorkerMain.run(GradleWorkerMain.java:69)
	at worker.org.gradle.process.internal.worker.GradleWorkerMain.main(GradleWorkerMain.java:74)

4月 08, 2025 1:21:34 上午 org.junit.jupiter.engine.execution.ConditionEvaluator logResult
较详细: Evaluation of condition [org.junit.jupiter.engine.extension.DisabledCondition] on [void expensetest.ExpenseManagerTest.testEditExpenseValidEdit()] resulted in: ConditionEvaluationResult [enabled = true, reason = '@Disabled is not present']
4月 08, 2025 1:21:34 上午 expenseincome.expense.ExpenseManager addExpense
信息: Added expense: Lunch - USD 10.50 on 2025-03-15 [Category: Food]
4月 08, 2025 1:21:34 上午 expenseincome.expense.ExpenseManager editExpense
信息: Updated expense: Dinner - USD 15.00 on 2025-03-20 [Category: Dinner]
4月 08, 2025 1:21:34 上午 org.junit.jupiter.engine.execution.ConditionEvaluator logResult
较详细: Evaluation of condition [org.junit.jupiter.engine.extension.DisabledCondition] on [void expensetest.ExpenseManagerTest.testAddExpenseWithDate()] resulted in: ConditionEvaluationResult [enabled = true, reason = '@Disabled is not present']
4月 08, 2025 1:21:34 上午 expenseincome.expense.ExpenseManager addExpense
信息: Added expense: Lunch - USD 10.50 on 2025-03-20 [Category: Food]
4月 08, 2025 1:21:34 上午 org.junit.jupiter.engine.execution.ConditionEvaluator logResult
较详细: Evaluation of condition [org.junit.jupiter.engine.extension.DisabledCondition] on [void expensetest.ExpenseManagerTest.testSortExpensesByOldest()] resulted in: ConditionEvaluationResult [enabled = true, reason = '@Disabled is not present']
4月 08, 2025 1:21:34 上午 expenseincome.expense.ExpenseManager addExpense
信息: Added expense: X - USD 8.00 on 2025-03-10 [Category: Food]
4月 08, 2025 1:21:34 上午 expenseincome.expense.ExpenseManager addExpense
信息: Added expense: Y - USD 6.00 on 2022-03-10 [Category: Food]
4月 08, 2025 1:21:34 上午 expenseincome.expense.ExpenseManager addExpense
信息: Added expense: Z - USD 9.00 on 2023-03-10 [Category: Food]
4月 08, 2025 1:21:35 上午 org.junit.jupiter.engine.execution.ConditionEvaluator logResult
较详细: Evaluation of condition [org.junit.jupiter.engine.extension.DisabledCondition] on [void expensetest.ExpenseManagerTest.testSortExpensesByRecent()] resulted in: ConditionEvaluationResult [enabled = true, reason = '@Disabled is not present']
4月 08, 2025 1:21:35 上午 expenseincome.expense.ExpenseManager addExpense
信息: Added expense: A - USD 5.00 on 2023-01-01 [Category: Misc]
4月 08, 2025 1:21:35 上午 expenseincome.expense.ExpenseManager addExpense
信息: Added expense: B - USD 10.00 on 2025-01-01 [Category: Misc]
4月 08, 2025 1:21:35 上午 expenseincome.expense.ExpenseManager addExpense
信息: Added expense: C - USD 7.00 on 2024-01-01 [Category: Misc]
4月 08, 2025 1:21:35 上午 org.junit.jupiter.engine.execution.ConditionEvaluator logResult
较详细: Evaluation of condition [org.junit.jupiter.engine.extension.DisabledCondition] on [void expensetest.ExpenseManagerTest.testAddExpenseEmptyDescription()] resulted in: ConditionEvaluationResult [enabled = true, reason = '@Disabled is not present']
4月 08, 2025 1:21:35 上午 expenseincome.expense.ExpenseManager addExpense
警告: Failed to add expense
expenseincome.expense.exceptions.ExpenseException: Description cannot be empty.
	at expenseincome.expense.ExpenseManager.validateExpenseDetails(ExpenseManager.java:353)
	at expenseincome.expense.ExpenseManager.addExpense(ExpenseManager.java:131)
	at expensetest.ExpenseManagerTest.testAddExpenseEmptyDescription(ExpenseManagerTest.java:48)
	at java.base/jdk.internal.reflect.NativeMethodAccessorImpl.invoke0(Native Method)
	at java.base/jdk.internal.reflect.NativeMethodAccessorImpl.invoke(NativeMethodAccessorImpl.java:77)
	at java.base/jdk.internal.reflect.DelegatingMethodAccessorImpl.invoke(DelegatingMethodAccessorImpl.java:43)
	at java.base/java.lang.reflect.Method.invoke(Method.java:568)
	at org.junit.platform.commons.util.ReflectionUtils.invokeMethod(ReflectionUtils.java:728)
	at org.junit.jupiter.engine.execution.MethodInvocation.proceed(MethodInvocation.java:60)
	at org.junit.jupiter.engine.execution.InvocationInterceptorChain$ValidatingInvocation.proceed(InvocationInterceptorChain.java:131)
	at org.junit.jupiter.engine.extension.TimeoutExtension.intercept(TimeoutExtension.java:156)
	at org.junit.jupiter.engine.extension.TimeoutExtension.interceptTestableMethod(TimeoutExtension.java:147)
	at org.junit.jupiter.engine.extension.TimeoutExtension.interceptTestMethod(TimeoutExtension.java:86)
	at org.junit.jupiter.engine.execution.InterceptingExecutableInvoker$ReflectiveInterceptorCall.lambda$ofVoidMethod$0(InterceptingExecutableInvoker.java:103)
	at org.junit.jupiter.engine.execution.InterceptingExecutableInvoker.lambda$invoke$0(InterceptingExecutableInvoker.java:93)
	at org.junit.jupiter.engine.execution.InvocationInterceptorChain$InterceptedInvocation.proceed(InvocationInterceptorChain.java:106)
	at org.junit.jupiter.engine.execution.InvocationInterceptorChain.proceed(InvocationInterceptorChain.java:64)
	at org.junit.jupiter.engine.execution.InvocationInterceptorChain.chainAndInvoke(InvocationInterceptorChain.java:45)
	at org.junit.jupiter.engine.execution.InvocationInterceptorChain.invoke(InvocationInterceptorChain.java:37)
	at org.junit.jupiter.engine.execution.InterceptingExecutableInvoker.invoke(InterceptingExecutableInvoker.java:92)
	at org.junit.jupiter.engine.execution.InterceptingExecutableInvoker.invoke(InterceptingExecutableInvoker.java:86)
	at org.junit.jupiter.engine.descriptor.TestMethodTestDescriptor.lambda$invokeTestMethod$7(TestMethodTestDescriptor.java:218)
	at org.junit.platform.engine.support.hierarchical.ThrowableCollector.execute(ThrowableCollector.java:73)
	at org.junit.jupiter.engine.descriptor.TestMethodTestDescriptor.invokeTestMethod(TestMethodTestDescriptor.java:214)
	at org.junit.jupiter.engine.descriptor.TestMethodTestDescriptor.execute(TestMethodTestDescriptor.java:139)
	at org.junit.jupiter.engine.descriptor.TestMethodTestDescriptor.execute(TestMethodTestDescriptor.java:69)
	at org.junit.platform.engine.support.hierarchical.NodeTestTask.lambda$executeRecursively$6(NodeTestTask.java:151)
	at org.junit.platform.engine.support.hierarchical.ThrowableCollector.execute(ThrowableCollector.java:73)
	at org.junit.platform.engine.support.hierarchical.NodeTestTask.lambda$executeRecursively$8(NodeTestTask.java:141)
	at org.junit.platform.engine.support.hierarchical.Node.around(Node.java:137)
	at org.junit.platform.engine.support.hierarchical.NodeTestTask.lambda$executeRecursively$9(NodeTestTask.java:139)
	at org.junit.platform.engine.support.hierarchical.ThrowableCollector.execute(ThrowableCollector.java:73)
	at org.junit.platform.engine.support.hierarchical.NodeTestTask.executeRecursively(NodeTestTask.java:138)
	at org.junit.platform.engine.support.hierarchical.NodeTestTask.execute(NodeTestTask.java:95)
	at java.base/java.util.ArrayList.forEach(ArrayList.java:1511)
	at org.junit.platform.engine.support.hierarchical.SameThreadHierarchicalTestExecutorService.invokeAll(SameThreadHierarchicalTestExecutorService.java:41)
	at org.junit.platform.engine.support.hierarchical.NodeTestTask.lambda$executeRecursively$6(NodeTestTask.java:155)
	at org.junit.platform.engine.support.hierarchical.ThrowableCollector.execute(ThrowableCollector.java:73)
	at org.junit.platform.engine.support.hierarchical.NodeTestTask.lambda$executeRecursively$8(NodeTestTask.java:141)
	at org.junit.platform.engine.support.hierarchical.Node.around(Node.java:137)
	at org.junit.platform.engine.support.hierarchical.NodeTestTask.lambda$executeRecursively$9(NodeTestTask.java:139)
	at org.junit.platform.engine.support.hierarchical.ThrowableCollector.execute(ThrowableCollector.java:73)
	at org.junit.platform.engine.support.hierarchical.NodeTestTask.executeRecursively(NodeTestTask.java:138)
	at org.junit.platform.engine.support.hierarchical.NodeTestTask.execute(NodeTestTask.java:95)
	at java.base/java.util.ArrayList.forEach(ArrayList.java:1511)
	at org.junit.platform.engine.support.hierarchical.SameThreadHierarchicalTestExecutorService.invokeAll(SameThreadHierarchicalTestExecutorService.java:41)
	at org.junit.platform.engine.support.hierarchical.NodeTestTask.lambda$executeRecursively$6(NodeTestTask.java:155)
	at org.junit.platform.engine.support.hierarchical.ThrowableCollector.execute(ThrowableCollector.java:73)
	at org.junit.platform.engine.support.hierarchical.NodeTestTask.lambda$executeRecursively$8(NodeTestTask.java:141)
	at org.junit.platform.engine.support.hierarchical.Node.around(Node.java:137)
	at org.junit.platform.engine.support.hierarchical.NodeTestTask.lambda$executeRecursively$9(NodeTestTask.java:139)
	at org.junit.platform.engine.support.hierarchical.ThrowableCollector.execute(ThrowableCollector.java:73)
	at org.junit.platform.engine.support.hierarchical.NodeTestTask.executeRecursively(NodeTestTask.java:138)
	at org.junit.platform.engine.support.hierarchical.NodeTestTask.execute(NodeTestTask.java:95)
	at org.junit.platform.engine.support.hierarchical.SameThreadHierarchicalTestExecutorService.submit(SameThreadHierarchicalTestExecutorService.java:35)
	at org.junit.platform.engine.support.hierarchical.HierarchicalTestExecutor.execute(HierarchicalTestExecutor.java:57)
	at org.junit.platform.engine.support.hierarchical.HierarchicalTestEngine.execute(HierarchicalTestEngine.java:54)
	at org.junit.platform.launcher.core.EngineExecutionOrchestrator.execute(EngineExecutionOrchestrator.java:107)
	at org.junit.platform.launcher.core.EngineExecutionOrchestrator.execute(EngineExecutionOrchestrator.java:88)
	at org.junit.platform.launcher.core.EngineExecutionOrchestrator.lambda$execute$0(EngineExecutionOrchestrator.java:54)
	at org.junit.platform.launcher.core.EngineExecutionOrchestrator.withInterceptedStreams(EngineExecutionOrchestrator.java:67)
	at org.junit.platform.launcher.core.EngineExecutionOrchestrator.execute(EngineExecutionOrchestrator.java:52)
	at org.junit.platform.launcher.core.DefaultLauncher.execute(DefaultLauncher.java:114)
	at org.junit.platform.launcher.core.DefaultLauncher.execute(DefaultLauncher.java:86)
	at org.junit.platform.launcher.core.DefaultLauncherSession$DelegatingLauncher.execute(DefaultLauncherSession.java:86)
	at org.junit.platform.launcher.core.SessionPerRequestLauncher.execute(SessionPerRequestLauncher.java:53)
	at org.gradle.api.internal.tasks.testing.junitplatform.JUnitPlatformTestClassProcessor$CollectAllTestClassesExecutor.processAllTestClasses(JUnitPlatformTestClassProcessor.java:99)
	at org.gradle.api.internal.tasks.testing.junitplatform.JUnitPlatformTestClassProcessor$CollectAllTestClassesExecutor.access$000(JUnitPlatformTestClassProcessor.java:79)
	at org.gradle.api.internal.tasks.testing.junitplatform.JUnitPlatformTestClassProcessor.stop(JUnitPlatformTestClassProcessor.java:75)
	at org.gradle.api.internal.tasks.testing.SuiteTestClassProcessor.stop(SuiteTestClassProcessor.java:62)
	at java.base/jdk.internal.reflect.NativeMethodAccessorImpl.invoke0(Native Method)
	at java.base/jdk.internal.reflect.NativeMethodAccessorImpl.invoke(NativeMethodAccessorImpl.java:77)
	at java.base/jdk.internal.reflect.DelegatingMethodAccessorImpl.invoke(DelegatingMethodAccessorImpl.java:43)
	at java.base/java.lang.reflect.Method.invoke(Method.java:568)
	at org.gradle.internal.dispatch.ReflectionDispatch.dispatch(ReflectionDispatch.java:36)
	at org.gradle.internal.dispatch.ReflectionDispatch.dispatch(ReflectionDispatch.java:24)
	at org.gradle.internal.dispatch.ContextClassLoaderDispatch.dispatch(ContextClassLoaderDispatch.java:33)
	at org.gradle.internal.dispatch.ProxyDispatchAdapter$DispatchingInvocationHandler.invoke(ProxyDispatchAdapter.java:94)
	at jdk.proxy1/jdk.proxy1.$Proxy2.stop(Unknown Source)
	at org.gradle.api.internal.tasks.testing.worker.TestWorker$3.run(TestWorker.java:193)
	at org.gradle.api.internal.tasks.testing.worker.TestWorker.executeAndMaintainThreadName(TestWorker.java:129)
	at org.gradle.api.internal.tasks.testing.worker.TestWorker.execute(TestWorker.java:100)
	at org.gradle.api.internal.tasks.testing.worker.TestWorker.execute(TestWorker.java:60)
	at org.gradle.process.internal.worker.child.ActionExecutionWorker.execute(ActionExecutionWorker.java:56)
	at org.gradle.process.internal.worker.child.SystemApplicationClassLoaderWorker.call(SystemApplicationClassLoaderWorker.java:113)
	at org.gradle.process.internal.worker.child.SystemApplicationClassLoaderWorker.call(SystemApplicationClassLoaderWorker.java:65)
	at worker.org.gradle.process.internal.worker.GradleWorkerMain.run(GradleWorkerMain.java:69)
	at worker.org.gradle.process.internal.worker.GradleWorkerMain.main(GradleWorkerMain.java:74)

4月 08, 2025 1:21:35 上午 org.junit.jupiter.engine.execution.ConditionEvaluator logResult
较详细: Evaluation of condition [org.junit.jupiter.engine.extension.DisabledCondition] on [class incometest.IncomeCommandParserTest] resulted in: ConditionEvaluationResult [enabled = true, reason = '@Disabled is not present']
4月 08, 2025 1:21:35 上午 org.junit.jupiter.engine.execution.ConditionEvaluator logResult
较详细: Evaluation of condition [org.junit.jupiter.engine.extension.DisabledCondition] on [void incometest.IncomeCommandParserTest.testParseTopAndBottomCommand()] resulted in: ConditionEvaluationResult [enabled = true, reason = '@Disabled is not present']
4月 08, 2025 1:21:35 上午 org.junit.jupiter.engine.execution.ConditionEvaluator logResult
较详细: Evaluation of condition [org.junit.jupiter.engine.extension.DisabledCondition] on [void incometest.IncomeCommandParserTest.testParseEditMissingFields()] resulted in: ConditionEvaluationResult [enabled = true, reason = '@Disabled is not present']
4月 08, 2025 1:21:35 上午 org.junit.jupiter.engine.execution.ConditionEvaluator logResult
较详细: Evaluation of condition [org.junit.jupiter.engine.extension.DisabledCondition] on [void incometest.IncomeCommandParserTest.testParseUnknownCommand()] resulted in: ConditionEvaluationResult [enabled = true, reason = '@Disabled is not present']
4月 08, 2025 1:21:35 上午 org.junit.jupiter.engine.execution.ConditionEvaluator logResult
较详细: Evaluation of condition [org.junit.jupiter.engine.extension.DisabledCondition] on [void incometest.IncomeCommandParserTest.testParseSortInvalidType()] resulted in: ConditionEvaluationResult [enabled = true, reason = '@Disabled is not present']
4月 08, 2025 1:21:35 上午 org.junit.jupiter.engine.execution.ConditionEvaluator logResult
较详细: Evaluation of condition [org.junit.jupiter.engine.extension.DisabledCondition] on [void incometest.IncomeCommandParserTest.testParseSortOldestCommand()] resulted in: ConditionEvaluationResult [enabled = true, reason = '@Disabled is not present']
4月 08, 2025 1:21:35 上午 org.junit.jupiter.engine.execution.ConditionEvaluator logResult
较详细: Evaluation of condition [org.junit.jupiter.engine.extension.DisabledCondition] on [void incometest.IncomeCommandParserTest.testParseAddCommandWithoutDate()] resulted in: ConditionEvaluationResult [enabled = true, reason = '@Disabled is not present']
4月 08, 2025 1:21:35 上午 org.junit.jupiter.engine.execution.ConditionEvaluator logResult
较详细: Evaluation of condition [org.junit.jupiter.engine.extension.DisabledCondition] on [void incometest.IncomeCommandParserTest.testParseSortRecentCommand()] resulted in: ConditionEvaluationResult [enabled = true, reason = '@Disabled is not present']
4月 08, 2025 1:21:35 上午 org.junit.jupiter.engine.execution.ConditionEvaluator logResult
较详细: Evaluation of condition [org.junit.jupiter.engine.extension.DisabledCondition] on [void incometest.IncomeCommandParserTest.testParseListCategoryMissingName()] resulted in: ConditionEvaluationResult [enabled = true, reason = '@Disabled is not present']
4月 08, 2025 1:21:35 上午 org.junit.jupiter.engine.execution.ConditionEvaluator logResult
较详细: Evaluation of condition [org.junit.jupiter.engine.extension.DisabledCondition] on [void incometest.IncomeCommandParserTest.testParseListCommand()] resulted in: ConditionEvaluationResult [enabled = true, reason = '@Disabled is not present']
4月 08, 2025 1:21:35 上午 org.junit.jupiter.engine.execution.ConditionEvaluator logResult
较详细: Evaluation of condition [org.junit.jupiter.engine.extension.DisabledCondition] on [void incometest.IncomeCommandParserTest.testParseInvalidAddCommandMissingAmount()] resulted in: ConditionEvaluationResult [enabled = true, reason = '@Disabled is not present']
4月 08, 2025 1:21:35 上午 org.junit.jupiter.engine.execution.ConditionEvaluator logResult
较详细: Evaluation of condition [org.junit.jupiter.engine.extension.DisabledCondition] on [void incometest.IncomeCommandParserTest.testParseHelpCommand()] resulted in: ConditionEvaluationResult [enabled = true, reason = '@Disabled is not present']
4月 08, 2025 1:21:35 上午 org.junit.jupiter.engine.execution.ConditionEvaluator logResult
较详细: Evaluation of condition [org.junit.jupiter.engine.extension.DisabledCondition] on [void incometest.IncomeCommandParserTest.testParseAddCommandWithDate()] resulted in: ConditionEvaluationResult [enabled = true, reason = '@Disabled is not present']
4月 08, 2025 1:21:35 上午 org.junit.jupiter.engine.execution.ConditionEvaluator logResult
较详细: Evaluation of condition [org.junit.jupiter.engine.extension.DisabledCondition] on [void incometest.IncomeCommandParserTest.testParseEditCommandWithDate()] resulted in: ConditionEvaluationResult [enabled = true, reason = '@Disabled is not present']
4月 08, 2025 1:21:35 上午 org.junit.jupiter.engine.execution.ConditionEvaluator logResult
较详细: Evaluation of condition [org.junit.jupiter.engine.extension.DisabledCondition] on [void incometest.IncomeCommandParserTest.testParseListCategoryCommand()] resulted in: ConditionEvaluationResult [enabled = true, reason = '@Disabled is not present']
4月 08, 2025 1:21:35 上午 org.junit.jupiter.engine.execution.ConditionEvaluator logResult
较详细: Evaluation of condition [org.junit.jupiter.engine.extension.DisabledCondition] on [void incometest.IncomeCommandParserTest.testParseAddCommandNegativeAmount()] resulted in: ConditionEvaluationResult [enabled = true, reason = '@Disabled is not present']
4月 08, 2025 1:21:35 上午 org.junit.jupiter.engine.execution.ConditionEvaluator logResult
较详细: Evaluation of condition [org.junit.jupiter.engine.extension.DisabledCondition] on [void incometest.IncomeCommandParserTest.testParseDeleteCommand()] resulted in: ConditionEvaluationResult [enabled = true, reason = '@Disabled is not present']
4月 08, 2025 1:21:35 上午 org.junit.jupiter.engine.execution.ConditionEvaluator logResult
较详细: Evaluation of condition [org.junit.jupiter.engine.extension.DisabledCondition] on [void incometest.IncomeCommandParserTest.testParseEditCommandWithoutDate()] resulted in: ConditionEvaluationResult [enabled = true, reason = '@Disabled is not present']
4月 08, 2025 1:21:35 上午 org.junit.jupiter.engine.execution.ConditionEvaluator logResult
较详细: Evaluation of condition [org.junit.jupiter.engine.extension.DisabledCondition] on [void incometest.IncomeCommandParserTest.testParseDeleteInvalidIndex()] resulted in: ConditionEvaluationResult [enabled = true, reason = '@Disabled is not present']
4月 08, 2025 1:21:35 上午 org.junit.jupiter.engine.extension.MutableExtensionRegistry registerExtension
较详细: Registering synthetic extension [org.junit.jupiter.engine.descriptor.ClassBasedTestDescriptor$$Lambda$323/0x000001c981152d48@5dfb078] from source [method incometest.IncomeCommandTestSuite.setUp]
4月 08, 2025 1:21:35 上午 org.junit.jupiter.engine.execution.ConditionEvaluator logResult
较详细: Evaluation of condition [org.junit.jupiter.engine.extension.DisabledCondition] on [class incometest.IncomeCommandTestSuite] resulted in: ConditionEvaluationResult [enabled = true, reason = '@Disabled is not present']
4月 08, 2025 1:21:35 上午 org.junit.jupiter.engine.execution.ConditionEvaluator logResult
较详细: Evaluation of condition [org.junit.jupiter.engine.extension.DisabledCondition] on [void incometest.IncomeCommandTestSuite.testAddIncomeCommandExecute()] resulted in: ConditionEvaluationResult [enabled = true, reason = '@Disabled is not present']
4月 08, 2025 1:23:25 上午 expenseincome.expense.ExpenseManager addExpense
信息: Added expense: Meal - USD 20.00 on 2025-04-08 [Category: Food]
4月 08, 2025 1:23:25 上午 expenseincome.expense.ExpenseManager addExpense
信息: Added expense: Snack - USD 10.00 on 2025-04-08 [Category: Food]
4月 08, 2025 1:23:25 上午 expenseincome.expense.ExpenseManager addExpense
信息: Added expense: Taxi - USD 15.00 on 2025-04-08 [Category: Transport]
4月 08, 2025 1:23:25 上午 org.junit.jupiter.engine.execution.ConditionEvaluator logResult
较详细: Evaluation of condition [org.junit.jupiter.engine.extension.DisabledCondition] on [void expensetest.ExpenseCommandTestSuite.testEditExpenseCommandExecute()] resulted in: ConditionEvaluationResult [enabled = true, reason = '@Disabled is not present']
4月 08, 2025 1:23:25 上午 expenseincome.expense.ExpenseManager addExpense
信息: Added expense: Old - USD 5.00 on 2025-04-08 [Category: OldCat]
4月 08, 2025 1:23:25 上午 expenseincome.expense.ExpenseManager editExpense
信息: Updated expense: New - USD 9.00 on 2024-01-01 [Category: NewCat]
4月 08, 2025 1:23:25 上午 org.junit.jupiter.engine.execution.ConditionEvaluator logResult
较详细: Evaluation of condition [org.junit.jupiter.engine.extension.DisabledCondition] on [void expensetest.ExpenseCommandTestSuite.testBottomCategoryExpenseCommandExecute()] resulted in: ConditionEvaluationResult [enabled = true, reason = '@Disabled is not present']
4月 08, 2025 1:23:25 上午 expenseincome.expense.ExpenseManager addExpense
信息: Added expense: Meal - USD 20.00 on 2025-04-08 [Category: Food]
4月 08, 2025 1:23:25 上午 expenseincome.expense.ExpenseManager addExpense
信息: Added expense: Snack - USD 10.00 on 2025-04-08 [Category: Food]
4月 08, 2025 1:23:25 上午 expenseincome.expense.ExpenseManager addExpense
信息: Added expense: Taxi - USD 5.00 on 2025-04-08 [Category: Transport]
4月 08, 2025 1:23:25 上午 org.junit.jupiter.engine.execution.ConditionEvaluator logResult
较详细: Evaluation of condition [org.junit.jupiter.engine.extension.DisabledCondition] on [void expensetest.ExpenseCommandTestSuite.testAddExpenseCommandExecute()] resulted in: ConditionEvaluationResult [enabled = true, reason = '@Disabled is not present']
4月 08, 2025 1:23:25 上午 expenseincome.expense.ExpenseManager addExpense
信息: Added expense: Lunch - USD 12.50 on 2025-03-26 [Category: Food]
4月 08, 2025 1:23:25 上午 org.junit.jupiter.engine.execution.ConditionEvaluator logResult
较详细: Evaluation of condition [org.junit.jupiter.engine.extension.DisabledCondition] on [void expensetest.ExpenseCommandTestSuite.testHelpExpenseCommandExecute()] resulted in: ConditionEvaluationResult [enabled = true, reason = '@Disabled is not present']
4月 08, 2025 1:23:25 上午 org.junit.jupiter.engine.execution.ConditionEvaluator logResult
较详细: Evaluation of condition [org.junit.jupiter.engine.extension.DisabledCondition] on [void expensetest.ExpenseCommandTestSuite.testSortExpenseCommandOldest()] resulted in: ConditionEvaluationResult [enabled = true, reason = '@Disabled is not present']
4月 08, 2025 1:23:25 上午 expenseincome.expense.ExpenseManager addExpense
信息: Added expense: X - USD 1.00 on 2025-03-10 [Category: Food]
4月 08, 2025 1:23:25 上午 expenseincome.expense.ExpenseManager addExpense
信息: Added expense: Y - USD 1.00 on 2022-03-10 [Category: Food]
4月 08, 2025 1:23:25 上午 org.junit.jupiter.engine.execution.ConditionEvaluator logResult
较详细: Evaluation of condition [org.junit.jupiter.engine.extension.DisabledCondition] on [void expensetest.ExpenseCommandTestSuite.testSortExpenseCommandRecent()] resulted in: ConditionEvaluationResult [enabled = true, reason = '@Disabled is not present']
4月 08, 2025 1:23:25 上午 expenseincome.expense.ExpenseManager addExpense
信息: Added expense: A - USD 1.00 on 2023-01-01 [Category: Food]
4月 08, 2025 1:23:25 上午 expenseincome.expense.ExpenseManager addExpense
信息: Added expense: B - USD 2.00 on 2025-01-01 [Category: Food]
4月 08, 2025 1:23:25 上午 org.junit.jupiter.engine.execution.ConditionEvaluator logResult
较详细: Evaluation of condition [org.junit.jupiter.engine.extension.DisabledCondition] on [void expensetest.ExpenseCommandTestSuite.testListExpenseCommandExecute()] resulted in: ConditionEvaluationResult [enabled = true, reason = '@Disabled is not present']
4月 08, 2025 1:23:25 上午 org.junit.jupiter.engine.execution.ConditionEvaluator logResult
较详细: Evaluation of condition [org.junit.jupiter.engine.extension.DisabledCondition] on [void expensetest.ExpenseCommandTestSuite.testDeleteExpenseCommandExecute()] resulted in: ConditionEvaluationResult [enabled = true, reason = '@Disabled is not present']
4月 08, 2025 1:23:25 上午 expenseincome.expense.ExpenseManager addExpense
信息: Added expense: Test - USD 10.00 on 2025-04-08 [Category: Food]
4月 08, 2025 1:23:25 上午 expenseincome.expense.ExpenseManager deleteExpense
信息: Deleted expense: Test - USD 10.00 on 2025-04-08 [Category: Food]
4月 08, 2025 1:23:25 上午 org.junit.jupiter.engine.execution.ConditionEvaluator logResult
较详细: Evaluation of condition [org.junit.jupiter.engine.extension.DisabledCondition] on [void expensetest.ExpenseCommandTestSuite.testListCategoryExpenseCommandExecute()] resulted in: ConditionEvaluationResult [enabled = true, reason = '@Disabled is not present']
4月 08, 2025 1:23:25 上午 expenseincome.expense.ExpenseManager addExpense
信息: Added expense: Coffee - USD 3.50 on 2025-04-08 [Category: Drink]
4月 08, 2025 1:23:25 上午 org.junit.jupiter.engine.extension.MutableExtensionRegistry registerExtension
较详细: Registering synthetic extension [org.junit.jupiter.engine.descriptor.ClassBasedTestDescriptor$$Lambda$317/0x000002468113b648@10a9d961] from source [method expensetest.ExpenseHandleTest.setUp]
4月 08, 2025 1:23:25 上午 org.junit.jupiter.engine.execution.ConditionEvaluator logResult
较详细: Evaluation of condition [org.junit.jupiter.engine.extension.DisabledCondition] on [class expensetest.ExpenseHandleTest] resulted in: ConditionEvaluationResult [enabled = true, reason = '@Disabled is not present']
4月 08, 2025 1:23:25 上午 org.junit.jupiter.engine.execution.ConditionEvaluator logResult
较详细: Evaluation of condition [org.junit.jupiter.engine.extension.DisabledCondition] on [public void expensetest.ExpenseHandleTest.testHandleExpenseCommand_addAndExit()] resulted in: ConditionEvaluationResult [enabled = true, reason = '@Disabled is not present']
4月 08, 2025 1:23:25 上午 expenseincome.expense.ExpenseManager addExpense
信息: Added expense: Lunch - USD 5.00 on 2025-04-01 [Category: Food]
4月 08, 2025 1:23:25 上午 org.junit.jupiter.engine.extension.MutableExtensionRegistry registerExtension
较详细: Registering synthetic extension [org.junit.jupiter.engine.descriptor.ClassBasedTestDescriptor$$Lambda$317/0x000002468113b648@e383572] from source [method expensetest.ExpenseManagerTest.setUp]
4月 08, 2025 1:23:25 上午 org.junit.jupiter.engine.execution.ConditionEvaluator logResult
较详细: Evaluation of condition [org.junit.jupiter.engine.extension.DisabledCondition] on [class expensetest.ExpenseManagerTest] resulted in: ConditionEvaluationResult [enabled = true, reason = '@Disabled is not present']
4月 08, 2025 1:23:25 上午 org.junit.jupiter.engine.execution.ConditionEvaluator logResult
较详细: Evaluation of condition [org.junit.jupiter.engine.extension.DisabledCondition] on [void expensetest.ExpenseManagerTest.testDeleteExpenseInvalidIndex()] resulted in: ConditionEvaluationResult [enabled = true, reason = '@Disabled is not present']
4月 08, 2025 1:23:25 上午 expenseincome.expense.ExpenseManager addExpense
信息: Added expense: Lunch - USD 10.50 on 2025-04-08 [Category: Food]
4月 08, 2025 1:23:25 上午 expenseincome.expense.ExpenseManager deleteExpense
警告: Failed to delete expense at index: 2
expenseincome.expense.exceptions.ExpenseException: Invalid index: must be between 1 and 1
	at expenseincome.expense.ExpenseManager.validateIndex(ExpenseManager.java:338)
	at expenseincome.expense.ExpenseManager.deleteExpense(ExpenseManager.java:162)
	at expensetest.ExpenseManagerTest.testDeleteExpenseInvalidIndex(ExpenseManagerTest.java:81)
	at java.base/jdk.internal.reflect.NativeMethodAccessorImpl.invoke0(Native Method)
	at java.base/jdk.internal.reflect.NativeMethodAccessorImpl.invoke(NativeMethodAccessorImpl.java:77)
	at java.base/jdk.internal.reflect.DelegatingMethodAccessorImpl.invoke(DelegatingMethodAccessorImpl.java:43)
	at java.base/java.lang.reflect.Method.invoke(Method.java:568)
	at org.junit.platform.commons.util.ReflectionUtils.invokeMethod(ReflectionUtils.java:728)
	at org.junit.jupiter.engine.execution.MethodInvocation.proceed(MethodInvocation.java:60)
	at org.junit.jupiter.engine.execution.InvocationInterceptorChain$ValidatingInvocation.proceed(InvocationInterceptorChain.java:131)
	at org.junit.jupiter.engine.extension.TimeoutExtension.intercept(TimeoutExtension.java:156)
	at org.junit.jupiter.engine.extension.TimeoutExtension.interceptTestableMethod(TimeoutExtension.java:147)
	at org.junit.jupiter.engine.extension.TimeoutExtension.interceptTestMethod(TimeoutExtension.java:86)
	at org.junit.jupiter.engine.execution.InterceptingExecutableInvoker$ReflectiveInterceptorCall.lambda$ofVoidMethod$0(InterceptingExecutableInvoker.java:103)
	at org.junit.jupiter.engine.execution.InterceptingExecutableInvoker.lambda$invoke$0(InterceptingExecutableInvoker.java:93)
	at org.junit.jupiter.engine.execution.InvocationInterceptorChain$InterceptedInvocation.proceed(InvocationInterceptorChain.java:106)
	at org.junit.jupiter.engine.execution.InvocationInterceptorChain.proceed(InvocationInterceptorChain.java:64)
	at org.junit.jupiter.engine.execution.InvocationInterceptorChain.chainAndInvoke(InvocationInterceptorChain.java:45)
	at org.junit.jupiter.engine.execution.InvocationInterceptorChain.invoke(InvocationInterceptorChain.java:37)
	at org.junit.jupiter.engine.execution.InterceptingExecutableInvoker.invoke(InterceptingExecutableInvoker.java:92)
	at org.junit.jupiter.engine.execution.InterceptingExecutableInvoker.invoke(InterceptingExecutableInvoker.java:86)
	at org.junit.jupiter.engine.descriptor.TestMethodTestDescriptor.lambda$invokeTestMethod$7(TestMethodTestDescriptor.java:218)
	at org.junit.platform.engine.support.hierarchical.ThrowableCollector.execute(ThrowableCollector.java:73)
	at org.junit.jupiter.engine.descriptor.TestMethodTestDescriptor.invokeTestMethod(TestMethodTestDescriptor.java:214)
	at org.junit.jupiter.engine.descriptor.TestMethodTestDescriptor.execute(TestMethodTestDescriptor.java:139)
	at org.junit.jupiter.engine.descriptor.TestMethodTestDescriptor.execute(TestMethodTestDescriptor.java:69)
	at org.junit.platform.engine.support.hierarchical.NodeTestTask.lambda$executeRecursively$6(NodeTestTask.java:151)
	at org.junit.platform.engine.support.hierarchical.ThrowableCollector.execute(ThrowableCollector.java:73)
	at org.junit.platform.engine.support.hierarchical.NodeTestTask.lambda$executeRecursively$8(NodeTestTask.java:141)
	at org.junit.platform.engine.support.hierarchical.Node.around(Node.java:137)
	at org.junit.platform.engine.support.hierarchical.NodeTestTask.lambda$executeRecursively$9(NodeTestTask.java:139)
	at org.junit.platform.engine.support.hierarchical.ThrowableCollector.execute(ThrowableCollector.java:73)
	at org.junit.platform.engine.support.hierarchical.NodeTestTask.executeRecursively(NodeTestTask.java:138)
	at org.junit.platform.engine.support.hierarchical.NodeTestTask.execute(NodeTestTask.java:95)
	at java.base/java.util.ArrayList.forEach(ArrayList.java:1511)
	at org.junit.platform.engine.support.hierarchical.SameThreadHierarchicalTestExecutorService.invokeAll(SameThreadHierarchicalTestExecutorService.java:41)
	at org.junit.platform.engine.support.hierarchical.NodeTestTask.lambda$executeRecursively$6(NodeTestTask.java:155)
	at org.junit.platform.engine.support.hierarchical.ThrowableCollector.execute(ThrowableCollector.java:73)
	at org.junit.platform.engine.support.hierarchical.NodeTestTask.lambda$executeRecursively$8(NodeTestTask.java:141)
	at org.junit.platform.engine.support.hierarchical.Node.around(Node.java:137)
	at org.junit.platform.engine.support.hierarchical.NodeTestTask.lambda$executeRecursively$9(NodeTestTask.java:139)
	at org.junit.platform.engine.support.hierarchical.ThrowableCollector.execute(ThrowableCollector.java:73)
	at org.junit.platform.engine.support.hierarchical.NodeTestTask.executeRecursively(NodeTestTask.java:138)
	at org.junit.platform.engine.support.hierarchical.NodeTestTask.execute(NodeTestTask.java:95)
	at java.base/java.util.ArrayList.forEach(ArrayList.java:1511)
	at org.junit.platform.engine.support.hierarchical.SameThreadHierarchicalTestExecutorService.invokeAll(SameThreadHierarchicalTestExecutorService.java:41)
	at org.junit.platform.engine.support.hierarchical.NodeTestTask.lambda$executeRecursively$6(NodeTestTask.java:155)
	at org.junit.platform.engine.support.hierarchical.ThrowableCollector.execute(ThrowableCollector.java:73)
	at org.junit.platform.engine.support.hierarchical.NodeTestTask.lambda$executeRecursively$8(NodeTestTask.java:141)
	at org.junit.platform.engine.support.hierarchical.Node.around(Node.java:137)
	at org.junit.platform.engine.support.hierarchical.NodeTestTask.lambda$executeRecursively$9(NodeTestTask.java:139)
	at org.junit.platform.engine.support.hierarchical.ThrowableCollector.execute(ThrowableCollector.java:73)
	at org.junit.platform.engine.support.hierarchical.NodeTestTask.executeRecursively(NodeTestTask.java:138)
	at org.junit.platform.engine.support.hierarchical.NodeTestTask.execute(NodeTestTask.java:95)
	at org.junit.platform.engine.support.hierarchical.SameThreadHierarchicalTestExecutorService.submit(SameThreadHierarchicalTestExecutorService.java:35)
	at org.junit.platform.engine.support.hierarchical.HierarchicalTestExecutor.execute(HierarchicalTestExecutor.java:57)
	at org.junit.platform.engine.support.hierarchical.HierarchicalTestEngine.execute(HierarchicalTestEngine.java:54)
	at org.junit.platform.launcher.core.EngineExecutionOrchestrator.execute(EngineExecutionOrchestrator.java:107)
	at org.junit.platform.launcher.core.EngineExecutionOrchestrator.execute(EngineExecutionOrchestrator.java:88)
	at org.junit.platform.launcher.core.EngineExecutionOrchestrator.lambda$execute$0(EngineExecutionOrchestrator.java:54)
	at org.junit.platform.launcher.core.EngineExecutionOrchestrator.withInterceptedStreams(EngineExecutionOrchestrator.java:67)
	at org.junit.platform.launcher.core.EngineExecutionOrchestrator.execute(EngineExecutionOrchestrator.java:52)
	at org.junit.platform.launcher.core.DefaultLauncher.execute(DefaultLauncher.java:114)
	at org.junit.platform.launcher.core.DefaultLauncher.execute(DefaultLauncher.java:86)
	at org.junit.platform.launcher.core.DefaultLauncherSession$DelegatingLauncher.execute(DefaultLauncherSession.java:86)
	at org.junit.platform.launcher.core.SessionPerRequestLauncher.execute(SessionPerRequestLauncher.java:53)
	at org.gradle.api.internal.tasks.testing.junitplatform.JUnitPlatformTestClassProcessor$CollectAllTestClassesExecutor.processAllTestClasses(JUnitPlatformTestClassProcessor.java:99)
	at org.gradle.api.internal.tasks.testing.junitplatform.JUnitPlatformTestClassProcessor$CollectAllTestClassesExecutor.access$000(JUnitPlatformTestClassProcessor.java:79)
	at org.gradle.api.internal.tasks.testing.junitplatform.JUnitPlatformTestClassProcessor.stop(JUnitPlatformTestClassProcessor.java:75)
	at org.gradle.api.internal.tasks.testing.SuiteTestClassProcessor.stop(SuiteTestClassProcessor.java:62)
	at java.base/jdk.internal.reflect.NativeMethodAccessorImpl.invoke0(Native Method)
	at java.base/jdk.internal.reflect.NativeMethodAccessorImpl.invoke(NativeMethodAccessorImpl.java:77)
	at java.base/jdk.internal.reflect.DelegatingMethodAccessorImpl.invoke(DelegatingMethodAccessorImpl.java:43)
	at java.base/java.lang.reflect.Method.invoke(Method.java:568)
	at org.gradle.internal.dispatch.ReflectionDispatch.dispatch(ReflectionDispatch.java:36)
	at org.gradle.internal.dispatch.ReflectionDispatch.dispatch(ReflectionDispatch.java:24)
	at org.gradle.internal.dispatch.ContextClassLoaderDispatch.dispatch(ContextClassLoaderDispatch.java:33)
	at org.gradle.internal.dispatch.ProxyDispatchAdapter$DispatchingInvocationHandler.invoke(ProxyDispatchAdapter.java:94)
	at jdk.proxy1/jdk.proxy1.$Proxy2.stop(Unknown Source)
	at org.gradle.api.internal.tasks.testing.worker.TestWorker$3.run(TestWorker.java:193)
	at org.gradle.api.internal.tasks.testing.worker.TestWorker.executeAndMaintainThreadName(TestWorker.java:129)
	at org.gradle.api.internal.tasks.testing.worker.TestWorker.execute(TestWorker.java:100)
	at org.gradle.api.internal.tasks.testing.worker.TestWorker.execute(TestWorker.java:60)
	at org.gradle.process.internal.worker.child.ActionExecutionWorker.execute(ActionExecutionWorker.java:56)
	at org.gradle.process.internal.worker.child.SystemApplicationClassLoaderWorker.call(SystemApplicationClassLoaderWorker.java:113)
	at org.gradle.process.internal.worker.child.SystemApplicationClassLoaderWorker.call(SystemApplicationClassLoaderWorker.java:65)
	at worker.org.gradle.process.internal.worker.GradleWorkerMain.run(GradleWorkerMain.java:69)
	at worker.org.gradle.process.internal.worker.GradleWorkerMain.main(GradleWorkerMain.java:74)

4月 08, 2025 1:23:25 上午 org.junit.jupiter.engine.execution.ConditionEvaluator logResult
较详细: Evaluation of condition [org.junit.jupiter.engine.extension.DisabledCondition] on [void expensetest.ExpenseManagerTest.testDeleteExpenseValidIndex()] resulted in: ConditionEvaluationResult [enabled = true, reason = '@Disabled is not present']
4月 08, 2025 1:23:25 上午 expenseincome.expense.ExpenseManager addExpense
信息: Added expense: Lunch - USD 10.50 on 2025-04-08 [Category: Food]
4月 08, 2025 1:23:25 上午 expenseincome.expense.ExpenseManager deleteExpense
信息: Deleted expense: Lunch - USD 10.50 on 2025-04-08 [Category: Food]
4月 08, 2025 1:23:25 上午 org.junit.jupiter.engine.execution.ConditionEvaluator logResult
较详细: Evaluation of condition [org.junit.jupiter.engine.extension.DisabledCondition] on [void expensetest.ExpenseManagerTest.testAddExpenseDefaultTodayDate()] resulted in: ConditionEvaluationResult [enabled = true, reason = '@Disabled is not present']
4月 08, 2025 1:23:25 上午 expenseincome.expense.ExpenseManager addExpense
信息: Added expense: Coffee - USD 4.00 on 2025-04-08 [Category: Drink]
4月 08, 2025 1:23:25 上午 org.junit.jupiter.engine.execution.ConditionEvaluator logResult
较详细: Evaluation of condition [org.junit.jupiter.engine.extension.DisabledCondition] on [void expensetest.ExpenseManagerTest.testAddExpenseNegativeAmount()] resulted in: ConditionEvaluationResult [enabled = true, reason = '@Disabled is not present']
4月 08, 2025 1:23:25 上午 expenseincome.expense.ExpenseManager addExpense
警告: Failed to add expense
expenseincome.expense.exceptions.ExpenseException: Amount must be greater than zero.
	at expenseincome.expense.ExpenseManager.validateExpenseDetails(ExpenseManager.java:356)
	at expenseincome.expense.ExpenseManager.addExpense(ExpenseManager.java:131)
	at expensetest.ExpenseManagerTest.testAddExpenseNegativeAmount(ExpenseManagerTest.java:60)
	at java.base/jdk.internal.reflect.NativeMethodAccessorImpl.invoke0(Native Method)
	at java.base/jdk.internal.reflect.NativeMethodAccessorImpl.invoke(NativeMethodAccessorImpl.java:77)
	at java.base/jdk.internal.reflect.DelegatingMethodAccessorImpl.invoke(DelegatingMethodAccessorImpl.java:43)
	at java.base/java.lang.reflect.Method.invoke(Method.java:568)
	at org.junit.platform.commons.util.ReflectionUtils.invokeMethod(ReflectionUtils.java:728)
	at org.junit.jupiter.engine.execution.MethodInvocation.proceed(MethodInvocation.java:60)
	at org.junit.jupiter.engine.execution.InvocationInterceptorChain$ValidatingInvocation.proceed(InvocationInterceptorChain.java:131)
	at org.junit.jupiter.engine.extension.TimeoutExtension.intercept(TimeoutExtension.java:156)
	at org.junit.jupiter.engine.extension.TimeoutExtension.interceptTestableMethod(TimeoutExtension.java:147)
	at org.junit.jupiter.engine.extension.TimeoutExtension.interceptTestMethod(TimeoutExtension.java:86)
	at org.junit.jupiter.engine.execution.InterceptingExecutableInvoker$ReflectiveInterceptorCall.lambda$ofVoidMethod$0(InterceptingExecutableInvoker.java:103)
	at org.junit.jupiter.engine.execution.InterceptingExecutableInvoker.lambda$invoke$0(InterceptingExecutableInvoker.java:93)
	at org.junit.jupiter.engine.execution.InvocationInterceptorChain$InterceptedInvocation.proceed(InvocationInterceptorChain.java:106)
	at org.junit.jupiter.engine.execution.InvocationInterceptorChain.proceed(InvocationInterceptorChain.java:64)
	at org.junit.jupiter.engine.execution.InvocationInterceptorChain.chainAndInvoke(InvocationInterceptorChain.java:45)
	at org.junit.jupiter.engine.execution.InvocationInterceptorChain.invoke(InvocationInterceptorChain.java:37)
	at org.junit.jupiter.engine.execution.InterceptingExecutableInvoker.invoke(InterceptingExecutableInvoker.java:92)
	at org.junit.jupiter.engine.execution.InterceptingExecutableInvoker.invoke(InterceptingExecutableInvoker.java:86)
	at org.junit.jupiter.engine.descriptor.TestMethodTestDescriptor.lambda$invokeTestMethod$7(TestMethodTestDescriptor.java:218)
	at org.junit.platform.engine.support.hierarchical.ThrowableCollector.execute(ThrowableCollector.java:73)
	at org.junit.jupiter.engine.descriptor.TestMethodTestDescriptor.invokeTestMethod(TestMethodTestDescriptor.java:214)
	at org.junit.jupiter.engine.descriptor.TestMethodTestDescriptor.execute(TestMethodTestDescriptor.java:139)
	at org.junit.jupiter.engine.descriptor.TestMethodTestDescriptor.execute(TestMethodTestDescriptor.java:69)
	at org.junit.platform.engine.support.hierarchical.NodeTestTask.lambda$executeRecursively$6(NodeTestTask.java:151)
	at org.junit.platform.engine.support.hierarchical.ThrowableCollector.execute(ThrowableCollector.java:73)
	at org.junit.platform.engine.support.hierarchical.NodeTestTask.lambda$executeRecursively$8(NodeTestTask.java:141)
	at org.junit.platform.engine.support.hierarchical.Node.around(Node.java:137)
	at org.junit.platform.engine.support.hierarchical.NodeTestTask.lambda$executeRecursively$9(NodeTestTask.java:139)
	at org.junit.platform.engine.support.hierarchical.ThrowableCollector.execute(ThrowableCollector.java:73)
	at org.junit.platform.engine.support.hierarchical.NodeTestTask.executeRecursively(NodeTestTask.java:138)
	at org.junit.platform.engine.support.hierarchical.NodeTestTask.execute(NodeTestTask.java:95)
	at java.base/java.util.ArrayList.forEach(ArrayList.java:1511)
	at org.junit.platform.engine.support.hierarchical.SameThreadHierarchicalTestExecutorService.invokeAll(SameThreadHierarchicalTestExecutorService.java:41)
	at org.junit.platform.engine.support.hierarchical.NodeTestTask.lambda$executeRecursively$6(NodeTestTask.java:155)
	at org.junit.platform.engine.support.hierarchical.ThrowableCollector.execute(ThrowableCollector.java:73)
	at org.junit.platform.engine.support.hierarchical.NodeTestTask.lambda$executeRecursively$8(NodeTestTask.java:141)
	at org.junit.platform.engine.support.hierarchical.Node.around(Node.java:137)
	at org.junit.platform.engine.support.hierarchical.NodeTestTask.lambda$executeRecursively$9(NodeTestTask.java:139)
	at org.junit.platform.engine.support.hierarchical.ThrowableCollector.execute(ThrowableCollector.java:73)
	at org.junit.platform.engine.support.hierarchical.NodeTestTask.executeRecursively(NodeTestTask.java:138)
	at org.junit.platform.engine.support.hierarchical.NodeTestTask.execute(NodeTestTask.java:95)
	at java.base/java.util.ArrayList.forEach(ArrayList.java:1511)
	at org.junit.platform.engine.support.hierarchical.SameThreadHierarchicalTestExecutorService.invokeAll(SameThreadHierarchicalTestExecutorService.java:41)
	at org.junit.platform.engine.support.hierarchical.NodeTestTask.lambda$executeRecursively$6(NodeTestTask.java:155)
	at org.junit.platform.engine.support.hierarchical.ThrowableCollector.execute(ThrowableCollector.java:73)
	at org.junit.platform.engine.support.hierarchical.NodeTestTask.lambda$executeRecursively$8(NodeTestTask.java:141)
	at org.junit.platform.engine.support.hierarchical.Node.around(Node.java:137)
	at org.junit.platform.engine.support.hierarchical.NodeTestTask.lambda$executeRecursively$9(NodeTestTask.java:139)
	at org.junit.platform.engine.support.hierarchical.ThrowableCollector.execute(ThrowableCollector.java:73)
	at org.junit.platform.engine.support.hierarchical.NodeTestTask.executeRecursively(NodeTestTask.java:138)
	at org.junit.platform.engine.support.hierarchical.NodeTestTask.execute(NodeTestTask.java:95)
	at org.junit.platform.engine.support.hierarchical.SameThreadHierarchicalTestExecutorService.submit(SameThreadHierarchicalTestExecutorService.java:35)
	at org.junit.platform.engine.support.hierarchical.HierarchicalTestExecutor.execute(HierarchicalTestExecutor.java:57)
	at org.junit.platform.engine.support.hierarchical.HierarchicalTestEngine.execute(HierarchicalTestEngine.java:54)
	at org.junit.platform.launcher.core.EngineExecutionOrchestrator.execute(EngineExecutionOrchestrator.java:107)
	at org.junit.platform.launcher.core.EngineExecutionOrchestrator.execute(EngineExecutionOrchestrator.java:88)
	at org.junit.platform.launcher.core.EngineExecutionOrchestrator.lambda$execute$0(EngineExecutionOrchestrator.java:54)
	at org.junit.platform.launcher.core.EngineExecutionOrchestrator.withInterceptedStreams(EngineExecutionOrchestrator.java:67)
	at org.junit.platform.launcher.core.EngineExecutionOrchestrator.execute(EngineExecutionOrchestrator.java:52)
	at org.junit.platform.launcher.core.DefaultLauncher.execute(DefaultLauncher.java:114)
	at org.junit.platform.launcher.core.DefaultLauncher.execute(DefaultLauncher.java:86)
	at org.junit.platform.launcher.core.DefaultLauncherSession$DelegatingLauncher.execute(DefaultLauncherSession.java:86)
	at org.junit.platform.launcher.core.SessionPerRequestLauncher.execute(SessionPerRequestLauncher.java:53)
	at org.gradle.api.internal.tasks.testing.junitplatform.JUnitPlatformTestClassProcessor$CollectAllTestClassesExecutor.processAllTestClasses(JUnitPlatformTestClassProcessor.java:99)
	at org.gradle.api.internal.tasks.testing.junitplatform.JUnitPlatformTestClassProcessor$CollectAllTestClassesExecutor.access$000(JUnitPlatformTestClassProcessor.java:79)
	at org.gradle.api.internal.tasks.testing.junitplatform.JUnitPlatformTestClassProcessor.stop(JUnitPlatformTestClassProcessor.java:75)
	at org.gradle.api.internal.tasks.testing.SuiteTestClassProcessor.stop(SuiteTestClassProcessor.java:62)
	at java.base/jdk.internal.reflect.NativeMethodAccessorImpl.invoke0(Native Method)
	at java.base/jdk.internal.reflect.NativeMethodAccessorImpl.invoke(NativeMethodAccessorImpl.java:77)
	at java.base/jdk.internal.reflect.DelegatingMethodAccessorImpl.invoke(DelegatingMethodAccessorImpl.java:43)
	at java.base/java.lang.reflect.Method.invoke(Method.java:568)
	at org.gradle.internal.dispatch.ReflectionDispatch.dispatch(ReflectionDispatch.java:36)
	at org.gradle.internal.dispatch.ReflectionDispatch.dispatch(ReflectionDispatch.java:24)
	at org.gradle.internal.dispatch.ContextClassLoaderDispatch.dispatch(ContextClassLoaderDispatch.java:33)
	at org.gradle.internal.dispatch.ProxyDispatchAdapter$DispatchingInvocationHandler.invoke(ProxyDispatchAdapter.java:94)
	at jdk.proxy1/jdk.proxy1.$Proxy2.stop(Unknown Source)
	at org.gradle.api.internal.tasks.testing.worker.TestWorker$3.run(TestWorker.java:193)
	at org.gradle.api.internal.tasks.testing.worker.TestWorker.executeAndMaintainThreadName(TestWorker.java:129)
	at org.gradle.api.internal.tasks.testing.worker.TestWorker.execute(TestWorker.java:100)
	at org.gradle.api.internal.tasks.testing.worker.TestWorker.execute(TestWorker.java:60)
	at org.gradle.process.internal.worker.child.ActionExecutionWorker.execute(ActionExecutionWorker.java:56)
	at org.gradle.process.internal.worker.child.SystemApplicationClassLoaderWorker.call(SystemApplicationClassLoaderWorker.java:113)
	at org.gradle.process.internal.worker.child.SystemApplicationClassLoaderWorker.call(SystemApplicationClassLoaderWorker.java:65)
	at worker.org.gradle.process.internal.worker.GradleWorkerMain.run(GradleWorkerMain.java:69)
	at worker.org.gradle.process.internal.worker.GradleWorkerMain.main(GradleWorkerMain.java:74)

4月 08, 2025 1:23:25 上午 org.junit.jupiter.engine.execution.ConditionEvaluator logResult
较详细: Evaluation of condition [org.junit.jupiter.engine.extension.DisabledCondition] on [void expensetest.ExpenseManagerTest.testAddExpenseNullDescription()] resulted in: ConditionEvaluationResult [enabled = true, reason = '@Disabled is not present']
4月 08, 2025 1:23:25 上午 expenseincome.expense.ExpenseManager addExpense
警告: Failed to add expense
expenseincome.expense.exceptions.ExpenseException: Description cannot be empty.
	at expenseincome.expense.ExpenseManager.validateExpenseDetails(ExpenseManager.java:353)
	at expenseincome.expense.ExpenseManager.addExpense(ExpenseManager.java:131)
	at expensetest.ExpenseManagerTest.testAddExpenseNullDescription(ExpenseManagerTest.java:54)
	at java.base/jdk.internal.reflect.NativeMethodAccessorImpl.invoke0(Native Method)
	at java.base/jdk.internal.reflect.NativeMethodAccessorImpl.invoke(NativeMethodAccessorImpl.java:77)
	at java.base/jdk.internal.reflect.DelegatingMethodAccessorImpl.invoke(DelegatingMethodAccessorImpl.java:43)
	at java.base/java.lang.reflect.Method.invoke(Method.java:568)
	at org.junit.platform.commons.util.ReflectionUtils.invokeMethod(ReflectionUtils.java:728)
	at org.junit.jupiter.engine.execution.MethodInvocation.proceed(MethodInvocation.java:60)
	at org.junit.jupiter.engine.execution.InvocationInterceptorChain$ValidatingInvocation.proceed(InvocationInterceptorChain.java:131)
	at org.junit.jupiter.engine.extension.TimeoutExtension.intercept(TimeoutExtension.java:156)
	at org.junit.jupiter.engine.extension.TimeoutExtension.interceptTestableMethod(TimeoutExtension.java:147)
	at org.junit.jupiter.engine.extension.TimeoutExtension.interceptTestMethod(TimeoutExtension.java:86)
	at org.junit.jupiter.engine.execution.InterceptingExecutableInvoker$ReflectiveInterceptorCall.lambda$ofVoidMethod$0(InterceptingExecutableInvoker.java:103)
	at org.junit.jupiter.engine.execution.InterceptingExecutableInvoker.lambda$invoke$0(InterceptingExecutableInvoker.java:93)
	at org.junit.jupiter.engine.execution.InvocationInterceptorChain$InterceptedInvocation.proceed(InvocationInterceptorChain.java:106)
	at org.junit.jupiter.engine.execution.InvocationInterceptorChain.proceed(InvocationInterceptorChain.java:64)
	at org.junit.jupiter.engine.execution.InvocationInterceptorChain.chainAndInvoke(InvocationInterceptorChain.java:45)
	at org.junit.jupiter.engine.execution.InvocationInterceptorChain.invoke(InvocationInterceptorChain.java:37)
	at org.junit.jupiter.engine.execution.InterceptingExecutableInvoker.invoke(InterceptingExecutableInvoker.java:92)
	at org.junit.jupiter.engine.execution.InterceptingExecutableInvoker.invoke(InterceptingExecutableInvoker.java:86)
	at org.junit.jupiter.engine.descriptor.TestMethodTestDescriptor.lambda$invokeTestMethod$7(TestMethodTestDescriptor.java:218)
	at org.junit.platform.engine.support.hierarchical.ThrowableCollector.execute(ThrowableCollector.java:73)
	at org.junit.jupiter.engine.descriptor.TestMethodTestDescriptor.invokeTestMethod(TestMethodTestDescriptor.java:214)
	at org.junit.jupiter.engine.descriptor.TestMethodTestDescriptor.execute(TestMethodTestDescriptor.java:139)
	at org.junit.jupiter.engine.descriptor.TestMethodTestDescriptor.execute(TestMethodTestDescriptor.java:69)
	at org.junit.platform.engine.support.hierarchical.NodeTestTask.lambda$executeRecursively$6(NodeTestTask.java:151)
	at org.junit.platform.engine.support.hierarchical.ThrowableCollector.execute(ThrowableCollector.java:73)
	at org.junit.platform.engine.support.hierarchical.NodeTestTask.lambda$executeRecursively$8(NodeTestTask.java:141)
	at org.junit.platform.engine.support.hierarchical.Node.around(Node.java:137)
	at org.junit.platform.engine.support.hierarchical.NodeTestTask.lambda$executeRecursively$9(NodeTestTask.java:139)
	at org.junit.platform.engine.support.hierarchical.ThrowableCollector.execute(ThrowableCollector.java:73)
	at org.junit.platform.engine.support.hierarchical.NodeTestTask.executeRecursively(NodeTestTask.java:138)
	at org.junit.platform.engine.support.hierarchical.NodeTestTask.execute(NodeTestTask.java:95)
	at java.base/java.util.ArrayList.forEach(ArrayList.java:1511)
	at org.junit.platform.engine.support.hierarchical.SameThreadHierarchicalTestExecutorService.invokeAll(SameThreadHierarchicalTestExecutorService.java:41)
	at org.junit.platform.engine.support.hierarchical.NodeTestTask.lambda$executeRecursively$6(NodeTestTask.java:155)
	at org.junit.platform.engine.support.hierarchical.ThrowableCollector.execute(ThrowableCollector.java:73)
	at org.junit.platform.engine.support.hierarchical.NodeTestTask.lambda$executeRecursively$8(NodeTestTask.java:141)
	at org.junit.platform.engine.support.hierarchical.Node.around(Node.java:137)
	at org.junit.platform.engine.support.hierarchical.NodeTestTask.lambda$executeRecursively$9(NodeTestTask.java:139)
	at org.junit.platform.engine.support.hierarchical.ThrowableCollector.execute(ThrowableCollector.java:73)
	at org.junit.platform.engine.support.hierarchical.NodeTestTask.executeRecursively(NodeTestTask.java:138)
	at org.junit.platform.engine.support.hierarchical.NodeTestTask.execute(NodeTestTask.java:95)
	at java.base/java.util.ArrayList.forEach(ArrayList.java:1511)
	at org.junit.platform.engine.support.hierarchical.SameThreadHierarchicalTestExecutorService.invokeAll(SameThreadHierarchicalTestExecutorService.java:41)
	at org.junit.platform.engine.support.hierarchical.NodeTestTask.lambda$executeRecursively$6(NodeTestTask.java:155)
	at org.junit.platform.engine.support.hierarchical.ThrowableCollector.execute(ThrowableCollector.java:73)
	at org.junit.platform.engine.support.hierarchical.NodeTestTask.lambda$executeRecursively$8(NodeTestTask.java:141)
	at org.junit.platform.engine.support.hierarchical.Node.around(Node.java:137)
	at org.junit.platform.engine.support.hierarchical.NodeTestTask.lambda$executeRecursively$9(NodeTestTask.java:139)
	at org.junit.platform.engine.support.hierarchical.ThrowableCollector.execute(ThrowableCollector.java:73)
	at org.junit.platform.engine.support.hierarchical.NodeTestTask.executeRecursively(NodeTestTask.java:138)
	at org.junit.platform.engine.support.hierarchical.NodeTestTask.execute(NodeTestTask.java:95)
	at org.junit.platform.engine.support.hierarchical.SameThreadHierarchicalTestExecutorService.submit(SameThreadHierarchicalTestExecutorService.java:35)
	at org.junit.platform.engine.support.hierarchical.HierarchicalTestExecutor.execute(HierarchicalTestExecutor.java:57)
	at org.junit.platform.engine.support.hierarchical.HierarchicalTestEngine.execute(HierarchicalTestEngine.java:54)
	at org.junit.platform.launcher.core.EngineExecutionOrchestrator.execute(EngineExecutionOrchestrator.java:107)
	at org.junit.platform.launcher.core.EngineExecutionOrchestrator.execute(EngineExecutionOrchestrator.java:88)
	at org.junit.platform.launcher.core.EngineExecutionOrchestrator.lambda$execute$0(EngineExecutionOrchestrator.java:54)
	at org.junit.platform.launcher.core.EngineExecutionOrchestrator.withInterceptedStreams(EngineExecutionOrchestrator.java:67)
	at org.junit.platform.launcher.core.EngineExecutionOrchestrator.execute(EngineExecutionOrchestrator.java:52)
	at org.junit.platform.launcher.core.DefaultLauncher.execute(DefaultLauncher.java:114)
	at org.junit.platform.launcher.core.DefaultLauncher.execute(DefaultLauncher.java:86)
	at org.junit.platform.launcher.core.DefaultLauncherSession$DelegatingLauncher.execute(DefaultLauncherSession.java:86)
	at org.junit.platform.launcher.core.SessionPerRequestLauncher.execute(SessionPerRequestLauncher.java:53)
	at org.gradle.api.internal.tasks.testing.junitplatform.JUnitPlatformTestClassProcessor$CollectAllTestClassesExecutor.processAllTestClasses(JUnitPlatformTestClassProcessor.java:99)
	at org.gradle.api.internal.tasks.testing.junitplatform.JUnitPlatformTestClassProcessor$CollectAllTestClassesExecutor.access$000(JUnitPlatformTestClassProcessor.java:79)
	at org.gradle.api.internal.tasks.testing.junitplatform.JUnitPlatformTestClassProcessor.stop(JUnitPlatformTestClassProcessor.java:75)
	at org.gradle.api.internal.tasks.testing.SuiteTestClassProcessor.stop(SuiteTestClassProcessor.java:62)
	at java.base/jdk.internal.reflect.NativeMethodAccessorImpl.invoke0(Native Method)
	at java.base/jdk.internal.reflect.NativeMethodAccessorImpl.invoke(NativeMethodAccessorImpl.java:77)
	at java.base/jdk.internal.reflect.DelegatingMethodAccessorImpl.invoke(DelegatingMethodAccessorImpl.java:43)
	at java.base/java.lang.reflect.Method.invoke(Method.java:568)
	at org.gradle.internal.dispatch.ReflectionDispatch.dispatch(ReflectionDispatch.java:36)
	at org.gradle.internal.dispatch.ReflectionDispatch.dispatch(ReflectionDispatch.java:24)
	at org.gradle.internal.dispatch.ContextClassLoaderDispatch.dispatch(ContextClassLoaderDispatch.java:33)
	at org.gradle.internal.dispatch.ProxyDispatchAdapter$DispatchingInvocationHandler.invoke(ProxyDispatchAdapter.java:94)
	at jdk.proxy1/jdk.proxy1.$Proxy2.stop(Unknown Source)
	at org.gradle.api.internal.tasks.testing.worker.TestWorker$3.run(TestWorker.java:193)
	at org.gradle.api.internal.tasks.testing.worker.TestWorker.executeAndMaintainThreadName(TestWorker.java:129)
	at org.gradle.api.internal.tasks.testing.worker.TestWorker.execute(TestWorker.java:100)
	at org.gradle.api.internal.tasks.testing.worker.TestWorker.execute(TestWorker.java:60)
	at org.gradle.process.internal.worker.child.ActionExecutionWorker.execute(ActionExecutionWorker.java:56)
	at org.gradle.process.internal.worker.child.SystemApplicationClassLoaderWorker.call(SystemApplicationClassLoaderWorker.java:113)
	at org.gradle.process.internal.worker.child.SystemApplicationClassLoaderWorker.call(SystemApplicationClassLoaderWorker.java:65)
	at worker.org.gradle.process.internal.worker.GradleWorkerMain.run(GradleWorkerMain.java:69)
	at worker.org.gradle.process.internal.worker.GradleWorkerMain.main(GradleWorkerMain.java:74)

4月 08, 2025 1:23:25 上午 org.junit.jupiter.engine.execution.ConditionEvaluator logResult
较详细: Evaluation of condition [org.junit.jupiter.engine.extension.DisabledCondition] on [void expensetest.ExpenseManagerTest.testEditExpenseInvalidIndex()] resulted in: ConditionEvaluationResult [enabled = true, reason = '@Disabled is not present']
4月 08, 2025 1:23:25 上午 expenseincome.expense.ExpenseManager editExpense
警告: Failed to edit expense
expenseincome.expense.exceptions.ExpenseException: No expenses to delete. Your list is empty.
	at expenseincome.expense.ExpenseManager.validateIndex(ExpenseManager.java:335)
	at expenseincome.expense.ExpenseManager.editExpense(ExpenseManager.java:185)
	at expensetest.ExpenseManagerTest.testEditExpenseInvalidIndex(ExpenseManagerTest.java:100)
	at java.base/jdk.internal.reflect.NativeMethodAccessorImpl.invoke0(Native Method)
	at java.base/jdk.internal.reflect.NativeMethodAccessorImpl.invoke(NativeMethodAccessorImpl.java:77)
	at java.base/jdk.internal.reflect.DelegatingMethodAccessorImpl.invoke(DelegatingMethodAccessorImpl.java:43)
	at java.base/java.lang.reflect.Method.invoke(Method.java:568)
	at org.junit.platform.commons.util.ReflectionUtils.invokeMethod(ReflectionUtils.java:728)
	at org.junit.jupiter.engine.execution.MethodInvocation.proceed(MethodInvocation.java:60)
	at org.junit.jupiter.engine.execution.InvocationInterceptorChain$ValidatingInvocation.proceed(InvocationInterceptorChain.java:131)
	at org.junit.jupiter.engine.extension.TimeoutExtension.intercept(TimeoutExtension.java:156)
	at org.junit.jupiter.engine.extension.TimeoutExtension.interceptTestableMethod(TimeoutExtension.java:147)
	at org.junit.jupiter.engine.extension.TimeoutExtension.interceptTestMethod(TimeoutExtension.java:86)
	at org.junit.jupiter.engine.execution.InterceptingExecutableInvoker$ReflectiveInterceptorCall.lambda$ofVoidMethod$0(InterceptingExecutableInvoker.java:103)
	at org.junit.jupiter.engine.execution.InterceptingExecutableInvoker.lambda$invoke$0(InterceptingExecutableInvoker.java:93)
	at org.junit.jupiter.engine.execution.InvocationInterceptorChain$InterceptedInvocation.proceed(InvocationInterceptorChain.java:106)
	at org.junit.jupiter.engine.execution.InvocationInterceptorChain.proceed(InvocationInterceptorChain.java:64)
	at org.junit.jupiter.engine.execution.InvocationInterceptorChain.chainAndInvoke(InvocationInterceptorChain.java:45)
	at org.junit.jupiter.engine.execution.InvocationInterceptorChain.invoke(InvocationInterceptorChain.java:37)
	at org.junit.jupiter.engine.execution.InterceptingExecutableInvoker.invoke(InterceptingExecutableInvoker.java:92)
	at org.junit.jupiter.engine.execution.InterceptingExecutableInvoker.invoke(InterceptingExecutableInvoker.java:86)
	at org.junit.jupiter.engine.descriptor.TestMethodTestDescriptor.lambda$invokeTestMethod$7(TestMethodTestDescriptor.java:218)
	at org.junit.platform.engine.support.hierarchical.ThrowableCollector.execute(ThrowableCollector.java:73)
	at org.junit.jupiter.engine.descriptor.TestMethodTestDescriptor.invokeTestMethod(TestMethodTestDescriptor.java:214)
	at org.junit.jupiter.engine.descriptor.TestMethodTestDescriptor.execute(TestMethodTestDescriptor.java:139)
	at org.junit.jupiter.engine.descriptor.TestMethodTestDescriptor.execute(TestMethodTestDescriptor.java:69)
	at org.junit.platform.engine.support.hierarchical.NodeTestTask.lambda$executeRecursively$6(NodeTestTask.java:151)
	at org.junit.platform.engine.support.hierarchical.ThrowableCollector.execute(ThrowableCollector.java:73)
	at org.junit.platform.engine.support.hierarchical.NodeTestTask.lambda$executeRecursively$8(NodeTestTask.java:141)
	at org.junit.platform.engine.support.hierarchical.Node.around(Node.java:137)
	at org.junit.platform.engine.support.hierarchical.NodeTestTask.lambda$executeRecursively$9(NodeTestTask.java:139)
	at org.junit.platform.engine.support.hierarchical.ThrowableCollector.execute(ThrowableCollector.java:73)
	at org.junit.platform.engine.support.hierarchical.NodeTestTask.executeRecursively(NodeTestTask.java:138)
	at org.junit.platform.engine.support.hierarchical.NodeTestTask.execute(NodeTestTask.java:95)
	at java.base/java.util.ArrayList.forEach(ArrayList.java:1511)
	at org.junit.platform.engine.support.hierarchical.SameThreadHierarchicalTestExecutorService.invokeAll(SameThreadHierarchicalTestExecutorService.java:41)
	at org.junit.platform.engine.support.hierarchical.NodeTestTask.lambda$executeRecursively$6(NodeTestTask.java:155)
	at org.junit.platform.engine.support.hierarchical.ThrowableCollector.execute(ThrowableCollector.java:73)
	at org.junit.platform.engine.support.hierarchical.NodeTestTask.lambda$executeRecursively$8(NodeTestTask.java:141)
	at org.junit.platform.engine.support.hierarchical.Node.around(Node.java:137)
	at org.junit.platform.engine.support.hierarchical.NodeTestTask.lambda$executeRecursively$9(NodeTestTask.java:139)
	at org.junit.platform.engine.support.hierarchical.ThrowableCollector.execute(ThrowableCollector.java:73)
	at org.junit.platform.engine.support.hierarchical.NodeTestTask.executeRecursively(NodeTestTask.java:138)
	at org.junit.platform.engine.support.hierarchical.NodeTestTask.execute(NodeTestTask.java:95)
	at java.base/java.util.ArrayList.forEach(ArrayList.java:1511)
	at org.junit.platform.engine.support.hierarchical.SameThreadHierarchicalTestExecutorService.invokeAll(SameThreadHierarchicalTestExecutorService.java:41)
	at org.junit.platform.engine.support.hierarchical.NodeTestTask.lambda$executeRecursively$6(NodeTestTask.java:155)
	at org.junit.platform.engine.support.hierarchical.ThrowableCollector.execute(ThrowableCollector.java:73)
	at org.junit.platform.engine.support.hierarchical.NodeTestTask.lambda$executeRecursively$8(NodeTestTask.java:141)
	at org.junit.platform.engine.support.hierarchical.Node.around(Node.java:137)
	at org.junit.platform.engine.support.hierarchical.NodeTestTask.lambda$executeRecursively$9(NodeTestTask.java:139)
	at org.junit.platform.engine.support.hierarchical.ThrowableCollector.execute(ThrowableCollector.java:73)
	at org.junit.platform.engine.support.hierarchical.NodeTestTask.executeRecursively(NodeTestTask.java:138)
	at org.junit.platform.engine.support.hierarchical.NodeTestTask.execute(NodeTestTask.java:95)
	at org.junit.platform.engine.support.hierarchical.SameThreadHierarchicalTestExecutorService.submit(SameThreadHierarchicalTestExecutorService.java:35)
	at org.junit.platform.engine.support.hierarchical.HierarchicalTestExecutor.execute(HierarchicalTestExecutor.java:57)
	at org.junit.platform.engine.support.hierarchical.HierarchicalTestEngine.execute(HierarchicalTestEngine.java:54)
	at org.junit.platform.launcher.core.EngineExecutionOrchestrator.execute(EngineExecutionOrchestrator.java:107)
	at org.junit.platform.launcher.core.EngineExecutionOrchestrator.execute(EngineExecutionOrchestrator.java:88)
	at org.junit.platform.launcher.core.EngineExecutionOrchestrator.lambda$execute$0(EngineExecutionOrchestrator.java:54)
	at org.junit.platform.launcher.core.EngineExecutionOrchestrator.withInterceptedStreams(EngineExecutionOrchestrator.java:67)
	at org.junit.platform.launcher.core.EngineExecutionOrchestrator.execute(EngineExecutionOrchestrator.java:52)
	at org.junit.platform.launcher.core.DefaultLauncher.execute(DefaultLauncher.java:114)
	at org.junit.platform.launcher.core.DefaultLauncher.execute(DefaultLauncher.java:86)
	at org.junit.platform.launcher.core.DefaultLauncherSession$DelegatingLauncher.execute(DefaultLauncherSession.java:86)
	at org.junit.platform.launcher.core.SessionPerRequestLauncher.execute(SessionPerRequestLauncher.java:53)
	at org.gradle.api.internal.tasks.testing.junitplatform.JUnitPlatformTestClassProcessor$CollectAllTestClassesExecutor.processAllTestClasses(JUnitPlatformTestClassProcessor.java:99)
	at org.gradle.api.internal.tasks.testing.junitplatform.JUnitPlatformTestClassProcessor$CollectAllTestClassesExecutor.access$000(JUnitPlatformTestClassProcessor.java:79)
	at org.gradle.api.internal.tasks.testing.junitplatform.JUnitPlatformTestClassProcessor.stop(JUnitPlatformTestClassProcessor.java:75)
	at org.gradle.api.internal.tasks.testing.SuiteTestClassProcessor.stop(SuiteTestClassProcessor.java:62)
	at java.base/jdk.internal.reflect.NativeMethodAccessorImpl.invoke0(Native Method)
	at java.base/jdk.internal.reflect.NativeMethodAccessorImpl.invoke(NativeMethodAccessorImpl.java:77)
	at java.base/jdk.internal.reflect.DelegatingMethodAccessorImpl.invoke(DelegatingMethodAccessorImpl.java:43)
	at java.base/java.lang.reflect.Method.invoke(Method.java:568)
	at org.gradle.internal.dispatch.ReflectionDispatch.dispatch(ReflectionDispatch.java:36)
	at org.gradle.internal.dispatch.ReflectionDispatch.dispatch(ReflectionDispatch.java:24)
	at org.gradle.internal.dispatch.ContextClassLoaderDispatch.dispatch(ContextClassLoaderDispatch.java:33)
	at org.gradle.internal.dispatch.ProxyDispatchAdapter$DispatchingInvocationHandler.invoke(ProxyDispatchAdapter.java:94)
	at jdk.proxy1/jdk.proxy1.$Proxy2.stop(Unknown Source)
	at org.gradle.api.internal.tasks.testing.worker.TestWorker$3.run(TestWorker.java:193)
	at org.gradle.api.internal.tasks.testing.worker.TestWorker.executeAndMaintainThreadName(TestWorker.java:129)
	at org.gradle.api.internal.tasks.testing.worker.TestWorker.execute(TestWorker.java:100)
	at org.gradle.api.internal.tasks.testing.worker.TestWorker.execute(TestWorker.java:60)
	at org.gradle.process.internal.worker.child.ActionExecutionWorker.execute(ActionExecutionWorker.java:56)
	at org.gradle.process.internal.worker.child.SystemApplicationClassLoaderWorker.call(SystemApplicationClassLoaderWorker.java:113)
	at org.gradle.process.internal.worker.child.SystemApplicationClassLoaderWorker.call(SystemApplicationClassLoaderWorker.java:65)
	at worker.org.gradle.process.internal.worker.GradleWorkerMain.run(GradleWorkerMain.java:69)
	at worker.org.gradle.process.internal.worker.GradleWorkerMain.main(GradleWorkerMain.java:74)

4月 08, 2025 1:23:25 上午 org.junit.jupiter.engine.execution.ConditionEvaluator logResult
较详细: Evaluation of condition [org.junit.jupiter.engine.extension.DisabledCondition] on [void expensetest.ExpenseManagerTest.testAddExpenseEmptyCategory()] resulted in: ConditionEvaluationResult [enabled = true, reason = '@Disabled is not present']
4月 08, 2025 1:23:25 上午 expenseincome.expense.ExpenseManager addExpense
警告: Failed to add expense
expenseincome.expense.exceptions.ExpenseException: Category cannot be empty.
	at expenseincome.expense.ExpenseManager.validateExpenseDetails(ExpenseManager.java:359)
	at expenseincome.expense.ExpenseManager.addExpense(ExpenseManager.java:131)
	at expensetest.ExpenseManagerTest.testAddExpenseEmptyCategory(ExpenseManagerTest.java:66)
	at java.base/jdk.internal.reflect.NativeMethodAccessorImpl.invoke0(Native Method)
	at java.base/jdk.internal.reflect.NativeMethodAccessorImpl.invoke(NativeMethodAccessorImpl.java:77)
	at java.base/jdk.internal.reflect.DelegatingMethodAccessorImpl.invoke(DelegatingMethodAccessorImpl.java:43)
	at java.base/java.lang.reflect.Method.invoke(Method.java:568)
	at org.junit.platform.commons.util.ReflectionUtils.invokeMethod(ReflectionUtils.java:728)
	at org.junit.jupiter.engine.execution.MethodInvocation.proceed(MethodInvocation.java:60)
	at org.junit.jupiter.engine.execution.InvocationInterceptorChain$ValidatingInvocation.proceed(InvocationInterceptorChain.java:131)
	at org.junit.jupiter.engine.extension.TimeoutExtension.intercept(TimeoutExtension.java:156)
	at org.junit.jupiter.engine.extension.TimeoutExtension.interceptTestableMethod(TimeoutExtension.java:147)
	at org.junit.jupiter.engine.extension.TimeoutExtension.interceptTestMethod(TimeoutExtension.java:86)
	at org.junit.jupiter.engine.execution.InterceptingExecutableInvoker$ReflectiveInterceptorCall.lambda$ofVoidMethod$0(InterceptingExecutableInvoker.java:103)
	at org.junit.jupiter.engine.execution.InterceptingExecutableInvoker.lambda$invoke$0(InterceptingExecutableInvoker.java:93)
	at org.junit.jupiter.engine.execution.InvocationInterceptorChain$InterceptedInvocation.proceed(InvocationInterceptorChain.java:106)
	at org.junit.jupiter.engine.execution.InvocationInterceptorChain.proceed(InvocationInterceptorChain.java:64)
	at org.junit.jupiter.engine.execution.InvocationInterceptorChain.chainAndInvoke(InvocationInterceptorChain.java:45)
	at org.junit.jupiter.engine.execution.InvocationInterceptorChain.invoke(InvocationInterceptorChain.java:37)
	at org.junit.jupiter.engine.execution.InterceptingExecutableInvoker.invoke(InterceptingExecutableInvoker.java:92)
	at org.junit.jupiter.engine.execution.InterceptingExecutableInvoker.invoke(InterceptingExecutableInvoker.java:86)
	at org.junit.jupiter.engine.descriptor.TestMethodTestDescriptor.lambda$invokeTestMethod$7(TestMethodTestDescriptor.java:218)
	at org.junit.platform.engine.support.hierarchical.ThrowableCollector.execute(ThrowableCollector.java:73)
	at org.junit.jupiter.engine.descriptor.TestMethodTestDescriptor.invokeTestMethod(TestMethodTestDescriptor.java:214)
	at org.junit.jupiter.engine.descriptor.TestMethodTestDescriptor.execute(TestMethodTestDescriptor.java:139)
	at org.junit.jupiter.engine.descriptor.TestMethodTestDescriptor.execute(TestMethodTestDescriptor.java:69)
	at org.junit.platform.engine.support.hierarchical.NodeTestTask.lambda$executeRecursively$6(NodeTestTask.java:151)
	at org.junit.platform.engine.support.hierarchical.ThrowableCollector.execute(ThrowableCollector.java:73)
	at org.junit.platform.engine.support.hierarchical.NodeTestTask.lambda$executeRecursively$8(NodeTestTask.java:141)
	at org.junit.platform.engine.support.hierarchical.Node.around(Node.java:137)
	at org.junit.platform.engine.support.hierarchical.NodeTestTask.lambda$executeRecursively$9(NodeTestTask.java:139)
	at org.junit.platform.engine.support.hierarchical.ThrowableCollector.execute(ThrowableCollector.java:73)
	at org.junit.platform.engine.support.hierarchical.NodeTestTask.executeRecursively(NodeTestTask.java:138)
	at org.junit.platform.engine.support.hierarchical.NodeTestTask.execute(NodeTestTask.java:95)
	at java.base/java.util.ArrayList.forEach(ArrayList.java:1511)
	at org.junit.platform.engine.support.hierarchical.SameThreadHierarchicalTestExecutorService.invokeAll(SameThreadHierarchicalTestExecutorService.java:41)
	at org.junit.platform.engine.support.hierarchical.NodeTestTask.lambda$executeRecursively$6(NodeTestTask.java:155)
	at org.junit.platform.engine.support.hierarchical.ThrowableCollector.execute(ThrowableCollector.java:73)
	at org.junit.platform.engine.support.hierarchical.NodeTestTask.lambda$executeRecursively$8(NodeTestTask.java:141)
	at org.junit.platform.engine.support.hierarchical.Node.around(Node.java:137)
	at org.junit.platform.engine.support.hierarchical.NodeTestTask.lambda$executeRecursively$9(NodeTestTask.java:139)
	at org.junit.platform.engine.support.hierarchical.ThrowableCollector.execute(ThrowableCollector.java:73)
	at org.junit.platform.engine.support.hierarchical.NodeTestTask.executeRecursively(NodeTestTask.java:138)
	at org.junit.platform.engine.support.hierarchical.NodeTestTask.execute(NodeTestTask.java:95)
	at java.base/java.util.ArrayList.forEach(ArrayList.java:1511)
	at org.junit.platform.engine.support.hierarchical.SameThreadHierarchicalTestExecutorService.invokeAll(SameThreadHierarchicalTestExecutorService.java:41)
	at org.junit.platform.engine.support.hierarchical.NodeTestTask.lambda$executeRecursively$6(NodeTestTask.java:155)
	at org.junit.platform.engine.support.hierarchical.ThrowableCollector.execute(ThrowableCollector.java:73)
	at org.junit.platform.engine.support.hierarchical.NodeTestTask.lambda$executeRecursively$8(NodeTestTask.java:141)
	at org.junit.platform.engine.support.hierarchical.Node.around(Node.java:137)
	at org.junit.platform.engine.support.hierarchical.NodeTestTask.lambda$executeRecursively$9(NodeTestTask.java:139)
	at org.junit.platform.engine.support.hierarchical.ThrowableCollector.execute(ThrowableCollector.java:73)
	at org.junit.platform.engine.support.hierarchical.NodeTestTask.executeRecursively(NodeTestTask.java:138)
	at org.junit.platform.engine.support.hierarchical.NodeTestTask.execute(NodeTestTask.java:95)
	at org.junit.platform.engine.support.hierarchical.SameThreadHierarchicalTestExecutorService.submit(SameThreadHierarchicalTestExecutorService.java:35)
	at org.junit.platform.engine.support.hierarchical.HierarchicalTestExecutor.execute(HierarchicalTestExecutor.java:57)
	at org.junit.platform.engine.support.hierarchical.HierarchicalTestEngine.execute(HierarchicalTestEngine.java:54)
	at org.junit.platform.launcher.core.EngineExecutionOrchestrator.execute(EngineExecutionOrchestrator.java:107)
	at org.junit.platform.launcher.core.EngineExecutionOrchestrator.execute(EngineExecutionOrchestrator.java:88)
	at org.junit.platform.launcher.core.EngineExecutionOrchestrator.lambda$execute$0(EngineExecutionOrchestrator.java:54)
	at org.junit.platform.launcher.core.EngineExecutionOrchestrator.withInterceptedStreams(EngineExecutionOrchestrator.java:67)
	at org.junit.platform.launcher.core.EngineExecutionOrchestrator.execute(EngineExecutionOrchestrator.java:52)
	at org.junit.platform.launcher.core.DefaultLauncher.execute(DefaultLauncher.java:114)
	at org.junit.platform.launcher.core.DefaultLauncher.execute(DefaultLauncher.java:86)
	at org.junit.platform.launcher.core.DefaultLauncherSession$DelegatingLauncher.execute(DefaultLauncherSession.java:86)
	at org.junit.platform.launcher.core.SessionPerRequestLauncher.execute(SessionPerRequestLauncher.java:53)
	at org.gradle.api.internal.tasks.testing.junitplatform.JUnitPlatformTestClassProcessor$CollectAllTestClassesExecutor.processAllTestClasses(JUnitPlatformTestClassProcessor.java:99)
	at org.gradle.api.internal.tasks.testing.junitplatform.JUnitPlatformTestClassProcessor$CollectAllTestClassesExecutor.access$000(JUnitPlatformTestClassProcessor.java:79)
	at org.gradle.api.internal.tasks.testing.junitplatform.JUnitPlatformTestClassProcessor.stop(JUnitPlatformTestClassProcessor.java:75)
	at org.gradle.api.internal.tasks.testing.SuiteTestClassProcessor.stop(SuiteTestClassProcessor.java:62)
	at java.base/jdk.internal.reflect.NativeMethodAccessorImpl.invoke0(Native Method)
	at java.base/jdk.internal.reflect.NativeMethodAccessorImpl.invoke(NativeMethodAccessorImpl.java:77)
	at java.base/jdk.internal.reflect.DelegatingMethodAccessorImpl.invoke(DelegatingMethodAccessorImpl.java:43)
	at java.base/java.lang.reflect.Method.invoke(Method.java:568)
	at org.gradle.internal.dispatch.ReflectionDispatch.dispatch(ReflectionDispatch.java:36)
	at org.gradle.internal.dispatch.ReflectionDispatch.dispatch(ReflectionDispatch.java:24)
	at org.gradle.internal.dispatch.ContextClassLoaderDispatch.dispatch(ContextClassLoaderDispatch.java:33)
	at org.gradle.internal.dispatch.ProxyDispatchAdapter$DispatchingInvocationHandler.invoke(ProxyDispatchAdapter.java:94)
	at jdk.proxy1/jdk.proxy1.$Proxy2.stop(Unknown Source)
	at org.gradle.api.internal.tasks.testing.worker.TestWorker$3.run(TestWorker.java:193)
	at org.gradle.api.internal.tasks.testing.worker.TestWorker.executeAndMaintainThreadName(TestWorker.java:129)
	at org.gradle.api.internal.tasks.testing.worker.TestWorker.execute(TestWorker.java:100)
	at org.gradle.api.internal.tasks.testing.worker.TestWorker.execute(TestWorker.java:60)
	at org.gradle.process.internal.worker.child.ActionExecutionWorker.execute(ActionExecutionWorker.java:56)
	at org.gradle.process.internal.worker.child.SystemApplicationClassLoaderWorker.call(SystemApplicationClassLoaderWorker.java:113)
	at org.gradle.process.internal.worker.child.SystemApplicationClassLoaderWorker.call(SystemApplicationClassLoaderWorker.java:65)
	at worker.org.gradle.process.internal.worker.GradleWorkerMain.run(GradleWorkerMain.java:69)
	at worker.org.gradle.process.internal.worker.GradleWorkerMain.main(GradleWorkerMain.java:74)

4月 08, 2025 1:23:25 上午 org.junit.jupiter.engine.execution.ConditionEvaluator logResult
较详细: Evaluation of condition [org.junit.jupiter.engine.extension.DisabledCondition] on [void expensetest.ExpenseManagerTest.testEditExpenseValidEdit()] resulted in: ConditionEvaluationResult [enabled = true, reason = '@Disabled is not present']
4月 08, 2025 1:23:25 上午 expenseincome.expense.ExpenseManager addExpense
信息: Added expense: Lunch - USD 10.50 on 2025-03-15 [Category: Food]
4月 08, 2025 1:23:25 上午 expenseincome.expense.ExpenseManager editExpense
信息: Updated expense: Dinner - USD 15.00 on 2025-03-20 [Category: Dinner]
4月 08, 2025 1:23:25 上午 org.junit.jupiter.engine.execution.ConditionEvaluator logResult
较详细: Evaluation of condition [org.junit.jupiter.engine.extension.DisabledCondition] on [void expensetest.ExpenseManagerTest.testAddExpenseWithDate()] resulted in: ConditionEvaluationResult [enabled = true, reason = '@Disabled is not present']
4月 08, 2025 1:23:25 上午 expenseincome.expense.ExpenseManager addExpense
信息: Added expense: Lunch - USD 10.50 on 2025-03-20 [Category: Food]
4月 08, 2025 1:23:25 上午 org.junit.jupiter.engine.execution.ConditionEvaluator logResult
较详细: Evaluation of condition [org.junit.jupiter.engine.extension.DisabledCondition] on [void expensetest.ExpenseManagerTest.testSortExpensesByOldest()] resulted in: ConditionEvaluationResult [enabled = true, reason = '@Disabled is not present']
4月 08, 2025 1:23:25 上午 expenseincome.expense.ExpenseManager addExpense
信息: Added expense: X - USD 8.00 on 2025-03-10 [Category: Food]
4月 08, 2025 1:23:25 上午 expenseincome.expense.ExpenseManager addExpense
信息: Added expense: Y - USD 6.00 on 2022-03-10 [Category: Food]
4月 08, 2025 1:23:25 上午 expenseincome.expense.ExpenseManager addExpense
信息: Added expense: Z - USD 9.00 on 2023-03-10 [Category: Food]
4月 08, 2025 1:23:25 上午 org.junit.jupiter.engine.execution.ConditionEvaluator logResult
较详细: Evaluation of condition [org.junit.jupiter.engine.extension.DisabledCondition] on [void expensetest.ExpenseManagerTest.testSortExpensesByRecent()] resulted in: ConditionEvaluationResult [enabled = true, reason = '@Disabled is not present']
4月 08, 2025 1:23:25 上午 expenseincome.expense.ExpenseManager addExpense
信息: Added expense: A - USD 5.00 on 2023-01-01 [Category: Misc]
4月 08, 2025 1:23:25 上午 expenseincome.expense.ExpenseManager addExpense
信息: Added expense: B - USD 10.00 on 2025-01-01 [Category: Misc]
4月 08, 2025 1:23:25 上午 expenseincome.expense.ExpenseManager addExpense
信息: Added expense: C - USD 7.00 on 2024-01-01 [Category: Misc]
4月 08, 2025 1:23:25 上午 org.junit.jupiter.engine.execution.ConditionEvaluator logResult
较详细: Evaluation of condition [org.junit.jupiter.engine.extension.DisabledCondition] on [void expensetest.ExpenseManagerTest.testAddExpenseEmptyDescription()] resulted in: ConditionEvaluationResult [enabled = true, reason = '@Disabled is not present']
4月 08, 2025 1:23:25 上午 expenseincome.expense.ExpenseManager addExpense
警告: Failed to add expense
expenseincome.expense.exceptions.ExpenseException: Description cannot be empty.
	at expenseincome.expense.ExpenseManager.validateExpenseDetails(ExpenseManager.java:353)
	at expenseincome.expense.ExpenseManager.addExpense(ExpenseManager.java:131)
	at expensetest.ExpenseManagerTest.testAddExpenseEmptyDescription(ExpenseManagerTest.java:48)
	at java.base/jdk.internal.reflect.NativeMethodAccessorImpl.invoke0(Native Method)
	at java.base/jdk.internal.reflect.NativeMethodAccessorImpl.invoke(NativeMethodAccessorImpl.java:77)
	at java.base/jdk.internal.reflect.DelegatingMethodAccessorImpl.invoke(DelegatingMethodAccessorImpl.java:43)
	at java.base/java.lang.reflect.Method.invoke(Method.java:568)
	at org.junit.platform.commons.util.ReflectionUtils.invokeMethod(ReflectionUtils.java:728)
	at org.junit.jupiter.engine.execution.MethodInvocation.proceed(MethodInvocation.java:60)
	at org.junit.jupiter.engine.execution.InvocationInterceptorChain$ValidatingInvocation.proceed(InvocationInterceptorChain.java:131)
	at org.junit.jupiter.engine.extension.TimeoutExtension.intercept(TimeoutExtension.java:156)
	at org.junit.jupiter.engine.extension.TimeoutExtension.interceptTestableMethod(TimeoutExtension.java:147)
	at org.junit.jupiter.engine.extension.TimeoutExtension.interceptTestMethod(TimeoutExtension.java:86)
	at org.junit.jupiter.engine.execution.InterceptingExecutableInvoker$ReflectiveInterceptorCall.lambda$ofVoidMethod$0(InterceptingExecutableInvoker.java:103)
	at org.junit.jupiter.engine.execution.InterceptingExecutableInvoker.lambda$invoke$0(InterceptingExecutableInvoker.java:93)
	at org.junit.jupiter.engine.execution.InvocationInterceptorChain$InterceptedInvocation.proceed(InvocationInterceptorChain.java:106)
	at org.junit.jupiter.engine.execution.InvocationInterceptorChain.proceed(InvocationInterceptorChain.java:64)
	at org.junit.jupiter.engine.execution.InvocationInterceptorChain.chainAndInvoke(InvocationInterceptorChain.java:45)
	at org.junit.jupiter.engine.execution.InvocationInterceptorChain.invoke(InvocationInterceptorChain.java:37)
	at org.junit.jupiter.engine.execution.InterceptingExecutableInvoker.invoke(InterceptingExecutableInvoker.java:92)
	at org.junit.jupiter.engine.execution.InterceptingExecutableInvoker.invoke(InterceptingExecutableInvoker.java:86)
	at org.junit.jupiter.engine.descriptor.TestMethodTestDescriptor.lambda$invokeTestMethod$7(TestMethodTestDescriptor.java:218)
	at org.junit.platform.engine.support.hierarchical.ThrowableCollector.execute(ThrowableCollector.java:73)
	at org.junit.jupiter.engine.descriptor.TestMethodTestDescriptor.invokeTestMethod(TestMethodTestDescriptor.java:214)
	at org.junit.jupiter.engine.descriptor.TestMethodTestDescriptor.execute(TestMethodTestDescriptor.java:139)
	at org.junit.jupiter.engine.descriptor.TestMethodTestDescriptor.execute(TestMethodTestDescriptor.java:69)
	at org.junit.platform.engine.support.hierarchical.NodeTestTask.lambda$executeRecursively$6(NodeTestTask.java:151)
	at org.junit.platform.engine.support.hierarchical.ThrowableCollector.execute(ThrowableCollector.java:73)
	at org.junit.platform.engine.support.hierarchical.NodeTestTask.lambda$executeRecursively$8(NodeTestTask.java:141)
	at org.junit.platform.engine.support.hierarchical.Node.around(Node.java:137)
	at org.junit.platform.engine.support.hierarchical.NodeTestTask.lambda$executeRecursively$9(NodeTestTask.java:139)
	at org.junit.platform.engine.support.hierarchical.ThrowableCollector.execute(ThrowableCollector.java:73)
	at org.junit.platform.engine.support.hierarchical.NodeTestTask.executeRecursively(NodeTestTask.java:138)
	at org.junit.platform.engine.support.hierarchical.NodeTestTask.execute(NodeTestTask.java:95)
	at java.base/java.util.ArrayList.forEach(ArrayList.java:1511)
	at org.junit.platform.engine.support.hierarchical.SameThreadHierarchicalTestExecutorService.invokeAll(SameThreadHierarchicalTestExecutorService.java:41)
	at org.junit.platform.engine.support.hierarchical.NodeTestTask.lambda$executeRecursively$6(NodeTestTask.java:155)
	at org.junit.platform.engine.support.hierarchical.ThrowableCollector.execute(ThrowableCollector.java:73)
	at org.junit.platform.engine.support.hierarchical.NodeTestTask.lambda$executeRecursively$8(NodeTestTask.java:141)
	at org.junit.platform.engine.support.hierarchical.Node.around(Node.java:137)
	at org.junit.platform.engine.support.hierarchical.NodeTestTask.lambda$executeRecursively$9(NodeTestTask.java:139)
	at org.junit.platform.engine.support.hierarchical.ThrowableCollector.execute(ThrowableCollector.java:73)
	at org.junit.platform.engine.support.hierarchical.NodeTestTask.executeRecursively(NodeTestTask.java:138)
	at org.junit.platform.engine.support.hierarchical.NodeTestTask.execute(NodeTestTask.java:95)
	at java.base/java.util.ArrayList.forEach(ArrayList.java:1511)
	at org.junit.platform.engine.support.hierarchical.SameThreadHierarchicalTestExecutorService.invokeAll(SameThreadHierarchicalTestExecutorService.java:41)
	at org.junit.platform.engine.support.hierarchical.NodeTestTask.lambda$executeRecursively$6(NodeTestTask.java:155)
	at org.junit.platform.engine.support.hierarchical.ThrowableCollector.execute(ThrowableCollector.java:73)
	at org.junit.platform.engine.support.hierarchical.NodeTestTask.lambda$executeRecursively$8(NodeTestTask.java:141)
	at org.junit.platform.engine.support.hierarchical.Node.around(Node.java:137)
	at org.junit.platform.engine.support.hierarchical.NodeTestTask.lambda$executeRecursively$9(NodeTestTask.java:139)
	at org.junit.platform.engine.support.hierarchical.ThrowableCollector.execute(ThrowableCollector.java:73)
	at org.junit.platform.engine.support.hierarchical.NodeTestTask.executeRecursively(NodeTestTask.java:138)
	at org.junit.platform.engine.support.hierarchical.NodeTestTask.execute(NodeTestTask.java:95)
	at org.junit.platform.engine.support.hierarchical.SameThreadHierarchicalTestExecutorService.submit(SameThreadHierarchicalTestExecutorService.java:35)
	at org.junit.platform.engine.support.hierarchical.HierarchicalTestExecutor.execute(HierarchicalTestExecutor.java:57)
	at org.junit.platform.engine.support.hierarchical.HierarchicalTestEngine.execute(HierarchicalTestEngine.java:54)
	at org.junit.platform.launcher.core.EngineExecutionOrchestrator.execute(EngineExecutionOrchestrator.java:107)
	at org.junit.platform.launcher.core.EngineExecutionOrchestrator.execute(EngineExecutionOrchestrator.java:88)
	at org.junit.platform.launcher.core.EngineExecutionOrchestrator.lambda$execute$0(EngineExecutionOrchestrator.java:54)
	at org.junit.platform.launcher.core.EngineExecutionOrchestrator.withInterceptedStreams(EngineExecutionOrchestrator.java:67)
	at org.junit.platform.launcher.core.EngineExecutionOrchestrator.execute(EngineExecutionOrchestrator.java:52)
	at org.junit.platform.launcher.core.DefaultLauncher.execute(DefaultLauncher.java:114)
	at org.junit.platform.launcher.core.DefaultLauncher.execute(DefaultLauncher.java:86)
	at org.junit.platform.launcher.core.DefaultLauncherSession$DelegatingLauncher.execute(DefaultLauncherSession.java:86)
	at org.junit.platform.launcher.core.SessionPerRequestLauncher.execute(SessionPerRequestLauncher.java:53)
	at org.gradle.api.internal.tasks.testing.junitplatform.JUnitPlatformTestClassProcessor$CollectAllTestClassesExecutor.processAllTestClasses(JUnitPlatformTestClassProcessor.java:99)
	at org.gradle.api.internal.tasks.testing.junitplatform.JUnitPlatformTestClassProcessor$CollectAllTestClassesExecutor.access$000(JUnitPlatformTestClassProcessor.java:79)
	at org.gradle.api.internal.tasks.testing.junitplatform.JUnitPlatformTestClassProcessor.stop(JUnitPlatformTestClassProcessor.java:75)
	at org.gradle.api.internal.tasks.testing.SuiteTestClassProcessor.stop(SuiteTestClassProcessor.java:62)
	at java.base/jdk.internal.reflect.NativeMethodAccessorImpl.invoke0(Native Method)
	at java.base/jdk.internal.reflect.NativeMethodAccessorImpl.invoke(NativeMethodAccessorImpl.java:77)
	at java.base/jdk.internal.reflect.DelegatingMethodAccessorImpl.invoke(DelegatingMethodAccessorImpl.java:43)
	at java.base/java.lang.reflect.Method.invoke(Method.java:568)
	at org.gradle.internal.dispatch.ReflectionDispatch.dispatch(ReflectionDispatch.java:36)
	at org.gradle.internal.dispatch.ReflectionDispatch.dispatch(ReflectionDispatch.java:24)
	at org.gradle.internal.dispatch.ContextClassLoaderDispatch.dispatch(ContextClassLoaderDispatch.java:33)
	at org.gradle.internal.dispatch.ProxyDispatchAdapter$DispatchingInvocationHandler.invoke(ProxyDispatchAdapter.java:94)
	at jdk.proxy1/jdk.proxy1.$Proxy2.stop(Unknown Source)
	at org.gradle.api.internal.tasks.testing.worker.TestWorker$3.run(TestWorker.java:193)
	at org.gradle.api.internal.tasks.testing.worker.TestWorker.executeAndMaintainThreadName(TestWorker.java:129)
	at org.gradle.api.internal.tasks.testing.worker.TestWorker.execute(TestWorker.java:100)
	at org.gradle.api.internal.tasks.testing.worker.TestWorker.execute(TestWorker.java:60)
	at org.gradle.process.internal.worker.child.ActionExecutionWorker.execute(ActionExecutionWorker.java:56)
	at org.gradle.process.internal.worker.child.SystemApplicationClassLoaderWorker.call(SystemApplicationClassLoaderWorker.java:113)
	at org.gradle.process.internal.worker.child.SystemApplicationClassLoaderWorker.call(SystemApplicationClassLoaderWorker.java:65)
	at worker.org.gradle.process.internal.worker.GradleWorkerMain.run(GradleWorkerMain.java:69)
	at worker.org.gradle.process.internal.worker.GradleWorkerMain.main(GradleWorkerMain.java:74)

4月 08, 2025 1:23:25 上午 org.junit.jupiter.engine.execution.ConditionEvaluator logResult
较详细: Evaluation of condition [org.junit.jupiter.engine.extension.DisabledCondition] on [class incometest.IncomeCommandParserTest] resulted in: ConditionEvaluationResult [enabled = true, reason = '@Disabled is not present']
4月 08, 2025 1:23:25 上午 org.junit.jupiter.engine.execution.ConditionEvaluator logResult
较详细: Evaluation of condition [org.junit.jupiter.engine.extension.DisabledCondition] on [void incometest.IncomeCommandParserTest.testParseTopAndBottomCommand()] resulted in: ConditionEvaluationResult [enabled = true, reason = '@Disabled is not present']
4月 08, 2025 1:23:25 上午 org.junit.jupiter.engine.execution.ConditionEvaluator logResult
较详细: Evaluation of condition [org.junit.jupiter.engine.extension.DisabledCondition] on [void incometest.IncomeCommandParserTest.testParseEditMissingFields()] resulted in: ConditionEvaluationResult [enabled = true, reason = '@Disabled is not present']
4月 08, 2025 1:23:25 上午 org.junit.jupiter.engine.execution.ConditionEvaluator logResult
较详细: Evaluation of condition [org.junit.jupiter.engine.extension.DisabledCondition] on [void incometest.IncomeCommandParserTest.testParseUnknownCommand()] resulted in: ConditionEvaluationResult [enabled = true, reason = '@Disabled is not present']
4月 08, 2025 1:23:25 上午 org.junit.jupiter.engine.execution.ConditionEvaluator logResult
较详细: Evaluation of condition [org.junit.jupiter.engine.extension.DisabledCondition] on [void incometest.IncomeCommandParserTest.testParseSortInvalidType()] resulted in: ConditionEvaluationResult [enabled = true, reason = '@Disabled is not present']
4月 08, 2025 1:23:25 上午 org.junit.jupiter.engine.execution.ConditionEvaluator logResult
较详细: Evaluation of condition [org.junit.jupiter.engine.extension.DisabledCondition] on [void incometest.IncomeCommandParserTest.testParseSortOldestCommand()] resulted in: ConditionEvaluationResult [enabled = true, reason = '@Disabled is not present']
4月 08, 2025 1:23:25 上午 org.junit.jupiter.engine.execution.ConditionEvaluator logResult
较详细: Evaluation of condition [org.junit.jupiter.engine.extension.DisabledCondition] on [void incometest.IncomeCommandParserTest.testParseAddCommandWithoutDate()] resulted in: ConditionEvaluationResult [enabled = true, reason = '@Disabled is not present']
4月 08, 2025 1:23:25 上午 org.junit.jupiter.engine.execution.ConditionEvaluator logResult
较详细: Evaluation of condition [org.junit.jupiter.engine.extension.DisabledCondition] on [void incometest.IncomeCommandParserTest.testParseSortRecentCommand()] resulted in: ConditionEvaluationResult [enabled = true, reason = '@Disabled is not present']
4月 08, 2025 1:23:25 上午 org.junit.jupiter.engine.execution.ConditionEvaluator logResult
较详细: Evaluation of condition [org.junit.jupiter.engine.extension.DisabledCondition] on [void incometest.IncomeCommandParserTest.testParseListCategoryMissingName()] resulted in: ConditionEvaluationResult [enabled = true, reason = '@Disabled is not present']
4月 08, 2025 1:23:25 上午 org.junit.jupiter.engine.execution.ConditionEvaluator logResult
较详细: Evaluation of condition [org.junit.jupiter.engine.extension.DisabledCondition] on [void incometest.IncomeCommandParserTest.testParseListCommand()] resulted in: ConditionEvaluationResult [enabled = true, reason = '@Disabled is not present']
4月 08, 2025 1:23:25 上午 org.junit.jupiter.engine.execution.ConditionEvaluator logResult
较详细: Evaluation of condition [org.junit.jupiter.engine.extension.DisabledCondition] on [void incometest.IncomeCommandParserTest.testParseInvalidAddCommandMissingAmount()] resulted in: ConditionEvaluationResult [enabled = true, reason = '@Disabled is not present']
4月 08, 2025 1:23:25 上午 org.junit.jupiter.engine.execution.ConditionEvaluator logResult
较详细: Evaluation of condition [org.junit.jupiter.engine.extension.DisabledCondition] on [void incometest.IncomeCommandParserTest.testParseHelpCommand()] resulted in: ConditionEvaluationResult [enabled = true, reason = '@Disabled is not present']
4月 08, 2025 1:23:25 上午 org.junit.jupiter.engine.execution.ConditionEvaluator logResult
较详细: Evaluation of condition [org.junit.jupiter.engine.extension.DisabledCondition] on [void incometest.IncomeCommandParserTest.testParseAddCommandWithDate()] resulted in: ConditionEvaluationResult [enabled = true, reason = '@Disabled is not present']
4月 08, 2025 1:23:25 上午 org.junit.jupiter.engine.execution.ConditionEvaluator logResult
较详细: Evaluation of condition [org.junit.jupiter.engine.extension.DisabledCondition] on [void incometest.IncomeCommandParserTest.testParseEditCommandWithDate()] resulted in: ConditionEvaluationResult [enabled = true, reason = '@Disabled is not present']
4月 08, 2025 1:23:25 上午 org.junit.jupiter.engine.execution.ConditionEvaluator logResult
较详细: Evaluation of condition [org.junit.jupiter.engine.extension.DisabledCondition] on [void incometest.IncomeCommandParserTest.testParseListCategoryCommand()] resulted in: ConditionEvaluationResult [enabled = true, reason = '@Disabled is not present']
4月 08, 2025 1:23:25 上午 org.junit.jupiter.engine.execution.ConditionEvaluator logResult
较详细: Evaluation of condition [org.junit.jupiter.engine.extension.DisabledCondition] on [void incometest.IncomeCommandParserTest.testParseAddCommandNegativeAmount()] resulted in: ConditionEvaluationResult [enabled = true, reason = '@Disabled is not present']
4月 08, 2025 1:23:25 上午 org.junit.jupiter.engine.execution.ConditionEvaluator logResult
较详细: Evaluation of condition [org.junit.jupiter.engine.extension.DisabledCondition] on [void incometest.IncomeCommandParserTest.testParseDeleteCommand()] resulted in: ConditionEvaluationResult [enabled = true, reason = '@Disabled is not present']
4月 08, 2025 1:23:25 上午 org.junit.jupiter.engine.execution.ConditionEvaluator logResult
较详细: Evaluation of condition [org.junit.jupiter.engine.extension.DisabledCondition] on [void incometest.IncomeCommandParserTest.testParseEditCommandWithoutDate()] resulted in: ConditionEvaluationResult [enabled = true, reason = '@Disabled is not present']
4月 08, 2025 1:23:25 上午 org.junit.jupiter.engine.execution.ConditionEvaluator logResult
较详细: Evaluation of condition [org.junit.jupiter.engine.extension.DisabledCondition] on [void incometest.IncomeCommandParserTest.testParseDeleteInvalidIndex()] resulted in: ConditionEvaluationResult [enabled = true, reason = '@Disabled is not present']
4月 08, 2025 1:23:25 上午 org.junit.jupiter.engine.extension.MutableExtensionRegistry registerExtension
较详细: Registering synthetic extension [org.junit.jupiter.engine.descriptor.ClassBasedTestDescriptor$$Lambda$317/0x000002468113b648@5d066c7d] from source [method incometest.IncomeCommandTestSuite.setUp]
4月 08, 2025 1:23:25 上午 org.junit.jupiter.engine.execution.ConditionEvaluator logResult
较详细: Evaluation of condition [org.junit.jupiter.engine.extension.DisabledCondition] on [class incometest.IncomeCommandTestSuite] resulted in: ConditionEvaluationResult [enabled = true, reason = '@Disabled is not present']
4月 08, 2025 1:23:25 上午 org.junit.jupiter.engine.execution.ConditionEvaluator logResult
较详细: Evaluation of condition [org.junit.jupiter.engine.extension.DisabledCondition] on [void incometest.IncomeCommandTestSuite.testAddIncomeCommandExecute()] resulted in: ConditionEvaluationResult [enabled = true, reason = '@Disabled is not present']
4月 08, 2025 2:04:10 上午 java.io.ObjectInputFilter$Config traceFilter
较详细: Builtin factory: null -> new: null
4月 08, 2025 2:06:50 上午 java.io.ObjectInputFilter$Config traceFilter
较详细: Builtin factory: null -> new: null
4月 08, 2025 2:10:03 上午 java.io.ObjectInputFilter$Config traceFilter
较详细: Builtin factory: null -> new: null
4月 08, 2025 2:14:20 上午 java.io.ObjectInputFilter$Config traceFilter
较详细: Builtin factory: null -> new: null
4月 08, 2025 2:18:05 上午 java.io.ObjectInputFilter$Config traceFilter
较详细: Builtin factory: null -> new: null
4月 08, 2025 2:44:13 上午 java.io.ObjectInputFilter$Config traceFilter
较详细: Builtin factory: null -> new: null
4月 08, 2025 2:44:59 上午 java.io.ObjectInputFilter$Config traceFilter
较详细: Builtin factory: null -> new: null
4月 08, 2025 2:48:38 上午 java.io.ObjectInputFilter$Config traceFilter
较详细: Builtin factory: null -> new: null
4月 08, 2025 2:50:51 上午 java.io.ObjectInputFilter$Config traceFilter
较详细: Builtin factory: null -> new: null
4月 08, 2025 2:52:07 上午 java.io.ObjectInputFilter$Config traceFilter
较详细: Builtin factory: null -> new: null

FINER: Builtin factory: null -> new: null
4月 08, 2025 1:09:56 上午 java.io.ObjectInputFilter$Config traceFilter
较详细: Builtin factory: null -> new: null
4月 08, 2025 1:13:12 上午 java.io.ObjectInputFilter$Config traceFilter
较详细: Builtin factory: null -> new: null
4月 08, 2025 1:21:42 上午 java.io.ObjectInputFilter$Config traceFilter
较详细: Builtin factory: null -> new: null
4月 08, 2025 1:22:25 上午 java.io.ObjectInputFilter$Config traceFilter
较详细: Builtin factory: null -> new: null
4月 08, 2025 1:23:40 上午 java.io.ObjectInputFilter$Config traceFilter
较详细: Builtin factory: null -> new: null
4月 08, 2025 1:24:13 上午 java.io.ObjectInputFilter$Config traceFilter
较详细: Builtin factory: null -> new: null
4月 08, 2025 1:25:43 上午 java.io.ObjectInputFilter$Config traceFilter
较详细: Builtin factory: null -> new: null
4月 08, 2025 1:33:57 上午 java.io.ObjectInputFilter$Config traceFilter
较详细: Builtin factory: null -> new: null
4月 08, 2025 1:39:46 上午 java.io.ObjectInputFilter$Config traceFilter
较详细: Builtin factory: null -> new: null
4月 08, 2025 1:40:29 上午 java.io.ObjectInputFilter$Config traceFilter
较详细: Builtin factory: null -> new: null
4月 08, 2025 1:41:53 上午 java.io.ObjectInputFilter$Config traceFilter
较详细: Builtin factory: null -> new: null
4月 08, 2025 1:44:24 上午 java.io.ObjectInputFilter$Config traceFilter
较详细: Builtin factory: null -> new: null
4月 08, 2025 2:01:17 上午 java.io.ObjectInputFilter$Config traceFilter
较详细: Builtin factory: null -> new: null
4月 08, 2025 2:02:32 上午 java.io.ObjectInputFilter$Config traceFilter
较详细: Builtin factory: null -> new: null
4月 08, 2025 2:04:01 上午 java.io.ObjectInputFilter$Config traceFilter
较详细: Builtin factory: null -> new: null
4月 08, 2025 2:23:37 上午 java.io.ObjectInputFilter$Config traceFilter
较详细: Builtin factory: null -> new: null
4月 08, 2025 2:38:14 上午 java.io.ObjectInputFilter$Config traceFilter
较详细: Builtin factory: null -> new: null
4月 08, 2025 2:38:26 上午 java.io.ObjectInputFilter$Config traceFilter
较详细: Builtin factory: null -> new: null
Apr 08, 2025 3:14:34 AM java.io.ObjectInputFilter$Config traceFilter
FINER: Builtin factory: null -> new: null
Apr 08, 2025 3:16:53 AM java.io.ObjectInputFilter$Config traceFilter
FINER: Builtin factory: null -> new: null
Apr 08, 2025 3:18:36 AM java.io.ObjectInputFilter$Config traceFilter
FINER: Builtin factory: null -> new: null
Apr 08, 2025 3:20:21 AM java.io.ObjectInputFilter$Config traceFilter
FINER: Builtin factory: null -> new: null
