Apr 07, 2025 10:50:51 PM org.junit.jupiter.engine.execution.ConditionEvaluator logResult
FINER: Evaluation of condition [org.junit.jupiter.engine.extension.DisabledCondition] on [void incometest.IncomeCommandTestSuite.testListIncomeCommandExecute()] resulted in: ConditionEvaluationResult [enabled = true, reason = '@Disabled is not present']
Apr 07, 2025 10:50:51 PM org.junit.jupiter.engine.execution.ConditionEvaluator logResult
FINER: Evaluation of condition [org.junit.jupiter.engine.extension.DisabledCondition] on [void incometest.IncomeCommandTestSuite.testSortIncomeCommandOldest()] resulted in: ConditionEvaluationResult [enabled = true, reason = '@Disabled is not present']
Apr 07, 2025 10:50:51 PM org.junit.jupiter.engine.execution.ConditionEvaluator logResult
FINER: Evaluation of condition [org.junit.jupiter.engine.extension.DisabledCondition] on [void incometest.IncomeCommandTestSuite.testHelpIncomeCommandExecute()] resulted in: ConditionEvaluationResult [enabled = true, reason = '@Disabled is not present']
Apr 07, 2025 10:50:51 PM org.junit.jupiter.engine.execution.ConditionEvaluator logResult
FINER: Evaluation of condition [org.junit.jupiter.engine.extension.DisabledCondition] on [void incometest.IncomeCommandTestSuite.testSortIncomeCommandRecent()] resulted in: ConditionEvaluationResult [enabled = true, reason = '@Disabled is not present']
Apr 07, 2025 10:50:51 PM org.junit.jupiter.engine.execution.ConditionEvaluator logResult
FINER: Evaluation of condition [org.junit.jupiter.engine.extension.DisabledCondition] on [void incometest.IncomeCommandTestSuite.testDeleteIncomeCommandExecute()] resulted in: ConditionEvaluationResult [enabled = true, reason = '@Disabled is not present']
Apr 07, 2025 10:50:51 PM org.junit.jupiter.engine.execution.ConditionEvaluator logResult
FINER: Evaluation of condition [org.junit.jupiter.engine.extension.DisabledCondition] on [void incometest.IncomeCommandTestSuite.testListCategoryIncomeCommandExecute()] resulted in: ConditionEvaluationResult [enabled = true, reason = '@Disabled is not present']
Apr 07, 2025 10:50:51 PM org.junit.jupiter.engine.execution.ConditionEvaluator logResult
FINER: Evaluation of condition [org.junit.jupiter.engine.extension.DisabledCondition] on [void incometest.IncomeCommandTestSuite.testBottomCategoryIncomeCommandExecute()] resulted in: ConditionEvaluationResult [enabled = true, reason = '@Disabled is not present']
Apr 07, 2025 10:50:51 PM org.junit.jupiter.engine.execution.ConditionEvaluator logResult
FINER: Evaluation of condition [org.junit.jupiter.engine.extension.DisabledCondition] on [void incometest.IncomeCommandTestSuite.testEditIncomeCommandExecute()] resulted in: ConditionEvaluationResult [enabled = true, reason = '@Disabled is not present']
Apr 07, 2025 10:50:51 PM org.junit.jupiter.engine.execution.ConditionEvaluator logResult
FINER: Evaluation of condition [org.junit.jupiter.engine.extension.DisabledCondition] on [void incometest.IncomeCommandTestSuite.testTopCategoryIncomeCommandExecute()] resulted in: ConditionEvaluationResult [enabled = true, reason = '@Disabled is not present']
Apr 07, 2025 10:50:51 PM org.junit.jupiter.engine.extension.MutableExtensionRegistry registerExtension
FINER: Registering synthetic extension [org.junit.jupiter.engine.descriptor.ClassBasedTestDescriptor$$Lambda$430/0x0000027e8111f5a8@15994b0b] from source [method budgettest.BudgetStatusTest.setup]
Apr 07, 2025 10:50:51 PM org.junit.jupiter.engine.execution.ConditionEvaluator logResult
FINER: Evaluation of condition [org.junit.jupiter.engine.extension.DisabledCondition] on [class budgettest.BudgetStatusTest] resulted in: ConditionEvaluationResult [enabled = true, reason = '@Disabled is not present']
Apr 07, 2025 10:50:51 PM org.junit.jupiter.engine.execution.ConditionEvaluator logResult
FINER: Evaluation of condition [org.junit.jupiter.engine.extension.DisabledCondition] on [public void budgettest.BudgetStatusTest.testBudgetStatusRemainsActiveIfNotExpired() throws budgetsaving.budget.exceptions.BudgetException] resulted in: ConditionEvaluationResult [enabled = true, reason = '@Disabled is not present']
Apr 07, 2025 10:50:51 PM org.junit.jupiter.engine.execution.ConditionEvaluator logResult
FINER: Evaluation of condition [org.junit.jupiter.engine.extension.DisabledCondition] on [public void budgettest.BudgetStatusTest.testNoCrashWhenBudgetIsNullInUpdateStatus()] resulted in: ConditionEvaluationResult [enabled = true, reason = '@Disabled is not present']
Apr 07, 2025 10:50:51 PM org.junit.jupiter.engine.execution.ConditionEvaluator logResult
FINER: Evaluation of condition [org.junit.jupiter.engine.extension.DisabledCondition] on [public void budgettest.BudgetStatusTest.testBudgetStatusChangesToExpiredIfPastEndDate() throws budgetsaving.budget.exceptions.BudgetException] resulted in: ConditionEvaluationResult [enabled = true, reason = '@Disabled is not present']
Apr 07, 2025 10:50:51 PM org.junit.jupiter.engine.execution.ConditionEvaluator logResult
FINER: Evaluation of condition [org.junit.jupiter.engine.extension.DisabledCondition] on [class utiltest.parsertests.InterestParserTest] resulted in: ConditionEvaluationResult [enabled = true, reason = '@Disabled is not present']
Apr 07, 2025 10:50:51 PM org.junit.jupiter.engine.execution.ConditionEvaluator logResult
FINER: Evaluation of condition [org.junit.jupiter.engine.extension.DisabledCondition] on [public void utiltest.parsertests.InterestParserTest.testOne()] resulted in: ConditionEvaluationResult [enabled = true, reason = '@Disabled is not present']
Apr 07, 2025 10:50:51 PM org.junit.jupiter.engine.extension.MutableExtensionRegistry registerExtension
FINER: Registering synthetic extension [org.junit.jupiter.engine.descriptor.ClassBasedTestDescriptor$$Lambda$430/0x0000027e8111f5a8@3a5e2525] from source [method budgettest.BudgetListTest.setup]
Apr 07, 2025 10:50:51 PM org.junit.jupiter.engine.execution.ConditionEvaluator logResult
FINER: Evaluation of condition [org.junit.jupiter.engine.extension.DisabledCondition] on [class budgettest.BudgetListTest] resulted in: ConditionEvaluationResult [enabled = true, reason = '@Disabled is not present']
Apr 07, 2025 10:50:51 PM org.junit.jupiter.engine.execution.ConditionEvaluator logResult
FINER: Evaluation of condition [org.junit.jupiter.engine.extension.DisabledCondition] on [public void budgettest.BudgetListTest.testUnknownCommand()] resulted in: ConditionEvaluationResult [enabled = true, reason = '@Disabled is not present']
Apr 07, 2025 10:50:51 PM org.junit.jupiter.engine.execution.ConditionEvaluator logResult
FINER: Evaluation of condition [org.junit.jupiter.engine.extension.DisabledCondition] on [public void budgettest.BudgetListTest.testDeductFromBudget()] resulted in: ConditionEvaluationResult [enabled = true, reason = '@Disabled is not present']
Apr 07, 2025 10:50:51 PM org.junit.jupiter.engine.execution.ConditionEvaluator logResult
FINER: Evaluation of condition [org.junit.jupiter.engine.extension.DisabledCondition] on [public void budgettest.BudgetListTest.testCheckBudget()] resulted in: ConditionEvaluationResult [enabled = true, reason = '@Disabled is not present']
Apr 07, 2025 10:50:51 PM org.junit.jupiter.engine.execution.ConditionEvaluator logResult
FINER: Evaluation of condition [org.junit.jupiter.engine.extension.DisabledCondition] on [public void budgettest.BudgetListTest.testAddNewBudget() throws budgetsaving.budget.exceptions.BudgetException] resulted in: ConditionEvaluationResult [enabled = true, reason = '@Disabled is not present']
Apr 07, 2025 10:50:51 PM org.junit.jupiter.engine.execution.ConditionEvaluator logResult
FINER: Evaluation of condition [org.junit.jupiter.engine.extension.DisabledCondition] on [public void budgettest.BudgetListTest.testListBudgets()] resulted in: ConditionEvaluationResult [enabled = true, reason = '@Disabled is not present']
Apr 07, 2025 10:50:51 PM org.junit.jupiter.engine.execution.ConditionEvaluator logResult
FINER: Evaluation of condition [org.junit.jupiter.engine.extension.DisabledCondition] on [public void budgettest.BudgetListTest.testModifyBudgetInBudgetList() throws budgetsaving.budget.exceptions.BudgetException] resulted in: ConditionEvaluationResult [enabled = true, reason = '@Disabled is not present']
Apr 07, 2025 10:50:51 PM org.junit.jupiter.engine.execution.ConditionEvaluator logResult
FINER: Evaluation of condition [org.junit.jupiter.engine.extension.DisabledCondition] on [public void budgettest.BudgetListTest.testSetCommandViaGeneralCommand()] resulted in: ConditionEvaluationResult [enabled = true, reason = '@Disabled is not present']
Apr 07, 2025 10:50:52 PM org.junit.jupiter.engine.execution.ConditionEvaluator logResult
FINER: Evaluation of condition [org.junit.jupiter.engine.extension.DisabledCondition] on [public void budgettest.BudgetListTest.testSetBudget()] resulted in: ConditionEvaluationResult [enabled = true, reason = '@Disabled is not present']
Apr 07, 2025 10:50:52 PM org.junit.jupiter.engine.execution.ConditionEvaluator logResult
FINER: Evaluation of condition [org.junit.jupiter.engine.extension.DisabledCondition] on [public void budgettest.BudgetListTest.testCurrencyGetterSetter()] resulted in: ConditionEvaluationResult [enabled = true, reason = '@Disabled is not present']
Apr 07, 2025 10:50:52 PM org.junit.jupiter.engine.execution.ConditionEvaluator logResult
FINER: Evaluation of condition [org.junit.jupiter.engine.extension.DisabledCondition] on [public void budgettest.BudgetListTest.testGetBudget()] resulted in: ConditionEvaluationResult [enabled = true, reason = '@Disabled is not present']
Apr 07, 2025 10:50:52 PM org.junit.jupiter.engine.extension.MutableExtensionRegistry registerExtension
FINER: Registering synthetic extension [org.junit.jupiter.engine.descriptor.ClassBasedTestDescriptor$$Lambda$430/0x0000027e8111f5a8@5ee77baf] from source [method expensetest.ExpenseManagerTest.setUp]
Apr 07, 2025 10:50:52 PM org.junit.jupiter.engine.execution.ConditionEvaluator logResult
FINER: Evaluation of condition [org.junit.jupiter.engine.extension.DisabledCondition] on [class expensetest.ExpenseManagerTest] resulted in: ConditionEvaluationResult [enabled = true, reason = '@Disabled is not present']
Apr 07, 2025 10:50:52 PM org.junit.jupiter.engine.execution.ConditionEvaluator logResult
FINER: Evaluation of condition [org.junit.jupiter.engine.extension.DisabledCondition] on [void expensetest.ExpenseManagerTest.testDeleteExpenseInvalidIndex()] resulted in: ConditionEvaluationResult [enabled = true, reason = '@Disabled is not present']
Apr 07, 2025 11:03:53 PM expenseincome.income.IncomeManager addIncome
INFO: Added income: Salary - USD 3000.00 on 2025-03-26 [Category: Job]
Apr 07, 2025 11:03:53 PM org.junit.jupiter.engine.execution.ConditionEvaluator logResult
FINER: Evaluation of condition [org.junit.jupiter.engine.extension.DisabledCondition] on [void incometest.IncomeCommandTestSuite.testListIncomeCommandExecute()] resulted in: ConditionEvaluationResult [enabled = true, reason = '@Disabled is not present']
Apr 07, 2025 11:03:53 PM expenseincome.income.IncomeManager addIncome
INFO: Added income: Allowance - USD 100.00 on 2025-04-07 [Category: Personal]
Apr 07, 2025 11:03:53 PM org.junit.jupiter.engine.execution.ConditionEvaluator logResult
FINER: Evaluation of condition [org.junit.jupiter.engine.extension.DisabledCondition] on [void incometest.IncomeCommandTestSuite.testSortIncomeCommandOldest()] resulted in: ConditionEvaluationResult [enabled = true, reason = '@Disabled is not present']
Apr 07, 2025 11:03:53 PM expenseincome.income.IncomeManager addIncome
INFO: Added income: X - USD 1.00 on 2025-03-10 [Category: Job]
Apr 07, 2025 11:03:53 PM expenseincome.income.IncomeManager addIncome
INFO: Added income: Y - USD 1.00 on 2022-03-10 [Category: Job]
Apr 07, 2025 11:03:53 PM org.junit.jupiter.engine.execution.ConditionEvaluator logResult
FINER: Evaluation of condition [org.junit.jupiter.engine.extension.DisabledCondition] on [void incometest.IncomeCommandTestSuite.testHelpIncomeCommandExecute()] resulted in: ConditionEvaluationResult [enabled = true, reason = '@Disabled is not present']
Apr 07, 2025 11:03:53 PM org.junit.jupiter.engine.execution.ConditionEvaluator logResult
FINER: Evaluation of condition [org.junit.jupiter.engine.extension.DisabledCondition] on [void incometest.IncomeCommandTestSuite.testSortIncomeCommandRecent()] resulted in: ConditionEvaluationResult [enabled = true, reason = '@Disabled is not present']
Apr 07, 2025 11:03:53 PM expenseincome.income.IncomeManager addIncome
INFO: Added income: A - USD 1.00 on 2023-01-01 [Category: Misc]
Apr 07, 2025 11:03:53 PM expenseincome.income.IncomeManager addIncome
INFO: Added income: B - USD 2.00 on 2025-01-01 [Category: Misc]
Apr 07, 2025 11:03:53 PM org.junit.jupiter.engine.execution.ConditionEvaluator logResult
FINER: Evaluation of condition [org.junit.jupiter.engine.extension.DisabledCondition] on [void incometest.IncomeCommandTestSuite.testDeleteIncomeCommandExecute()] resulted in: ConditionEvaluationResult [enabled = true, reason = '@Disabled is not present']
Apr 07, 2025 11:03:53 PM expenseincome.income.IncomeManager addIncome
INFO: Added income: Bonus - USD 500.00 on 2025-04-07 [Category: Job]
Apr 07, 2025 11:03:53 PM expenseincome.income.IncomeManager deleteIncome
INFO: Deleted income: Bonus - USD 500.00 on 2025-04-07 [Category: Job]
Apr 07, 2025 11:03:53 PM org.junit.jupiter.engine.execution.ConditionEvaluator logResult
FINER: Evaluation of condition [org.junit.jupiter.engine.extension.DisabledCondition] on [void incometest.IncomeCommandTestSuite.testListCategoryIncomeCommandExecute()] resulted in: ConditionEvaluationResult [enabled = true, reason = '@Disabled is not present']
Apr 07, 2025 11:03:53 PM expenseincome.income.IncomeManager addIncome
INFO: Added income: Part-time - USD 800.00 on 2025-04-07 [Category: Work]
Apr 07, 2025 11:03:53 PM org.junit.jupiter.engine.execution.ConditionEvaluator logResult
FINER: Evaluation of condition [org.junit.jupiter.engine.extension.DisabledCondition] on [void incometest.IncomeCommandTestSuite.testBottomCategoryIncomeCommandExecute()] resulted in: ConditionEvaluationResult [enabled = true, reason = '@Disabled is not present']
Apr 07, 2025 11:03:53 PM expenseincome.income.IncomeManager addIncome
INFO: Added income: Paycheck - USD 3000.00 on 2025-04-07 [Category: Job]
Apr 07, 2025 11:03:53 PM expenseincome.income.IncomeManager addIncome
INFO: Added income: Freelance - USD 200.00 on 2025-04-07 [Category: Freelance]
Apr 07, 2025 11:03:53 PM org.junit.jupiter.engine.execution.ConditionEvaluator logResult
FINER: Evaluation of condition [org.junit.jupiter.engine.extension.DisabledCondition] on [void incometest.IncomeCommandTestSuite.testEditIncomeCommandExecute()] resulted in: ConditionEvaluationResult [enabled = true, reason = '@Disabled is not present']
Apr 07, 2025 11:03:53 PM expenseincome.income.IncomeManager addIncome
INFO: Added income: Gift - USD 100.00 on 2025-04-07 [Category: Gift]
Apr 07, 2025 11:03:53 PM expenseincome.income.IncomeManager editIncome
INFO: Updated income: Investment - USD 200.00 on 2025-03-27 [Category: Finance]
Apr 07, 2025 11:03:53 PM org.junit.jupiter.engine.execution.ConditionEvaluator logResult
FINER: Evaluation of condition [org.junit.jupiter.engine.extension.DisabledCondition] on [void incometest.IncomeCommandTestSuite.testTopCategoryIncomeCommandExecute()] resulted in: ConditionEvaluationResult [enabled = true, reason = '@Disabled is not present']
Apr 07, 2025 11:03:53 PM expenseincome.income.IncomeManager addIncome
INFO: Added income: Paycheck - USD 3000.00 on 2025-04-07 [Category: Job]
Apr 07, 2025 11:03:53 PM expenseincome.income.IncomeManager addIncome
INFO: Added income: Freelance - USD 2000.00 on 2025-04-07 [Category: Freelance]
Apr 07, 2025 11:03:53 PM expenseincome.income.IncomeManager addIncome
INFO: Added income: Bonus - USD 1000.00 on 2025-04-07 [Category: Job]
Apr 07, 2025 11:03:53 PM org.junit.jupiter.engine.extension.MutableExtensionRegistry registerExtension
FINER: Registering synthetic extension [org.junit.jupiter.engine.descriptor.ClassBasedTestDescriptor$$Lambda$430/0x000001bd0811f340@2353354a] from source [method budgettest.BudgetStatusTest.setup]
Apr 07, 2025 11:03:53 PM org.junit.jupiter.engine.execution.ConditionEvaluator logResult
FINER: Evaluation of condition [org.junit.jupiter.engine.extension.DisabledCondition] on [class budgettest.BudgetStatusTest] resulted in: ConditionEvaluationResult [enabled = true, reason = '@Disabled is not present']
Apr 07, 2025 11:03:53 PM org.junit.jupiter.engine.execution.ConditionEvaluator logResult
FINER: Evaluation of condition [org.junit.jupiter.engine.extension.DisabledCondition] on [public void budgettest.BudgetStatusTest.testBudgetStatusRemainsActiveIfNotExpired() throws budgetsaving.budget.exceptions.BudgetException] resulted in: ConditionEvaluationResult [enabled = true, reason = '@Disabled is not present']
Apr 07, 2025 11:03:53 PM org.junit.jupiter.engine.execution.ConditionEvaluator logResult
FINER: Evaluation of condition [org.junit.jupiter.engine.extension.DisabledCondition] on [public void budgettest.BudgetStatusTest.testNoCrashWhenBudgetIsNullInUpdateStatus()] resulted in: ConditionEvaluationResult [enabled = true, reason = '@Disabled is not present']
Apr 07, 2025 11:03:53 PM org.junit.jupiter.engine.execution.ConditionEvaluator logResult
FINER: Evaluation of condition [org.junit.jupiter.engine.extension.DisabledCondition] on [public void budgettest.BudgetStatusTest.testBudgetStatusChangesToExpiredIfPastEndDate() throws budgetsaving.budget.exceptions.BudgetException] resulted in: ConditionEvaluationResult [enabled = true, reason = '@Disabled is not present']
Apr 07, 2025 11:03:53 PM org.junit.jupiter.engine.execution.ConditionEvaluator logResult
FINER: Evaluation of condition [org.junit.jupiter.engine.extension.DisabledCondition] on [class utiltest.parsertests.InterestParserTest] resulted in: ConditionEvaluationResult [enabled = true, reason = '@Disabled is not present']
Apr 07, 2025 11:03:53 PM org.junit.jupiter.engine.execution.ConditionEvaluator logResult
FINER: Evaluation of condition [org.junit.jupiter.engine.extension.DisabledCondition] on [public void utiltest.parsertests.InterestParserTest.testOne()] resulted in: ConditionEvaluationResult [enabled = true, reason = '@Disabled is not present']
Apr 07, 2025 11:03:53 PM org.junit.jupiter.engine.extension.MutableExtensionRegistry registerExtension
FINER: Registering synthetic extension [org.junit.jupiter.engine.descriptor.ClassBasedTestDescriptor$$Lambda$430/0x000001bd0811f340@2565a7d0] from source [method budgettest.BudgetListTest.setup]
Apr 07, 2025 11:03:53 PM org.junit.jupiter.engine.execution.ConditionEvaluator logResult
FINER: Evaluation of condition [org.junit.jupiter.engine.extension.DisabledCondition] on [class budgettest.BudgetListTest] resulted in: ConditionEvaluationResult [enabled = true, reason = '@Disabled is not present']
Apr 07, 2025 11:03:53 PM org.junit.jupiter.engine.execution.ConditionEvaluator logResult
FINER: Evaluation of condition [org.junit.jupiter.engine.extension.DisabledCondition] on [public void budgettest.BudgetListTest.testUnknownCommand()] resulted in: ConditionEvaluationResult [enabled = true, reason = '@Disabled is not present']
Apr 07, 2025 11:03:53 PM org.junit.jupiter.engine.execution.ConditionEvaluator logResult
FINER: Evaluation of condition [org.junit.jupiter.engine.extension.DisabledCondition] on [public void budgettest.BudgetListTest.testDeductFromBudget()] resulted in: ConditionEvaluationResult [enabled = true, reason = '@Disabled is not present']
Apr 07, 2025 11:03:53 PM org.junit.jupiter.engine.execution.ConditionEvaluator logResult
FINER: Evaluation of condition [org.junit.jupiter.engine.extension.DisabledCondition] on [public void budgettest.BudgetListTest.testCheckBudget()] resulted in: ConditionEvaluationResult [enabled = true, reason = '@Disabled is not present']
Apr 07, 2025 11:03:53 PM org.junit.jupiter.engine.execution.ConditionEvaluator logResult
FINER: Evaluation of condition [org.junit.jupiter.engine.extension.DisabledCondition] on [public void budgettest.BudgetListTest.testAddNewBudget() throws budgetsaving.budget.exceptions.BudgetException] resulted in: ConditionEvaluationResult [enabled = true, reason = '@Disabled is not present']
Apr 07, 2025 11:03:53 PM org.junit.jupiter.engine.execution.ConditionEvaluator logResult
FINER: Evaluation of condition [org.junit.jupiter.engine.extension.DisabledCondition] on [public void budgettest.BudgetListTest.testListBudgets()] resulted in: ConditionEvaluationResult [enabled = true, reason = '@Disabled is not present']
Apr 07, 2025 11:03:53 PM org.junit.jupiter.engine.execution.ConditionEvaluator logResult
FINER: Evaluation of condition [org.junit.jupiter.engine.extension.DisabledCondition] on [public void budgettest.BudgetListTest.testModifyBudgetInBudgetList() throws budgetsaving.budget.exceptions.BudgetException] resulted in: ConditionEvaluationResult [enabled = true, reason = '@Disabled is not present']
Apr 07, 2025 11:03:53 PM org.junit.jupiter.engine.execution.ConditionEvaluator logResult
FINER: Evaluation of condition [org.junit.jupiter.engine.extension.DisabledCondition] on [public void budgettest.BudgetListTest.testSetCommandViaGeneralCommand()] resulted in: ConditionEvaluationResult [enabled = true, reason = '@Disabled is not present']
Apr 07, 2025 11:03:53 PM org.junit.jupiter.engine.execution.ConditionEvaluator logResult
FINER: Evaluation of condition [org.junit.jupiter.engine.extension.DisabledCondition] on [public void budgettest.BudgetListTest.testSetBudget()] resulted in: ConditionEvaluationResult [enabled = true, reason = '@Disabled is not present']
Apr 07, 2025 11:03:53 PM org.junit.jupiter.engine.execution.ConditionEvaluator logResult
FINER: Evaluation of condition [org.junit.jupiter.engine.extension.DisabledCondition] on [public void budgettest.BudgetListTest.testCurrencyGetterSetter()] resulted in: ConditionEvaluationResult [enabled = true, reason = '@Disabled is not present']
Apr 07, 2025 11:03:53 PM org.junit.jupiter.engine.execution.ConditionEvaluator logResult
FINER: Evaluation of condition [org.junit.jupiter.engine.extension.DisabledCondition] on [public void budgettest.BudgetListTest.testGetBudget()] resulted in: ConditionEvaluationResult [enabled = true, reason = '@Disabled is not present']
Apr 07, 2025 11:03:53 PM org.junit.jupiter.engine.extension.MutableExtensionRegistry registerExtension
FINER: Registering synthetic extension [org.junit.jupiter.engine.descriptor.ClassBasedTestDescriptor$$Lambda$430/0x000001bd0811f340@60ed0b9d] from source [method expensetest.ExpenseManagerTest.setUp]
Apr 07, 2025 11:03:53 PM org.junit.jupiter.engine.execution.ConditionEvaluator logResult
FINER: Evaluation of condition [org.junit.jupiter.engine.extension.DisabledCondition] on [class expensetest.ExpenseManagerTest] resulted in: ConditionEvaluationResult [enabled = true, reason = '@Disabled is not present']
Apr 07, 2025 11:03:53 PM org.junit.jupiter.engine.execution.ConditionEvaluator logResult
FINER: Evaluation of condition [org.junit.jupiter.engine.extension.DisabledCondition] on [void expensetest.ExpenseManagerTest.testDeleteExpenseInvalidIndex()] resulted in: ConditionEvaluationResult [enabled = true, reason = '@Disabled is not present']
Apr 07, 2025 11:11:36 PM expenseincome.income.IncomeManager addIncome
INFO: Added income: Salary - USD 3000.00 on 2025-03-26 [Category: Job]
Apr 07, 2025 11:11:36 PM org.junit.jupiter.engine.execution.ConditionEvaluator logResult
FINER: Evaluation of condition [org.junit.jupiter.engine.extension.DisabledCondition] on [void incometest.IncomeCommandTestSuite.testListIncomeCommandExecute()] resulted in: ConditionEvaluationResult [enabled = true, reason = '@Disabled is not present']
Apr 07, 2025 11:11:36 PM expenseincome.income.IncomeManager addIncome
INFO: Added income: Allowance - USD 100.00 on 2025-04-07 [Category: Personal]
Apr 07, 2025 11:11:36 PM org.junit.jupiter.engine.execution.ConditionEvaluator logResult
FINER: Evaluation of condition [org.junit.jupiter.engine.extension.DisabledCondition] on [void incometest.IncomeCommandTestSuite.testSortIncomeCommandOldest()] resulted in: ConditionEvaluationResult [enabled = true, reason = '@Disabled is not present']
Apr 07, 2025 11:11:36 PM expenseincome.income.IncomeManager addIncome
INFO: Added income: X - USD 1.00 on 2025-03-10 [Category: Job]
Apr 07, 2025 11:11:36 PM expenseincome.income.IncomeManager addIncome
INFO: Added income: Y - USD 1.00 on 2022-03-10 [Category: Job]
Apr 07, 2025 11:11:36 PM org.junit.jupiter.engine.execution.ConditionEvaluator logResult
FINER: Evaluation of condition [org.junit.jupiter.engine.extension.DisabledCondition] on [void incometest.IncomeCommandTestSuite.testHelpIncomeCommandExecute()] resulted in: ConditionEvaluationResult [enabled = true, reason = '@Disabled is not present']
Apr 07, 2025 11:11:36 PM org.junit.jupiter.engine.execution.ConditionEvaluator logResult
FINER: Evaluation of condition [org.junit.jupiter.engine.extension.DisabledCondition] on [void incometest.IncomeCommandTestSuite.testSortIncomeCommandRecent()] resulted in: ConditionEvaluationResult [enabled = true, reason = '@Disabled is not present']
Apr 07, 2025 11:11:36 PM expenseincome.income.IncomeManager addIncome
INFO: Added income: A - USD 1.00 on 2023-01-01 [Category: Misc]
Apr 07, 2025 11:11:36 PM expenseincome.income.IncomeManager addIncome
INFO: Added income: B - USD 2.00 on 2025-01-01 [Category: Misc]
Apr 07, 2025 11:11:36 PM org.junit.jupiter.engine.execution.ConditionEvaluator logResult
FINER: Evaluation of condition [org.junit.jupiter.engine.extension.DisabledCondition] on [void incometest.IncomeCommandTestSuite.testDeleteIncomeCommandExecute()] resulted in: ConditionEvaluationResult [enabled = true, reason = '@Disabled is not present']
Apr 07, 2025 11:11:36 PM expenseincome.income.IncomeManager addIncome
INFO: Added income: Bonus - USD 500.00 on 2025-04-07 [Category: Job]
Apr 07, 2025 11:11:36 PM expenseincome.income.IncomeManager deleteIncome
INFO: Deleted income: Bonus - USD 500.00 on 2025-04-07 [Category: Job]
Apr 07, 2025 11:11:36 PM org.junit.jupiter.engine.execution.ConditionEvaluator logResult
FINER: Evaluation of condition [org.junit.jupiter.engine.extension.DisabledCondition] on [void incometest.IncomeCommandTestSuite.testListCategoryIncomeCommandExecute()] resulted in: ConditionEvaluationResult [enabled = true, reason = '@Disabled is not present']
Apr 07, 2025 11:11:36 PM expenseincome.income.IncomeManager addIncome
INFO: Added income: Part-time - USD 800.00 on 2025-04-07 [Category: Work]
Apr 07, 2025 11:11:36 PM org.junit.jupiter.engine.execution.ConditionEvaluator logResult
FINER: Evaluation of condition [org.junit.jupiter.engine.extension.DisabledCondition] on [void incometest.IncomeCommandTestSuite.testBottomCategoryIncomeCommandExecute()] resulted in: ConditionEvaluationResult [enabled = true, reason = '@Disabled is not present']
Apr 07, 2025 11:11:36 PM expenseincome.income.IncomeManager addIncome
INFO: Added income: Paycheck - USD 3000.00 on 2025-04-07 [Category: Job]
Apr 07, 2025 11:11:36 PM expenseincome.income.IncomeManager addIncome
INFO: Added income: Freelance - USD 200.00 on 2025-04-07 [Category: Freelance]
Apr 07, 2025 11:11:36 PM org.junit.jupiter.engine.execution.ConditionEvaluator logResult
FINER: Evaluation of condition [org.junit.jupiter.engine.extension.DisabledCondition] on [void incometest.IncomeCommandTestSuite.testEditIncomeCommandExecute()] resulted in: ConditionEvaluationResult [enabled = true, reason = '@Disabled is not present']
Apr 07, 2025 11:11:36 PM expenseincome.income.IncomeManager addIncome
INFO: Added income: Gift - USD 100.00 on 2025-04-07 [Category: Gift]
Apr 07, 2025 11:11:36 PM expenseincome.income.IncomeManager editIncome
INFO: Updated income: Investment - USD 200.00 on 2025-03-27 [Category: Finance]
Apr 07, 2025 11:11:36 PM org.junit.jupiter.engine.execution.ConditionEvaluator logResult
FINER: Evaluation of condition [org.junit.jupiter.engine.extension.DisabledCondition] on [void incometest.IncomeCommandTestSuite.testTopCategoryIncomeCommandExecute()] resulted in: ConditionEvaluationResult [enabled = true, reason = '@Disabled is not present']
Apr 07, 2025 11:11:36 PM expenseincome.income.IncomeManager addIncome
INFO: Added income: Paycheck - USD 3000.00 on 2025-04-07 [Category: Job]
Apr 07, 2025 11:11:36 PM expenseincome.income.IncomeManager addIncome
INFO: Added income: Freelance - USD 2000.00 on 2025-04-07 [Category: Freelance]
Apr 07, 2025 11:11:36 PM expenseincome.income.IncomeManager addIncome
INFO: Added income: Bonus - USD 1000.00 on 2025-04-07 [Category: Job]
Apr 07, 2025 11:11:36 PM org.junit.jupiter.engine.extension.MutableExtensionRegistry registerExtension
FINER: Registering synthetic extension [org.junit.jupiter.engine.descriptor.ClassBasedTestDescriptor$$Lambda$430/0x000002011a11d850@356b6b5d] from source [method budgettest.BudgetStatusTest.setup]
Apr 07, 2025 11:11:36 PM org.junit.jupiter.engine.execution.ConditionEvaluator logResult
FINER: Evaluation of condition [org.junit.jupiter.engine.extension.DisabledCondition] on [class budgettest.BudgetStatusTest] resulted in: ConditionEvaluationResult [enabled = true, reason = '@Disabled is not present']
Apr 07, 2025 11:11:36 PM org.junit.jupiter.engine.execution.ConditionEvaluator logResult
FINER: Evaluation of condition [org.junit.jupiter.engine.extension.DisabledCondition] on [public void budgettest.BudgetStatusTest.testBudgetStatusRemainsActiveIfNotExpired() throws budgetsaving.budget.exceptions.BudgetException] resulted in: ConditionEvaluationResult [enabled = true, reason = '@Disabled is not present']
Apr 07, 2025 11:11:36 PM org.junit.jupiter.engine.execution.ConditionEvaluator logResult
FINER: Evaluation of condition [org.junit.jupiter.engine.extension.DisabledCondition] on [public void budgettest.BudgetStatusTest.testNoCrashWhenBudgetIsNullInUpdateStatus()] resulted in: ConditionEvaluationResult [enabled = true, reason = '@Disabled is not present']
Apr 07, 2025 11:11:36 PM org.junit.jupiter.engine.execution.ConditionEvaluator logResult
FINER: Evaluation of condition [org.junit.jupiter.engine.extension.DisabledCondition] on [public void budgettest.BudgetStatusTest.testBudgetStatusChangesToExpiredIfPastEndDate() throws budgetsaving.budget.exceptions.BudgetException] resulted in: ConditionEvaluationResult [enabled = true, reason = '@Disabled is not present']
Apr 07, 2025 11:11:36 PM org.junit.jupiter.engine.execution.ConditionEvaluator logResult
FINER: Evaluation of condition [org.junit.jupiter.engine.extension.DisabledCondition] on [class utiltest.parsertests.InterestParserTest] resulted in: ConditionEvaluationResult [enabled = true, reason = '@Disabled is not present']
Apr 07, 2025 11:11:36 PM org.junit.jupiter.engine.execution.ConditionEvaluator logResult
FINER: Evaluation of condition [org.junit.jupiter.engine.extension.DisabledCondition] on [public void utiltest.parsertests.InterestParserTest.testOne()] resulted in: ConditionEvaluationResult [enabled = true, reason = '@Disabled is not present']
Apr 07, 2025 11:11:36 PM org.junit.jupiter.engine.extension.MutableExtensionRegistry registerExtension
FINER: Registering synthetic extension [org.junit.jupiter.engine.descriptor.ClassBasedTestDescriptor$$Lambda$430/0x000002011a11d850@46b5f061] from source [method budgettest.BudgetListTest.setup]
Apr 07, 2025 11:11:36 PM org.junit.jupiter.engine.execution.ConditionEvaluator logResult
FINER: Evaluation of condition [org.junit.jupiter.engine.extension.DisabledCondition] on [class budgettest.BudgetListTest] resulted in: ConditionEvaluationResult [enabled = true, reason = '@Disabled is not present']
Apr 07, 2025 11:11:36 PM org.junit.jupiter.engine.execution.ConditionEvaluator logResult
FINER: Evaluation of condition [org.junit.jupiter.engine.extension.DisabledCondition] on [public void budgettest.BudgetListTest.testUnknownCommand()] resulted in: ConditionEvaluationResult [enabled = true, reason = '@Disabled is not present']
Apr 07, 2025 11:11:36 PM org.junit.jupiter.engine.execution.ConditionEvaluator logResult
FINER: Evaluation of condition [org.junit.jupiter.engine.extension.DisabledCondition] on [public void budgettest.BudgetListTest.testDeductFromBudget()] resulted in: ConditionEvaluationResult [enabled = true, reason = '@Disabled is not present']
Apr 07, 2025 11:11:36 PM org.junit.jupiter.engine.execution.ConditionEvaluator logResult
FINER: Evaluation of condition [org.junit.jupiter.engine.extension.DisabledCondition] on [public void budgettest.BudgetListTest.testCheckBudget()] resulted in: ConditionEvaluationResult [enabled = true, reason = '@Disabled is not present']
Apr 07, 2025 11:11:36 PM org.junit.jupiter.engine.execution.ConditionEvaluator logResult
FINER: Evaluation of condition [org.junit.jupiter.engine.extension.DisabledCondition] on [public void budgettest.BudgetListTest.testAddNewBudget() throws budgetsaving.budget.exceptions.BudgetException] resulted in: ConditionEvaluationResult [enabled = true, reason = '@Disabled is not present']
Apr 07, 2025 11:11:36 PM org.junit.jupiter.engine.execution.ConditionEvaluator logResult
FINER: Evaluation of condition [org.junit.jupiter.engine.extension.DisabledCondition] on [public void budgettest.BudgetListTest.testListBudgets()] resulted in: ConditionEvaluationResult [enabled = true, reason = '@Disabled is not present']
Apr 07, 2025 11:11:36 PM org.junit.jupiter.engine.execution.ConditionEvaluator logResult
FINER: Evaluation of condition [org.junit.jupiter.engine.extension.DisabledCondition] on [public void budgettest.BudgetListTest.testModifyBudgetInBudgetList() throws budgetsaving.budget.exceptions.BudgetException] resulted in: ConditionEvaluationResult [enabled = true, reason = '@Disabled is not present']
Apr 07, 2025 11:11:36 PM org.junit.jupiter.engine.execution.ConditionEvaluator logResult
FINER: Evaluation of condition [org.junit.jupiter.engine.extension.DisabledCondition] on [public void budgettest.BudgetListTest.testSetCommandViaGeneralCommand()] resulted in: ConditionEvaluationResult [enabled = true, reason = '@Disabled is not present']
Apr 07, 2025 11:11:36 PM org.junit.jupiter.engine.execution.ConditionEvaluator logResult
FINER: Evaluation of condition [org.junit.jupiter.engine.extension.DisabledCondition] on [public void budgettest.BudgetListTest.testSetBudget()] resulted in: ConditionEvaluationResult [enabled = true, reason = '@Disabled is not present']
Apr 07, 2025 11:11:36 PM org.junit.jupiter.engine.execution.ConditionEvaluator logResult
FINER: Evaluation of condition [org.junit.jupiter.engine.extension.DisabledCondition] on [public void budgettest.BudgetListTest.testCurrencyGetterSetter()] resulted in: ConditionEvaluationResult [enabled = true, reason = '@Disabled is not present']
Apr 07, 2025 11:11:36 PM org.junit.jupiter.engine.execution.ConditionEvaluator logResult
FINER: Evaluation of condition [org.junit.jupiter.engine.extension.DisabledCondition] on [public void budgettest.BudgetListTest.testGetBudget()] resulted in: ConditionEvaluationResult [enabled = true, reason = '@Disabled is not present']
Apr 07, 2025 11:11:36 PM org.junit.jupiter.engine.extension.MutableExtensionRegistry registerExtension
FINER: Registering synthetic extension [org.junit.jupiter.engine.descriptor.ClassBasedTestDescriptor$$Lambda$430/0x000002011a11d850@2b35c7aa] from source [method expensetest.ExpenseManagerTest.setUp]
Apr 07, 2025 11:11:36 PM org.junit.jupiter.engine.execution.ConditionEvaluator logResult
FINER: Evaluation of condition [org.junit.jupiter.engine.extension.DisabledCondition] on [class expensetest.ExpenseManagerTest] resulted in: ConditionEvaluationResult [enabled = true, reason = '@Disabled is not present']
Apr 07, 2025 11:11:36 PM org.junit.jupiter.engine.execution.ConditionEvaluator logResult
FINER: Evaluation of condition [org.junit.jupiter.engine.extension.DisabledCondition] on [void expensetest.ExpenseManagerTest.testDeleteExpenseInvalidIndex()] resulted in: ConditionEvaluationResult [enabled = true, reason = '@Disabled is not present']
Apr 07, 2025 11:22:11 PM java.io.ObjectInputFilter$Config traceFilter
FINER: Builtin factory: null -> new: null
4月 08, 2025 12:18:13 上午 java.io.ObjectInputFilter$Config traceFilter
较详细: Builtin factory: null -> new: null
4月 08, 2025 12:21:04 上午 java.io.ObjectInputFilter$Config traceFilter
较详细: Builtin factory: null -> new: null
4月 08, 2025 1:21:35 上午 expenseincome.income.IncomeManager addIncome
信息: Added income: Salary - USD 3000.00 on 2025-03-26 [Category: Job]
4月 08, 2025 1:21:35 上午 org.junit.jupiter.engine.execution.ConditionEvaluator logResult
较详细: Evaluation of condition [org.junit.jupiter.engine.extension.DisabledCondition] on [void incometest.IncomeCommandTestSuite.testListIncomeCommandExecute()] resulted in: ConditionEvaluationResult [enabled = true, reason = '@Disabled is not present']
4月 08, 2025 1:21:35 上午 expenseincome.income.IncomeManager addIncome
信息: Added income: Allowance - USD 100.00 on 2025-04-08 [Category: Personal]
4月 08, 2025 1:21:35 上午 org.junit.jupiter.engine.execution.ConditionEvaluator logResult
较详细: Evaluation of condition [org.junit.jupiter.engine.extension.DisabledCondition] on [void incometest.IncomeCommandTestSuite.testSortIncomeCommandOldest()] resulted in: ConditionEvaluationResult [enabled = true, reason = '@Disabled is not present']
4月 08, 2025 1:21:35 上午 expenseincome.income.IncomeManager addIncome
信息: Added income: X - USD 1.00 on 2025-03-10 [Category: Job]
4月 08, 2025 1:21:35 上午 expenseincome.income.IncomeManager addIncome
信息: Added income: Y - USD 1.00 on 2022-03-10 [Category: Job]
4月 08, 2025 1:21:35 上午 org.junit.jupiter.engine.execution.ConditionEvaluator logResult
较详细: Evaluation of condition [org.junit.jupiter.engine.extension.DisabledCondition] on [void incometest.IncomeCommandTestSuite.testHelpIncomeCommandExecute()] resulted in: ConditionEvaluationResult [enabled = true, reason = '@Disabled is not present']
4月 08, 2025 1:21:35 上午 org.junit.jupiter.engine.execution.ConditionEvaluator logResult
较详细: Evaluation of condition [org.junit.jupiter.engine.extension.DisabledCondition] on [void incometest.IncomeCommandTestSuite.testSortIncomeCommandRecent()] resulted in: ConditionEvaluationResult [enabled = true, reason = '@Disabled is not present']
4月 08, 2025 1:21:35 上午 expenseincome.income.IncomeManager addIncome
信息: Added income: A - USD 1.00 on 2023-01-01 [Category: Misc]
4月 08, 2025 1:21:35 上午 expenseincome.income.IncomeManager addIncome
信息: Added income: B - USD 2.00 on 2025-01-01 [Category: Misc]
4月 08, 2025 1:21:35 上午 org.junit.jupiter.engine.execution.ConditionEvaluator logResult
较详细: Evaluation of condition [org.junit.jupiter.engine.extension.DisabledCondition] on [void incometest.IncomeCommandTestSuite.testDeleteIncomeCommandExecute()] resulted in: ConditionEvaluationResult [enabled = true, reason = '@Disabled is not present']
4月 08, 2025 1:21:35 上午 expenseincome.income.IncomeManager addIncome
信息: Added income: Bonus - USD 500.00 on 2025-04-08 [Category: Job]
4月 08, 2025 1:21:35 上午 expenseincome.income.IncomeManager deleteIncome
信息: Deleted income: Bonus - USD 500.00 on 2025-04-08 [Category: Job]
4月 08, 2025 1:21:35 上午 org.junit.jupiter.engine.execution.ConditionEvaluator logResult
较详细: Evaluation of condition [org.junit.jupiter.engine.extension.DisabledCondition] on [void incometest.IncomeCommandTestSuite.testListCategoryIncomeCommandExecute()] resulted in: ConditionEvaluationResult [enabled = true, reason = '@Disabled is not present']
4月 08, 2025 1:21:35 上午 expenseincome.income.IncomeManager addIncome
信息: Added income: Part-time - USD 800.00 on 2025-04-08 [Category: Work]
4月 08, 2025 1:21:35 上午 org.junit.jupiter.engine.execution.ConditionEvaluator logResult
较详细: Evaluation of condition [org.junit.jupiter.engine.extension.DisabledCondition] on [void incometest.IncomeCommandTestSuite.testBottomCategoryIncomeCommandExecute()] resulted in: ConditionEvaluationResult [enabled = true, reason = '@Disabled is not present']
4月 08, 2025 1:21:35 上午 expenseincome.income.IncomeManager addIncome
信息: Added income: Paycheck - USD 3000.00 on 2025-04-08 [Category: Job]
4月 08, 2025 1:21:35 上午 expenseincome.income.IncomeManager addIncome
信息: Added income: Freelance - USD 200.00 on 2025-04-08 [Category: Freelance]
4月 08, 2025 1:21:35 上午 org.junit.jupiter.engine.execution.ConditionEvaluator logResult
较详细: Evaluation of condition [org.junit.jupiter.engine.extension.DisabledCondition] on [void incometest.IncomeCommandTestSuite.testEditIncomeCommandExecute()] resulted in: ConditionEvaluationResult [enabled = true, reason = '@Disabled is not present']
4月 08, 2025 1:21:35 上午 expenseincome.income.IncomeManager addIncome
信息: Added income: Gift - USD 100.00 on 2025-04-08 [Category: Gift]
4月 08, 2025 1:21:35 上午 expenseincome.income.IncomeManager editIncome
信息: Updated income: Investment - USD 200.00 on 2025-03-27 [Category: Finance]
4月 08, 2025 1:21:35 上午 org.junit.jupiter.engine.execution.ConditionEvaluator logResult
较详细: Evaluation of condition [org.junit.jupiter.engine.extension.DisabledCondition] on [void incometest.IncomeCommandTestSuite.testTopCategoryIncomeCommandExecute()] resulted in: ConditionEvaluationResult [enabled = true, reason = '@Disabled is not present']
4月 08, 2025 1:21:35 上午 expenseincome.income.IncomeManager addIncome
信息: Added income: Paycheck - USD 3000.00 on 2025-04-08 [Category: Job]
4月 08, 2025 1:21:35 上午 expenseincome.income.IncomeManager addIncome
信息: Added income: Freelance - USD 2000.00 on 2025-04-08 [Category: Freelance]
4月 08, 2025 1:21:35 上午 expenseincome.income.IncomeManager addIncome
信息: Added income: Bonus - USD 1000.00 on 2025-04-08 [Category: Job]
4月 08, 2025 1:21:35 上午 org.junit.jupiter.engine.extension.MutableExtensionRegistry registerExtension
较详细: Registering synthetic extension [org.junit.jupiter.engine.descriptor.ClassBasedTestDescriptor$$Lambda$323/0x000001c981152d48@4117e0c9] from source [method incometest.IncomeHandleTest.setUp]
4月 08, 2025 1:21:35 上午 org.junit.jupiter.engine.execution.ConditionEvaluator logResult
较详细: Evaluation of condition [org.junit.jupiter.engine.extension.DisabledCondition] on [class incometest.IncomeHandleTest] resulted in: ConditionEvaluationResult [enabled = true, reason = '@Disabled is not present']
4月 08, 2025 1:21:35 上午 org.junit.jupiter.engine.execution.ConditionEvaluator logResult
较详细: Evaluation of condition [org.junit.jupiter.engine.extension.DisabledCondition] on [public void incometest.IncomeHandleTest.testHandleIncomeCommand_addAndExit()] resulted in: ConditionEvaluationResult [enabled = true, reason = '@Disabled is not present']
4月 08, 2025 1:21:35 上午 expenseincome.income.IncomeManager addIncome
信息: Added income: Salary - USD 5000.00 on 2025-04-01 [Category: Job]
4月 08, 2025 1:21:35 上午 org.junit.jupiter.engine.extension.MutableExtensionRegistry registerExtension
较详细: Registering synthetic extension [org.junit.jupiter.engine.descriptor.ClassBasedTestDescriptor$$Lambda$323/0x000001c981152d48@4e9d1119] from source [method incometest.IncomeManagerTest.setUp]
4月 08, 2025 1:21:35 上午 org.junit.jupiter.engine.execution.ConditionEvaluator logResult
较详细: Evaluation of condition [org.junit.jupiter.engine.extension.DisabledCondition] on [class incometest.IncomeManagerTest] resulted in: ConditionEvaluationResult [enabled = true, reason = '@Disabled is not present']
4月 08, 2025 1:21:35 上午 org.junit.jupiter.engine.execution.ConditionEvaluator logResult
较详细: Evaluation of condition [org.junit.jupiter.engine.extension.DisabledCondition] on [void incometest.IncomeManagerTest.testEditIncomeInvalidIndex()] resulted in: ConditionEvaluationResult [enabled = true, reason = '@Disabled is not present']
4月 08, 2025 1:21:35 上午 expenseincome.income.IncomeManager editIncome
警告: Failed to edit income
expenseincome.income.exceptions.IncomeException: No incomes to delete. Your list is empty.
	at expenseincome.income.IncomeManager.validateIndex(IncomeManager.java:265)
	at expenseincome.income.IncomeManager.editIncome(IncomeManager.java:126)
	at incometest.IncomeManagerTest.testEditIncomeInvalidIndex(IncomeManagerTest.java:104)
	at java.base/jdk.internal.reflect.NativeMethodAccessorImpl.invoke0(Native Method)
	at java.base/jdk.internal.reflect.NativeMethodAccessorImpl.invoke(NativeMethodAccessorImpl.java:77)
	at java.base/jdk.internal.reflect.DelegatingMethodAccessorImpl.invoke(DelegatingMethodAccessorImpl.java:43)
	at java.base/java.lang.reflect.Method.invoke(Method.java:568)
	at org.junit.platform.commons.util.ReflectionUtils.invokeMethod(ReflectionUtils.java:728)
	at org.junit.jupiter.engine.execution.MethodInvocation.proceed(MethodInvocation.java:60)
	at org.junit.jupiter.engine.execution.InvocationInterceptorChain$ValidatingInvocation.proceed(InvocationInterceptorChain.java:131)
	at org.junit.jupiter.engine.extension.TimeoutExtension.intercept(TimeoutExtension.java:156)
	at org.junit.jupiter.engine.extension.TimeoutExtension.interceptTestableMethod(TimeoutExtension.java:147)
	at org.junit.jupiter.engine.extension.TimeoutExtension.interceptTestMethod(TimeoutExtension.java:86)
	at org.junit.jupiter.engine.execution.InterceptingExecutableInvoker$ReflectiveInterceptorCall.lambda$ofVoidMethod$0(InterceptingExecutableInvoker.java:103)
	at org.junit.jupiter.engine.execution.InterceptingExecutableInvoker.lambda$invoke$0(InterceptingExecutableInvoker.java:93)
	at org.junit.jupiter.engine.execution.InvocationInterceptorChain$InterceptedInvocation.proceed(InvocationInterceptorChain.java:106)
	at org.junit.jupiter.engine.execution.InvocationInterceptorChain.proceed(InvocationInterceptorChain.java:64)
	at org.junit.jupiter.engine.execution.InvocationInterceptorChain.chainAndInvoke(InvocationInterceptorChain.java:45)
	at org.junit.jupiter.engine.execution.InvocationInterceptorChain.invoke(InvocationInterceptorChain.java:37)
	at org.junit.jupiter.engine.execution.InterceptingExecutableInvoker.invoke(InterceptingExecutableInvoker.java:92)
	at org.junit.jupiter.engine.execution.InterceptingExecutableInvoker.invoke(InterceptingExecutableInvoker.java:86)
	at org.junit.jupiter.engine.descriptor.TestMethodTestDescriptor.lambda$invokeTestMethod$7(TestMethodTestDescriptor.java:218)
	at org.junit.platform.engine.support.hierarchical.ThrowableCollector.execute(ThrowableCollector.java:73)
	at org.junit.jupiter.engine.descriptor.TestMethodTestDescriptor.invokeTestMethod(TestMethodTestDescriptor.java:214)
	at org.junit.jupiter.engine.descriptor.TestMethodTestDescriptor.execute(TestMethodTestDescriptor.java:139)
	at org.junit.jupiter.engine.descriptor.TestMethodTestDescriptor.execute(TestMethodTestDescriptor.java:69)
	at org.junit.platform.engine.support.hierarchical.NodeTestTask.lambda$executeRecursively$6(NodeTestTask.java:151)
	at org.junit.platform.engine.support.hierarchical.ThrowableCollector.execute(ThrowableCollector.java:73)
	at org.junit.platform.engine.support.hierarchical.NodeTestTask.lambda$executeRecursively$8(NodeTestTask.java:141)
	at org.junit.platform.engine.support.hierarchical.Node.around(Node.java:137)
	at org.junit.platform.engine.support.hierarchical.NodeTestTask.lambda$executeRecursively$9(NodeTestTask.java:139)
	at org.junit.platform.engine.support.hierarchical.ThrowableCollector.execute(ThrowableCollector.java:73)
	at org.junit.platform.engine.support.hierarchical.NodeTestTask.executeRecursively(NodeTestTask.java:138)
	at org.junit.platform.engine.support.hierarchical.NodeTestTask.execute(NodeTestTask.java:95)
	at java.base/java.util.ArrayList.forEach(ArrayList.java:1511)
	at org.junit.platform.engine.support.hierarchical.SameThreadHierarchicalTestExecutorService.invokeAll(SameThreadHierarchicalTestExecutorService.java:41)
	at org.junit.platform.engine.support.hierarchical.NodeTestTask.lambda$executeRecursively$6(NodeTestTask.java:155)
	at org.junit.platform.engine.support.hierarchical.ThrowableCollector.execute(ThrowableCollector.java:73)
	at org.junit.platform.engine.support.hierarchical.NodeTestTask.lambda$executeRecursively$8(NodeTestTask.java:141)
	at org.junit.platform.engine.support.hierarchical.Node.around(Node.java:137)
	at org.junit.platform.engine.support.hierarchical.NodeTestTask.lambda$executeRecursively$9(NodeTestTask.java:139)
	at org.junit.platform.engine.support.hierarchical.ThrowableCollector.execute(ThrowableCollector.java:73)
	at org.junit.platform.engine.support.hierarchical.NodeTestTask.executeRecursively(NodeTestTask.java:138)
	at org.junit.platform.engine.support.hierarchical.NodeTestTask.execute(NodeTestTask.java:95)
	at java.base/java.util.ArrayList.forEach(ArrayList.java:1511)
	at org.junit.platform.engine.support.hierarchical.SameThreadHierarchicalTestExecutorService.invokeAll(SameThreadHierarchicalTestExecutorService.java:41)
	at org.junit.platform.engine.support.hierarchical.NodeTestTask.lambda$executeRecursively$6(NodeTestTask.java:155)
	at org.junit.platform.engine.support.hierarchical.ThrowableCollector.execute(ThrowableCollector.java:73)
	at org.junit.platform.engine.support.hierarchical.NodeTestTask.lambda$executeRecursively$8(NodeTestTask.java:141)
	at org.junit.platform.engine.support.hierarchical.Node.around(Node.java:137)
	at org.junit.platform.engine.support.hierarchical.NodeTestTask.lambda$executeRecursively$9(NodeTestTask.java:139)
	at org.junit.platform.engine.support.hierarchical.ThrowableCollector.execute(ThrowableCollector.java:73)
	at org.junit.platform.engine.support.hierarchical.NodeTestTask.executeRecursively(NodeTestTask.java:138)
	at org.junit.platform.engine.support.hierarchical.NodeTestTask.execute(NodeTestTask.java:95)
	at org.junit.platform.engine.support.hierarchical.SameThreadHierarchicalTestExecutorService.submit(SameThreadHierarchicalTestExecutorService.java:35)
	at org.junit.platform.engine.support.hierarchical.HierarchicalTestExecutor.execute(HierarchicalTestExecutor.java:57)
	at org.junit.platform.engine.support.hierarchical.HierarchicalTestEngine.execute(HierarchicalTestEngine.java:54)
	at org.junit.platform.launcher.core.EngineExecutionOrchestrator.execute(EngineExecutionOrchestrator.java:107)
	at org.junit.platform.launcher.core.EngineExecutionOrchestrator.execute(EngineExecutionOrchestrator.java:88)
	at org.junit.platform.launcher.core.EngineExecutionOrchestrator.lambda$execute$0(EngineExecutionOrchestrator.java:54)
	at org.junit.platform.launcher.core.EngineExecutionOrchestrator.withInterceptedStreams(EngineExecutionOrchestrator.java:67)
	at org.junit.platform.launcher.core.EngineExecutionOrchestrator.execute(EngineExecutionOrchestrator.java:52)
	at org.junit.platform.launcher.core.DefaultLauncher.execute(DefaultLauncher.java:114)
	at org.junit.platform.launcher.core.DefaultLauncher.execute(DefaultLauncher.java:86)
	at org.junit.platform.launcher.core.DefaultLauncherSession$DelegatingLauncher.execute(DefaultLauncherSession.java:86)
	at org.junit.platform.launcher.core.SessionPerRequestLauncher.execute(SessionPerRequestLauncher.java:53)
	at org.gradle.api.internal.tasks.testing.junitplatform.JUnitPlatformTestClassProcessor$CollectAllTestClassesExecutor.processAllTestClasses(JUnitPlatformTestClassProcessor.java:99)
	at org.gradle.api.internal.tasks.testing.junitplatform.JUnitPlatformTestClassProcessor$CollectAllTestClassesExecutor.access$000(JUnitPlatformTestClassProcessor.java:79)
	at org.gradle.api.internal.tasks.testing.junitplatform.JUnitPlatformTestClassProcessor.stop(JUnitPlatformTestClassProcessor.java:75)
	at org.gradle.api.internal.tasks.testing.SuiteTestClassProcessor.stop(SuiteTestClassProcessor.java:62)
	at java.base/jdk.internal.reflect.NativeMethodAccessorImpl.invoke0(Native Method)
	at java.base/jdk.internal.reflect.NativeMethodAccessorImpl.invoke(NativeMethodAccessorImpl.java:77)
	at java.base/jdk.internal.reflect.DelegatingMethodAccessorImpl.invoke(DelegatingMethodAccessorImpl.java:43)
	at java.base/java.lang.reflect.Method.invoke(Method.java:568)
	at org.gradle.internal.dispatch.ReflectionDispatch.dispatch(ReflectionDispatch.java:36)
	at org.gradle.internal.dispatch.ReflectionDispatch.dispatch(ReflectionDispatch.java:24)
	at org.gradle.internal.dispatch.ContextClassLoaderDispatch.dispatch(ContextClassLoaderDispatch.java:33)
	at org.gradle.internal.dispatch.ProxyDispatchAdapter$DispatchingInvocationHandler.invoke(ProxyDispatchAdapter.java:94)
	at jdk.proxy1/jdk.proxy1.$Proxy2.stop(Unknown Source)
	at org.gradle.api.internal.tasks.testing.worker.TestWorker$3.run(TestWorker.java:193)
	at org.gradle.api.internal.tasks.testing.worker.TestWorker.executeAndMaintainThreadName(TestWorker.java:129)
	at org.gradle.api.internal.tasks.testing.worker.TestWorker.execute(TestWorker.java:100)
	at org.gradle.api.internal.tasks.testing.worker.TestWorker.execute(TestWorker.java:60)
	at org.gradle.process.internal.worker.child.ActionExecutionWorker.execute(ActionExecutionWorker.java:56)
	at org.gradle.process.internal.worker.child.SystemApplicationClassLoaderWorker.call(SystemApplicationClassLoaderWorker.java:113)
	at org.gradle.process.internal.worker.child.SystemApplicationClassLoaderWorker.call(SystemApplicationClassLoaderWorker.java:65)
	at worker.org.gradle.process.internal.worker.GradleWorkerMain.run(GradleWorkerMain.java:69)
	at worker.org.gradle.process.internal.worker.GradleWorkerMain.main(GradleWorkerMain.java:74)

4月 08, 2025 1:21:35 上午 org.junit.jupiter.engine.execution.ConditionEvaluator logResult
较详细: Evaluation of condition [org.junit.jupiter.engine.extension.DisabledCondition] on [void incometest.IncomeManagerTest.testAddIncomeZeroAmount()] resulted in: ConditionEvaluationResult [enabled = true, reason = '@Disabled is not present']
4月 08, 2025 1:21:35 上午 expenseincome.income.IncomeManager addIncome
警告: Failed to add income
expenseincome.income.exceptions.IncomeException: Amount must be greater than zero.
	at expenseincome.income.IncomeManager.validateIncomeDetails(IncomeManager.java:277)
	at expenseincome.income.IncomeManager.addIncome(IncomeManager.java:102)
	at incometest.IncomeManagerTest.testAddIncomeZeroAmount(IncomeManagerTest.java:60)
	at java.base/jdk.internal.reflect.NativeMethodAccessorImpl.invoke0(Native Method)
	at java.base/jdk.internal.reflect.NativeMethodAccessorImpl.invoke(NativeMethodAccessorImpl.java:77)
	at java.base/jdk.internal.reflect.DelegatingMethodAccessorImpl.invoke(DelegatingMethodAccessorImpl.java:43)
	at java.base/java.lang.reflect.Method.invoke(Method.java:568)
	at org.junit.platform.commons.util.ReflectionUtils.invokeMethod(ReflectionUtils.java:728)
	at org.junit.jupiter.engine.execution.MethodInvocation.proceed(MethodInvocation.java:60)
	at org.junit.jupiter.engine.execution.InvocationInterceptorChain$ValidatingInvocation.proceed(InvocationInterceptorChain.java:131)
	at org.junit.jupiter.engine.extension.TimeoutExtension.intercept(TimeoutExtension.java:156)
	at org.junit.jupiter.engine.extension.TimeoutExtension.interceptTestableMethod(TimeoutExtension.java:147)
	at org.junit.jupiter.engine.extension.TimeoutExtension.interceptTestMethod(TimeoutExtension.java:86)
	at org.junit.jupiter.engine.execution.InterceptingExecutableInvoker$ReflectiveInterceptorCall.lambda$ofVoidMethod$0(InterceptingExecutableInvoker.java:103)
	at org.junit.jupiter.engine.execution.InterceptingExecutableInvoker.lambda$invoke$0(InterceptingExecutableInvoker.java:93)
	at org.junit.jupiter.engine.execution.InvocationInterceptorChain$InterceptedInvocation.proceed(InvocationInterceptorChain.java:106)
	at org.junit.jupiter.engine.execution.InvocationInterceptorChain.proceed(InvocationInterceptorChain.java:64)
	at org.junit.jupiter.engine.execution.InvocationInterceptorChain.chainAndInvoke(InvocationInterceptorChain.java:45)
	at org.junit.jupiter.engine.execution.InvocationInterceptorChain.invoke(InvocationInterceptorChain.java:37)
	at org.junit.jupiter.engine.execution.InterceptingExecutableInvoker.invoke(InterceptingExecutableInvoker.java:92)
	at org.junit.jupiter.engine.execution.InterceptingExecutableInvoker.invoke(InterceptingExecutableInvoker.java:86)
	at org.junit.jupiter.engine.descriptor.TestMethodTestDescriptor.lambda$invokeTestMethod$7(TestMethodTestDescriptor.java:218)
	at org.junit.platform.engine.support.hierarchical.ThrowableCollector.execute(ThrowableCollector.java:73)
	at org.junit.jupiter.engine.descriptor.TestMethodTestDescriptor.invokeTestMethod(TestMethodTestDescriptor.java:214)
	at org.junit.jupiter.engine.descriptor.TestMethodTestDescriptor.execute(TestMethodTestDescriptor.java:139)
	at org.junit.jupiter.engine.descriptor.TestMethodTestDescriptor.execute(TestMethodTestDescriptor.java:69)
	at org.junit.platform.engine.support.hierarchical.NodeTestTask.lambda$executeRecursively$6(NodeTestTask.java:151)
	at org.junit.platform.engine.support.hierarchical.ThrowableCollector.execute(ThrowableCollector.java:73)
	at org.junit.platform.engine.support.hierarchical.NodeTestTask.lambda$executeRecursively$8(NodeTestTask.java:141)
	at org.junit.platform.engine.support.hierarchical.Node.around(Node.java:137)
	at org.junit.platform.engine.support.hierarchical.NodeTestTask.lambda$executeRecursively$9(NodeTestTask.java:139)
	at org.junit.platform.engine.support.hierarchical.ThrowableCollector.execute(ThrowableCollector.java:73)
	at org.junit.platform.engine.support.hierarchical.NodeTestTask.executeRecursively(NodeTestTask.java:138)
	at org.junit.platform.engine.support.hierarchical.NodeTestTask.execute(NodeTestTask.java:95)
	at java.base/java.util.ArrayList.forEach(ArrayList.java:1511)
	at org.junit.platform.engine.support.hierarchical.SameThreadHierarchicalTestExecutorService.invokeAll(SameThreadHierarchicalTestExecutorService.java:41)
	at org.junit.platform.engine.support.hierarchical.NodeTestTask.lambda$executeRecursively$6(NodeTestTask.java:155)
	at org.junit.platform.engine.support.hierarchical.ThrowableCollector.execute(ThrowableCollector.java:73)
	at org.junit.platform.engine.support.hierarchical.NodeTestTask.lambda$executeRecursively$8(NodeTestTask.java:141)
	at org.junit.platform.engine.support.hierarchical.Node.around(Node.java:137)
	at org.junit.platform.engine.support.hierarchical.NodeTestTask.lambda$executeRecursively$9(NodeTestTask.java:139)
	at org.junit.platform.engine.support.hierarchical.ThrowableCollector.execute(ThrowableCollector.java:73)
	at org.junit.platform.engine.support.hierarchical.NodeTestTask.executeRecursively(NodeTestTask.java:138)
	at org.junit.platform.engine.support.hierarchical.NodeTestTask.execute(NodeTestTask.java:95)
	at java.base/java.util.ArrayList.forEach(ArrayList.java:1511)
	at org.junit.platform.engine.support.hierarchical.SameThreadHierarchicalTestExecutorService.invokeAll(SameThreadHierarchicalTestExecutorService.java:41)
	at org.junit.platform.engine.support.hierarchical.NodeTestTask.lambda$executeRecursively$6(NodeTestTask.java:155)
	at org.junit.platform.engine.support.hierarchical.ThrowableCollector.execute(ThrowableCollector.java:73)
	at org.junit.platform.engine.support.hierarchical.NodeTestTask.lambda$executeRecursively$8(NodeTestTask.java:141)
	at org.junit.platform.engine.support.hierarchical.Node.around(Node.java:137)
	at org.junit.platform.engine.support.hierarchical.NodeTestTask.lambda$executeRecursively$9(NodeTestTask.java:139)
	at org.junit.platform.engine.support.hierarchical.ThrowableCollector.execute(ThrowableCollector.java:73)
	at org.junit.platform.engine.support.hierarchical.NodeTestTask.executeRecursively(NodeTestTask.java:138)
	at org.junit.platform.engine.support.hierarchical.NodeTestTask.execute(NodeTestTask.java:95)
	at org.junit.platform.engine.support.hierarchical.SameThreadHierarchicalTestExecutorService.submit(SameThreadHierarchicalTestExecutorService.java:35)
	at org.junit.platform.engine.support.hierarchical.HierarchicalTestExecutor.execute(HierarchicalTestExecutor.java:57)
	at org.junit.platform.engine.support.hierarchical.HierarchicalTestEngine.execute(HierarchicalTestEngine.java:54)
	at org.junit.platform.launcher.core.EngineExecutionOrchestrator.execute(EngineExecutionOrchestrator.java:107)
	at org.junit.platform.launcher.core.EngineExecutionOrchestrator.execute(EngineExecutionOrchestrator.java:88)
	at org.junit.platform.launcher.core.EngineExecutionOrchestrator.lambda$execute$0(EngineExecutionOrchestrator.java:54)
	at org.junit.platform.launcher.core.EngineExecutionOrchestrator.withInterceptedStreams(EngineExecutionOrchestrator.java:67)
	at org.junit.platform.launcher.core.EngineExecutionOrchestrator.execute(EngineExecutionOrchestrator.java:52)
	at org.junit.platform.launcher.core.DefaultLauncher.execute(DefaultLauncher.java:114)
	at org.junit.platform.launcher.core.DefaultLauncher.execute(DefaultLauncher.java:86)
	at org.junit.platform.launcher.core.DefaultLauncherSession$DelegatingLauncher.execute(DefaultLauncherSession.java:86)
	at org.junit.platform.launcher.core.SessionPerRequestLauncher.execute(SessionPerRequestLauncher.java:53)
	at org.gradle.api.internal.tasks.testing.junitplatform.JUnitPlatformTestClassProcessor$CollectAllTestClassesExecutor.processAllTestClasses(JUnitPlatformTestClassProcessor.java:99)
	at org.gradle.api.internal.tasks.testing.junitplatform.JUnitPlatformTestClassProcessor$CollectAllTestClassesExecutor.access$000(JUnitPlatformTestClassProcessor.java:79)
	at org.gradle.api.internal.tasks.testing.junitplatform.JUnitPlatformTestClassProcessor.stop(JUnitPlatformTestClassProcessor.java:75)
	at org.gradle.api.internal.tasks.testing.SuiteTestClassProcessor.stop(SuiteTestClassProcessor.java:62)
	at java.base/jdk.internal.reflect.NativeMethodAccessorImpl.invoke0(Native Method)
	at java.base/jdk.internal.reflect.NativeMethodAccessorImpl.invoke(NativeMethodAccessorImpl.java:77)
	at java.base/jdk.internal.reflect.DelegatingMethodAccessorImpl.invoke(DelegatingMethodAccessorImpl.java:43)
	at java.base/java.lang.reflect.Method.invoke(Method.java:568)
	at org.gradle.internal.dispatch.ReflectionDispatch.dispatch(ReflectionDispatch.java:36)
	at org.gradle.internal.dispatch.ReflectionDispatch.dispatch(ReflectionDispatch.java:24)
	at org.gradle.internal.dispatch.ContextClassLoaderDispatch.dispatch(ContextClassLoaderDispatch.java:33)
	at org.gradle.internal.dispatch.ProxyDispatchAdapter$DispatchingInvocationHandler.invoke(ProxyDispatchAdapter.java:94)
	at jdk.proxy1/jdk.proxy1.$Proxy2.stop(Unknown Source)
	at org.gradle.api.internal.tasks.testing.worker.TestWorker$3.run(TestWorker.java:193)
	at org.gradle.api.internal.tasks.testing.worker.TestWorker.executeAndMaintainThreadName(TestWorker.java:129)
	at org.gradle.api.internal.tasks.testing.worker.TestWorker.execute(TestWorker.java:100)
	at org.gradle.api.internal.tasks.testing.worker.TestWorker.execute(TestWorker.java:60)
	at org.gradle.process.internal.worker.child.ActionExecutionWorker.execute(ActionExecutionWorker.java:56)
	at org.gradle.process.internal.worker.child.SystemApplicationClassLoaderWorker.call(SystemApplicationClassLoaderWorker.java:113)
	at org.gradle.process.internal.worker.child.SystemApplicationClassLoaderWorker.call(SystemApplicationClassLoaderWorker.java:65)
	at worker.org.gradle.process.internal.worker.GradleWorkerMain.run(GradleWorkerMain.java:69)
	at worker.org.gradle.process.internal.worker.GradleWorkerMain.main(GradleWorkerMain.java:74)

4月 08, 2025 1:21:35 上午 org.junit.jupiter.engine.execution.ConditionEvaluator logResult
较详细: Evaluation of condition [org.junit.jupiter.engine.extension.DisabledCondition] on [void incometest.IncomeManagerTest.testAddIncomeNegativeAmount()] resulted in: ConditionEvaluationResult [enabled = true, reason = '@Disabled is not present']
4月 08, 2025 1:21:35 上午 expenseincome.income.IncomeManager addIncome
警告: Failed to add income
expenseincome.income.exceptions.IncomeException: Amount must be greater than zero.
	at expenseincome.income.IncomeManager.validateIncomeDetails(IncomeManager.java:277)
	at expenseincome.income.IncomeManager.addIncome(IncomeManager.java:102)
	at incometest.IncomeManagerTest.testAddIncomeNegativeAmount(IncomeManagerTest.java:66)
	at java.base/jdk.internal.reflect.NativeMethodAccessorImpl.invoke0(Native Method)
	at java.base/jdk.internal.reflect.NativeMethodAccessorImpl.invoke(NativeMethodAccessorImpl.java:77)
	at java.base/jdk.internal.reflect.DelegatingMethodAccessorImpl.invoke(DelegatingMethodAccessorImpl.java:43)
	at java.base/java.lang.reflect.Method.invoke(Method.java:568)
	at org.junit.platform.commons.util.ReflectionUtils.invokeMethod(ReflectionUtils.java:728)
	at org.junit.jupiter.engine.execution.MethodInvocation.proceed(MethodInvocation.java:60)
	at org.junit.jupiter.engine.execution.InvocationInterceptorChain$ValidatingInvocation.proceed(InvocationInterceptorChain.java:131)
	at org.junit.jupiter.engine.extension.TimeoutExtension.intercept(TimeoutExtension.java:156)
	at org.junit.jupiter.engine.extension.TimeoutExtension.interceptTestableMethod(TimeoutExtension.java:147)
	at org.junit.jupiter.engine.extension.TimeoutExtension.interceptTestMethod(TimeoutExtension.java:86)
	at org.junit.jupiter.engine.execution.InterceptingExecutableInvoker$ReflectiveInterceptorCall.lambda$ofVoidMethod$0(InterceptingExecutableInvoker.java:103)
	at org.junit.jupiter.engine.execution.InterceptingExecutableInvoker.lambda$invoke$0(InterceptingExecutableInvoker.java:93)
	at org.junit.jupiter.engine.execution.InvocationInterceptorChain$InterceptedInvocation.proceed(InvocationInterceptorChain.java:106)
	at org.junit.jupiter.engine.execution.InvocationInterceptorChain.proceed(InvocationInterceptorChain.java:64)
	at org.junit.jupiter.engine.execution.InvocationInterceptorChain.chainAndInvoke(InvocationInterceptorChain.java:45)
	at org.junit.jupiter.engine.execution.InvocationInterceptorChain.invoke(InvocationInterceptorChain.java:37)
	at org.junit.jupiter.engine.execution.InterceptingExecutableInvoker.invoke(InterceptingExecutableInvoker.java:92)
	at org.junit.jupiter.engine.execution.InterceptingExecutableInvoker.invoke(InterceptingExecutableInvoker.java:86)
	at org.junit.jupiter.engine.descriptor.TestMethodTestDescriptor.lambda$invokeTestMethod$7(TestMethodTestDescriptor.java:218)
	at org.junit.platform.engine.support.hierarchical.ThrowableCollector.execute(ThrowableCollector.java:73)
	at org.junit.jupiter.engine.descriptor.TestMethodTestDescriptor.invokeTestMethod(TestMethodTestDescriptor.java:214)
	at org.junit.jupiter.engine.descriptor.TestMethodTestDescriptor.execute(TestMethodTestDescriptor.java:139)
	at org.junit.jupiter.engine.descriptor.TestMethodTestDescriptor.execute(TestMethodTestDescriptor.java:69)
	at org.junit.platform.engine.support.hierarchical.NodeTestTask.lambda$executeRecursively$6(NodeTestTask.java:151)
	at org.junit.platform.engine.support.hierarchical.ThrowableCollector.execute(ThrowableCollector.java:73)
	at org.junit.platform.engine.support.hierarchical.NodeTestTask.lambda$executeRecursively$8(NodeTestTask.java:141)
	at org.junit.platform.engine.support.hierarchical.Node.around(Node.java:137)
	at org.junit.platform.engine.support.hierarchical.NodeTestTask.lambda$executeRecursively$9(NodeTestTask.java:139)
	at org.junit.platform.engine.support.hierarchical.ThrowableCollector.execute(ThrowableCollector.java:73)
	at org.junit.platform.engine.support.hierarchical.NodeTestTask.executeRecursively(NodeTestTask.java:138)
	at org.junit.platform.engine.support.hierarchical.NodeTestTask.execute(NodeTestTask.java:95)
	at java.base/java.util.ArrayList.forEach(ArrayList.java:1511)
	at org.junit.platform.engine.support.hierarchical.SameThreadHierarchicalTestExecutorService.invokeAll(SameThreadHierarchicalTestExecutorService.java:41)
	at org.junit.platform.engine.support.hierarchical.NodeTestTask.lambda$executeRecursively$6(NodeTestTask.java:155)
	at org.junit.platform.engine.support.hierarchical.ThrowableCollector.execute(ThrowableCollector.java:73)
	at org.junit.platform.engine.support.hierarchical.NodeTestTask.lambda$executeRecursively$8(NodeTestTask.java:141)
	at org.junit.platform.engine.support.hierarchical.Node.around(Node.java:137)
	at org.junit.platform.engine.support.hierarchical.NodeTestTask.lambda$executeRecursively$9(NodeTestTask.java:139)
	at org.junit.platform.engine.support.hierarchical.ThrowableCollector.execute(ThrowableCollector.java:73)
	at org.junit.platform.engine.support.hierarchical.NodeTestTask.executeRecursively(NodeTestTask.java:138)
	at org.junit.platform.engine.support.hierarchical.NodeTestTask.execute(NodeTestTask.java:95)
	at java.base/java.util.ArrayList.forEach(ArrayList.java:1511)
	at org.junit.platform.engine.support.hierarchical.SameThreadHierarchicalTestExecutorService.invokeAll(SameThreadHierarchicalTestExecutorService.java:41)
	at org.junit.platform.engine.support.hierarchical.NodeTestTask.lambda$executeRecursively$6(NodeTestTask.java:155)
	at org.junit.platform.engine.support.hierarchical.ThrowableCollector.execute(ThrowableCollector.java:73)
	at org.junit.platform.engine.support.hierarchical.NodeTestTask.lambda$executeRecursively$8(NodeTestTask.java:141)
	at org.junit.platform.engine.support.hierarchical.Node.around(Node.java:137)
	at org.junit.platform.engine.support.hierarchical.NodeTestTask.lambda$executeRecursively$9(NodeTestTask.java:139)
	at org.junit.platform.engine.support.hierarchical.ThrowableCollector.execute(ThrowableCollector.java:73)
	at org.junit.platform.engine.support.hierarchical.NodeTestTask.executeRecursively(NodeTestTask.java:138)
	at org.junit.platform.engine.support.hierarchical.NodeTestTask.execute(NodeTestTask.java:95)
	at org.junit.platform.engine.support.hierarchical.SameThreadHierarchicalTestExecutorService.submit(SameThreadHierarchicalTestExecutorService.java:35)
	at org.junit.platform.engine.support.hierarchical.HierarchicalTestExecutor.execute(HierarchicalTestExecutor.java:57)
	at org.junit.platform.engine.support.hierarchical.HierarchicalTestEngine.execute(HierarchicalTestEngine.java:54)
	at org.junit.platform.launcher.core.EngineExecutionOrchestrator.execute(EngineExecutionOrchestrator.java:107)
	at org.junit.platform.launcher.core.EngineExecutionOrchestrator.execute(EngineExecutionOrchestrator.java:88)
	at org.junit.platform.launcher.core.EngineExecutionOrchestrator.lambda$execute$0(EngineExecutionOrchestrator.java:54)
	at org.junit.platform.launcher.core.EngineExecutionOrchestrator.withInterceptedStreams(EngineExecutionOrchestrator.java:67)
	at org.junit.platform.launcher.core.EngineExecutionOrchestrator.execute(EngineExecutionOrchestrator.java:52)
	at org.junit.platform.launcher.core.DefaultLauncher.execute(DefaultLauncher.java:114)
	at org.junit.platform.launcher.core.DefaultLauncher.execute(DefaultLauncher.java:86)
	at org.junit.platform.launcher.core.DefaultLauncherSession$DelegatingLauncher.execute(DefaultLauncherSession.java:86)
	at org.junit.platform.launcher.core.SessionPerRequestLauncher.execute(SessionPerRequestLauncher.java:53)
	at org.gradle.api.internal.tasks.testing.junitplatform.JUnitPlatformTestClassProcessor$CollectAllTestClassesExecutor.processAllTestClasses(JUnitPlatformTestClassProcessor.java:99)
	at org.gradle.api.internal.tasks.testing.junitplatform.JUnitPlatformTestClassProcessor$CollectAllTestClassesExecutor.access$000(JUnitPlatformTestClassProcessor.java:79)
	at org.gradle.api.internal.tasks.testing.junitplatform.JUnitPlatformTestClassProcessor.stop(JUnitPlatformTestClassProcessor.java:75)
	at org.gradle.api.internal.tasks.testing.SuiteTestClassProcessor.stop(SuiteTestClassProcessor.java:62)
	at java.base/jdk.internal.reflect.NativeMethodAccessorImpl.invoke0(Native Method)
	at java.base/jdk.internal.reflect.NativeMethodAccessorImpl.invoke(NativeMethodAccessorImpl.java:77)
	at java.base/jdk.internal.reflect.DelegatingMethodAccessorImpl.invoke(DelegatingMethodAccessorImpl.java:43)
	at java.base/java.lang.reflect.Method.invoke(Method.java:568)
	at org.gradle.internal.dispatch.ReflectionDispatch.dispatch(ReflectionDispatch.java:36)
	at org.gradle.internal.dispatch.ReflectionDispatch.dispatch(ReflectionDispatch.java:24)
	at org.gradle.internal.dispatch.ContextClassLoaderDispatch.dispatch(ContextClassLoaderDispatch.java:33)
	at org.gradle.internal.dispatch.ProxyDispatchAdapter$DispatchingInvocationHandler.invoke(ProxyDispatchAdapter.java:94)
	at jdk.proxy1/jdk.proxy1.$Proxy2.stop(Unknown Source)
	at org.gradle.api.internal.tasks.testing.worker.TestWorker$3.run(TestWorker.java:193)
	at org.gradle.api.internal.tasks.testing.worker.TestWorker.executeAndMaintainThreadName(TestWorker.java:129)
	at org.gradle.api.internal.tasks.testing.worker.TestWorker.execute(TestWorker.java:100)
	at org.gradle.api.internal.tasks.testing.worker.TestWorker.execute(TestWorker.java:60)
	at org.gradle.process.internal.worker.child.ActionExecutionWorker.execute(ActionExecutionWorker.java:56)
	at org.gradle.process.internal.worker.child.SystemApplicationClassLoaderWorker.call(SystemApplicationClassLoaderWorker.java:113)
	at org.gradle.process.internal.worker.child.SystemApplicationClassLoaderWorker.call(SystemApplicationClassLoaderWorker.java:65)
	at worker.org.gradle.process.internal.worker.GradleWorkerMain.run(GradleWorkerMain.java:69)
	at worker.org.gradle.process.internal.worker.GradleWorkerMain.main(GradleWorkerMain.java:74)

4月 08, 2025 1:21:35 上午 org.junit.jupiter.engine.execution.ConditionEvaluator logResult
较详细: Evaluation of condition [org.junit.jupiter.engine.extension.DisabledCondition] on [void incometest.IncomeManagerTest.testAddIncomeTodayDate()] resulted in: ConditionEvaluationResult [enabled = true, reason = '@Disabled is not present']
4月 08, 2025 1:21:35 上午 expenseincome.income.IncomeManager addIncome
信息: Added income: Bonus - USD 500.00 on 2025-04-08 [Category: Job]
4月 08, 2025 1:21:35 上午 org.junit.jupiter.engine.execution.ConditionEvaluator logResult
较详细: Evaluation of condition [org.junit.jupiter.engine.extension.DisabledCondition] on [void incometest.IncomeManagerTest.testDeleteIncomeInvalidIndex()] resulted in: ConditionEvaluationResult [enabled = true, reason = '@Disabled is not present']
4月 08, 2025 1:21:35 上午 expenseincome.income.IncomeManager addIncome
信息: Added income: Salary - USD 2000.00 on 2025-04-08 [Category: Job]
4月 08, 2025 1:21:35 上午 expenseincome.income.IncomeManager deleteIncome
警告: Failed to delete income
expenseincome.income.exceptions.IncomeException: Invalid index: must be between 1 and 1
	at expenseincome.income.IncomeManager.validateIndex(IncomeManager.java:268)
	at expenseincome.income.IncomeManager.deleteIncome(IncomeManager.java:151)
	at incometest.IncomeManagerTest.testDeleteIncomeInvalidIndex(IncomeManagerTest.java:87)
	at java.base/jdk.internal.reflect.NativeMethodAccessorImpl.invoke0(Native Method)
	at java.base/jdk.internal.reflect.NativeMethodAccessorImpl.invoke(NativeMethodAccessorImpl.java:77)
	at java.base/jdk.internal.reflect.DelegatingMethodAccessorImpl.invoke(DelegatingMethodAccessorImpl.java:43)
	at java.base/java.lang.reflect.Method.invoke(Method.java:568)
	at org.junit.platform.commons.util.ReflectionUtils.invokeMethod(ReflectionUtils.java:728)
	at org.junit.jupiter.engine.execution.MethodInvocation.proceed(MethodInvocation.java:60)
	at org.junit.jupiter.engine.execution.InvocationInterceptorChain$ValidatingInvocation.proceed(InvocationInterceptorChain.java:131)
	at org.junit.jupiter.engine.extension.TimeoutExtension.intercept(TimeoutExtension.java:156)
	at org.junit.jupiter.engine.extension.TimeoutExtension.interceptTestableMethod(TimeoutExtension.java:147)
	at org.junit.jupiter.engine.extension.TimeoutExtension.interceptTestMethod(TimeoutExtension.java:86)
	at org.junit.jupiter.engine.execution.InterceptingExecutableInvoker$ReflectiveInterceptorCall.lambda$ofVoidMethod$0(InterceptingExecutableInvoker.java:103)
	at org.junit.jupiter.engine.execution.InterceptingExecutableInvoker.lambda$invoke$0(InterceptingExecutableInvoker.java:93)
	at org.junit.jupiter.engine.execution.InvocationInterceptorChain$InterceptedInvocation.proceed(InvocationInterceptorChain.java:106)
	at org.junit.jupiter.engine.execution.InvocationInterceptorChain.proceed(InvocationInterceptorChain.java:64)
	at org.junit.jupiter.engine.execution.InvocationInterceptorChain.chainAndInvoke(InvocationInterceptorChain.java:45)
	at org.junit.jupiter.engine.execution.InvocationInterceptorChain.invoke(InvocationInterceptorChain.java:37)
	at org.junit.jupiter.engine.execution.InterceptingExecutableInvoker.invoke(InterceptingExecutableInvoker.java:92)
	at org.junit.jupiter.engine.execution.InterceptingExecutableInvoker.invoke(InterceptingExecutableInvoker.java:86)
	at org.junit.jupiter.engine.descriptor.TestMethodTestDescriptor.lambda$invokeTestMethod$7(TestMethodTestDescriptor.java:218)
	at org.junit.platform.engine.support.hierarchical.ThrowableCollector.execute(ThrowableCollector.java:73)
	at org.junit.jupiter.engine.descriptor.TestMethodTestDescriptor.invokeTestMethod(TestMethodTestDescriptor.java:214)
	at org.junit.jupiter.engine.descriptor.TestMethodTestDescriptor.execute(TestMethodTestDescriptor.java:139)
	at org.junit.jupiter.engine.descriptor.TestMethodTestDescriptor.execute(TestMethodTestDescriptor.java:69)
	at org.junit.platform.engine.support.hierarchical.NodeTestTask.lambda$executeRecursively$6(NodeTestTask.java:151)
	at org.junit.platform.engine.support.hierarchical.ThrowableCollector.execute(ThrowableCollector.java:73)
	at org.junit.platform.engine.support.hierarchical.NodeTestTask.lambda$executeRecursively$8(NodeTestTask.java:141)
	at org.junit.platform.engine.support.hierarchical.Node.around(Node.java:137)
	at org.junit.platform.engine.support.hierarchical.NodeTestTask.lambda$executeRecursively$9(NodeTestTask.java:139)
	at org.junit.platform.engine.support.hierarchical.ThrowableCollector.execute(ThrowableCollector.java:73)
	at org.junit.platform.engine.support.hierarchical.NodeTestTask.executeRecursively(NodeTestTask.java:138)
	at org.junit.platform.engine.support.hierarchical.NodeTestTask.execute(NodeTestTask.java:95)
	at java.base/java.util.ArrayList.forEach(ArrayList.java:1511)
	at org.junit.platform.engine.support.hierarchical.SameThreadHierarchicalTestExecutorService.invokeAll(SameThreadHierarchicalTestExecutorService.java:41)
	at org.junit.platform.engine.support.hierarchical.NodeTestTask.lambda$executeRecursively$6(NodeTestTask.java:155)
	at org.junit.platform.engine.support.hierarchical.ThrowableCollector.execute(ThrowableCollector.java:73)
	at org.junit.platform.engine.support.hierarchical.NodeTestTask.lambda$executeRecursively$8(NodeTestTask.java:141)
	at org.junit.platform.engine.support.hierarchical.Node.around(Node.java:137)
	at org.junit.platform.engine.support.hierarchical.NodeTestTask.lambda$executeRecursively$9(NodeTestTask.java:139)
	at org.junit.platform.engine.support.hierarchical.ThrowableCollector.execute(ThrowableCollector.java:73)
	at org.junit.platform.engine.support.hierarchical.NodeTestTask.executeRecursively(NodeTestTask.java:138)
	at org.junit.platform.engine.support.hierarchical.NodeTestTask.execute(NodeTestTask.java:95)
	at java.base/java.util.ArrayList.forEach(ArrayList.java:1511)
	at org.junit.platform.engine.support.hierarchical.SameThreadHierarchicalTestExecutorService.invokeAll(SameThreadHierarchicalTestExecutorService.java:41)
	at org.junit.platform.engine.support.hierarchical.NodeTestTask.lambda$executeRecursively$6(NodeTestTask.java:155)
	at org.junit.platform.engine.support.hierarchical.ThrowableCollector.execute(ThrowableCollector.java:73)
	at org.junit.platform.engine.support.hierarchical.NodeTestTask.lambda$executeRecursively$8(NodeTestTask.java:141)
	at org.junit.platform.engine.support.hierarchical.Node.around(Node.java:137)
	at org.junit.platform.engine.support.hierarchical.NodeTestTask.lambda$executeRecursively$9(NodeTestTask.java:139)
	at org.junit.platform.engine.support.hierarchical.ThrowableCollector.execute(ThrowableCollector.java:73)
	at org.junit.platform.engine.support.hierarchical.NodeTestTask.executeRecursively(NodeTestTask.java:138)
	at org.junit.platform.engine.support.hierarchical.NodeTestTask.execute(NodeTestTask.java:95)
	at org.junit.platform.engine.support.hierarchical.SameThreadHierarchicalTestExecutorService.submit(SameThreadHierarchicalTestExecutorService.java:35)
	at org.junit.platform.engine.support.hierarchical.HierarchicalTestExecutor.execute(HierarchicalTestExecutor.java:57)
	at org.junit.platform.engine.support.hierarchical.HierarchicalTestEngine.execute(HierarchicalTestEngine.java:54)
	at org.junit.platform.launcher.core.EngineExecutionOrchestrator.execute(EngineExecutionOrchestrator.java:107)
	at org.junit.platform.launcher.core.EngineExecutionOrchestrator.execute(EngineExecutionOrchestrator.java:88)
	at org.junit.platform.launcher.core.EngineExecutionOrchestrator.lambda$execute$0(EngineExecutionOrchestrator.java:54)
	at org.junit.platform.launcher.core.EngineExecutionOrchestrator.withInterceptedStreams(EngineExecutionOrchestrator.java:67)
	at org.junit.platform.launcher.core.EngineExecutionOrchestrator.execute(EngineExecutionOrchestrator.java:52)
	at org.junit.platform.launcher.core.DefaultLauncher.execute(DefaultLauncher.java:114)
	at org.junit.platform.launcher.core.DefaultLauncher.execute(DefaultLauncher.java:86)
	at org.junit.platform.launcher.core.DefaultLauncherSession$DelegatingLauncher.execute(DefaultLauncherSession.java:86)
	at org.junit.platform.launcher.core.SessionPerRequestLauncher.execute(SessionPerRequestLauncher.java:53)
	at org.gradle.api.internal.tasks.testing.junitplatform.JUnitPlatformTestClassProcessor$CollectAllTestClassesExecutor.processAllTestClasses(JUnitPlatformTestClassProcessor.java:99)
	at org.gradle.api.internal.tasks.testing.junitplatform.JUnitPlatformTestClassProcessor$CollectAllTestClassesExecutor.access$000(JUnitPlatformTestClassProcessor.java:79)
	at org.gradle.api.internal.tasks.testing.junitplatform.JUnitPlatformTestClassProcessor.stop(JUnitPlatformTestClassProcessor.java:75)
	at org.gradle.api.internal.tasks.testing.SuiteTestClassProcessor.stop(SuiteTestClassProcessor.java:62)
	at java.base/jdk.internal.reflect.NativeMethodAccessorImpl.invoke0(Native Method)
	at java.base/jdk.internal.reflect.NativeMethodAccessorImpl.invoke(NativeMethodAccessorImpl.java:77)
	at java.base/jdk.internal.reflect.DelegatingMethodAccessorImpl.invoke(DelegatingMethodAccessorImpl.java:43)
	at java.base/java.lang.reflect.Method.invoke(Method.java:568)
	at org.gradle.internal.dispatch.ReflectionDispatch.dispatch(ReflectionDispatch.java:36)
	at org.gradle.internal.dispatch.ReflectionDispatch.dispatch(ReflectionDispatch.java:24)
	at org.gradle.internal.dispatch.ContextClassLoaderDispatch.dispatch(ContextClassLoaderDispatch.java:33)
	at org.gradle.internal.dispatch.ProxyDispatchAdapter$DispatchingInvocationHandler.invoke(ProxyDispatchAdapter.java:94)
	at jdk.proxy1/jdk.proxy1.$Proxy2.stop(Unknown Source)
	at org.gradle.api.internal.tasks.testing.worker.TestWorker$3.run(TestWorker.java:193)
	at org.gradle.api.internal.tasks.testing.worker.TestWorker.executeAndMaintainThreadName(TestWorker.java:129)
	at org.gradle.api.internal.tasks.testing.worker.TestWorker.execute(TestWorker.java:100)
	at org.gradle.api.internal.tasks.testing.worker.TestWorker.execute(TestWorker.java:60)
	at org.gradle.process.internal.worker.child.ActionExecutionWorker.execute(ActionExecutionWorker.java:56)
	at org.gradle.process.internal.worker.child.SystemApplicationClassLoaderWorker.call(SystemApplicationClassLoaderWorker.java:113)
	at org.gradle.process.internal.worker.child.SystemApplicationClassLoaderWorker.call(SystemApplicationClassLoaderWorker.java:65)
	at worker.org.gradle.process.internal.worker.GradleWorkerMain.run(GradleWorkerMain.java:69)
	at worker.org.gradle.process.internal.worker.GradleWorkerMain.main(GradleWorkerMain.java:74)

4月 08, 2025 1:21:35 上午 org.junit.jupiter.engine.execution.ConditionEvaluator logResult
较详细: Evaluation of condition [org.junit.jupiter.engine.extension.DisabledCondition] on [void incometest.IncomeManagerTest.testAddIncomeWithDate()] resulted in: ConditionEvaluationResult [enabled = true, reason = '@Disabled is not present']
4月 08, 2025 1:21:35 上午 expenseincome.income.IncomeManager addIncome
信息: Added income: Salary - USD 2000.00 on 2025-03-20 [Category: Job]
4月 08, 2025 1:21:35 上午 org.junit.jupiter.engine.execution.ConditionEvaluator logResult
较详细: Evaluation of condition [org.junit.jupiter.engine.extension.DisabledCondition] on [void incometest.IncomeManagerTest.testEditIncomeValidUpdate()] resulted in: ConditionEvaluationResult [enabled = true, reason = '@Disabled is not present']
4月 08, 2025 1:21:35 上午 expenseincome.income.IncomeManager addIncome
信息: Added income: Part-Time - USD 800.00 on 2024-01-01 [Category: Freelance]
4月 08, 2025 1:21:35 上午 expenseincome.income.IncomeManager editIncome
信息: Updated income: Internship - USD 1000.00 on 2025-01-01 [Category: Job]
4月 08, 2025 1:21:35 上午 org.junit.jupiter.engine.execution.ConditionEvaluator logResult
较详细: Evaluation of condition [org.junit.jupiter.engine.extension.DisabledCondition] on [void incometest.IncomeManagerTest.testSortIncomesByOldest()] resulted in: ConditionEvaluationResult [enabled = true, reason = '@Disabled is not present']
4月 08, 2025 1:21:35 上午 expenseincome.income.IncomeManager addIncome
信息: Added income: X - USD 50.00 on 2025-03-01 [Category: Job]
4月 08, 2025 1:21:35 上午 expenseincome.income.IncomeManager addIncome
信息: Added income: Y - USD 60.00 on 2022-03-01 [Category: Job]
4月 08, 2025 1:21:35 上午 expenseincome.income.IncomeManager addIncome
信息: Added income: Z - USD 70.00 on 2023-03-01 [Category: Job]
4月 08, 2025 1:21:35 上午 org.junit.jupiter.engine.execution.ConditionEvaluator logResult
较详细: Evaluation of condition [org.junit.jupiter.engine.extension.DisabledCondition] on [void incometest.IncomeManagerTest.testSortIncomesByRecent()] resulted in: ConditionEvaluationResult [enabled = true, reason = '@Disabled is not present']
4月 08, 2025 1:21:35 上午 expenseincome.income.IncomeManager addIncome
信息: Added income: A - USD 100.00 on 2023-01-01 [Category: Misc]
4月 08, 2025 1:21:35 上午 expenseincome.income.IncomeManager addIncome
信息: Added income: B - USD 200.00 on 2025-01-01 [Category: Misc]
4月 08, 2025 1:21:35 上午 expenseincome.income.IncomeManager addIncome
信息: Added income: C - USD 150.00 on 2024-01-01 [Category: Misc]
4月 08, 2025 1:21:35 上午 org.junit.jupiter.engine.execution.ConditionEvaluator logResult
较详细: Evaluation of condition [org.junit.jupiter.engine.extension.DisabledCondition] on [void incometest.IncomeManagerTest.testAddIncomeEmptyCategory()] resulted in: ConditionEvaluationResult [enabled = true, reason = '@Disabled is not present']
4月 08, 2025 1:21:35 上午 expenseincome.income.IncomeManager addIncome
警告: Failed to add income
expenseincome.income.exceptions.IncomeException: Category cannot be empty.
	at expenseincome.income.IncomeManager.validateIncomeDetails(IncomeManager.java:280)
	at expenseincome.income.IncomeManager.addIncome(IncomeManager.java:102)
	at incometest.IncomeManagerTest.testAddIncomeEmptyCategory(IncomeManagerTest.java:72)
	at java.base/jdk.internal.reflect.NativeMethodAccessorImpl.invoke0(Native Method)
	at java.base/jdk.internal.reflect.NativeMethodAccessorImpl.invoke(NativeMethodAccessorImpl.java:77)
	at java.base/jdk.internal.reflect.DelegatingMethodAccessorImpl.invoke(DelegatingMethodAccessorImpl.java:43)
	at java.base/java.lang.reflect.Method.invoke(Method.java:568)
	at org.junit.platform.commons.util.ReflectionUtils.invokeMethod(ReflectionUtils.java:728)
	at org.junit.jupiter.engine.execution.MethodInvocation.proceed(MethodInvocation.java:60)
	at org.junit.jupiter.engine.execution.InvocationInterceptorChain$ValidatingInvocation.proceed(InvocationInterceptorChain.java:131)
	at org.junit.jupiter.engine.extension.TimeoutExtension.intercept(TimeoutExtension.java:156)
	at org.junit.jupiter.engine.extension.TimeoutExtension.interceptTestableMethod(TimeoutExtension.java:147)
	at org.junit.jupiter.engine.extension.TimeoutExtension.interceptTestMethod(TimeoutExtension.java:86)
	at org.junit.jupiter.engine.execution.InterceptingExecutableInvoker$ReflectiveInterceptorCall.lambda$ofVoidMethod$0(InterceptingExecutableInvoker.java:103)
	at org.junit.jupiter.engine.execution.InterceptingExecutableInvoker.lambda$invoke$0(InterceptingExecutableInvoker.java:93)
	at org.junit.jupiter.engine.execution.InvocationInterceptorChain$InterceptedInvocation.proceed(InvocationInterceptorChain.java:106)
	at org.junit.jupiter.engine.execution.InvocationInterceptorChain.proceed(InvocationInterceptorChain.java:64)
	at org.junit.jupiter.engine.execution.InvocationInterceptorChain.chainAndInvoke(InvocationInterceptorChain.java:45)
	at org.junit.jupiter.engine.execution.InvocationInterceptorChain.invoke(InvocationInterceptorChain.java:37)
	at org.junit.jupiter.engine.execution.InterceptingExecutableInvoker.invoke(InterceptingExecutableInvoker.java:92)
	at org.junit.jupiter.engine.execution.InterceptingExecutableInvoker.invoke(InterceptingExecutableInvoker.java:86)
	at org.junit.jupiter.engine.descriptor.TestMethodTestDescriptor.lambda$invokeTestMethod$7(TestMethodTestDescriptor.java:218)
	at org.junit.platform.engine.support.hierarchical.ThrowableCollector.execute(ThrowableCollector.java:73)
	at org.junit.jupiter.engine.descriptor.TestMethodTestDescriptor.invokeTestMethod(TestMethodTestDescriptor.java:214)
	at org.junit.jupiter.engine.descriptor.TestMethodTestDescriptor.execute(TestMethodTestDescriptor.java:139)
	at org.junit.jupiter.engine.descriptor.TestMethodTestDescriptor.execute(TestMethodTestDescriptor.java:69)
	at org.junit.platform.engine.support.hierarchical.NodeTestTask.lambda$executeRecursively$6(NodeTestTask.java:151)
	at org.junit.platform.engine.support.hierarchical.ThrowableCollector.execute(ThrowableCollector.java:73)
	at org.junit.platform.engine.support.hierarchical.NodeTestTask.lambda$executeRecursively$8(NodeTestTask.java:141)
	at org.junit.platform.engine.support.hierarchical.Node.around(Node.java:137)
	at org.junit.platform.engine.support.hierarchical.NodeTestTask.lambda$executeRecursively$9(NodeTestTask.java:139)
	at org.junit.platform.engine.support.hierarchical.ThrowableCollector.execute(ThrowableCollector.java:73)
	at org.junit.platform.engine.support.hierarchical.NodeTestTask.executeRecursively(NodeTestTask.java:138)
	at org.junit.platform.engine.support.hierarchical.NodeTestTask.execute(NodeTestTask.java:95)
	at java.base/java.util.ArrayList.forEach(ArrayList.java:1511)
	at org.junit.platform.engine.support.hierarchical.SameThreadHierarchicalTestExecutorService.invokeAll(SameThreadHierarchicalTestExecutorService.java:41)
	at org.junit.platform.engine.support.hierarchical.NodeTestTask.lambda$executeRecursively$6(NodeTestTask.java:155)
	at org.junit.platform.engine.support.hierarchical.ThrowableCollector.execute(ThrowableCollector.java:73)
	at org.junit.platform.engine.support.hierarchical.NodeTestTask.lambda$executeRecursively$8(NodeTestTask.java:141)
	at org.junit.platform.engine.support.hierarchical.Node.around(Node.java:137)
	at org.junit.platform.engine.support.hierarchical.NodeTestTask.lambda$executeRecursively$9(NodeTestTask.java:139)
	at org.junit.platform.engine.support.hierarchical.ThrowableCollector.execute(ThrowableCollector.java:73)
	at org.junit.platform.engine.support.hierarchical.NodeTestTask.executeRecursively(NodeTestTask.java:138)
	at org.junit.platform.engine.support.hierarchical.NodeTestTask.execute(NodeTestTask.java:95)
	at java.base/java.util.ArrayList.forEach(ArrayList.java:1511)
	at org.junit.platform.engine.support.hierarchical.SameThreadHierarchicalTestExecutorService.invokeAll(SameThreadHierarchicalTestExecutorService.java:41)
	at org.junit.platform.engine.support.hierarchical.NodeTestTask.lambda$executeRecursively$6(NodeTestTask.java:155)
	at org.junit.platform.engine.support.hierarchical.ThrowableCollector.execute(ThrowableCollector.java:73)
	at org.junit.platform.engine.support.hierarchical.NodeTestTask.lambda$executeRecursively$8(NodeTestTask.java:141)
	at org.junit.platform.engine.support.hierarchical.Node.around(Node.java:137)
	at org.junit.platform.engine.support.hierarchical.NodeTestTask.lambda$executeRecursively$9(NodeTestTask.java:139)
	at org.junit.platform.engine.support.hierarchical.ThrowableCollector.execute(ThrowableCollector.java:73)
	at org.junit.platform.engine.support.hierarchical.NodeTestTask.executeRecursively(NodeTestTask.java:138)
	at org.junit.platform.engine.support.hierarchical.NodeTestTask.execute(NodeTestTask.java:95)
	at org.junit.platform.engine.support.hierarchical.SameThreadHierarchicalTestExecutorService.submit(SameThreadHierarchicalTestExecutorService.java:35)
	at org.junit.platform.engine.support.hierarchical.HierarchicalTestExecutor.execute(HierarchicalTestExecutor.java:57)
	at org.junit.platform.engine.support.hierarchical.HierarchicalTestEngine.execute(HierarchicalTestEngine.java:54)
	at org.junit.platform.launcher.core.EngineExecutionOrchestrator.execute(EngineExecutionOrchestrator.java:107)
	at org.junit.platform.launcher.core.EngineExecutionOrchestrator.execute(EngineExecutionOrchestrator.java:88)
	at org.junit.platform.launcher.core.EngineExecutionOrchestrator.lambda$execute$0(EngineExecutionOrchestrator.java:54)
	at org.junit.platform.launcher.core.EngineExecutionOrchestrator.withInterceptedStreams(EngineExecutionOrchestrator.java:67)
	at org.junit.platform.launcher.core.EngineExecutionOrchestrator.execute(EngineExecutionOrchestrator.java:52)
	at org.junit.platform.launcher.core.DefaultLauncher.execute(DefaultLauncher.java:114)
	at org.junit.platform.launcher.core.DefaultLauncher.execute(DefaultLauncher.java:86)
	at org.junit.platform.launcher.core.DefaultLauncherSession$DelegatingLauncher.execute(DefaultLauncherSession.java:86)
	at org.junit.platform.launcher.core.SessionPerRequestLauncher.execute(SessionPerRequestLauncher.java:53)
	at org.gradle.api.internal.tasks.testing.junitplatform.JUnitPlatformTestClassProcessor$CollectAllTestClassesExecutor.processAllTestClasses(JUnitPlatformTestClassProcessor.java:99)
	at org.gradle.api.internal.tasks.testing.junitplatform.JUnitPlatformTestClassProcessor$CollectAllTestClassesExecutor.access$000(JUnitPlatformTestClassProcessor.java:79)
	at org.gradle.api.internal.tasks.testing.junitplatform.JUnitPlatformTestClassProcessor.stop(JUnitPlatformTestClassProcessor.java:75)
	at org.gradle.api.internal.tasks.testing.SuiteTestClassProcessor.stop(SuiteTestClassProcessor.java:62)
	at java.base/jdk.internal.reflect.NativeMethodAccessorImpl.invoke0(Native Method)
	at java.base/jdk.internal.reflect.NativeMethodAccessorImpl.invoke(NativeMethodAccessorImpl.java:77)
	at java.base/jdk.internal.reflect.DelegatingMethodAccessorImpl.invoke(DelegatingMethodAccessorImpl.java:43)
	at java.base/java.lang.reflect.Method.invoke(Method.java:568)
	at org.gradle.internal.dispatch.ReflectionDispatch.dispatch(ReflectionDispatch.java:36)
	at org.gradle.internal.dispatch.ReflectionDispatch.dispatch(ReflectionDispatch.java:24)
	at org.gradle.internal.dispatch.ContextClassLoaderDispatch.dispatch(ContextClassLoaderDispatch.java:33)
	at org.gradle.internal.dispatch.ProxyDispatchAdapter$DispatchingInvocationHandler.invoke(ProxyDispatchAdapter.java:94)
	at jdk.proxy1/jdk.proxy1.$Proxy2.stop(Unknown Source)
	at org.gradle.api.internal.tasks.testing.worker.TestWorker$3.run(TestWorker.java:193)
	at org.gradle.api.internal.tasks.testing.worker.TestWorker.executeAndMaintainThreadName(TestWorker.java:129)
	at org.gradle.api.internal.tasks.testing.worker.TestWorker.execute(TestWorker.java:100)
	at org.gradle.api.internal.tasks.testing.worker.TestWorker.execute(TestWorker.java:60)
	at org.gradle.process.internal.worker.child.ActionExecutionWorker.execute(ActionExecutionWorker.java:56)
	at org.gradle.process.internal.worker.child.SystemApplicationClassLoaderWorker.call(SystemApplicationClassLoaderWorker.java:113)
	at org.gradle.process.internal.worker.child.SystemApplicationClassLoaderWorker.call(SystemApplicationClassLoaderWorker.java:65)
	at worker.org.gradle.process.internal.worker.GradleWorkerMain.run(GradleWorkerMain.java:69)
	at worker.org.gradle.process.internal.worker.GradleWorkerMain.main(GradleWorkerMain.java:74)

4月 08, 2025 1:21:35 上午 org.junit.jupiter.engine.execution.ConditionEvaluator logResult
较详细: Evaluation of condition [org.junit.jupiter.engine.extension.DisabledCondition] on [void incometest.IncomeManagerTest.testAddIncomeEmptySource()] resulted in: ConditionEvaluationResult [enabled = true, reason = '@Disabled is not present']
4月 08, 2025 1:21:35 上午 expenseincome.income.IncomeManager addIncome
警告: Failed to add income
expenseincome.income.exceptions.IncomeException: Source cannot be empty.
	at expenseincome.income.IncomeManager.validateIncomeDetails(IncomeManager.java:274)
	at expenseincome.income.IncomeManager.addIncome(IncomeManager.java:102)
	at incometest.IncomeManagerTest.testAddIncomeEmptySource(IncomeManagerTest.java:48)
	at java.base/jdk.internal.reflect.NativeMethodAccessorImpl.invoke0(Native Method)
	at java.base/jdk.internal.reflect.NativeMethodAccessorImpl.invoke(NativeMethodAccessorImpl.java:77)
	at java.base/jdk.internal.reflect.DelegatingMethodAccessorImpl.invoke(DelegatingMethodAccessorImpl.java:43)
	at java.base/java.lang.reflect.Method.invoke(Method.java:568)
	at org.junit.platform.commons.util.ReflectionUtils.invokeMethod(ReflectionUtils.java:728)
	at org.junit.jupiter.engine.execution.MethodInvocation.proceed(MethodInvocation.java:60)
	at org.junit.jupiter.engine.execution.InvocationInterceptorChain$ValidatingInvocation.proceed(InvocationInterceptorChain.java:131)
	at org.junit.jupiter.engine.extension.TimeoutExtension.intercept(TimeoutExtension.java:156)
	at org.junit.jupiter.engine.extension.TimeoutExtension.interceptTestableMethod(TimeoutExtension.java:147)
	at org.junit.jupiter.engine.extension.TimeoutExtension.interceptTestMethod(TimeoutExtension.java:86)
	at org.junit.jupiter.engine.execution.InterceptingExecutableInvoker$ReflectiveInterceptorCall.lambda$ofVoidMethod$0(InterceptingExecutableInvoker.java:103)
	at org.junit.jupiter.engine.execution.InterceptingExecutableInvoker.lambda$invoke$0(InterceptingExecutableInvoker.java:93)
	at org.junit.jupiter.engine.execution.InvocationInterceptorChain$InterceptedInvocation.proceed(InvocationInterceptorChain.java:106)
	at org.junit.jupiter.engine.execution.InvocationInterceptorChain.proceed(InvocationInterceptorChain.java:64)
	at org.junit.jupiter.engine.execution.InvocationInterceptorChain.chainAndInvoke(InvocationInterceptorChain.java:45)
	at org.junit.jupiter.engine.execution.InvocationInterceptorChain.invoke(InvocationInterceptorChain.java:37)
	at org.junit.jupiter.engine.execution.InterceptingExecutableInvoker.invoke(InterceptingExecutableInvoker.java:92)
	at org.junit.jupiter.engine.execution.InterceptingExecutableInvoker.invoke(InterceptingExecutableInvoker.java:86)
	at org.junit.jupiter.engine.descriptor.TestMethodTestDescriptor.lambda$invokeTestMethod$7(TestMethodTestDescriptor.java:218)
	at org.junit.platform.engine.support.hierarchical.ThrowableCollector.execute(ThrowableCollector.java:73)
	at org.junit.jupiter.engine.descriptor.TestMethodTestDescriptor.invokeTestMethod(TestMethodTestDescriptor.java:214)
	at org.junit.jupiter.engine.descriptor.TestMethodTestDescriptor.execute(TestMethodTestDescriptor.java:139)
	at org.junit.jupiter.engine.descriptor.TestMethodTestDescriptor.execute(TestMethodTestDescriptor.java:69)
	at org.junit.platform.engine.support.hierarchical.NodeTestTask.lambda$executeRecursively$6(NodeTestTask.java:151)
	at org.junit.platform.engine.support.hierarchical.ThrowableCollector.execute(ThrowableCollector.java:73)
	at org.junit.platform.engine.support.hierarchical.NodeTestTask.lambda$executeRecursively$8(NodeTestTask.java:141)
	at org.junit.platform.engine.support.hierarchical.Node.around(Node.java:137)
	at org.junit.platform.engine.support.hierarchical.NodeTestTask.lambda$executeRecursively$9(NodeTestTask.java:139)
	at org.junit.platform.engine.support.hierarchical.ThrowableCollector.execute(ThrowableCollector.java:73)
	at org.junit.platform.engine.support.hierarchical.NodeTestTask.executeRecursively(NodeTestTask.java:138)
	at org.junit.platform.engine.support.hierarchical.NodeTestTask.execute(NodeTestTask.java:95)
	at java.base/java.util.ArrayList.forEach(ArrayList.java:1511)
	at org.junit.platform.engine.support.hierarchical.SameThreadHierarchicalTestExecutorService.invokeAll(SameThreadHierarchicalTestExecutorService.java:41)
	at org.junit.platform.engine.support.hierarchical.NodeTestTask.lambda$executeRecursively$6(NodeTestTask.java:155)
	at org.junit.platform.engine.support.hierarchical.ThrowableCollector.execute(ThrowableCollector.java:73)
	at org.junit.platform.engine.support.hierarchical.NodeTestTask.lambda$executeRecursively$8(NodeTestTask.java:141)
	at org.junit.platform.engine.support.hierarchical.Node.around(Node.java:137)
	at org.junit.platform.engine.support.hierarchical.NodeTestTask.lambda$executeRecursively$9(NodeTestTask.java:139)
	at org.junit.platform.engine.support.hierarchical.ThrowableCollector.execute(ThrowableCollector.java:73)
	at org.junit.platform.engine.support.hierarchical.NodeTestTask.executeRecursively(NodeTestTask.java:138)
	at org.junit.platform.engine.support.hierarchical.NodeTestTask.execute(NodeTestTask.java:95)
	at java.base/java.util.ArrayList.forEach(ArrayList.java:1511)
	at org.junit.platform.engine.support.hierarchical.SameThreadHierarchicalTestExecutorService.invokeAll(SameThreadHierarchicalTestExecutorService.java:41)
	at org.junit.platform.engine.support.hierarchical.NodeTestTask.lambda$executeRecursively$6(NodeTestTask.java:155)
	at org.junit.platform.engine.support.hierarchical.ThrowableCollector.execute(ThrowableCollector.java:73)
	at org.junit.platform.engine.support.hierarchical.NodeTestTask.lambda$executeRecursively$8(NodeTestTask.java:141)
	at org.junit.platform.engine.support.hierarchical.Node.around(Node.java:137)
	at org.junit.platform.engine.support.hierarchical.NodeTestTask.lambda$executeRecursively$9(NodeTestTask.java:139)
	at org.junit.platform.engine.support.hierarchical.ThrowableCollector.execute(ThrowableCollector.java:73)
	at org.junit.platform.engine.support.hierarchical.NodeTestTask.executeRecursively(NodeTestTask.java:138)
	at org.junit.platform.engine.support.hierarchical.NodeTestTask.execute(NodeTestTask.java:95)
	at org.junit.platform.engine.support.hierarchical.SameThreadHierarchicalTestExecutorService.submit(SameThreadHierarchicalTestExecutorService.java:35)
	at org.junit.platform.engine.support.hierarchical.HierarchicalTestExecutor.execute(HierarchicalTestExecutor.java:57)
	at org.junit.platform.engine.support.hierarchical.HierarchicalTestEngine.execute(HierarchicalTestEngine.java:54)
	at org.junit.platform.launcher.core.EngineExecutionOrchestrator.execute(EngineExecutionOrchestrator.java:107)
	at org.junit.platform.launcher.core.EngineExecutionOrchestrator.execute(EngineExecutionOrchestrator.java:88)
	at org.junit.platform.launcher.core.EngineExecutionOrchestrator.lambda$execute$0(EngineExecutionOrchestrator.java:54)
	at org.junit.platform.launcher.core.EngineExecutionOrchestrator.withInterceptedStreams(EngineExecutionOrchestrator.java:67)
	at org.junit.platform.launcher.core.EngineExecutionOrchestrator.execute(EngineExecutionOrchestrator.java:52)
	at org.junit.platform.launcher.core.DefaultLauncher.execute(DefaultLauncher.java:114)
	at org.junit.platform.launcher.core.DefaultLauncher.execute(DefaultLauncher.java:86)
	at org.junit.platform.launcher.core.DefaultLauncherSession$DelegatingLauncher.execute(DefaultLauncherSession.java:86)
	at org.junit.platform.launcher.core.SessionPerRequestLauncher.execute(SessionPerRequestLauncher.java:53)
	at org.gradle.api.internal.tasks.testing.junitplatform.JUnitPlatformTestClassProcessor$CollectAllTestClassesExecutor.processAllTestClasses(JUnitPlatformTestClassProcessor.java:99)
	at org.gradle.api.internal.tasks.testing.junitplatform.JUnitPlatformTestClassProcessor$CollectAllTestClassesExecutor.access$000(JUnitPlatformTestClassProcessor.java:79)
	at org.gradle.api.internal.tasks.testing.junitplatform.JUnitPlatformTestClassProcessor.stop(JUnitPlatformTestClassProcessor.java:75)
	at org.gradle.api.internal.tasks.testing.SuiteTestClassProcessor.stop(SuiteTestClassProcessor.java:62)
	at java.base/jdk.internal.reflect.NativeMethodAccessorImpl.invoke0(Native Method)
	at java.base/jdk.internal.reflect.NativeMethodAccessorImpl.invoke(NativeMethodAccessorImpl.java:77)
	at java.base/jdk.internal.reflect.DelegatingMethodAccessorImpl.invoke(DelegatingMethodAccessorImpl.java:43)
	at java.base/java.lang.reflect.Method.invoke(Method.java:568)
	at org.gradle.internal.dispatch.ReflectionDispatch.dispatch(ReflectionDispatch.java:36)
	at org.gradle.internal.dispatch.ReflectionDispatch.dispatch(ReflectionDispatch.java:24)
	at org.gradle.internal.dispatch.ContextClassLoaderDispatch.dispatch(ContextClassLoaderDispatch.java:33)
	at org.gradle.internal.dispatch.ProxyDispatchAdapter$DispatchingInvocationHandler.invoke(ProxyDispatchAdapter.java:94)
	at jdk.proxy1/jdk.proxy1.$Proxy2.stop(Unknown Source)
	at org.gradle.api.internal.tasks.testing.worker.TestWorker$3.run(TestWorker.java:193)
	at org.gradle.api.internal.tasks.testing.worker.TestWorker.executeAndMaintainThreadName(TestWorker.java:129)
	at org.gradle.api.internal.tasks.testing.worker.TestWorker.execute(TestWorker.java:100)
	at org.gradle.api.internal.tasks.testing.worker.TestWorker.execute(TestWorker.java:60)
	at org.gradle.process.internal.worker.child.ActionExecutionWorker.execute(ActionExecutionWorker.java:56)
	at org.gradle.process.internal.worker.child.SystemApplicationClassLoaderWorker.call(SystemApplicationClassLoaderWorker.java:113)
	at org.gradle.process.internal.worker.child.SystemApplicationClassLoaderWorker.call(SystemApplicationClassLoaderWorker.java:65)
	at worker.org.gradle.process.internal.worker.GradleWorkerMain.run(GradleWorkerMain.java:69)
	at worker.org.gradle.process.internal.worker.GradleWorkerMain.main(GradleWorkerMain.java:74)

4月 08, 2025 1:21:35 上午 org.junit.jupiter.engine.execution.ConditionEvaluator logResult
较详细: Evaluation of condition [org.junit.jupiter.engine.extension.DisabledCondition] on [void incometest.IncomeManagerTest.testDeleteIncomeValidIndex()] resulted in: ConditionEvaluationResult [enabled = true, reason = '@Disabled is not present']
4月 08, 2025 1:21:35 上午 expenseincome.income.IncomeManager addIncome
信息: Added income: Salary - USD 2000.00 on 2025-04-08 [Category: Job]
4月 08, 2025 1:21:35 上午 expenseincome.income.IncomeManager deleteIncome
信息: Deleted income: Salary - USD 2000.00 on 2025-04-08 [Category: Job]
4月 08, 2025 1:21:35 上午 org.junit.jupiter.engine.execution.ConditionEvaluator logResult
较详细: Evaluation of condition [org.junit.jupiter.engine.extension.DisabledCondition] on [void incometest.IncomeManagerTest.testAddIncomeNullSource()] resulted in: ConditionEvaluationResult [enabled = true, reason = '@Disabled is not present']
4月 08, 2025 1:21:35 上午 expenseincome.income.IncomeManager addIncome
警告: Failed to add income
expenseincome.income.exceptions.IncomeException: Source cannot be empty.
	at expenseincome.income.IncomeManager.validateIncomeDetails(IncomeManager.java:274)
	at expenseincome.income.IncomeManager.addIncome(IncomeManager.java:102)
	at incometest.IncomeManagerTest.testAddIncomeNullSource(IncomeManagerTest.java:54)
	at java.base/jdk.internal.reflect.NativeMethodAccessorImpl.invoke0(Native Method)
	at java.base/jdk.internal.reflect.NativeMethodAccessorImpl.invoke(NativeMethodAccessorImpl.java:77)
	at java.base/jdk.internal.reflect.DelegatingMethodAccessorImpl.invoke(DelegatingMethodAccessorImpl.java:43)
	at java.base/java.lang.reflect.Method.invoke(Method.java:568)
	at org.junit.platform.commons.util.ReflectionUtils.invokeMethod(ReflectionUtils.java:728)
	at org.junit.jupiter.engine.execution.MethodInvocation.proceed(MethodInvocation.java:60)
	at org.junit.jupiter.engine.execution.InvocationInterceptorChain$ValidatingInvocation.proceed(InvocationInterceptorChain.java:131)
	at org.junit.jupiter.engine.extension.TimeoutExtension.intercept(TimeoutExtension.java:156)
	at org.junit.jupiter.engine.extension.TimeoutExtension.interceptTestableMethod(TimeoutExtension.java:147)
	at org.junit.jupiter.engine.extension.TimeoutExtension.interceptTestMethod(TimeoutExtension.java:86)
	at org.junit.jupiter.engine.execution.InterceptingExecutableInvoker$ReflectiveInterceptorCall.lambda$ofVoidMethod$0(InterceptingExecutableInvoker.java:103)
	at org.junit.jupiter.engine.execution.InterceptingExecutableInvoker.lambda$invoke$0(InterceptingExecutableInvoker.java:93)
	at org.junit.jupiter.engine.execution.InvocationInterceptorChain$InterceptedInvocation.proceed(InvocationInterceptorChain.java:106)
	at org.junit.jupiter.engine.execution.InvocationInterceptorChain.proceed(InvocationInterceptorChain.java:64)
	at org.junit.jupiter.engine.execution.InvocationInterceptorChain.chainAndInvoke(InvocationInterceptorChain.java:45)
	at org.junit.jupiter.engine.execution.InvocationInterceptorChain.invoke(InvocationInterceptorChain.java:37)
	at org.junit.jupiter.engine.execution.InterceptingExecutableInvoker.invoke(InterceptingExecutableInvoker.java:92)
	at org.junit.jupiter.engine.execution.InterceptingExecutableInvoker.invoke(InterceptingExecutableInvoker.java:86)
	at org.junit.jupiter.engine.descriptor.TestMethodTestDescriptor.lambda$invokeTestMethod$7(TestMethodTestDescriptor.java:218)
	at org.junit.platform.engine.support.hierarchical.ThrowableCollector.execute(ThrowableCollector.java:73)
	at org.junit.jupiter.engine.descriptor.TestMethodTestDescriptor.invokeTestMethod(TestMethodTestDescriptor.java:214)
	at org.junit.jupiter.engine.descriptor.TestMethodTestDescriptor.execute(TestMethodTestDescriptor.java:139)
	at org.junit.jupiter.engine.descriptor.TestMethodTestDescriptor.execute(TestMethodTestDescriptor.java:69)
	at org.junit.platform.engine.support.hierarchical.NodeTestTask.lambda$executeRecursively$6(NodeTestTask.java:151)
	at org.junit.platform.engine.support.hierarchical.ThrowableCollector.execute(ThrowableCollector.java:73)
	at org.junit.platform.engine.support.hierarchical.NodeTestTask.lambda$executeRecursively$8(NodeTestTask.java:141)
	at org.junit.platform.engine.support.hierarchical.Node.around(Node.java:137)
	at org.junit.platform.engine.support.hierarchical.NodeTestTask.lambda$executeRecursively$9(NodeTestTask.java:139)
	at org.junit.platform.engine.support.hierarchical.ThrowableCollector.execute(ThrowableCollector.java:73)
	at org.junit.platform.engine.support.hierarchical.NodeTestTask.executeRecursively(NodeTestTask.java:138)
	at org.junit.platform.engine.support.hierarchical.NodeTestTask.execute(NodeTestTask.java:95)
	at java.base/java.util.ArrayList.forEach(ArrayList.java:1511)
	at org.junit.platform.engine.support.hierarchical.SameThreadHierarchicalTestExecutorService.invokeAll(SameThreadHierarchicalTestExecutorService.java:41)
	at org.junit.platform.engine.support.hierarchical.NodeTestTask.lambda$executeRecursively$6(NodeTestTask.java:155)
	at org.junit.platform.engine.support.hierarchical.ThrowableCollector.execute(ThrowableCollector.java:73)
	at org.junit.platform.engine.support.hierarchical.NodeTestTask.lambda$executeRecursively$8(NodeTestTask.java:141)
	at org.junit.platform.engine.support.hierarchical.Node.around(Node.java:137)
	at org.junit.platform.engine.support.hierarchical.NodeTestTask.lambda$executeRecursively$9(NodeTestTask.java:139)
	at org.junit.platform.engine.support.hierarchical.ThrowableCollector.execute(ThrowableCollector.java:73)
	at org.junit.platform.engine.support.hierarchical.NodeTestTask.executeRecursively(NodeTestTask.java:138)
	at org.junit.platform.engine.support.hierarchical.NodeTestTask.execute(NodeTestTask.java:95)
	at java.base/java.util.ArrayList.forEach(ArrayList.java:1511)
	at org.junit.platform.engine.support.hierarchical.SameThreadHierarchicalTestExecutorService.invokeAll(SameThreadHierarchicalTestExecutorService.java:41)
	at org.junit.platform.engine.support.hierarchical.NodeTestTask.lambda$executeRecursively$6(NodeTestTask.java:155)
	at org.junit.platform.engine.support.hierarchical.ThrowableCollector.execute(ThrowableCollector.java:73)
	at org.junit.platform.engine.support.hierarchical.NodeTestTask.lambda$executeRecursively$8(NodeTestTask.java:141)
	at org.junit.platform.engine.support.hierarchical.Node.around(Node.java:137)
	at org.junit.platform.engine.support.hierarchical.NodeTestTask.lambda$executeRecursively$9(NodeTestTask.java:139)
	at org.junit.platform.engine.support.hierarchical.ThrowableCollector.execute(ThrowableCollector.java:73)
	at org.junit.platform.engine.support.hierarchical.NodeTestTask.executeRecursively(NodeTestTask.java:138)
	at org.junit.platform.engine.support.hierarchical.NodeTestTask.execute(NodeTestTask.java:95)
	at org.junit.platform.engine.support.hierarchical.SameThreadHierarchicalTestExecutorService.submit(SameThreadHierarchicalTestExecutorService.java:35)
	at org.junit.platform.engine.support.hierarchical.HierarchicalTestExecutor.execute(HierarchicalTestExecutor.java:57)
	at org.junit.platform.engine.support.hierarchical.HierarchicalTestEngine.execute(HierarchicalTestEngine.java:54)
	at org.junit.platform.launcher.core.EngineExecutionOrchestrator.execute(EngineExecutionOrchestrator.java:107)
	at org.junit.platform.launcher.core.EngineExecutionOrchestrator.execute(EngineExecutionOrchestrator.java:88)
	at org.junit.platform.launcher.core.EngineExecutionOrchestrator.lambda$execute$0(EngineExecutionOrchestrator.java:54)
	at org.junit.platform.launcher.core.EngineExecutionOrchestrator.withInterceptedStreams(EngineExecutionOrchestrator.java:67)
	at org.junit.platform.launcher.core.EngineExecutionOrchestrator.execute(EngineExecutionOrchestrator.java:52)
	at org.junit.platform.launcher.core.DefaultLauncher.execute(DefaultLauncher.java:114)
	at org.junit.platform.launcher.core.DefaultLauncher.execute(DefaultLauncher.java:86)
	at org.junit.platform.launcher.core.DefaultLauncherSession$DelegatingLauncher.execute(DefaultLauncherSession.java:86)
	at org.junit.platform.launcher.core.SessionPerRequestLauncher.execute(SessionPerRequestLauncher.java:53)
	at org.gradle.api.internal.tasks.testing.junitplatform.JUnitPlatformTestClassProcessor$CollectAllTestClassesExecutor.processAllTestClasses(JUnitPlatformTestClassProcessor.java:99)
	at org.gradle.api.internal.tasks.testing.junitplatform.JUnitPlatformTestClassProcessor$CollectAllTestClassesExecutor.access$000(JUnitPlatformTestClassProcessor.java:79)
	at org.gradle.api.internal.tasks.testing.junitplatform.JUnitPlatformTestClassProcessor.stop(JUnitPlatformTestClassProcessor.java:75)
	at org.gradle.api.internal.tasks.testing.SuiteTestClassProcessor.stop(SuiteTestClassProcessor.java:62)
	at java.base/jdk.internal.reflect.NativeMethodAccessorImpl.invoke0(Native Method)
	at java.base/jdk.internal.reflect.NativeMethodAccessorImpl.invoke(NativeMethodAccessorImpl.java:77)
	at java.base/jdk.internal.reflect.DelegatingMethodAccessorImpl.invoke(DelegatingMethodAccessorImpl.java:43)
	at java.base/java.lang.reflect.Method.invoke(Method.java:568)
	at org.gradle.internal.dispatch.ReflectionDispatch.dispatch(ReflectionDispatch.java:36)
	at org.gradle.internal.dispatch.ReflectionDispatch.dispatch(ReflectionDispatch.java:24)
	at org.gradle.internal.dispatch.ContextClassLoaderDispatch.dispatch(ContextClassLoaderDispatch.java:33)
	at org.gradle.internal.dispatch.ProxyDispatchAdapter$DispatchingInvocationHandler.invoke(ProxyDispatchAdapter.java:94)
	at jdk.proxy1/jdk.proxy1.$Proxy2.stop(Unknown Source)
	at org.gradle.api.internal.tasks.testing.worker.TestWorker$3.run(TestWorker.java:193)
	at org.gradle.api.internal.tasks.testing.worker.TestWorker.executeAndMaintainThreadName(TestWorker.java:129)
	at org.gradle.api.internal.tasks.testing.worker.TestWorker.execute(TestWorker.java:100)
	at org.gradle.api.internal.tasks.testing.worker.TestWorker.execute(TestWorker.java:60)
	at org.gradle.process.internal.worker.child.ActionExecutionWorker.execute(ActionExecutionWorker.java:56)
	at org.gradle.process.internal.worker.child.SystemApplicationClassLoaderWorker.call(SystemApplicationClassLoaderWorker.java:113)
	at org.gradle.process.internal.worker.child.SystemApplicationClassLoaderWorker.call(SystemApplicationClassLoaderWorker.java:65)
	at worker.org.gradle.process.internal.worker.GradleWorkerMain.run(GradleWorkerMain.java:69)
	at worker.org.gradle.process.internal.worker.GradleWorkerMain.main(GradleWorkerMain.java:74)

4月 08, 2025 1:21:35 上午 org.junit.jupiter.engine.execution.ConditionEvaluator logResult
较详细: Evaluation of condition [org.junit.jupiter.engine.extension.DisabledCondition] on [class loantests.LoanListTest] resulted in: ConditionEvaluationResult [enabled = true, reason = '@Disabled is not present']
4月 08, 2025 1:21:35 上午 org.junit.jupiter.engine.execution.ConditionEvaluator logResult
较详细: Evaluation of condition [org.junit.jupiter.engine.extension.DisabledCondition] on [public void loantests.LoanListTest.testOne()] resulted in: ConditionEvaluationResult [enabled = true, reason = '@Disabled is not present']
4月 08, 2025 1:21:35 上午 org.junit.jupiter.engine.execution.ConditionEvaluator logResult
较详细: Evaluation of condition [org.junit.jupiter.engine.extension.DisabledCondition] on [public void loantests.LoanListTest.testUI2()] resulted in: ConditionEvaluationResult [enabled = true, reason = '@Disabled is not present']
4月 08, 2025 1:21:35 上午 org.junit.jupiter.engine.execution.ConditionEvaluator logResult
较详细: Evaluation of condition [org.junit.jupiter.engine.extension.DisabledCondition] on [public void loantests.LoanListTest.testTwo()] resulted in: ConditionEvaluationResult [enabled = true, reason = '@Disabled is not present']
4月 08, 2025 1:21:35 上午 org.junit.jupiter.engine.execution.ConditionEvaluator logResult
较详细: Evaluation of condition [org.junit.jupiter.engine.extension.DisabledCondition] on [public void loantests.LoanListTest.testSave()] resulted in: ConditionEvaluationResult [enabled = true, reason = '@Disabled is not present']
4月 08, 2025 1:21:35 上午 org.junit.jupiter.engine.execution.ConditionEvaluator logResult
较详细: Evaluation of condition [org.junit.jupiter.engine.extension.DisabledCondition] on [public void loantests.LoanListTest.testUI()] resulted in: ConditionEvaluationResult [enabled = true, reason = '@Disabled is not present']
4月 08, 2025 1:21:35 上午 org.junit.jupiter.engine.execution.ConditionEvaluator logResult
较详细: Evaluation of condition [org.junit.jupiter.engine.extension.DisabledCondition] on [public void loantests.LoanListTest.testReadSave()] resulted in: ConditionEvaluationResult [enabled = true, reason = '@Disabled is not present']
4月 08, 2025 1:21:35 上午 org.junit.jupiter.engine.execution.ConditionEvaluator logResult
较详细: Evaluation of condition [org.junit.jupiter.engine.extension.DisabledCondition] on [public void loantests.LoanListTest.testFindCommands()] resulted in: ConditionEvaluationResult [enabled = true, reason = '@Disabled is not present']
4月 08, 2025 1:21:35 上午 org.junit.jupiter.engine.execution.ConditionEvaluator logResult
较详细: Evaluation of condition [org.junit.jupiter.engine.extension.DisabledCondition] on [public void loantests.LoanListTest.testSetCommands()] resulted in: ConditionEvaluationResult [enabled = true, reason = '@Disabled is not present']
4月 08, 2025 1:21:35 上午 org.junit.jupiter.engine.extension.MutableExtensionRegistry registerExtension
较详细: Registering synthetic extension [org.junit.jupiter.engine.descriptor.ClassBasedTestDescriptor$$Lambda$323/0x000001c981152d48@1455a374] from source [method savingtest.SavingModuleTest.setUpStreams]
4月 08, 2025 1:21:35 上午 org.junit.jupiter.engine.extension.MutableExtensionRegistry registerExtension
较详细: Registering synthetic extension [org.junit.jupiter.engine.descriptor.ClassBasedTestDescriptor$$Lambda$466/0x000001c98119de08@54418834] from source [method savingtest.SavingModuleTest.restoreStreams]
4月 08, 2025 1:21:35 上午 org.junit.jupiter.engine.execution.ConditionEvaluator logResult
较详细: Evaluation of condition [org.junit.jupiter.engine.extension.DisabledCondition] on [class savingtest.SavingModuleTest] resulted in: ConditionEvaluationResult [enabled = true, reason = '@Disabled is not present']
4月 08, 2025 1:21:35 上午 org.junit.jupiter.engine.execution.ConditionEvaluator logResult
较详细: Evaluation of condition [org.junit.jupiter.engine.extension.DisabledCondition] on [public void savingtest.SavingModuleTest.testSavingAttributesInvalidAmount()] resulted in: ConditionEvaluationResult [enabled = true, reason = '@Disabled is not present']
4月 08, 2025 1:21:35 上午 org.junit.jupiter.engine.execution.ConditionEvaluator logResult
较详细: Evaluation of condition [org.junit.jupiter.engine.extension.DisabledCondition] on [public void savingtest.SavingModuleTest.testContributeGoalCommandExecute()] resulted in: ConditionEvaluationResult [enabled = true, reason = '@Disabled is not present']
4月 08, 2025 1:21:35 上午 org.junit.jupiter.engine.execution.ConditionEvaluator logResult
较详细: Evaluation of condition [org.junit.jupiter.engine.extension.DisabledCondition] on [public void savingtest.SavingModuleTest.testSavingGeneralCommandPrompt()] resulted in: ConditionEvaluationResult [enabled = true, reason = '@Disabled is not present']
4月 08, 2025 1:21:35 上午 org.junit.jupiter.engine.execution.ConditionEvaluator logResult
较详细: Evaluation of condition [org.junit.jupiter.engine.extension.DisabledCondition] on [public void savingtest.SavingModuleTest.testAddContributionAndCompletion()] resulted in: ConditionEvaluationResult [enabled = true, reason = '@Disabled is not present']
4月 08, 2025 1:21:35 上午 org.junit.jupiter.engine.execution.ConditionEvaluator logResult
较详细: Evaluation of condition [org.junit.jupiter.engine.extension.DisabledCondition] on [public void savingtest.SavingModuleTest.testModifySavingInvalidIndex()] resulted in: ConditionEvaluationResult [enabled = true, reason = '@Disabled is not present']
4月 08, 2025 1:21:35 上午 org.junit.jupiter.engine.execution.ConditionEvaluator logResult
较详细: Evaluation of condition [org.junit.jupiter.engine.extension.DisabledCondition] on [public void savingtest.SavingModuleTest.testParseCheckGoalCommand()] resulted in: ConditionEvaluationResult [enabled = true, reason = '@Disabled is not present']
4月 08, 2025 1:21:35 上午 org.junit.jupiter.engine.execution.ConditionEvaluator logResult
较详细: Evaluation of condition [org.junit.jupiter.engine.extension.DisabledCondition] on [public void savingtest.SavingModuleTest.testListGoalCommandExecute()] resulted in: ConditionEvaluationResult [enabled = true, reason = '@Disabled is not present']
4月 08, 2025 1:21:35 上午 org.junit.jupiter.engine.execution.ConditionEvaluator logResult
较详细: Evaluation of condition [org.junit.jupiter.engine.extension.DisabledCondition] on [public void savingtest.SavingModuleTest.testParseContributeGoalCommand()] resulted in: ConditionEvaluationResult [enabled = true, reason = '@Disabled is not present']
4月 08, 2025 1:21:35 上午 org.junit.jupiter.engine.execution.ConditionEvaluator logResult
较详细: Evaluation of condition [org.junit.jupiter.engine.extension.DisabledCondition] on [public void savingtest.SavingModuleTest.testListGoalsEmpty()] resulted in: ConditionEvaluationResult [enabled = true, reason = '@Disabled is not present']
4月 08, 2025 1:21:35 上午 org.junit.jupiter.engine.execution.ConditionEvaluator logResult
较详细: Evaluation of condition [org.junit.jupiter.engine.extension.DisabledCondition] on [public void savingtest.SavingModuleTest.testSetGoalCommandExecute()] resulted in: ConditionEvaluationResult [enabled = true, reason = '@Disabled is not present']
4月 08, 2025 1:21:35 上午 org.junit.jupiter.engine.execution.ConditionEvaluator logResult
较详细: Evaluation of condition [org.junit.jupiter.engine.extension.DisabledCondition] on [public void savingtest.SavingModuleTest.testParseSetGoalCommand()] resulted in: ConditionEvaluationResult [enabled = true, reason = '@Disabled is not present']
4月 08, 2025 1:21:35 上午 org.junit.jupiter.engine.execution.ConditionEvaluator logResult
较详细: Evaluation of condition [org.junit.jupiter.engine.extension.DisabledCondition] on [public void savingtest.SavingModuleTest.testSetNewSavingThrowsSavingRuntimeException()] resulted in: ConditionEvaluationResult [enabled = true, reason = '@Disabled is not present']
4月 08, 2025 1:21:35 上午 org.junit.jupiter.engine.execution.ConditionEvaluator logResult
较详细: Evaluation of condition [org.junit.jupiter.engine.extension.DisabledCondition] on [public void savingtest.SavingModuleTest.testContributeToSaving()] resulted in: ConditionEvaluationResult [enabled = true, reason = '@Disabled is not present']
4月 08, 2025 1:21:35 上午 org.junit.jupiter.engine.execution.ConditionEvaluator logResult
较详细: Evaluation of condition [org.junit.jupiter.engine.extension.DisabledCondition] on [public void savingtest.SavingModuleTest.testSavingAttributesInvalidDate()] resulted in: ConditionEvaluationResult [enabled = true, reason = '@Disabled is not present']
4月 08, 2025 1:21:35 上午 org.junit.jupiter.engine.execution.ConditionEvaluator logResult
较详细: Evaluation of condition [org.junit.jupiter.engine.extension.DisabledCondition] on [public void savingtest.SavingModuleTest.testSetNewSaving()] resulted in: ConditionEvaluationResult [enabled = true, reason = '@Disabled is not present']
4月 08, 2025 1:21:35 上午 org.junit.jupiter.engine.execution.ConditionEvaluator logResult
较详细: Evaluation of condition [org.junit.jupiter.engine.extension.DisabledCondition] on [public void savingtest.SavingModuleTest.testSavingGeneralCommandUnknown()] resulted in: ConditionEvaluationResult [enabled = true, reason = '@Disabled is not present']
4月 08, 2025 1:21:35 上午 org.junit.jupiter.engine.execution.ConditionEvaluator logResult
较详细: Evaluation of condition [org.junit.jupiter.engine.extension.DisabledCondition] on [public void savingtest.SavingModuleTest.testSavingAttributesValidInput() throws budgetsaving.saving.exceptions.SavingAttributeException] resulted in: ConditionEvaluationResult [enabled = true, reason = '@Disabled is not present']
4月 08, 2025 1:21:35 上午 org.junit.jupiter.engine.execution.ConditionEvaluator logResult
较详细: Evaluation of condition [org.junit.jupiter.engine.extension.DisabledCondition] on [class seedu.duke.DukeTest] resulted in: ConditionEvaluationResult [enabled = true, reason = '@Disabled is not present']
4月 08, 2025 1:21:35 上午 org.junit.jupiter.engine.execution.ConditionEvaluator logResult
较详细: Evaluation of condition [org.junit.jupiter.engine.extension.DisabledCondition] on [public void seedu.duke.DukeTest.sampleTest()] resulted in: ConditionEvaluationResult [enabled = true, reason = '@Disabled is not present']
4月 08, 2025 1:21:35 上午 org.junit.jupiter.engine.execution.ConditionEvaluator logResult
较详细: Evaluation of condition [org.junit.jupiter.engine.extension.DisabledCondition] on [class utiltest.moneytest.MoneyTest] resulted in: ConditionEvaluationResult [enabled = true, reason = '@Disabled is not present']
4月 08, 2025 1:21:35 上午 org.junit.jupiter.engine.execution.ConditionEvaluator logResult
较详细: Evaluation of condition [org.junit.jupiter.engine.extension.DisabledCondition] on [public void utiltest.moneytest.MoneyTest.moneyCompareTest()] resulted in: ConditionEvaluationResult [enabled = true, reason = '@Disabled is not present']
4月 08, 2025 1:21:35 上午 org.junit.jupiter.engine.execution.ConditionEvaluator logResult
较详细: Evaluation of condition [org.junit.jupiter.engine.extension.DisabledCondition] on [public void utiltest.moneytest.MoneyTest.moneyPrintTest()] resulted in: ConditionEvaluationResult [enabled = true, reason = '@Disabled is not present']
4月 08, 2025 1:21:35 上午 org.junit.jupiter.engine.execution.ConditionEvaluator logResult
较详细: Evaluation of condition [org.junit.jupiter.engine.extension.DisabledCondition] on [class utiltest.parsertests.DateParserTest] resulted in: ConditionEvaluationResult [enabled = true, reason = '@Disabled is not present']
4月 08, 2025 1:21:35 上午 org.junit.jupiter.engine.execution.ConditionEvaluator logResult
较详细: Evaluation of condition [org.junit.jupiter.engine.extension.DisabledCondition] on [public void utiltest.parsertests.DateParserTest.testOne()] resulted in: ConditionEvaluationResult [enabled = true, reason = '@Disabled is not present']
4月 08, 2025 1:21:35 上午 org.junit.jupiter.engine.execution.ConditionEvaluator logResult
较详细: Evaluation of condition [org.junit.jupiter.engine.extension.DisabledCondition] on [public void utiltest.parsertests.DateParserTest.testUI()] resulted in: ConditionEvaluationResult [enabled = true, reason = '@Disabled is not present']
4月 08, 2025 1:21:35 上午 org.junit.jupiter.engine.execution.ConditionEvaluator logResult
较详细: Evaluation of condition [org.junit.jupiter.engine.extension.DisabledCondition] on [class utiltest.parsertests.InterestParserTest] resulted in: ConditionEvaluationResult [enabled = true, reason = '@Disabled is not present']
4月 08, 2025 1:21:35 上午 org.junit.jupiter.engine.execution.ConditionEvaluator logResult
较详细: Evaluation of condition [org.junit.jupiter.engine.extension.DisabledCondition] on [public void utiltest.parsertests.InterestParserTest.testOne()] resulted in: ConditionEvaluationResult [enabled = true, reason = '@Disabled is not present']
4月 08, 2025 1:21:35 上午 org.junit.jupiter.engine.execution.ConditionEvaluator logResult
较详细: Evaluation of condition [org.junit.jupiter.engine.extension.DisabledCondition] on [class utiltest.peopletest.ContactsListTest] resulted in: ConditionEvaluationResult [enabled = true, reason = '@Disabled is not present']
4月 08, 2025 1:21:35 上午 org.junit.jupiter.engine.execution.ConditionEvaluator logResult
较详细: Evaluation of condition [org.junit.jupiter.engine.extension.DisabledCondition] on [public void utiltest.peopletest.ContactsListTest.testOne()] resulted in: ConditionEvaluationResult [enabled = true, reason = '@Disabled is not present']
4月 08, 2025 1:21:35 上午 org.junit.jupiter.engine.execution.ConditionEvaluator logResult
较详细: Evaluation of condition [org.junit.jupiter.engine.extension.DisabledCondition] on [public void utiltest.peopletest.ContactsListTest.testAddPersonUI()] resulted in: ConditionEvaluationResult [enabled = true, reason = '@Disabled is not present']
4月 08, 2025 1:21:35 上午 org.junit.jupiter.engine.execution.ConditionEvaluator logResult
较详细: Evaluation of condition [org.junit.jupiter.engine.extension.DisabledCondition] on [public void utiltest.peopletest.ContactsListTest.testSave()] resulted in: ConditionEvaluationResult [enabled = true, reason = '@Disabled is not present']
4月 08, 2025 1:21:35 上午 org.junit.jupiter.engine.execution.ConditionEvaluator logResult
较详细: Evaluation of condition [org.junit.jupiter.engine.extension.DisabledCondition] on [public void utiltest.peopletest.ContactsListTest.testReadSave()] resulted in: ConditionEvaluationResult [enabled = true, reason = '@Disabled is not present']
4月 08, 2025 1:23:25 上午 expenseincome.income.IncomeManager addIncome
信息: Added income: Salary - USD 3000.00 on 2025-03-26 [Category: Job]
4月 08, 2025 1:23:25 上午 org.junit.jupiter.engine.execution.ConditionEvaluator logResult
较详细: Evaluation of condition [org.junit.jupiter.engine.extension.DisabledCondition] on [void incometest.IncomeCommandTestSuite.testListIncomeCommandExecute()] resulted in: ConditionEvaluationResult [enabled = true, reason = '@Disabled is not present']
4月 08, 2025 1:23:25 上午 expenseincome.income.IncomeManager addIncome
信息: Added income: Allowance - USD 100.00 on 2025-04-08 [Category: Personal]
4月 08, 2025 1:23:25 上午 org.junit.jupiter.engine.execution.ConditionEvaluator logResult
较详细: Evaluation of condition [org.junit.jupiter.engine.extension.DisabledCondition] on [void incometest.IncomeCommandTestSuite.testSortIncomeCommandOldest()] resulted in: ConditionEvaluationResult [enabled = true, reason = '@Disabled is not present']
4月 08, 2025 1:23:25 上午 expenseincome.income.IncomeManager addIncome
信息: Added income: X - USD 1.00 on 2025-03-10 [Category: Job]
4月 08, 2025 1:23:25 上午 expenseincome.income.IncomeManager addIncome
信息: Added income: Y - USD 1.00 on 2022-03-10 [Category: Job]
4月 08, 2025 1:23:25 上午 org.junit.jupiter.engine.execution.ConditionEvaluator logResult
较详细: Evaluation of condition [org.junit.jupiter.engine.extension.DisabledCondition] on [void incometest.IncomeCommandTestSuite.testHelpIncomeCommandExecute()] resulted in: ConditionEvaluationResult [enabled = true, reason = '@Disabled is not present']
4月 08, 2025 1:23:25 上午 org.junit.jupiter.engine.execution.ConditionEvaluator logResult
较详细: Evaluation of condition [org.junit.jupiter.engine.extension.DisabledCondition] on [void incometest.IncomeCommandTestSuite.testSortIncomeCommandRecent()] resulted in: ConditionEvaluationResult [enabled = true, reason = '@Disabled is not present']
4月 08, 2025 1:23:25 上午 expenseincome.income.IncomeManager addIncome
信息: Added income: A - USD 1.00 on 2023-01-01 [Category: Misc]
4月 08, 2025 1:23:25 上午 expenseincome.income.IncomeManager addIncome
信息: Added income: B - USD 2.00 on 2025-01-01 [Category: Misc]
4月 08, 2025 1:23:25 上午 org.junit.jupiter.engine.execution.ConditionEvaluator logResult
较详细: Evaluation of condition [org.junit.jupiter.engine.extension.DisabledCondition] on [void incometest.IncomeCommandTestSuite.testDeleteIncomeCommandExecute()] resulted in: ConditionEvaluationResult [enabled = true, reason = '@Disabled is not present']
4月 08, 2025 1:23:25 上午 expenseincome.income.IncomeManager addIncome
信息: Added income: Bonus - USD 500.00 on 2025-04-08 [Category: Job]
4月 08, 2025 1:23:25 上午 expenseincome.income.IncomeManager deleteIncome
信息: Deleted income: Bonus - USD 500.00 on 2025-04-08 [Category: Job]
4月 08, 2025 1:23:25 上午 org.junit.jupiter.engine.execution.ConditionEvaluator logResult
较详细: Evaluation of condition [org.junit.jupiter.engine.extension.DisabledCondition] on [void incometest.IncomeCommandTestSuite.testListCategoryIncomeCommandExecute()] resulted in: ConditionEvaluationResult [enabled = true, reason = '@Disabled is not present']
4月 08, 2025 1:23:25 上午 expenseincome.income.IncomeManager addIncome
信息: Added income: Part-time - USD 800.00 on 2025-04-08 [Category: Work]
4月 08, 2025 1:23:25 上午 org.junit.jupiter.engine.execution.ConditionEvaluator logResult
较详细: Evaluation of condition [org.junit.jupiter.engine.extension.DisabledCondition] on [void incometest.IncomeCommandTestSuite.testBottomCategoryIncomeCommandExecute()] resulted in: ConditionEvaluationResult [enabled = true, reason = '@Disabled is not present']
4月 08, 2025 1:23:25 上午 expenseincome.income.IncomeManager addIncome
信息: Added income: Paycheck - USD 3000.00 on 2025-04-08 [Category: Job]
4月 08, 2025 1:23:25 上午 expenseincome.income.IncomeManager addIncome
信息: Added income: Freelance - USD 200.00 on 2025-04-08 [Category: Freelance]
4月 08, 2025 1:23:25 上午 org.junit.jupiter.engine.execution.ConditionEvaluator logResult
较详细: Evaluation of condition [org.junit.jupiter.engine.extension.DisabledCondition] on [void incometest.IncomeCommandTestSuite.testEditIncomeCommandExecute()] resulted in: ConditionEvaluationResult [enabled = true, reason = '@Disabled is not present']
4月 08, 2025 1:23:25 上午 expenseincome.income.IncomeManager addIncome
信息: Added income: Gift - USD 100.00 on 2025-04-08 [Category: Gift]
4月 08, 2025 1:23:25 上午 expenseincome.income.IncomeManager editIncome
信息: Updated income: Investment - USD 200.00 on 2025-03-27 [Category: Finance]
4月 08, 2025 1:23:25 上午 org.junit.jupiter.engine.execution.ConditionEvaluator logResult
较详细: Evaluation of condition [org.junit.jupiter.engine.extension.DisabledCondition] on [void incometest.IncomeCommandTestSuite.testTopCategoryIncomeCommandExecute()] resulted in: ConditionEvaluationResult [enabled = true, reason = '@Disabled is not present']
4月 08, 2025 1:23:25 上午 expenseincome.income.IncomeManager addIncome
信息: Added income: Paycheck - USD 3000.00 on 2025-04-08 [Category: Job]
4月 08, 2025 1:23:25 上午 expenseincome.income.IncomeManager addIncome
信息: Added income: Freelance - USD 2000.00 on 2025-04-08 [Category: Freelance]
4月 08, 2025 1:23:25 上午 expenseincome.income.IncomeManager addIncome
信息: Added income: Bonus - USD 1000.00 on 2025-04-08 [Category: Job]
4月 08, 2025 1:23:25 上午 org.junit.jupiter.engine.extension.MutableExtensionRegistry registerExtension
较详细: Registering synthetic extension [org.junit.jupiter.engine.descriptor.ClassBasedTestDescriptor$$Lambda$317/0x000002468113b648@9ebe38b] from source [method incometest.IncomeHandleTest.setUp]
4月 08, 2025 1:23:25 上午 org.junit.jupiter.engine.execution.ConditionEvaluator logResult
较详细: Evaluation of condition [org.junit.jupiter.engine.extension.DisabledCondition] on [class incometest.IncomeHandleTest] resulted in: ConditionEvaluationResult [enabled = true, reason = '@Disabled is not present']
4月 08, 2025 1:23:25 上午 org.junit.jupiter.engine.execution.ConditionEvaluator logResult
较详细: Evaluation of condition [org.junit.jupiter.engine.extension.DisabledCondition] on [public void incometest.IncomeHandleTest.testHandleIncomeCommand_addAndExit()] resulted in: ConditionEvaluationResult [enabled = true, reason = '@Disabled is not present']
4月 08, 2025 1:23:25 上午 expenseincome.income.IncomeManager addIncome
信息: Added income: Salary - USD 5000.00 on 2025-04-01 [Category: Job]
4月 08, 2025 1:23:25 上午 org.junit.jupiter.engine.extension.MutableExtensionRegistry registerExtension
较详细: Registering synthetic extension [org.junit.jupiter.engine.descriptor.ClassBasedTestDescriptor$$Lambda$317/0x000002468113b648@38089a5a] from source [method incometest.IncomeManagerTest.setUp]
4月 08, 2025 1:23:25 上午 org.junit.jupiter.engine.execution.ConditionEvaluator logResult
较详细: Evaluation of condition [org.junit.jupiter.engine.extension.DisabledCondition] on [class incometest.IncomeManagerTest] resulted in: ConditionEvaluationResult [enabled = true, reason = '@Disabled is not present']
4月 08, 2025 1:23:25 上午 org.junit.jupiter.engine.execution.ConditionEvaluator logResult
较详细: Evaluation of condition [org.junit.jupiter.engine.extension.DisabledCondition] on [void incometest.IncomeManagerTest.testEditIncomeInvalidIndex()] resulted in: ConditionEvaluationResult [enabled = true, reason = '@Disabled is not present']
4月 08, 2025 1:23:25 上午 expenseincome.income.IncomeManager editIncome
警告: Failed to edit income
expenseincome.income.exceptions.IncomeException: No incomes to delete. Your list is empty.
	at expenseincome.income.IncomeManager.validateIndex(IncomeManager.java:265)
	at expenseincome.income.IncomeManager.editIncome(IncomeManager.java:126)
	at incometest.IncomeManagerTest.testEditIncomeInvalidIndex(IncomeManagerTest.java:104)
	at java.base/jdk.internal.reflect.NativeMethodAccessorImpl.invoke0(Native Method)
	at java.base/jdk.internal.reflect.NativeMethodAccessorImpl.invoke(NativeMethodAccessorImpl.java:77)
	at java.base/jdk.internal.reflect.DelegatingMethodAccessorImpl.invoke(DelegatingMethodAccessorImpl.java:43)
	at java.base/java.lang.reflect.Method.invoke(Method.java:568)
	at org.junit.platform.commons.util.ReflectionUtils.invokeMethod(ReflectionUtils.java:728)
	at org.junit.jupiter.engine.execution.MethodInvocation.proceed(MethodInvocation.java:60)
	at org.junit.jupiter.engine.execution.InvocationInterceptorChain$ValidatingInvocation.proceed(InvocationInterceptorChain.java:131)
	at org.junit.jupiter.engine.extension.TimeoutExtension.intercept(TimeoutExtension.java:156)
	at org.junit.jupiter.engine.extension.TimeoutExtension.interceptTestableMethod(TimeoutExtension.java:147)
	at org.junit.jupiter.engine.extension.TimeoutExtension.interceptTestMethod(TimeoutExtension.java:86)
	at org.junit.jupiter.engine.execution.InterceptingExecutableInvoker$ReflectiveInterceptorCall.lambda$ofVoidMethod$0(InterceptingExecutableInvoker.java:103)
	at org.junit.jupiter.engine.execution.InterceptingExecutableInvoker.lambda$invoke$0(InterceptingExecutableInvoker.java:93)
	at org.junit.jupiter.engine.execution.InvocationInterceptorChain$InterceptedInvocation.proceed(InvocationInterceptorChain.java:106)
	at org.junit.jupiter.engine.execution.InvocationInterceptorChain.proceed(InvocationInterceptorChain.java:64)
	at org.junit.jupiter.engine.execution.InvocationInterceptorChain.chainAndInvoke(InvocationInterceptorChain.java:45)
	at org.junit.jupiter.engine.execution.InvocationInterceptorChain.invoke(InvocationInterceptorChain.java:37)
	at org.junit.jupiter.engine.execution.InterceptingExecutableInvoker.invoke(InterceptingExecutableInvoker.java:92)
	at org.junit.jupiter.engine.execution.InterceptingExecutableInvoker.invoke(InterceptingExecutableInvoker.java:86)
	at org.junit.jupiter.engine.descriptor.TestMethodTestDescriptor.lambda$invokeTestMethod$7(TestMethodTestDescriptor.java:218)
	at org.junit.platform.engine.support.hierarchical.ThrowableCollector.execute(ThrowableCollector.java:73)
	at org.junit.jupiter.engine.descriptor.TestMethodTestDescriptor.invokeTestMethod(TestMethodTestDescriptor.java:214)
	at org.junit.jupiter.engine.descriptor.TestMethodTestDescriptor.execute(TestMethodTestDescriptor.java:139)
	at org.junit.jupiter.engine.descriptor.TestMethodTestDescriptor.execute(TestMethodTestDescriptor.java:69)
	at org.junit.platform.engine.support.hierarchical.NodeTestTask.lambda$executeRecursively$6(NodeTestTask.java:151)
	at org.junit.platform.engine.support.hierarchical.ThrowableCollector.execute(ThrowableCollector.java:73)
	at org.junit.platform.engine.support.hierarchical.NodeTestTask.lambda$executeRecursively$8(NodeTestTask.java:141)
	at org.junit.platform.engine.support.hierarchical.Node.around(Node.java:137)
	at org.junit.platform.engine.support.hierarchical.NodeTestTask.lambda$executeRecursively$9(NodeTestTask.java:139)
	at org.junit.platform.engine.support.hierarchical.ThrowableCollector.execute(ThrowableCollector.java:73)
	at org.junit.platform.engine.support.hierarchical.NodeTestTask.executeRecursively(NodeTestTask.java:138)
	at org.junit.platform.engine.support.hierarchical.NodeTestTask.execute(NodeTestTask.java:95)
	at java.base/java.util.ArrayList.forEach(ArrayList.java:1511)
	at org.junit.platform.engine.support.hierarchical.SameThreadHierarchicalTestExecutorService.invokeAll(SameThreadHierarchicalTestExecutorService.java:41)
	at org.junit.platform.engine.support.hierarchical.NodeTestTask.lambda$executeRecursively$6(NodeTestTask.java:155)
	at org.junit.platform.engine.support.hierarchical.ThrowableCollector.execute(ThrowableCollector.java:73)
	at org.junit.platform.engine.support.hierarchical.NodeTestTask.lambda$executeRecursively$8(NodeTestTask.java:141)
	at org.junit.platform.engine.support.hierarchical.Node.around(Node.java:137)
	at org.junit.platform.engine.support.hierarchical.NodeTestTask.lambda$executeRecursively$9(NodeTestTask.java:139)
	at org.junit.platform.engine.support.hierarchical.ThrowableCollector.execute(ThrowableCollector.java:73)
	at org.junit.platform.engine.support.hierarchical.NodeTestTask.executeRecursively(NodeTestTask.java:138)
	at org.junit.platform.engine.support.hierarchical.NodeTestTask.execute(NodeTestTask.java:95)
	at java.base/java.util.ArrayList.forEach(ArrayList.java:1511)
	at org.junit.platform.engine.support.hierarchical.SameThreadHierarchicalTestExecutorService.invokeAll(SameThreadHierarchicalTestExecutorService.java:41)
	at org.junit.platform.engine.support.hierarchical.NodeTestTask.lambda$executeRecursively$6(NodeTestTask.java:155)
	at org.junit.platform.engine.support.hierarchical.ThrowableCollector.execute(ThrowableCollector.java:73)
	at org.junit.platform.engine.support.hierarchical.NodeTestTask.lambda$executeRecursively$8(NodeTestTask.java:141)
	at org.junit.platform.engine.support.hierarchical.Node.around(Node.java:137)
	at org.junit.platform.engine.support.hierarchical.NodeTestTask.lambda$executeRecursively$9(NodeTestTask.java:139)
	at org.junit.platform.engine.support.hierarchical.ThrowableCollector.execute(ThrowableCollector.java:73)
	at org.junit.platform.engine.support.hierarchical.NodeTestTask.executeRecursively(NodeTestTask.java:138)
	at org.junit.platform.engine.support.hierarchical.NodeTestTask.execute(NodeTestTask.java:95)
	at org.junit.platform.engine.support.hierarchical.SameThreadHierarchicalTestExecutorService.submit(SameThreadHierarchicalTestExecutorService.java:35)
	at org.junit.platform.engine.support.hierarchical.HierarchicalTestExecutor.execute(HierarchicalTestExecutor.java:57)
	at org.junit.platform.engine.support.hierarchical.HierarchicalTestEngine.execute(HierarchicalTestEngine.java:54)
	at org.junit.platform.launcher.core.EngineExecutionOrchestrator.execute(EngineExecutionOrchestrator.java:107)
	at org.junit.platform.launcher.core.EngineExecutionOrchestrator.execute(EngineExecutionOrchestrator.java:88)
	at org.junit.platform.launcher.core.EngineExecutionOrchestrator.lambda$execute$0(EngineExecutionOrchestrator.java:54)
	at org.junit.platform.launcher.core.EngineExecutionOrchestrator.withInterceptedStreams(EngineExecutionOrchestrator.java:67)
	at org.junit.platform.launcher.core.EngineExecutionOrchestrator.execute(EngineExecutionOrchestrator.java:52)
	at org.junit.platform.launcher.core.DefaultLauncher.execute(DefaultLauncher.java:114)
	at org.junit.platform.launcher.core.DefaultLauncher.execute(DefaultLauncher.java:86)
	at org.junit.platform.launcher.core.DefaultLauncherSession$DelegatingLauncher.execute(DefaultLauncherSession.java:86)
	at org.junit.platform.launcher.core.SessionPerRequestLauncher.execute(SessionPerRequestLauncher.java:53)
	at org.gradle.api.internal.tasks.testing.junitplatform.JUnitPlatformTestClassProcessor$CollectAllTestClassesExecutor.processAllTestClasses(JUnitPlatformTestClassProcessor.java:99)
	at org.gradle.api.internal.tasks.testing.junitplatform.JUnitPlatformTestClassProcessor$CollectAllTestClassesExecutor.access$000(JUnitPlatformTestClassProcessor.java:79)
	at org.gradle.api.internal.tasks.testing.junitplatform.JUnitPlatformTestClassProcessor.stop(JUnitPlatformTestClassProcessor.java:75)
	at org.gradle.api.internal.tasks.testing.SuiteTestClassProcessor.stop(SuiteTestClassProcessor.java:62)
	at java.base/jdk.internal.reflect.NativeMethodAccessorImpl.invoke0(Native Method)
	at java.base/jdk.internal.reflect.NativeMethodAccessorImpl.invoke(NativeMethodAccessorImpl.java:77)
	at java.base/jdk.internal.reflect.DelegatingMethodAccessorImpl.invoke(DelegatingMethodAccessorImpl.java:43)
	at java.base/java.lang.reflect.Method.invoke(Method.java:568)
	at org.gradle.internal.dispatch.ReflectionDispatch.dispatch(ReflectionDispatch.java:36)
	at org.gradle.internal.dispatch.ReflectionDispatch.dispatch(ReflectionDispatch.java:24)
	at org.gradle.internal.dispatch.ContextClassLoaderDispatch.dispatch(ContextClassLoaderDispatch.java:33)
	at org.gradle.internal.dispatch.ProxyDispatchAdapter$DispatchingInvocationHandler.invoke(ProxyDispatchAdapter.java:94)
	at jdk.proxy1/jdk.proxy1.$Proxy2.stop(Unknown Source)
	at org.gradle.api.internal.tasks.testing.worker.TestWorker$3.run(TestWorker.java:193)
	at org.gradle.api.internal.tasks.testing.worker.TestWorker.executeAndMaintainThreadName(TestWorker.java:129)
	at org.gradle.api.internal.tasks.testing.worker.TestWorker.execute(TestWorker.java:100)
	at org.gradle.api.internal.tasks.testing.worker.TestWorker.execute(TestWorker.java:60)
	at org.gradle.process.internal.worker.child.ActionExecutionWorker.execute(ActionExecutionWorker.java:56)
	at org.gradle.process.internal.worker.child.SystemApplicationClassLoaderWorker.call(SystemApplicationClassLoaderWorker.java:113)
	at org.gradle.process.internal.worker.child.SystemApplicationClassLoaderWorker.call(SystemApplicationClassLoaderWorker.java:65)
	at worker.org.gradle.process.internal.worker.GradleWorkerMain.run(GradleWorkerMain.java:69)
	at worker.org.gradle.process.internal.worker.GradleWorkerMain.main(GradleWorkerMain.java:74)

4月 08, 2025 1:23:25 上午 org.junit.jupiter.engine.execution.ConditionEvaluator logResult
较详细: Evaluation of condition [org.junit.jupiter.engine.extension.DisabledCondition] on [void incometest.IncomeManagerTest.testAddIncomeZeroAmount()] resulted in: ConditionEvaluationResult [enabled = true, reason = '@Disabled is not present']
4月 08, 2025 1:23:25 上午 expenseincome.income.IncomeManager addIncome
警告: Failed to add income
expenseincome.income.exceptions.IncomeException: Amount must be greater than zero.
	at expenseincome.income.IncomeManager.validateIncomeDetails(IncomeManager.java:277)
	at expenseincome.income.IncomeManager.addIncome(IncomeManager.java:102)
	at incometest.IncomeManagerTest.testAddIncomeZeroAmount(IncomeManagerTest.java:60)
	at java.base/jdk.internal.reflect.NativeMethodAccessorImpl.invoke0(Native Method)
	at java.base/jdk.internal.reflect.NativeMethodAccessorImpl.invoke(NativeMethodAccessorImpl.java:77)
	at java.base/jdk.internal.reflect.DelegatingMethodAccessorImpl.invoke(DelegatingMethodAccessorImpl.java:43)
	at java.base/java.lang.reflect.Method.invoke(Method.java:568)
	at org.junit.platform.commons.util.ReflectionUtils.invokeMethod(ReflectionUtils.java:728)
	at org.junit.jupiter.engine.execution.MethodInvocation.proceed(MethodInvocation.java:60)
	at org.junit.jupiter.engine.execution.InvocationInterceptorChain$ValidatingInvocation.proceed(InvocationInterceptorChain.java:131)
	at org.junit.jupiter.engine.extension.TimeoutExtension.intercept(TimeoutExtension.java:156)
	at org.junit.jupiter.engine.extension.TimeoutExtension.interceptTestableMethod(TimeoutExtension.java:147)
	at org.junit.jupiter.engine.extension.TimeoutExtension.interceptTestMethod(TimeoutExtension.java:86)
	at org.junit.jupiter.engine.execution.InterceptingExecutableInvoker$ReflectiveInterceptorCall.lambda$ofVoidMethod$0(InterceptingExecutableInvoker.java:103)
	at org.junit.jupiter.engine.execution.InterceptingExecutableInvoker.lambda$invoke$0(InterceptingExecutableInvoker.java:93)
	at org.junit.jupiter.engine.execution.InvocationInterceptorChain$InterceptedInvocation.proceed(InvocationInterceptorChain.java:106)
	at org.junit.jupiter.engine.execution.InvocationInterceptorChain.proceed(InvocationInterceptorChain.java:64)
	at org.junit.jupiter.engine.execution.InvocationInterceptorChain.chainAndInvoke(InvocationInterceptorChain.java:45)
	at org.junit.jupiter.engine.execution.InvocationInterceptorChain.invoke(InvocationInterceptorChain.java:37)
	at org.junit.jupiter.engine.execution.InterceptingExecutableInvoker.invoke(InterceptingExecutableInvoker.java:92)
	at org.junit.jupiter.engine.execution.InterceptingExecutableInvoker.invoke(InterceptingExecutableInvoker.java:86)
	at org.junit.jupiter.engine.descriptor.TestMethodTestDescriptor.lambda$invokeTestMethod$7(TestMethodTestDescriptor.java:218)
	at org.junit.platform.engine.support.hierarchical.ThrowableCollector.execute(ThrowableCollector.java:73)
	at org.junit.jupiter.engine.descriptor.TestMethodTestDescriptor.invokeTestMethod(TestMethodTestDescriptor.java:214)
	at org.junit.jupiter.engine.descriptor.TestMethodTestDescriptor.execute(TestMethodTestDescriptor.java:139)
	at org.junit.jupiter.engine.descriptor.TestMethodTestDescriptor.execute(TestMethodTestDescriptor.java:69)
	at org.junit.platform.engine.support.hierarchical.NodeTestTask.lambda$executeRecursively$6(NodeTestTask.java:151)
	at org.junit.platform.engine.support.hierarchical.ThrowableCollector.execute(ThrowableCollector.java:73)
	at org.junit.platform.engine.support.hierarchical.NodeTestTask.lambda$executeRecursively$8(NodeTestTask.java:141)
	at org.junit.platform.engine.support.hierarchical.Node.around(Node.java:137)
	at org.junit.platform.engine.support.hierarchical.NodeTestTask.lambda$executeRecursively$9(NodeTestTask.java:139)
	at org.junit.platform.engine.support.hierarchical.ThrowableCollector.execute(ThrowableCollector.java:73)
	at org.junit.platform.engine.support.hierarchical.NodeTestTask.executeRecursively(NodeTestTask.java:138)
	at org.junit.platform.engine.support.hierarchical.NodeTestTask.execute(NodeTestTask.java:95)
	at java.base/java.util.ArrayList.forEach(ArrayList.java:1511)
	at org.junit.platform.engine.support.hierarchical.SameThreadHierarchicalTestExecutorService.invokeAll(SameThreadHierarchicalTestExecutorService.java:41)
	at org.junit.platform.engine.support.hierarchical.NodeTestTask.lambda$executeRecursively$6(NodeTestTask.java:155)
	at org.junit.platform.engine.support.hierarchical.ThrowableCollector.execute(ThrowableCollector.java:73)
	at org.junit.platform.engine.support.hierarchical.NodeTestTask.lambda$executeRecursively$8(NodeTestTask.java:141)
	at org.junit.platform.engine.support.hierarchical.Node.around(Node.java:137)
	at org.junit.platform.engine.support.hierarchical.NodeTestTask.lambda$executeRecursively$9(NodeTestTask.java:139)
	at org.junit.platform.engine.support.hierarchical.ThrowableCollector.execute(ThrowableCollector.java:73)
	at org.junit.platform.engine.support.hierarchical.NodeTestTask.executeRecursively(NodeTestTask.java:138)
	at org.junit.platform.engine.support.hierarchical.NodeTestTask.execute(NodeTestTask.java:95)
	at java.base/java.util.ArrayList.forEach(ArrayList.java:1511)
	at org.junit.platform.engine.support.hierarchical.SameThreadHierarchicalTestExecutorService.invokeAll(SameThreadHierarchicalTestExecutorService.java:41)
	at org.junit.platform.engine.support.hierarchical.NodeTestTask.lambda$executeRecursively$6(NodeTestTask.java:155)
	at org.junit.platform.engine.support.hierarchical.ThrowableCollector.execute(ThrowableCollector.java:73)
	at org.junit.platform.engine.support.hierarchical.NodeTestTask.lambda$executeRecursively$8(NodeTestTask.java:141)
	at org.junit.platform.engine.support.hierarchical.Node.around(Node.java:137)
	at org.junit.platform.engine.support.hierarchical.NodeTestTask.lambda$executeRecursively$9(NodeTestTask.java:139)
	at org.junit.platform.engine.support.hierarchical.ThrowableCollector.execute(ThrowableCollector.java:73)
	at org.junit.platform.engine.support.hierarchical.NodeTestTask.executeRecursively(NodeTestTask.java:138)
	at org.junit.platform.engine.support.hierarchical.NodeTestTask.execute(NodeTestTask.java:95)
	at org.junit.platform.engine.support.hierarchical.SameThreadHierarchicalTestExecutorService.submit(SameThreadHierarchicalTestExecutorService.java:35)
	at org.junit.platform.engine.support.hierarchical.HierarchicalTestExecutor.execute(HierarchicalTestExecutor.java:57)
	at org.junit.platform.engine.support.hierarchical.HierarchicalTestEngine.execute(HierarchicalTestEngine.java:54)
	at org.junit.platform.launcher.core.EngineExecutionOrchestrator.execute(EngineExecutionOrchestrator.java:107)
	at org.junit.platform.launcher.core.EngineExecutionOrchestrator.execute(EngineExecutionOrchestrator.java:88)
	at org.junit.platform.launcher.core.EngineExecutionOrchestrator.lambda$execute$0(EngineExecutionOrchestrator.java:54)
	at org.junit.platform.launcher.core.EngineExecutionOrchestrator.withInterceptedStreams(EngineExecutionOrchestrator.java:67)
	at org.junit.platform.launcher.core.EngineExecutionOrchestrator.execute(EngineExecutionOrchestrator.java:52)
	at org.junit.platform.launcher.core.DefaultLauncher.execute(DefaultLauncher.java:114)
	at org.junit.platform.launcher.core.DefaultLauncher.execute(DefaultLauncher.java:86)
	at org.junit.platform.launcher.core.DefaultLauncherSession$DelegatingLauncher.execute(DefaultLauncherSession.java:86)
	at org.junit.platform.launcher.core.SessionPerRequestLauncher.execute(SessionPerRequestLauncher.java:53)
	at org.gradle.api.internal.tasks.testing.junitplatform.JUnitPlatformTestClassProcessor$CollectAllTestClassesExecutor.processAllTestClasses(JUnitPlatformTestClassProcessor.java:99)
	at org.gradle.api.internal.tasks.testing.junitplatform.JUnitPlatformTestClassProcessor$CollectAllTestClassesExecutor.access$000(JUnitPlatformTestClassProcessor.java:79)
	at org.gradle.api.internal.tasks.testing.junitplatform.JUnitPlatformTestClassProcessor.stop(JUnitPlatformTestClassProcessor.java:75)
	at org.gradle.api.internal.tasks.testing.SuiteTestClassProcessor.stop(SuiteTestClassProcessor.java:62)
	at java.base/jdk.internal.reflect.NativeMethodAccessorImpl.invoke0(Native Method)
	at java.base/jdk.internal.reflect.NativeMethodAccessorImpl.invoke(NativeMethodAccessorImpl.java:77)
	at java.base/jdk.internal.reflect.DelegatingMethodAccessorImpl.invoke(DelegatingMethodAccessorImpl.java:43)
	at java.base/java.lang.reflect.Method.invoke(Method.java:568)
	at org.gradle.internal.dispatch.ReflectionDispatch.dispatch(ReflectionDispatch.java:36)
	at org.gradle.internal.dispatch.ReflectionDispatch.dispatch(ReflectionDispatch.java:24)
	at org.gradle.internal.dispatch.ContextClassLoaderDispatch.dispatch(ContextClassLoaderDispatch.java:33)
	at org.gradle.internal.dispatch.ProxyDispatchAdapter$DispatchingInvocationHandler.invoke(ProxyDispatchAdapter.java:94)
	at jdk.proxy1/jdk.proxy1.$Proxy2.stop(Unknown Source)
	at org.gradle.api.internal.tasks.testing.worker.TestWorker$3.run(TestWorker.java:193)
	at org.gradle.api.internal.tasks.testing.worker.TestWorker.executeAndMaintainThreadName(TestWorker.java:129)
	at org.gradle.api.internal.tasks.testing.worker.TestWorker.execute(TestWorker.java:100)
	at org.gradle.api.internal.tasks.testing.worker.TestWorker.execute(TestWorker.java:60)
	at org.gradle.process.internal.worker.child.ActionExecutionWorker.execute(ActionExecutionWorker.java:56)
	at org.gradle.process.internal.worker.child.SystemApplicationClassLoaderWorker.call(SystemApplicationClassLoaderWorker.java:113)
	at org.gradle.process.internal.worker.child.SystemApplicationClassLoaderWorker.call(SystemApplicationClassLoaderWorker.java:65)
	at worker.org.gradle.process.internal.worker.GradleWorkerMain.run(GradleWorkerMain.java:69)
	at worker.org.gradle.process.internal.worker.GradleWorkerMain.main(GradleWorkerMain.java:74)

4月 08, 2025 1:23:25 上午 org.junit.jupiter.engine.execution.ConditionEvaluator logResult
较详细: Evaluation of condition [org.junit.jupiter.engine.extension.DisabledCondition] on [void incometest.IncomeManagerTest.testAddIncomeNegativeAmount()] resulted in: ConditionEvaluationResult [enabled = true, reason = '@Disabled is not present']
4月 08, 2025 1:23:25 上午 expenseincome.income.IncomeManager addIncome
警告: Failed to add income
expenseincome.income.exceptions.IncomeException: Amount must be greater than zero.
	at expenseincome.income.IncomeManager.validateIncomeDetails(IncomeManager.java:277)
	at expenseincome.income.IncomeManager.addIncome(IncomeManager.java:102)
	at incometest.IncomeManagerTest.testAddIncomeNegativeAmount(IncomeManagerTest.java:66)
	at java.base/jdk.internal.reflect.NativeMethodAccessorImpl.invoke0(Native Method)
	at java.base/jdk.internal.reflect.NativeMethodAccessorImpl.invoke(NativeMethodAccessorImpl.java:77)
	at java.base/jdk.internal.reflect.DelegatingMethodAccessorImpl.invoke(DelegatingMethodAccessorImpl.java:43)
	at java.base/java.lang.reflect.Method.invoke(Method.java:568)
	at org.junit.platform.commons.util.ReflectionUtils.invokeMethod(ReflectionUtils.java:728)
	at org.junit.jupiter.engine.execution.MethodInvocation.proceed(MethodInvocation.java:60)
	at org.junit.jupiter.engine.execution.InvocationInterceptorChain$ValidatingInvocation.proceed(InvocationInterceptorChain.java:131)
	at org.junit.jupiter.engine.extension.TimeoutExtension.intercept(TimeoutExtension.java:156)
	at org.junit.jupiter.engine.extension.TimeoutExtension.interceptTestableMethod(TimeoutExtension.java:147)
	at org.junit.jupiter.engine.extension.TimeoutExtension.interceptTestMethod(TimeoutExtension.java:86)
	at org.junit.jupiter.engine.execution.InterceptingExecutableInvoker$ReflectiveInterceptorCall.lambda$ofVoidMethod$0(InterceptingExecutableInvoker.java:103)
	at org.junit.jupiter.engine.execution.InterceptingExecutableInvoker.lambda$invoke$0(InterceptingExecutableInvoker.java:93)
	at org.junit.jupiter.engine.execution.InvocationInterceptorChain$InterceptedInvocation.proceed(InvocationInterceptorChain.java:106)
	at org.junit.jupiter.engine.execution.InvocationInterceptorChain.proceed(InvocationInterceptorChain.java:64)
	at org.junit.jupiter.engine.execution.InvocationInterceptorChain.chainAndInvoke(InvocationInterceptorChain.java:45)
	at org.junit.jupiter.engine.execution.InvocationInterceptorChain.invoke(InvocationInterceptorChain.java:37)
	at org.junit.jupiter.engine.execution.InterceptingExecutableInvoker.invoke(InterceptingExecutableInvoker.java:92)
	at org.junit.jupiter.engine.execution.InterceptingExecutableInvoker.invoke(InterceptingExecutableInvoker.java:86)
	at org.junit.jupiter.engine.descriptor.TestMethodTestDescriptor.lambda$invokeTestMethod$7(TestMethodTestDescriptor.java:218)
	at org.junit.platform.engine.support.hierarchical.ThrowableCollector.execute(ThrowableCollector.java:73)
	at org.junit.jupiter.engine.descriptor.TestMethodTestDescriptor.invokeTestMethod(TestMethodTestDescriptor.java:214)
	at org.junit.jupiter.engine.descriptor.TestMethodTestDescriptor.execute(TestMethodTestDescriptor.java:139)
	at org.junit.jupiter.engine.descriptor.TestMethodTestDescriptor.execute(TestMethodTestDescriptor.java:69)
	at org.junit.platform.engine.support.hierarchical.NodeTestTask.lambda$executeRecursively$6(NodeTestTask.java:151)
	at org.junit.platform.engine.support.hierarchical.ThrowableCollector.execute(ThrowableCollector.java:73)
	at org.junit.platform.engine.support.hierarchical.NodeTestTask.lambda$executeRecursively$8(NodeTestTask.java:141)
	at org.junit.platform.engine.support.hierarchical.Node.around(Node.java:137)
	at org.junit.platform.engine.support.hierarchical.NodeTestTask.lambda$executeRecursively$9(NodeTestTask.java:139)
	at org.junit.platform.engine.support.hierarchical.ThrowableCollector.execute(ThrowableCollector.java:73)
	at org.junit.platform.engine.support.hierarchical.NodeTestTask.executeRecursively(NodeTestTask.java:138)
	at org.junit.platform.engine.support.hierarchical.NodeTestTask.execute(NodeTestTask.java:95)
	at java.base/java.util.ArrayList.forEach(ArrayList.java:1511)
	at org.junit.platform.engine.support.hierarchical.SameThreadHierarchicalTestExecutorService.invokeAll(SameThreadHierarchicalTestExecutorService.java:41)
	at org.junit.platform.engine.support.hierarchical.NodeTestTask.lambda$executeRecursively$6(NodeTestTask.java:155)
	at org.junit.platform.engine.support.hierarchical.ThrowableCollector.execute(ThrowableCollector.java:73)
	at org.junit.platform.engine.support.hierarchical.NodeTestTask.lambda$executeRecursively$8(NodeTestTask.java:141)
	at org.junit.platform.engine.support.hierarchical.Node.around(Node.java:137)
	at org.junit.platform.engine.support.hierarchical.NodeTestTask.lambda$executeRecursively$9(NodeTestTask.java:139)
	at org.junit.platform.engine.support.hierarchical.ThrowableCollector.execute(ThrowableCollector.java:73)
	at org.junit.platform.engine.support.hierarchical.NodeTestTask.executeRecursively(NodeTestTask.java:138)
	at org.junit.platform.engine.support.hierarchical.NodeTestTask.execute(NodeTestTask.java:95)
	at java.base/java.util.ArrayList.forEach(ArrayList.java:1511)
	at org.junit.platform.engine.support.hierarchical.SameThreadHierarchicalTestExecutorService.invokeAll(SameThreadHierarchicalTestExecutorService.java:41)
	at org.junit.platform.engine.support.hierarchical.NodeTestTask.lambda$executeRecursively$6(NodeTestTask.java:155)
	at org.junit.platform.engine.support.hierarchical.ThrowableCollector.execute(ThrowableCollector.java:73)
	at org.junit.platform.engine.support.hierarchical.NodeTestTask.lambda$executeRecursively$8(NodeTestTask.java:141)
	at org.junit.platform.engine.support.hierarchical.Node.around(Node.java:137)
	at org.junit.platform.engine.support.hierarchical.NodeTestTask.lambda$executeRecursively$9(NodeTestTask.java:139)
	at org.junit.platform.engine.support.hierarchical.ThrowableCollector.execute(ThrowableCollector.java:73)
	at org.junit.platform.engine.support.hierarchical.NodeTestTask.executeRecursively(NodeTestTask.java:138)
	at org.junit.platform.engine.support.hierarchical.NodeTestTask.execute(NodeTestTask.java:95)
	at org.junit.platform.engine.support.hierarchical.SameThreadHierarchicalTestExecutorService.submit(SameThreadHierarchicalTestExecutorService.java:35)
	at org.junit.platform.engine.support.hierarchical.HierarchicalTestExecutor.execute(HierarchicalTestExecutor.java:57)
	at org.junit.platform.engine.support.hierarchical.HierarchicalTestEngine.execute(HierarchicalTestEngine.java:54)
	at org.junit.platform.launcher.core.EngineExecutionOrchestrator.execute(EngineExecutionOrchestrator.java:107)
	at org.junit.platform.launcher.core.EngineExecutionOrchestrator.execute(EngineExecutionOrchestrator.java:88)
	at org.junit.platform.launcher.core.EngineExecutionOrchestrator.lambda$execute$0(EngineExecutionOrchestrator.java:54)
	at org.junit.platform.launcher.core.EngineExecutionOrchestrator.withInterceptedStreams(EngineExecutionOrchestrator.java:67)
	at org.junit.platform.launcher.core.EngineExecutionOrchestrator.execute(EngineExecutionOrchestrator.java:52)
	at org.junit.platform.launcher.core.DefaultLauncher.execute(DefaultLauncher.java:114)
	at org.junit.platform.launcher.core.DefaultLauncher.execute(DefaultLauncher.java:86)
	at org.junit.platform.launcher.core.DefaultLauncherSession$DelegatingLauncher.execute(DefaultLauncherSession.java:86)
	at org.junit.platform.launcher.core.SessionPerRequestLauncher.execute(SessionPerRequestLauncher.java:53)
	at org.gradle.api.internal.tasks.testing.junitplatform.JUnitPlatformTestClassProcessor$CollectAllTestClassesExecutor.processAllTestClasses(JUnitPlatformTestClassProcessor.java:99)
	at org.gradle.api.internal.tasks.testing.junitplatform.JUnitPlatformTestClassProcessor$CollectAllTestClassesExecutor.access$000(JUnitPlatformTestClassProcessor.java:79)
	at org.gradle.api.internal.tasks.testing.junitplatform.JUnitPlatformTestClassProcessor.stop(JUnitPlatformTestClassProcessor.java:75)
	at org.gradle.api.internal.tasks.testing.SuiteTestClassProcessor.stop(SuiteTestClassProcessor.java:62)
	at java.base/jdk.internal.reflect.NativeMethodAccessorImpl.invoke0(Native Method)
	at java.base/jdk.internal.reflect.NativeMethodAccessorImpl.invoke(NativeMethodAccessorImpl.java:77)
	at java.base/jdk.internal.reflect.DelegatingMethodAccessorImpl.invoke(DelegatingMethodAccessorImpl.java:43)
	at java.base/java.lang.reflect.Method.invoke(Method.java:568)
	at org.gradle.internal.dispatch.ReflectionDispatch.dispatch(ReflectionDispatch.java:36)
	at org.gradle.internal.dispatch.ReflectionDispatch.dispatch(ReflectionDispatch.java:24)
	at org.gradle.internal.dispatch.ContextClassLoaderDispatch.dispatch(ContextClassLoaderDispatch.java:33)
	at org.gradle.internal.dispatch.ProxyDispatchAdapter$DispatchingInvocationHandler.invoke(ProxyDispatchAdapter.java:94)
	at jdk.proxy1/jdk.proxy1.$Proxy2.stop(Unknown Source)
	at org.gradle.api.internal.tasks.testing.worker.TestWorker$3.run(TestWorker.java:193)
	at org.gradle.api.internal.tasks.testing.worker.TestWorker.executeAndMaintainThreadName(TestWorker.java:129)
	at org.gradle.api.internal.tasks.testing.worker.TestWorker.execute(TestWorker.java:100)
	at org.gradle.api.internal.tasks.testing.worker.TestWorker.execute(TestWorker.java:60)
	at org.gradle.process.internal.worker.child.ActionExecutionWorker.execute(ActionExecutionWorker.java:56)
	at org.gradle.process.internal.worker.child.SystemApplicationClassLoaderWorker.call(SystemApplicationClassLoaderWorker.java:113)
	at org.gradle.process.internal.worker.child.SystemApplicationClassLoaderWorker.call(SystemApplicationClassLoaderWorker.java:65)
	at worker.org.gradle.process.internal.worker.GradleWorkerMain.run(GradleWorkerMain.java:69)
	at worker.org.gradle.process.internal.worker.GradleWorkerMain.main(GradleWorkerMain.java:74)

4月 08, 2025 1:23:25 上午 org.junit.jupiter.engine.execution.ConditionEvaluator logResult
较详细: Evaluation of condition [org.junit.jupiter.engine.extension.DisabledCondition] on [void incometest.IncomeManagerTest.testAddIncomeTodayDate()] resulted in: ConditionEvaluationResult [enabled = true, reason = '@Disabled is not present']
4月 08, 2025 1:23:25 上午 expenseincome.income.IncomeManager addIncome
信息: Added income: Bonus - USD 500.00 on 2025-04-08 [Category: Job]
4月 08, 2025 1:23:25 上午 org.junit.jupiter.engine.execution.ConditionEvaluator logResult
较详细: Evaluation of condition [org.junit.jupiter.engine.extension.DisabledCondition] on [void incometest.IncomeManagerTest.testDeleteIncomeInvalidIndex()] resulted in: ConditionEvaluationResult [enabled = true, reason = '@Disabled is not present']
4月 08, 2025 1:23:25 上午 expenseincome.income.IncomeManager addIncome
信息: Added income: Salary - USD 2000.00 on 2025-04-08 [Category: Job]
4月 08, 2025 1:23:25 上午 expenseincome.income.IncomeManager deleteIncome
警告: Failed to delete income
expenseincome.income.exceptions.IncomeException: Invalid index: must be between 1 and 1
	at expenseincome.income.IncomeManager.validateIndex(IncomeManager.java:268)
	at expenseincome.income.IncomeManager.deleteIncome(IncomeManager.java:151)
	at incometest.IncomeManagerTest.testDeleteIncomeInvalidIndex(IncomeManagerTest.java:87)
	at java.base/jdk.internal.reflect.NativeMethodAccessorImpl.invoke0(Native Method)
	at java.base/jdk.internal.reflect.NativeMethodAccessorImpl.invoke(NativeMethodAccessorImpl.java:77)
	at java.base/jdk.internal.reflect.DelegatingMethodAccessorImpl.invoke(DelegatingMethodAccessorImpl.java:43)
	at java.base/java.lang.reflect.Method.invoke(Method.java:568)
	at org.junit.platform.commons.util.ReflectionUtils.invokeMethod(ReflectionUtils.java:728)
	at org.junit.jupiter.engine.execution.MethodInvocation.proceed(MethodInvocation.java:60)
	at org.junit.jupiter.engine.execution.InvocationInterceptorChain$ValidatingInvocation.proceed(InvocationInterceptorChain.java:131)
	at org.junit.jupiter.engine.extension.TimeoutExtension.intercept(TimeoutExtension.java:156)
	at org.junit.jupiter.engine.extension.TimeoutExtension.interceptTestableMethod(TimeoutExtension.java:147)
	at org.junit.jupiter.engine.extension.TimeoutExtension.interceptTestMethod(TimeoutExtension.java:86)
	at org.junit.jupiter.engine.execution.InterceptingExecutableInvoker$ReflectiveInterceptorCall.lambda$ofVoidMethod$0(InterceptingExecutableInvoker.java:103)
	at org.junit.jupiter.engine.execution.InterceptingExecutableInvoker.lambda$invoke$0(InterceptingExecutableInvoker.java:93)
	at org.junit.jupiter.engine.execution.InvocationInterceptorChain$InterceptedInvocation.proceed(InvocationInterceptorChain.java:106)
	at org.junit.jupiter.engine.execution.InvocationInterceptorChain.proceed(InvocationInterceptorChain.java:64)
	at org.junit.jupiter.engine.execution.InvocationInterceptorChain.chainAndInvoke(InvocationInterceptorChain.java:45)
	at org.junit.jupiter.engine.execution.InvocationInterceptorChain.invoke(InvocationInterceptorChain.java:37)
	at org.junit.jupiter.engine.execution.InterceptingExecutableInvoker.invoke(InterceptingExecutableInvoker.java:92)
	at org.junit.jupiter.engine.execution.InterceptingExecutableInvoker.invoke(InterceptingExecutableInvoker.java:86)
	at org.junit.jupiter.engine.descriptor.TestMethodTestDescriptor.lambda$invokeTestMethod$7(TestMethodTestDescriptor.java:218)
	at org.junit.platform.engine.support.hierarchical.ThrowableCollector.execute(ThrowableCollector.java:73)
	at org.junit.jupiter.engine.descriptor.TestMethodTestDescriptor.invokeTestMethod(TestMethodTestDescriptor.java:214)
	at org.junit.jupiter.engine.descriptor.TestMethodTestDescriptor.execute(TestMethodTestDescriptor.java:139)
	at org.junit.jupiter.engine.descriptor.TestMethodTestDescriptor.execute(TestMethodTestDescriptor.java:69)
	at org.junit.platform.engine.support.hierarchical.NodeTestTask.lambda$executeRecursively$6(NodeTestTask.java:151)
	at org.junit.platform.engine.support.hierarchical.ThrowableCollector.execute(ThrowableCollector.java:73)
	at org.junit.platform.engine.support.hierarchical.NodeTestTask.lambda$executeRecursively$8(NodeTestTask.java:141)
	at org.junit.platform.engine.support.hierarchical.Node.around(Node.java:137)
	at org.junit.platform.engine.support.hierarchical.NodeTestTask.lambda$executeRecursively$9(NodeTestTask.java:139)
	at org.junit.platform.engine.support.hierarchical.ThrowableCollector.execute(ThrowableCollector.java:73)
	at org.junit.platform.engine.support.hierarchical.NodeTestTask.executeRecursively(NodeTestTask.java:138)
	at org.junit.platform.engine.support.hierarchical.NodeTestTask.execute(NodeTestTask.java:95)
	at java.base/java.util.ArrayList.forEach(ArrayList.java:1511)
	at org.junit.platform.engine.support.hierarchical.SameThreadHierarchicalTestExecutorService.invokeAll(SameThreadHierarchicalTestExecutorService.java:41)
	at org.junit.platform.engine.support.hierarchical.NodeTestTask.lambda$executeRecursively$6(NodeTestTask.java:155)
	at org.junit.platform.engine.support.hierarchical.ThrowableCollector.execute(ThrowableCollector.java:73)
	at org.junit.platform.engine.support.hierarchical.NodeTestTask.lambda$executeRecursively$8(NodeTestTask.java:141)
	at org.junit.platform.engine.support.hierarchical.Node.around(Node.java:137)
	at org.junit.platform.engine.support.hierarchical.NodeTestTask.lambda$executeRecursively$9(NodeTestTask.java:139)
	at org.junit.platform.engine.support.hierarchical.ThrowableCollector.execute(ThrowableCollector.java:73)
	at org.junit.platform.engine.support.hierarchical.NodeTestTask.executeRecursively(NodeTestTask.java:138)
	at org.junit.platform.engine.support.hierarchical.NodeTestTask.execute(NodeTestTask.java:95)
	at java.base/java.util.ArrayList.forEach(ArrayList.java:1511)
	at org.junit.platform.engine.support.hierarchical.SameThreadHierarchicalTestExecutorService.invokeAll(SameThreadHierarchicalTestExecutorService.java:41)
	at org.junit.platform.engine.support.hierarchical.NodeTestTask.lambda$executeRecursively$6(NodeTestTask.java:155)
	at org.junit.platform.engine.support.hierarchical.ThrowableCollector.execute(ThrowableCollector.java:73)
	at org.junit.platform.engine.support.hierarchical.NodeTestTask.lambda$executeRecursively$8(NodeTestTask.java:141)
	at org.junit.platform.engine.support.hierarchical.Node.around(Node.java:137)
	at org.junit.platform.engine.support.hierarchical.NodeTestTask.lambda$executeRecursively$9(NodeTestTask.java:139)
	at org.junit.platform.engine.support.hierarchical.ThrowableCollector.execute(ThrowableCollector.java:73)
	at org.junit.platform.engine.support.hierarchical.NodeTestTask.executeRecursively(NodeTestTask.java:138)
	at org.junit.platform.engine.support.hierarchical.NodeTestTask.execute(NodeTestTask.java:95)
	at org.junit.platform.engine.support.hierarchical.SameThreadHierarchicalTestExecutorService.submit(SameThreadHierarchicalTestExecutorService.java:35)
	at org.junit.platform.engine.support.hierarchical.HierarchicalTestExecutor.execute(HierarchicalTestExecutor.java:57)
	at org.junit.platform.engine.support.hierarchical.HierarchicalTestEngine.execute(HierarchicalTestEngine.java:54)
	at org.junit.platform.launcher.core.EngineExecutionOrchestrator.execute(EngineExecutionOrchestrator.java:107)
	at org.junit.platform.launcher.core.EngineExecutionOrchestrator.execute(EngineExecutionOrchestrator.java:88)
	at org.junit.platform.launcher.core.EngineExecutionOrchestrator.lambda$execute$0(EngineExecutionOrchestrator.java:54)
	at org.junit.platform.launcher.core.EngineExecutionOrchestrator.withInterceptedStreams(EngineExecutionOrchestrator.java:67)
	at org.junit.platform.launcher.core.EngineExecutionOrchestrator.execute(EngineExecutionOrchestrator.java:52)
	at org.junit.platform.launcher.core.DefaultLauncher.execute(DefaultLauncher.java:114)
	at org.junit.platform.launcher.core.DefaultLauncher.execute(DefaultLauncher.java:86)
	at org.junit.platform.launcher.core.DefaultLauncherSession$DelegatingLauncher.execute(DefaultLauncherSession.java:86)
	at org.junit.platform.launcher.core.SessionPerRequestLauncher.execute(SessionPerRequestLauncher.java:53)
	at org.gradle.api.internal.tasks.testing.junitplatform.JUnitPlatformTestClassProcessor$CollectAllTestClassesExecutor.processAllTestClasses(JUnitPlatformTestClassProcessor.java:99)
	at org.gradle.api.internal.tasks.testing.junitplatform.JUnitPlatformTestClassProcessor$CollectAllTestClassesExecutor.access$000(JUnitPlatformTestClassProcessor.java:79)
	at org.gradle.api.internal.tasks.testing.junitplatform.JUnitPlatformTestClassProcessor.stop(JUnitPlatformTestClassProcessor.java:75)
	at org.gradle.api.internal.tasks.testing.SuiteTestClassProcessor.stop(SuiteTestClassProcessor.java:62)
	at java.base/jdk.internal.reflect.NativeMethodAccessorImpl.invoke0(Native Method)
	at java.base/jdk.internal.reflect.NativeMethodAccessorImpl.invoke(NativeMethodAccessorImpl.java:77)
	at java.base/jdk.internal.reflect.DelegatingMethodAccessorImpl.invoke(DelegatingMethodAccessorImpl.java:43)
	at java.base/java.lang.reflect.Method.invoke(Method.java:568)
	at org.gradle.internal.dispatch.ReflectionDispatch.dispatch(ReflectionDispatch.java:36)
	at org.gradle.internal.dispatch.ReflectionDispatch.dispatch(ReflectionDispatch.java:24)
	at org.gradle.internal.dispatch.ContextClassLoaderDispatch.dispatch(ContextClassLoaderDispatch.java:33)
	at org.gradle.internal.dispatch.ProxyDispatchAdapter$DispatchingInvocationHandler.invoke(ProxyDispatchAdapter.java:94)
	at jdk.proxy1/jdk.proxy1.$Proxy2.stop(Unknown Source)
	at org.gradle.api.internal.tasks.testing.worker.TestWorker$3.run(TestWorker.java:193)
	at org.gradle.api.internal.tasks.testing.worker.TestWorker.executeAndMaintainThreadName(TestWorker.java:129)
	at org.gradle.api.internal.tasks.testing.worker.TestWorker.execute(TestWorker.java:100)
	at org.gradle.api.internal.tasks.testing.worker.TestWorker.execute(TestWorker.java:60)
	at org.gradle.process.internal.worker.child.ActionExecutionWorker.execute(ActionExecutionWorker.java:56)
	at org.gradle.process.internal.worker.child.SystemApplicationClassLoaderWorker.call(SystemApplicationClassLoaderWorker.java:113)
	at org.gradle.process.internal.worker.child.SystemApplicationClassLoaderWorker.call(SystemApplicationClassLoaderWorker.java:65)
	at worker.org.gradle.process.internal.worker.GradleWorkerMain.run(GradleWorkerMain.java:69)
	at worker.org.gradle.process.internal.worker.GradleWorkerMain.main(GradleWorkerMain.java:74)

4月 08, 2025 1:23:25 上午 org.junit.jupiter.engine.execution.ConditionEvaluator logResult
较详细: Evaluation of condition [org.junit.jupiter.engine.extension.DisabledCondition] on [void incometest.IncomeManagerTest.testAddIncomeWithDate()] resulted in: ConditionEvaluationResult [enabled = true, reason = '@Disabled is not present']
4月 08, 2025 1:23:25 上午 expenseincome.income.IncomeManager addIncome
信息: Added income: Salary - USD 2000.00 on 2025-03-20 [Category: Job]
4月 08, 2025 1:23:25 上午 org.junit.jupiter.engine.execution.ConditionEvaluator logResult
较详细: Evaluation of condition [org.junit.jupiter.engine.extension.DisabledCondition] on [void incometest.IncomeManagerTest.testEditIncomeValidUpdate()] resulted in: ConditionEvaluationResult [enabled = true, reason = '@Disabled is not present']
4月 08, 2025 1:23:25 上午 expenseincome.income.IncomeManager addIncome
信息: Added income: Part-Time - USD 800.00 on 2024-01-01 [Category: Freelance]
4月 08, 2025 1:23:25 上午 expenseincome.income.IncomeManager editIncome
信息: Updated income: Internship - USD 1000.00 on 2025-01-01 [Category: Job]
4月 08, 2025 1:23:25 上午 org.junit.jupiter.engine.execution.ConditionEvaluator logResult
较详细: Evaluation of condition [org.junit.jupiter.engine.extension.DisabledCondition] on [void incometest.IncomeManagerTest.testSortIncomesByOldest()] resulted in: ConditionEvaluationResult [enabled = true, reason = '@Disabled is not present']
4月 08, 2025 1:23:25 上午 expenseincome.income.IncomeManager addIncome
信息: Added income: X - USD 50.00 on 2025-03-01 [Category: Job]
4月 08, 2025 1:23:25 上午 expenseincome.income.IncomeManager addIncome
信息: Added income: Y - USD 60.00 on 2022-03-01 [Category: Job]
4月 08, 2025 1:23:25 上午 expenseincome.income.IncomeManager addIncome
信息: Added income: Z - USD 70.00 on 2023-03-01 [Category: Job]
4月 08, 2025 1:23:25 上午 org.junit.jupiter.engine.execution.ConditionEvaluator logResult
较详细: Evaluation of condition [org.junit.jupiter.engine.extension.DisabledCondition] on [void incometest.IncomeManagerTest.testSortIncomesByRecent()] resulted in: ConditionEvaluationResult [enabled = true, reason = '@Disabled is not present']
4月 08, 2025 1:23:25 上午 expenseincome.income.IncomeManager addIncome
信息: Added income: A - USD 100.00 on 2023-01-01 [Category: Misc]
4月 08, 2025 1:23:25 上午 expenseincome.income.IncomeManager addIncome
信息: Added income: B - USD 200.00 on 2025-01-01 [Category: Misc]
4月 08, 2025 1:23:25 上午 expenseincome.income.IncomeManager addIncome
信息: Added income: C - USD 150.00 on 2024-01-01 [Category: Misc]
4月 08, 2025 1:23:25 上午 org.junit.jupiter.engine.execution.ConditionEvaluator logResult
较详细: Evaluation of condition [org.junit.jupiter.engine.extension.DisabledCondition] on [void incometest.IncomeManagerTest.testAddIncomeEmptyCategory()] resulted in: ConditionEvaluationResult [enabled = true, reason = '@Disabled is not present']
4月 08, 2025 1:23:25 上午 expenseincome.income.IncomeManager addIncome
警告: Failed to add income
expenseincome.income.exceptions.IncomeException: Category cannot be empty.
	at expenseincome.income.IncomeManager.validateIncomeDetails(IncomeManager.java:280)
	at expenseincome.income.IncomeManager.addIncome(IncomeManager.java:102)
	at incometest.IncomeManagerTest.testAddIncomeEmptyCategory(IncomeManagerTest.java:72)
	at java.base/jdk.internal.reflect.NativeMethodAccessorImpl.invoke0(Native Method)
	at java.base/jdk.internal.reflect.NativeMethodAccessorImpl.invoke(NativeMethodAccessorImpl.java:77)
	at java.base/jdk.internal.reflect.DelegatingMethodAccessorImpl.invoke(DelegatingMethodAccessorImpl.java:43)
	at java.base/java.lang.reflect.Method.invoke(Method.java:568)
	at org.junit.platform.commons.util.ReflectionUtils.invokeMethod(ReflectionUtils.java:728)
	at org.junit.jupiter.engine.execution.MethodInvocation.proceed(MethodInvocation.java:60)
	at org.junit.jupiter.engine.execution.InvocationInterceptorChain$ValidatingInvocation.proceed(InvocationInterceptorChain.java:131)
	at org.junit.jupiter.engine.extension.TimeoutExtension.intercept(TimeoutExtension.java:156)
	at org.junit.jupiter.engine.extension.TimeoutExtension.interceptTestableMethod(TimeoutExtension.java:147)
	at org.junit.jupiter.engine.extension.TimeoutExtension.interceptTestMethod(TimeoutExtension.java:86)
	at org.junit.jupiter.engine.execution.InterceptingExecutableInvoker$ReflectiveInterceptorCall.lambda$ofVoidMethod$0(InterceptingExecutableInvoker.java:103)
	at org.junit.jupiter.engine.execution.InterceptingExecutableInvoker.lambda$invoke$0(InterceptingExecutableInvoker.java:93)
	at org.junit.jupiter.engine.execution.InvocationInterceptorChain$InterceptedInvocation.proceed(InvocationInterceptorChain.java:106)
	at org.junit.jupiter.engine.execution.InvocationInterceptorChain.proceed(InvocationInterceptorChain.java:64)
	at org.junit.jupiter.engine.execution.InvocationInterceptorChain.chainAndInvoke(InvocationInterceptorChain.java:45)
	at org.junit.jupiter.engine.execution.InvocationInterceptorChain.invoke(InvocationInterceptorChain.java:37)
	at org.junit.jupiter.engine.execution.InterceptingExecutableInvoker.invoke(InterceptingExecutableInvoker.java:92)
	at org.junit.jupiter.engine.execution.InterceptingExecutableInvoker.invoke(InterceptingExecutableInvoker.java:86)
	at org.junit.jupiter.engine.descriptor.TestMethodTestDescriptor.lambda$invokeTestMethod$7(TestMethodTestDescriptor.java:218)
	at org.junit.platform.engine.support.hierarchical.ThrowableCollector.execute(ThrowableCollector.java:73)
	at org.junit.jupiter.engine.descriptor.TestMethodTestDescriptor.invokeTestMethod(TestMethodTestDescriptor.java:214)
	at org.junit.jupiter.engine.descriptor.TestMethodTestDescriptor.execute(TestMethodTestDescriptor.java:139)
	at org.junit.jupiter.engine.descriptor.TestMethodTestDescriptor.execute(TestMethodTestDescriptor.java:69)
	at org.junit.platform.engine.support.hierarchical.NodeTestTask.lambda$executeRecursively$6(NodeTestTask.java:151)
	at org.junit.platform.engine.support.hierarchical.ThrowableCollector.execute(ThrowableCollector.java:73)
	at org.junit.platform.engine.support.hierarchical.NodeTestTask.lambda$executeRecursively$8(NodeTestTask.java:141)
	at org.junit.platform.engine.support.hierarchical.Node.around(Node.java:137)
	at org.junit.platform.engine.support.hierarchical.NodeTestTask.lambda$executeRecursively$9(NodeTestTask.java:139)
	at org.junit.platform.engine.support.hierarchical.ThrowableCollector.execute(ThrowableCollector.java:73)
	at org.junit.platform.engine.support.hierarchical.NodeTestTask.executeRecursively(NodeTestTask.java:138)
	at org.junit.platform.engine.support.hierarchical.NodeTestTask.execute(NodeTestTask.java:95)
	at java.base/java.util.ArrayList.forEach(ArrayList.java:1511)
	at org.junit.platform.engine.support.hierarchical.SameThreadHierarchicalTestExecutorService.invokeAll(SameThreadHierarchicalTestExecutorService.java:41)
	at org.junit.platform.engine.support.hierarchical.NodeTestTask.lambda$executeRecursively$6(NodeTestTask.java:155)
	at org.junit.platform.engine.support.hierarchical.ThrowableCollector.execute(ThrowableCollector.java:73)
	at org.junit.platform.engine.support.hierarchical.NodeTestTask.lambda$executeRecursively$8(NodeTestTask.java:141)
	at org.junit.platform.engine.support.hierarchical.Node.around(Node.java:137)
	at org.junit.platform.engine.support.hierarchical.NodeTestTask.lambda$executeRecursively$9(NodeTestTask.java:139)
	at org.junit.platform.engine.support.hierarchical.ThrowableCollector.execute(ThrowableCollector.java:73)
	at org.junit.platform.engine.support.hierarchical.NodeTestTask.executeRecursively(NodeTestTask.java:138)
	at org.junit.platform.engine.support.hierarchical.NodeTestTask.execute(NodeTestTask.java:95)
	at java.base/java.util.ArrayList.forEach(ArrayList.java:1511)
	at org.junit.platform.engine.support.hierarchical.SameThreadHierarchicalTestExecutorService.invokeAll(SameThreadHierarchicalTestExecutorService.java:41)
	at org.junit.platform.engine.support.hierarchical.NodeTestTask.lambda$executeRecursively$6(NodeTestTask.java:155)
	at org.junit.platform.engine.support.hierarchical.ThrowableCollector.execute(ThrowableCollector.java:73)
	at org.junit.platform.engine.support.hierarchical.NodeTestTask.lambda$executeRecursively$8(NodeTestTask.java:141)
	at org.junit.platform.engine.support.hierarchical.Node.around(Node.java:137)
	at org.junit.platform.engine.support.hierarchical.NodeTestTask.lambda$executeRecursively$9(NodeTestTask.java:139)
	at org.junit.platform.engine.support.hierarchical.ThrowableCollector.execute(ThrowableCollector.java:73)
	at org.junit.platform.engine.support.hierarchical.NodeTestTask.executeRecursively(NodeTestTask.java:138)
	at org.junit.platform.engine.support.hierarchical.NodeTestTask.execute(NodeTestTask.java:95)
	at org.junit.platform.engine.support.hierarchical.SameThreadHierarchicalTestExecutorService.submit(SameThreadHierarchicalTestExecutorService.java:35)
	at org.junit.platform.engine.support.hierarchical.HierarchicalTestExecutor.execute(HierarchicalTestExecutor.java:57)
	at org.junit.platform.engine.support.hierarchical.HierarchicalTestEngine.execute(HierarchicalTestEngine.java:54)
	at org.junit.platform.launcher.core.EngineExecutionOrchestrator.execute(EngineExecutionOrchestrator.java:107)
	at org.junit.platform.launcher.core.EngineExecutionOrchestrator.execute(EngineExecutionOrchestrator.java:88)
	at org.junit.platform.launcher.core.EngineExecutionOrchestrator.lambda$execute$0(EngineExecutionOrchestrator.java:54)
	at org.junit.platform.launcher.core.EngineExecutionOrchestrator.withInterceptedStreams(EngineExecutionOrchestrator.java:67)
	at org.junit.platform.launcher.core.EngineExecutionOrchestrator.execute(EngineExecutionOrchestrator.java:52)
	at org.junit.platform.launcher.core.DefaultLauncher.execute(DefaultLauncher.java:114)
	at org.junit.platform.launcher.core.DefaultLauncher.execute(DefaultLauncher.java:86)
	at org.junit.platform.launcher.core.DefaultLauncherSession$DelegatingLauncher.execute(DefaultLauncherSession.java:86)
	at org.junit.platform.launcher.core.SessionPerRequestLauncher.execute(SessionPerRequestLauncher.java:53)
	at org.gradle.api.internal.tasks.testing.junitplatform.JUnitPlatformTestClassProcessor$CollectAllTestClassesExecutor.processAllTestClasses(JUnitPlatformTestClassProcessor.java:99)
	at org.gradle.api.internal.tasks.testing.junitplatform.JUnitPlatformTestClassProcessor$CollectAllTestClassesExecutor.access$000(JUnitPlatformTestClassProcessor.java:79)
	at org.gradle.api.internal.tasks.testing.junitplatform.JUnitPlatformTestClassProcessor.stop(JUnitPlatformTestClassProcessor.java:75)
	at org.gradle.api.internal.tasks.testing.SuiteTestClassProcessor.stop(SuiteTestClassProcessor.java:62)
	at java.base/jdk.internal.reflect.NativeMethodAccessorImpl.invoke0(Native Method)
	at java.base/jdk.internal.reflect.NativeMethodAccessorImpl.invoke(NativeMethodAccessorImpl.java:77)
	at java.base/jdk.internal.reflect.DelegatingMethodAccessorImpl.invoke(DelegatingMethodAccessorImpl.java:43)
	at java.base/java.lang.reflect.Method.invoke(Method.java:568)
	at org.gradle.internal.dispatch.ReflectionDispatch.dispatch(ReflectionDispatch.java:36)
	at org.gradle.internal.dispatch.ReflectionDispatch.dispatch(ReflectionDispatch.java:24)
	at org.gradle.internal.dispatch.ContextClassLoaderDispatch.dispatch(ContextClassLoaderDispatch.java:33)
	at org.gradle.internal.dispatch.ProxyDispatchAdapter$DispatchingInvocationHandler.invoke(ProxyDispatchAdapter.java:94)
	at jdk.proxy1/jdk.proxy1.$Proxy2.stop(Unknown Source)
	at org.gradle.api.internal.tasks.testing.worker.TestWorker$3.run(TestWorker.java:193)
	at org.gradle.api.internal.tasks.testing.worker.TestWorker.executeAndMaintainThreadName(TestWorker.java:129)
	at org.gradle.api.internal.tasks.testing.worker.TestWorker.execute(TestWorker.java:100)
	at org.gradle.api.internal.tasks.testing.worker.TestWorker.execute(TestWorker.java:60)
	at org.gradle.process.internal.worker.child.ActionExecutionWorker.execute(ActionExecutionWorker.java:56)
	at org.gradle.process.internal.worker.child.SystemApplicationClassLoaderWorker.call(SystemApplicationClassLoaderWorker.java:113)
	at org.gradle.process.internal.worker.child.SystemApplicationClassLoaderWorker.call(SystemApplicationClassLoaderWorker.java:65)
	at worker.org.gradle.process.internal.worker.GradleWorkerMain.run(GradleWorkerMain.java:69)
	at worker.org.gradle.process.internal.worker.GradleWorkerMain.main(GradleWorkerMain.java:74)

4月 08, 2025 1:23:25 上午 org.junit.jupiter.engine.execution.ConditionEvaluator logResult
较详细: Evaluation of condition [org.junit.jupiter.engine.extension.DisabledCondition] on [void incometest.IncomeManagerTest.testAddIncomeEmptySource()] resulted in: ConditionEvaluationResult [enabled = true, reason = '@Disabled is not present']
4月 08, 2025 1:23:25 上午 expenseincome.income.IncomeManager addIncome
警告: Failed to add income
expenseincome.income.exceptions.IncomeException: Source cannot be empty.
	at expenseincome.income.IncomeManager.validateIncomeDetails(IncomeManager.java:274)
	at expenseincome.income.IncomeManager.addIncome(IncomeManager.java:102)
	at incometest.IncomeManagerTest.testAddIncomeEmptySource(IncomeManagerTest.java:48)
	at java.base/jdk.internal.reflect.NativeMethodAccessorImpl.invoke0(Native Method)
	at java.base/jdk.internal.reflect.NativeMethodAccessorImpl.invoke(NativeMethodAccessorImpl.java:77)
	at java.base/jdk.internal.reflect.DelegatingMethodAccessorImpl.invoke(DelegatingMethodAccessorImpl.java:43)
	at java.base/java.lang.reflect.Method.invoke(Method.java:568)
	at org.junit.platform.commons.util.ReflectionUtils.invokeMethod(ReflectionUtils.java:728)
	at org.junit.jupiter.engine.execution.MethodInvocation.proceed(MethodInvocation.java:60)
	at org.junit.jupiter.engine.execution.InvocationInterceptorChain$ValidatingInvocation.proceed(InvocationInterceptorChain.java:131)
	at org.junit.jupiter.engine.extension.TimeoutExtension.intercept(TimeoutExtension.java:156)
	at org.junit.jupiter.engine.extension.TimeoutExtension.interceptTestableMethod(TimeoutExtension.java:147)
	at org.junit.jupiter.engine.extension.TimeoutExtension.interceptTestMethod(TimeoutExtension.java:86)
	at org.junit.jupiter.engine.execution.InterceptingExecutableInvoker$ReflectiveInterceptorCall.lambda$ofVoidMethod$0(InterceptingExecutableInvoker.java:103)
	at org.junit.jupiter.engine.execution.InterceptingExecutableInvoker.lambda$invoke$0(InterceptingExecutableInvoker.java:93)
	at org.junit.jupiter.engine.execution.InvocationInterceptorChain$InterceptedInvocation.proceed(InvocationInterceptorChain.java:106)
	at org.junit.jupiter.engine.execution.InvocationInterceptorChain.proceed(InvocationInterceptorChain.java:64)
	at org.junit.jupiter.engine.execution.InvocationInterceptorChain.chainAndInvoke(InvocationInterceptorChain.java:45)
	at org.junit.jupiter.engine.execution.InvocationInterceptorChain.invoke(InvocationInterceptorChain.java:37)
	at org.junit.jupiter.engine.execution.InterceptingExecutableInvoker.invoke(InterceptingExecutableInvoker.java:92)
	at org.junit.jupiter.engine.execution.InterceptingExecutableInvoker.invoke(InterceptingExecutableInvoker.java:86)
	at org.junit.jupiter.engine.descriptor.TestMethodTestDescriptor.lambda$invokeTestMethod$7(TestMethodTestDescriptor.java:218)
	at org.junit.platform.engine.support.hierarchical.ThrowableCollector.execute(ThrowableCollector.java:73)
	at org.junit.jupiter.engine.descriptor.TestMethodTestDescriptor.invokeTestMethod(TestMethodTestDescriptor.java:214)
	at org.junit.jupiter.engine.descriptor.TestMethodTestDescriptor.execute(TestMethodTestDescriptor.java:139)
	at org.junit.jupiter.engine.descriptor.TestMethodTestDescriptor.execute(TestMethodTestDescriptor.java:69)
	at org.junit.platform.engine.support.hierarchical.NodeTestTask.lambda$executeRecursively$6(NodeTestTask.java:151)
	at org.junit.platform.engine.support.hierarchical.ThrowableCollector.execute(ThrowableCollector.java:73)
	at org.junit.platform.engine.support.hierarchical.NodeTestTask.lambda$executeRecursively$8(NodeTestTask.java:141)
	at org.junit.platform.engine.support.hierarchical.Node.around(Node.java:137)
	at org.junit.platform.engine.support.hierarchical.NodeTestTask.lambda$executeRecursively$9(NodeTestTask.java:139)
	at org.junit.platform.engine.support.hierarchical.ThrowableCollector.execute(ThrowableCollector.java:73)
	at org.junit.platform.engine.support.hierarchical.NodeTestTask.executeRecursively(NodeTestTask.java:138)
	at org.junit.platform.engine.support.hierarchical.NodeTestTask.execute(NodeTestTask.java:95)
	at java.base/java.util.ArrayList.forEach(ArrayList.java:1511)
	at org.junit.platform.engine.support.hierarchical.SameThreadHierarchicalTestExecutorService.invokeAll(SameThreadHierarchicalTestExecutorService.java:41)
	at org.junit.platform.engine.support.hierarchical.NodeTestTask.lambda$executeRecursively$6(NodeTestTask.java:155)
	at org.junit.platform.engine.support.hierarchical.ThrowableCollector.execute(ThrowableCollector.java:73)
	at org.junit.platform.engine.support.hierarchical.NodeTestTask.lambda$executeRecursively$8(NodeTestTask.java:141)
	at org.junit.platform.engine.support.hierarchical.Node.around(Node.java:137)
	at org.junit.platform.engine.support.hierarchical.NodeTestTask.lambda$executeRecursively$9(NodeTestTask.java:139)
	at org.junit.platform.engine.support.hierarchical.ThrowableCollector.execute(ThrowableCollector.java:73)
	at org.junit.platform.engine.support.hierarchical.NodeTestTask.executeRecursively(NodeTestTask.java:138)
	at org.junit.platform.engine.support.hierarchical.NodeTestTask.execute(NodeTestTask.java:95)
	at java.base/java.util.ArrayList.forEach(ArrayList.java:1511)
	at org.junit.platform.engine.support.hierarchical.SameThreadHierarchicalTestExecutorService.invokeAll(SameThreadHierarchicalTestExecutorService.java:41)
	at org.junit.platform.engine.support.hierarchical.NodeTestTask.lambda$executeRecursively$6(NodeTestTask.java:155)
	at org.junit.platform.engine.support.hierarchical.ThrowableCollector.execute(ThrowableCollector.java:73)
	at org.junit.platform.engine.support.hierarchical.NodeTestTask.lambda$executeRecursively$8(NodeTestTask.java:141)
	at org.junit.platform.engine.support.hierarchical.Node.around(Node.java:137)
	at org.junit.platform.engine.support.hierarchical.NodeTestTask.lambda$executeRecursively$9(NodeTestTask.java:139)
	at org.junit.platform.engine.support.hierarchical.ThrowableCollector.execute(ThrowableCollector.java:73)
	at org.junit.platform.engine.support.hierarchical.NodeTestTask.executeRecursively(NodeTestTask.java:138)
	at org.junit.platform.engine.support.hierarchical.NodeTestTask.execute(NodeTestTask.java:95)
	at org.junit.platform.engine.support.hierarchical.SameThreadHierarchicalTestExecutorService.submit(SameThreadHierarchicalTestExecutorService.java:35)
	at org.junit.platform.engine.support.hierarchical.HierarchicalTestExecutor.execute(HierarchicalTestExecutor.java:57)
	at org.junit.platform.engine.support.hierarchical.HierarchicalTestEngine.execute(HierarchicalTestEngine.java:54)
	at org.junit.platform.launcher.core.EngineExecutionOrchestrator.execute(EngineExecutionOrchestrator.java:107)
	at org.junit.platform.launcher.core.EngineExecutionOrchestrator.execute(EngineExecutionOrchestrator.java:88)
	at org.junit.platform.launcher.core.EngineExecutionOrchestrator.lambda$execute$0(EngineExecutionOrchestrator.java:54)
	at org.junit.platform.launcher.core.EngineExecutionOrchestrator.withInterceptedStreams(EngineExecutionOrchestrator.java:67)
	at org.junit.platform.launcher.core.EngineExecutionOrchestrator.execute(EngineExecutionOrchestrator.java:52)
	at org.junit.platform.launcher.core.DefaultLauncher.execute(DefaultLauncher.java:114)
	at org.junit.platform.launcher.core.DefaultLauncher.execute(DefaultLauncher.java:86)
	at org.junit.platform.launcher.core.DefaultLauncherSession$DelegatingLauncher.execute(DefaultLauncherSession.java:86)
	at org.junit.platform.launcher.core.SessionPerRequestLauncher.execute(SessionPerRequestLauncher.java:53)
	at org.gradle.api.internal.tasks.testing.junitplatform.JUnitPlatformTestClassProcessor$CollectAllTestClassesExecutor.processAllTestClasses(JUnitPlatformTestClassProcessor.java:99)
	at org.gradle.api.internal.tasks.testing.junitplatform.JUnitPlatformTestClassProcessor$CollectAllTestClassesExecutor.access$000(JUnitPlatformTestClassProcessor.java:79)
	at org.gradle.api.internal.tasks.testing.junitplatform.JUnitPlatformTestClassProcessor.stop(JUnitPlatformTestClassProcessor.java:75)
	at org.gradle.api.internal.tasks.testing.SuiteTestClassProcessor.stop(SuiteTestClassProcessor.java:62)
	at java.base/jdk.internal.reflect.NativeMethodAccessorImpl.invoke0(Native Method)
	at java.base/jdk.internal.reflect.NativeMethodAccessorImpl.invoke(NativeMethodAccessorImpl.java:77)
	at java.base/jdk.internal.reflect.DelegatingMethodAccessorImpl.invoke(DelegatingMethodAccessorImpl.java:43)
	at java.base/java.lang.reflect.Method.invoke(Method.java:568)
	at org.gradle.internal.dispatch.ReflectionDispatch.dispatch(ReflectionDispatch.java:36)
	at org.gradle.internal.dispatch.ReflectionDispatch.dispatch(ReflectionDispatch.java:24)
	at org.gradle.internal.dispatch.ContextClassLoaderDispatch.dispatch(ContextClassLoaderDispatch.java:33)
	at org.gradle.internal.dispatch.ProxyDispatchAdapter$DispatchingInvocationHandler.invoke(ProxyDispatchAdapter.java:94)
	at jdk.proxy1/jdk.proxy1.$Proxy2.stop(Unknown Source)
	at org.gradle.api.internal.tasks.testing.worker.TestWorker$3.run(TestWorker.java:193)
	at org.gradle.api.internal.tasks.testing.worker.TestWorker.executeAndMaintainThreadName(TestWorker.java:129)
	at org.gradle.api.internal.tasks.testing.worker.TestWorker.execute(TestWorker.java:100)
	at org.gradle.api.internal.tasks.testing.worker.TestWorker.execute(TestWorker.java:60)
	at org.gradle.process.internal.worker.child.ActionExecutionWorker.execute(ActionExecutionWorker.java:56)
	at org.gradle.process.internal.worker.child.SystemApplicationClassLoaderWorker.call(SystemApplicationClassLoaderWorker.java:113)
	at org.gradle.process.internal.worker.child.SystemApplicationClassLoaderWorker.call(SystemApplicationClassLoaderWorker.java:65)
	at worker.org.gradle.process.internal.worker.GradleWorkerMain.run(GradleWorkerMain.java:69)
	at worker.org.gradle.process.internal.worker.GradleWorkerMain.main(GradleWorkerMain.java:74)

4月 08, 2025 1:23:25 上午 org.junit.jupiter.engine.execution.ConditionEvaluator logResult
较详细: Evaluation of condition [org.junit.jupiter.engine.extension.DisabledCondition] on [void incometest.IncomeManagerTest.testDeleteIncomeValidIndex()] resulted in: ConditionEvaluationResult [enabled = true, reason = '@Disabled is not present']
4月 08, 2025 1:23:25 上午 expenseincome.income.IncomeManager addIncome
信息: Added income: Salary - USD 2000.00 on 2025-04-08 [Category: Job]
4月 08, 2025 1:23:25 上午 expenseincome.income.IncomeManager deleteIncome
信息: Deleted income: Salary - USD 2000.00 on 2025-04-08 [Category: Job]
4月 08, 2025 1:23:25 上午 org.junit.jupiter.engine.execution.ConditionEvaluator logResult
较详细: Evaluation of condition [org.junit.jupiter.engine.extension.DisabledCondition] on [void incometest.IncomeManagerTest.testAddIncomeNullSource()] resulted in: ConditionEvaluationResult [enabled = true, reason = '@Disabled is not present']
4月 08, 2025 1:23:25 上午 expenseincome.income.IncomeManager addIncome
警告: Failed to add income
expenseincome.income.exceptions.IncomeException: Source cannot be empty.
	at expenseincome.income.IncomeManager.validateIncomeDetails(IncomeManager.java:274)
	at expenseincome.income.IncomeManager.addIncome(IncomeManager.java:102)
	at incometest.IncomeManagerTest.testAddIncomeNullSource(IncomeManagerTest.java:54)
	at java.base/jdk.internal.reflect.NativeMethodAccessorImpl.invoke0(Native Method)
	at java.base/jdk.internal.reflect.NativeMethodAccessorImpl.invoke(NativeMethodAccessorImpl.java:77)
	at java.base/jdk.internal.reflect.DelegatingMethodAccessorImpl.invoke(DelegatingMethodAccessorImpl.java:43)
	at java.base/java.lang.reflect.Method.invoke(Method.java:568)
	at org.junit.platform.commons.util.ReflectionUtils.invokeMethod(ReflectionUtils.java:728)
	at org.junit.jupiter.engine.execution.MethodInvocation.proceed(MethodInvocation.java:60)
	at org.junit.jupiter.engine.execution.InvocationInterceptorChain$ValidatingInvocation.proceed(InvocationInterceptorChain.java:131)
	at org.junit.jupiter.engine.extension.TimeoutExtension.intercept(TimeoutExtension.java:156)
	at org.junit.jupiter.engine.extension.TimeoutExtension.interceptTestableMethod(TimeoutExtension.java:147)
	at org.junit.jupiter.engine.extension.TimeoutExtension.interceptTestMethod(TimeoutExtension.java:86)
	at org.junit.jupiter.engine.execution.InterceptingExecutableInvoker$ReflectiveInterceptorCall.lambda$ofVoidMethod$0(InterceptingExecutableInvoker.java:103)
	at org.junit.jupiter.engine.execution.InterceptingExecutableInvoker.lambda$invoke$0(InterceptingExecutableInvoker.java:93)
	at org.junit.jupiter.engine.execution.InvocationInterceptorChain$InterceptedInvocation.proceed(InvocationInterceptorChain.java:106)
	at org.junit.jupiter.engine.execution.InvocationInterceptorChain.proceed(InvocationInterceptorChain.java:64)
	at org.junit.jupiter.engine.execution.InvocationInterceptorChain.chainAndInvoke(InvocationInterceptorChain.java:45)
	at org.junit.jupiter.engine.execution.InvocationInterceptorChain.invoke(InvocationInterceptorChain.java:37)
	at org.junit.jupiter.engine.execution.InterceptingExecutableInvoker.invoke(InterceptingExecutableInvoker.java:92)
	at org.junit.jupiter.engine.execution.InterceptingExecutableInvoker.invoke(InterceptingExecutableInvoker.java:86)
	at org.junit.jupiter.engine.descriptor.TestMethodTestDescriptor.lambda$invokeTestMethod$7(TestMethodTestDescriptor.java:218)
	at org.junit.platform.engine.support.hierarchical.ThrowableCollector.execute(ThrowableCollector.java:73)
	at org.junit.jupiter.engine.descriptor.TestMethodTestDescriptor.invokeTestMethod(TestMethodTestDescriptor.java:214)
	at org.junit.jupiter.engine.descriptor.TestMethodTestDescriptor.execute(TestMethodTestDescriptor.java:139)
	at org.junit.jupiter.engine.descriptor.TestMethodTestDescriptor.execute(TestMethodTestDescriptor.java:69)
	at org.junit.platform.engine.support.hierarchical.NodeTestTask.lambda$executeRecursively$6(NodeTestTask.java:151)
	at org.junit.platform.engine.support.hierarchical.ThrowableCollector.execute(ThrowableCollector.java:73)
	at org.junit.platform.engine.support.hierarchical.NodeTestTask.lambda$executeRecursively$8(NodeTestTask.java:141)
	at org.junit.platform.engine.support.hierarchical.Node.around(Node.java:137)
	at org.junit.platform.engine.support.hierarchical.NodeTestTask.lambda$executeRecursively$9(NodeTestTask.java:139)
	at org.junit.platform.engine.support.hierarchical.ThrowableCollector.execute(ThrowableCollector.java:73)
	at org.junit.platform.engine.support.hierarchical.NodeTestTask.executeRecursively(NodeTestTask.java:138)
	at org.junit.platform.engine.support.hierarchical.NodeTestTask.execute(NodeTestTask.java:95)
	at java.base/java.util.ArrayList.forEach(ArrayList.java:1511)
	at org.junit.platform.engine.support.hierarchical.SameThreadHierarchicalTestExecutorService.invokeAll(SameThreadHierarchicalTestExecutorService.java:41)
	at org.junit.platform.engine.support.hierarchical.NodeTestTask.lambda$executeRecursively$6(NodeTestTask.java:155)
	at org.junit.platform.engine.support.hierarchical.ThrowableCollector.execute(ThrowableCollector.java:73)
	at org.junit.platform.engine.support.hierarchical.NodeTestTask.lambda$executeRecursively$8(NodeTestTask.java:141)
	at org.junit.platform.engine.support.hierarchical.Node.around(Node.java:137)
	at org.junit.platform.engine.support.hierarchical.NodeTestTask.lambda$executeRecursively$9(NodeTestTask.java:139)
	at org.junit.platform.engine.support.hierarchical.ThrowableCollector.execute(ThrowableCollector.java:73)
	at org.junit.platform.engine.support.hierarchical.NodeTestTask.executeRecursively(NodeTestTask.java:138)
	at org.junit.platform.engine.support.hierarchical.NodeTestTask.execute(NodeTestTask.java:95)
	at java.base/java.util.ArrayList.forEach(ArrayList.java:1511)
	at org.junit.platform.engine.support.hierarchical.SameThreadHierarchicalTestExecutorService.invokeAll(SameThreadHierarchicalTestExecutorService.java:41)
	at org.junit.platform.engine.support.hierarchical.NodeTestTask.lambda$executeRecursively$6(NodeTestTask.java:155)
	at org.junit.platform.engine.support.hierarchical.ThrowableCollector.execute(ThrowableCollector.java:73)
	at org.junit.platform.engine.support.hierarchical.NodeTestTask.lambda$executeRecursively$8(NodeTestTask.java:141)
	at org.junit.platform.engine.support.hierarchical.Node.around(Node.java:137)
	at org.junit.platform.engine.support.hierarchical.NodeTestTask.lambda$executeRecursively$9(NodeTestTask.java:139)
	at org.junit.platform.engine.support.hierarchical.ThrowableCollector.execute(ThrowableCollector.java:73)
	at org.junit.platform.engine.support.hierarchical.NodeTestTask.executeRecursively(NodeTestTask.java:138)
	at org.junit.platform.engine.support.hierarchical.NodeTestTask.execute(NodeTestTask.java:95)
	at org.junit.platform.engine.support.hierarchical.SameThreadHierarchicalTestExecutorService.submit(SameThreadHierarchicalTestExecutorService.java:35)
	at org.junit.platform.engine.support.hierarchical.HierarchicalTestExecutor.execute(HierarchicalTestExecutor.java:57)
	at org.junit.platform.engine.support.hierarchical.HierarchicalTestEngine.execute(HierarchicalTestEngine.java:54)
	at org.junit.platform.launcher.core.EngineExecutionOrchestrator.execute(EngineExecutionOrchestrator.java:107)
	at org.junit.platform.launcher.core.EngineExecutionOrchestrator.execute(EngineExecutionOrchestrator.java:88)
	at org.junit.platform.launcher.core.EngineExecutionOrchestrator.lambda$execute$0(EngineExecutionOrchestrator.java:54)
	at org.junit.platform.launcher.core.EngineExecutionOrchestrator.withInterceptedStreams(EngineExecutionOrchestrator.java:67)
	at org.junit.platform.launcher.core.EngineExecutionOrchestrator.execute(EngineExecutionOrchestrator.java:52)
	at org.junit.platform.launcher.core.DefaultLauncher.execute(DefaultLauncher.java:114)
	at org.junit.platform.launcher.core.DefaultLauncher.execute(DefaultLauncher.java:86)
	at org.junit.platform.launcher.core.DefaultLauncherSession$DelegatingLauncher.execute(DefaultLauncherSession.java:86)
	at org.junit.platform.launcher.core.SessionPerRequestLauncher.execute(SessionPerRequestLauncher.java:53)
	at org.gradle.api.internal.tasks.testing.junitplatform.JUnitPlatformTestClassProcessor$CollectAllTestClassesExecutor.processAllTestClasses(JUnitPlatformTestClassProcessor.java:99)
	at org.gradle.api.internal.tasks.testing.junitplatform.JUnitPlatformTestClassProcessor$CollectAllTestClassesExecutor.access$000(JUnitPlatformTestClassProcessor.java:79)
	at org.gradle.api.internal.tasks.testing.junitplatform.JUnitPlatformTestClassProcessor.stop(JUnitPlatformTestClassProcessor.java:75)
	at org.gradle.api.internal.tasks.testing.SuiteTestClassProcessor.stop(SuiteTestClassProcessor.java:62)
	at java.base/jdk.internal.reflect.NativeMethodAccessorImpl.invoke0(Native Method)
	at java.base/jdk.internal.reflect.NativeMethodAccessorImpl.invoke(NativeMethodAccessorImpl.java:77)
	at java.base/jdk.internal.reflect.DelegatingMethodAccessorImpl.invoke(DelegatingMethodAccessorImpl.java:43)
	at java.base/java.lang.reflect.Method.invoke(Method.java:568)
	at org.gradle.internal.dispatch.ReflectionDispatch.dispatch(ReflectionDispatch.java:36)
	at org.gradle.internal.dispatch.ReflectionDispatch.dispatch(ReflectionDispatch.java:24)
	at org.gradle.internal.dispatch.ContextClassLoaderDispatch.dispatch(ContextClassLoaderDispatch.java:33)
	at org.gradle.internal.dispatch.ProxyDispatchAdapter$DispatchingInvocationHandler.invoke(ProxyDispatchAdapter.java:94)
	at jdk.proxy1/jdk.proxy1.$Proxy2.stop(Unknown Source)
	at org.gradle.api.internal.tasks.testing.worker.TestWorker$3.run(TestWorker.java:193)
	at org.gradle.api.internal.tasks.testing.worker.TestWorker.executeAndMaintainThreadName(TestWorker.java:129)
	at org.gradle.api.internal.tasks.testing.worker.TestWorker.execute(TestWorker.java:100)
	at org.gradle.api.internal.tasks.testing.worker.TestWorker.execute(TestWorker.java:60)
	at org.gradle.process.internal.worker.child.ActionExecutionWorker.execute(ActionExecutionWorker.java:56)
	at org.gradle.process.internal.worker.child.SystemApplicationClassLoaderWorker.call(SystemApplicationClassLoaderWorker.java:113)
	at org.gradle.process.internal.worker.child.SystemApplicationClassLoaderWorker.call(SystemApplicationClassLoaderWorker.java:65)
	at worker.org.gradle.process.internal.worker.GradleWorkerMain.run(GradleWorkerMain.java:69)
	at worker.org.gradle.process.internal.worker.GradleWorkerMain.main(GradleWorkerMain.java:74)

4月 08, 2025 1:23:25 上午 org.junit.jupiter.engine.execution.ConditionEvaluator logResult
较详细: Evaluation of condition [org.junit.jupiter.engine.extension.DisabledCondition] on [class seedu.duke.DukeTest] resulted in: ConditionEvaluationResult [enabled = true, reason = '@Disabled is not present']
4月 08, 2025 1:23:25 上午 org.junit.jupiter.engine.execution.ConditionEvaluator logResult
较详细: Evaluation of condition [org.junit.jupiter.engine.extension.DisabledCondition] on [public void seedu.duke.DukeTest.sampleTest()] resulted in: ConditionEvaluationResult [enabled = true, reason = '@Disabled is not present']
4月 08, 2025 1:23:25 上午 org.junit.jupiter.engine.execution.ConditionEvaluator logResult
较详细: Evaluation of condition [org.junit.jupiter.engine.extension.DisabledCondition] on [class utiltest.moneytest.MoneyTest] resulted in: ConditionEvaluationResult [enabled = true, reason = '@Disabled is not present']
4月 08, 2025 1:23:25 上午 org.junit.jupiter.engine.execution.ConditionEvaluator logResult
较详细: Evaluation of condition [org.junit.jupiter.engine.extension.DisabledCondition] on [public void utiltest.moneytest.MoneyTest.moneyCompareTest()] resulted in: ConditionEvaluationResult [enabled = true, reason = '@Disabled is not present']
4月 08, 2025 1:23:25 上午 org.junit.jupiter.engine.execution.ConditionEvaluator logResult
较详细: Evaluation of condition [org.junit.jupiter.engine.extension.DisabledCondition] on [public void utiltest.moneytest.MoneyTest.moneyPrintTest()] resulted in: ConditionEvaluationResult [enabled = true, reason = '@Disabled is not present']
4月 08, 2025 1:23:25 上午 org.junit.jupiter.engine.execution.ConditionEvaluator logResult
较详细: Evaluation of condition [org.junit.jupiter.engine.extension.DisabledCondition] on [class utiltest.parsertests.DateParserTest] resulted in: ConditionEvaluationResult [enabled = true, reason = '@Disabled is not present']
4月 08, 2025 1:23:25 上午 org.junit.jupiter.engine.execution.ConditionEvaluator logResult
较详细: Evaluation of condition [org.junit.jupiter.engine.extension.DisabledCondition] on [public void utiltest.parsertests.DateParserTest.testOne()] resulted in: ConditionEvaluationResult [enabled = true, reason = '@Disabled is not present']
4月 08, 2025 1:23:25 上午 org.junit.jupiter.engine.execution.ConditionEvaluator logResult
较详细: Evaluation of condition [org.junit.jupiter.engine.extension.DisabledCondition] on [public void utiltest.parsertests.DateParserTest.testUI()] resulted in: ConditionEvaluationResult [enabled = true, reason = '@Disabled is not present']
4月 08, 2025 1:23:25 上午 org.junit.jupiter.engine.execution.ConditionEvaluator logResult
较详细: Evaluation of condition [org.junit.jupiter.engine.extension.DisabledCondition] on [class utiltest.parsertests.InterestParserTest] resulted in: ConditionEvaluationResult [enabled = true, reason = '@Disabled is not present']
4月 08, 2025 1:23:25 上午 org.junit.jupiter.engine.execution.ConditionEvaluator logResult
较详细: Evaluation of condition [org.junit.jupiter.engine.extension.DisabledCondition] on [public void utiltest.parsertests.InterestParserTest.testOne()] resulted in: ConditionEvaluationResult [enabled = true, reason = '@Disabled is not present']
4月 08, 2025 1:23:25 上午 org.junit.jupiter.engine.execution.ConditionEvaluator logResult
较详细: Evaluation of condition [org.junit.jupiter.engine.extension.DisabledCondition] on [class utiltest.peopletest.ContactsListTest] resulted in: ConditionEvaluationResult [enabled = true, reason = '@Disabled is not present']
4月 08, 2025 1:23:25 上午 org.junit.jupiter.engine.execution.ConditionEvaluator logResult
较详细: Evaluation of condition [org.junit.jupiter.engine.extension.DisabledCondition] on [public void utiltest.peopletest.ContactsListTest.testOne()] resulted in: ConditionEvaluationResult [enabled = true, reason = '@Disabled is not present']
4月 08, 2025 1:23:25 上午 org.junit.jupiter.engine.execution.ConditionEvaluator logResult
较详细: Evaluation of condition [org.junit.jupiter.engine.extension.DisabledCondition] on [public void utiltest.peopletest.ContactsListTest.testAddPersonUI()] resulted in: ConditionEvaluationResult [enabled = true, reason = '@Disabled is not present']
4月 08, 2025 1:23:25 上午 org.junit.jupiter.engine.execution.ConditionEvaluator logResult
较详细: Evaluation of condition [org.junit.jupiter.engine.extension.DisabledCondition] on [public void utiltest.peopletest.ContactsListTest.testSave()] resulted in: ConditionEvaluationResult [enabled = true, reason = '@Disabled is not present']
4月 08, 2025 1:23:25 上午 org.junit.jupiter.engine.execution.ConditionEvaluator logResult
较详细: Evaluation of condition [org.junit.jupiter.engine.extension.DisabledCondition] on [public void utiltest.peopletest.ContactsListTest.testReadSave()] resulted in: ConditionEvaluationResult [enabled = true, reason = '@Disabled is not present']
4月 08, 2025 2:04:10 上午 java.io.ObjectInputFilter$Config traceFilter
较详细: Builtin factory: null -> new: null
4月 08, 2025 2:06:50 上午 java.io.ObjectInputFilter$Config traceFilter
较详细: Builtin factory: null -> new: null
4月 08, 2025 2:10:03 上午 java.io.ObjectInputFilter$Config traceFilter
较详细: Builtin factory: null -> new: null
4月 08, 2025 2:14:20 上午 java.io.ObjectInputFilter$Config traceFilter
较详细: Builtin factory: null -> new: null
4月 08, 2025 2:18:05 上午 java.io.ObjectInputFilter$Config traceFilter
较详细: Builtin factory: null -> new: null
4月 08, 2025 2:18:05 上午 java.io.ObjectInputFilter$Config traceFilter
较详细: Builtin factory: null -> new: null
4月 08, 2025 2:44:13 上午 java.io.ObjectInputFilter$Config traceFilter
较详细: Builtin factory: null -> new: null
4月 08, 2025 2:44:13 上午 java.io.ObjectInputFilter$Config traceFilter
较详细: Builtin factory: null -> new: null
4月 08, 2025 2:44:59 上午 java.io.ObjectInputFilter$Config traceFilter
较详细: Builtin factory: null -> new: null
4月 08, 2025 2:44:59 上午 java.io.ObjectInputFilter$Config traceFilter
较详细: Builtin factory: null -> new: null
4月 08, 2025 2:48:38 上午 java.io.ObjectInputFilter$Config traceFilter
较详细: Builtin factory: null -> new: null
4月 08, 2025 2:48:38 上午 java.io.ObjectInputFilter$Config traceFilter
较详细: Builtin factory: null -> new: null
4月 08, 2025 2:50:51 上午 java.io.ObjectInputFilter$Config traceFilter
较详细: Builtin factory: null -> new: null
4月 08, 2025 2:50:51 上午 java.io.ObjectInputFilter$Config traceFilter
较详细: Builtin factory: null -> new: null
4月 08, 2025 2:52:07 上午 java.io.ObjectInputFilter$Config traceFilter
较详细: Builtin factory: null -> new: null
4月 08, 2025 2:52:07 上午 java.io.ObjectInputFilter$Config traceFilter
较详细: Builtin factory: null -> new: null
4月 08, 2025 3:05:14 上午 java.io.ObjectInputFilter$Config traceFilter
较详细: Builtin factory: null -> new: null
4月 08, 2025 3:05:29 上午 java.io.ObjectInputFilter$Config traceFilter
较详细: Builtin factory: null -> new: null
4月 08, 2025 3:15:06 上午 java.io.ObjectInputFilter$Config traceFilter
较详细: Builtin factory: null -> new: null
4月 08, 2025 3:17:45 上午 java.io.ObjectInputFilter$Config traceFilter
较详细: Builtin factory: null -> new: null
4月 08, 2025 3:23:11 上午 java.io.ObjectInputFilter$Config traceFilter
较详细: Builtin factory: null -> new: null
4月 08, 2025 3:23:49 上午 java.io.ObjectInputFilter$Config traceFilter
较详细: Builtin factory: null -> new: null
4月 08, 2025 3:25:08 上午 java.io.ObjectInputFilter$Config traceFilter
较详细: Builtin factory: null -> new: null
4月 08, 2025 2:01:17 上午 java.io.ObjectInputFilter$Config traceFilter
较详细: Builtin factory: null -> new: null
4月 08, 2025 2:01:17 上午 java.io.ObjectInputFilter$Config traceFilter
较详细: Builtin factory: null -> new: null
4月 08, 2025 2:02:32 上午 java.io.ObjectInputFilter$Config traceFilter
较详细: Builtin factory: null -> new: null
4月 08, 2025 2:02:32 上午 java.io.ObjectInputFilter$Config traceFilter
较详细: Builtin factory: null -> new: null
4月 08, 2025 2:04:01 上午 java.io.ObjectInputFilter$Config traceFilter
较详细: Builtin factory: null -> new: null
4月 08, 2025 2:04:01 上午 java.io.ObjectInputFilter$Config traceFilter
较详细: Builtin factory: null -> new: null
4月 08, 2025 2:23:37 上午 java.io.ObjectInputFilter$Config traceFilter
较详细: Builtin factory: null -> new: null
4月 08, 2025 2:23:37 上午 java.io.ObjectInputFilter$Config traceFilter
较详细: Builtin factory: null -> new: null
4月 08, 2025 2:24:04 上午 java.io.ObjectInputFilter$Config traceFilter
较详细: Builtin factory: null -> new: null
4月 08, 2025 2:27:46 上午 java.io.ObjectInputFilter$Config traceFilter
较详细: Builtin factory: null -> new: null
4月 08, 2025 2:30:44 上午 java.io.ObjectInputFilter$Config traceFilter
较详细: Builtin factory: null -> new: null
4月 08, 2025 2:33:08 上午 java.io.ObjectInputFilter$Config traceFilter
较详细: Builtin factory: null -> new: null
4月 08, 2025 2:38:14 上午 java.io.ObjectInputFilter$Config traceFilter
较详细: Builtin factory: null -> new: null
4月 08, 2025 2:38:14 上午 java.io.ObjectInputFilter$Config traceFilter
较详细: Builtin factory: null -> new: null
4月 08, 2025 2:38:26 上午 java.io.ObjectInputFilter$Config traceFilter
较详细: Builtin factory: null -> new: null
4月 08, 2025 2:38:26 上午 java.io.ObjectInputFilter$Config traceFilter
较详细: Builtin factory: null -> new: null
4月 08, 2025 2:38:39 上午 java.io.ObjectInputFilter$Config traceFilter
较详细: Builtin factory: null -> new: null
Apr 08, 2025 3:14:34 AM java.io.ObjectInputFilter$Config traceFilter
FINER: Builtin factory: null -> new: null
Apr 08, 2025 3:14:34 AM java.io.ObjectInputFilter$Config traceFilter
FINER: Builtin factory: null -> new: null
Apr 08, 2025 3:16:53 AM java.io.ObjectInputFilter$Config traceFilter
FINER: Builtin factory: null -> new: null
Apr 08, 2025 3:16:53 AM java.io.ObjectInputFilter$Config traceFilter
FINER: Builtin factory: null -> new: null
Apr 08, 2025 3:18:36 AM java.io.ObjectInputFilter$Config traceFilter
FINER: Builtin factory: null -> new: null
Apr 08, 2025 3:18:36 AM java.io.ObjectInputFilter$Config traceFilter
FINER: Builtin factory: null -> new: null
Apr 08, 2025 3:20:21 AM java.io.ObjectInputFilter$Config traceFilter
FINER: Builtin factory: null -> new: null
Apr 08, 2025 3:20:21 AM java.io.ObjectInputFilter$Config traceFilter
FINER: Builtin factory: null -> new: null
4月 08, 2025 7:14:36 上午 java.io.ObjectInputFilter$Config traceFilter
较详细: Builtin factory: null -> new: null
4月 08, 2025 11:38:27 上午 java.io.ObjectInputFilter$Config traceFilter
较详细: Builtin factory: null -> new: null
4月 08, 2025 11:38:27 上午 java.io.ObjectInputFilter$Config traceFilter
较详细: Builtin factory: null -> new: null
4月 08, 2025 11:38:27 上午 java.io.ObjectInputFilter$Config traceFilter
较详细: Builtin factory: null -> new: null
4月 08, 2025 11:50:31 上午 java.io.ObjectInputFilter$Config traceFilter
较详细: Builtin factory: null -> new: null
4月 08, 2025 11:50:31 上午 java.io.ObjectInputFilter$Config traceFilter
较详细: Builtin factory: null -> new: null
4月 08, 2025 11:50:31 上午 java.io.ObjectInputFilter$Config traceFilter
较详细: Builtin factory: null -> new: null
4月 08, 2025 11:58:13 上午 java.io.ObjectInputFilter$Config traceFilter
较详细: Builtin factory: null -> new: null
4月 08, 2025 11:58:13 上午 java.io.ObjectInputFilter$Config traceFilter
较详细: Builtin factory: null -> new: null
4月 08, 2025 11:58:13 上午 java.io.ObjectInputFilter$Config traceFilter
较详细: Builtin factory: null -> new: null
4月 08, 2025 11:59:05 上午 java.io.ObjectInputFilter$Config traceFilter
较详细: Builtin factory: null -> new: null
4月 08, 2025 11:59:05 上午 java.io.ObjectInputFilter$Config traceFilter
较详细: Builtin factory: null -> new: null
4月 08, 2025 11:59:05 上午 java.io.ObjectInputFilter$Config traceFilter
较详细: Builtin factory: null -> new: null
4月 08, 2025 12:05:12 下午 java.io.ObjectInputFilter$Config traceFilter
较详细: Builtin factory: null -> new: null
4月 08, 2025 12:05:12 下午 java.io.ObjectInputFilter$Config traceFilter
较详细: Builtin factory: null -> new: null
4月 08, 2025 12:05:12 下午 java.io.ObjectInputFilter$Config traceFilter
较详细: Builtin factory: null -> new: null
4月 08, 2025 12:05:37 下午 java.io.ObjectInputFilter$Config traceFilter
较详细: Builtin factory: null -> new: null
4月 08, 2025 12:05:37 下午 java.io.ObjectInputFilter$Config traceFilter
较详细: Builtin factory: null -> new: null
4月 08, 2025 12:07:22 下午 java.io.ObjectInputFilter$Config traceFilter
较详细: Builtin factory: null -> new: null
4月 08, 2025 12:07:22 下午 java.io.ObjectInputFilter$Config traceFilter
较详细: Builtin factory: null -> new: null
4月 08, 2025 12:07:22 下午 java.io.ObjectInputFilter$Config traceFilter
较详细: Builtin factory: null -> new: null
4月 08, 2025 12:08:14 下午 java.io.ObjectInputFilter$Config traceFilter
较详细: Builtin factory: null -> new: null
4月 08, 2025 12:08:14 下午 java.io.ObjectInputFilter$Config traceFilter
较详细: Builtin factory: null -> new: null
4月 08, 2025 12:08:14 下午 java.io.ObjectInputFilter$Config traceFilter
较详细: Builtin factory: null -> new: null
4月 08, 2025 12:08:44 下午 java.io.ObjectInputFilter$Config traceFilter
较详细: Builtin factory: null -> new: null
4月 08, 2025 12:08:44 下午 java.io.ObjectInputFilter$Config traceFilter
较详细: Builtin factory: null -> new: null
4月 08, 2025 12:08:44 下午 java.io.ObjectInputFilter$Config traceFilter
较详细: Builtin factory: null -> new: null
4月 08, 2025 12:21:07 下午 java.io.ObjectInputFilter$Config traceFilter
较详细: Builtin factory: null -> new: null
4月 08, 2025 12:21:07 下午 java.io.ObjectInputFilter$Config traceFilter
较详细: Builtin factory: null -> new: null
4月 08, 2025 12:21:07 下午 java.io.ObjectInputFilter$Config traceFilter
较详细: Builtin factory: null -> new: null
4月 08, 2025 12:21:07 下午 java.io.ObjectInputFilter$Config traceFilter
较详细: Builtin factory: null -> new: null
4月 08, 2025 12:23:36 下午 java.io.ObjectInputFilter$Config traceFilter
较详细: Builtin factory: null -> new: null
4月 08, 2025 12:23:36 下午 java.io.ObjectInputFilter$Config traceFilter
较详细: Builtin factory: null -> new: null
4月 08, 2025 12:23:36 下午 java.io.ObjectInputFilter$Config traceFilter
较详细: Builtin factory: null -> new: null
4月 08, 2025 12:23:36 下午 java.io.ObjectInputFilter$Config traceFilter
较详细: Builtin factory: null -> new: null
4月 08, 2025 12:23:43 下午 java.io.ObjectInputFilter$Config traceFilter
较详细: Builtin factory: null -> new: null
4月 08, 2025 12:23:43 下午 java.io.ObjectInputFilter$Config traceFilter
较详细: Builtin factory: null -> new: null
4月 08, 2025 12:23:43 下午 java.io.ObjectInputFilter$Config traceFilter
较详细: Builtin factory: null -> new: null
4月 08, 2025 12:23:43 下午 java.io.ObjectInputFilter$Config traceFilter
较详细: Builtin factory: null -> new: null
4月 08, 2025 12:24:15 下午 java.io.ObjectInputFilter$Config traceFilter
较详细: Builtin factory: null -> new: null
4月 08, 2025 12:24:15 下午 java.io.ObjectInputFilter$Config traceFilter
较详细: Builtin factory: null -> new: null
4月 08, 2025 12:24:15 下午 java.io.ObjectInputFilter$Config traceFilter
较详细: Builtin factory: null -> new: null
